<?xml version="1.0" encoding="UTF-8"?>
<testsuites name="jest tests" tests="887" failures="179" errors="0" time="28.081">
  <testsuite name="GitHubClient" errors="0" failures="8" skipped="0" timestamp="2025-09-04T10:16:35" time="2.76" tests="43">
    <testcase classname="GitHubClient ‚Ä∫ Constructor" name="should initialize with default options" time="0.031">
      <failure>Error: expect(received).toBe(expected) // Object.is equality

Expected: &quot;test-owner&quot;
Received: &quot;unknown&quot;
    at Object.toBe (C:\Users\eposh\OneDrive\Desktop\Dikshant\jenkins\github-review-plugin\src\utils\github-client.test.js:59:42)
    at Promise.then.completed (C:\Users\eposh\OneDrive\Desktop\Dikshant\jenkins\github-review-plugin\node_modules\jest-circus\build\utils.js:298:28)
    at new Promise (&lt;anonymous&gt;)
    at callAsyncCircusFn (C:\Users\eposh\OneDrive\Desktop\Dikshant\jenkins\github-review-plugin\node_modules\jest-circus\build\utils.js:231:10)
    at _callCircusTest (C:\Users\eposh\OneDrive\Desktop\Dikshant\jenkins\github-review-plugin\node_modules\jest-circus\build\run.js:316:40)
    at processTicksAndRejections (node:internal/process/task_queues:105:5)
    at _runTest (C:\Users\eposh\OneDrive\Desktop\Dikshant\jenkins\github-review-plugin\node_modules\jest-circus\build\run.js:252:3)
    at _runTestsForDescribeBlock (C:\Users\eposh\OneDrive\Desktop\Dikshant\jenkins\github-review-plugin\node_modules\jest-circus\build\run.js:126:9)
    at _runTestsForDescribeBlock (C:\Users\eposh\OneDrive\Desktop\Dikshant\jenkins\github-review-plugin\node_modules\jest-circus\build\run.js:121:9)
    at _runTestsForDescribeBlock (C:\Users\eposh\OneDrive\Desktop\Dikshant\jenkins\github-review-plugin\node_modules\jest-circus\build\run.js:121:9)
    at run (C:\Users\eposh\OneDrive\Desktop\Dikshant\jenkins\github-review-plugin\node_modules\jest-circus\build\run.js:71:3)
    at runAndTransformResultsToJestFormat (C:\Users\eposh\OneDrive\Desktop\Dikshant\jenkins\github-review-plugin\node_modules\jest-circus\build\legacy-code-todo-rewrite\jestAdapterInit.js:122:21)
    at jestAdapter (C:\Users\eposh\OneDrive\Desktop\Dikshant\jenkins\github-review-plugin\node_modules\jest-circus\build\legacy-code-todo-rewrite\jestAdapter.js:79:19)
    at runTestInternal (C:\Users\eposh\OneDrive\Desktop\Dikshant\jenkins\github-review-plugin\node_modules\jest-runner\build\runTest.js:367:16)
    at runTest (C:\Users\eposh\OneDrive\Desktop\Dikshant\jenkins\github-review-plugin\node_modules\jest-runner\build\runTest.js:444:34)
    at Object.worker (C:\Users\eposh\OneDrive\Desktop\Dikshant\jenkins\github-review-plugin\node_modules\jest-runner\build\testWorker.js:106:12)</failure>
    </testcase>
    <testcase classname="GitHubClient ‚Ä∫ Constructor" name="should initialize with custom options" time="0.003">
    </testcase>
    <testcase classname="GitHubClient ‚Ä∫ Constructor" name="should throw error when no token provided" time="0.04">
    </testcase>
    <testcase classname="GitHubClient ‚Ä∫ createReviewIssue" name="should create GitHub issue successfully" time="0.089">
      <failure>Error: expect(jest.fn()).toHaveBeenCalledWith(...expected)

- Expected
+ Received

  Object {
-   &quot;assignees&quot;: ArrayContaining [
+   &quot;assignees&quot;: Array [
      &quot;team-lead&quot;,
      &quot;test-user&quot;,
    ],
-   &quot;body&quot;: StringContaining &quot;AI Code Review Results&quot;,
-   &quot;labels&quot;: ArrayContaining [
+   &quot;body&quot;: &quot;## üîç AI Code Review Results
+
+ **Target Branch:** `main`  
+ **Highest Severity:** ![High](https://img.shields.io/badge/Severity-HIGH-red)  
+ **Review Status:** ‚ùå Failed
+
+ ### üìä Severity Summary
+
+ üî¥ **High:** 1 issues
+ üü° **Medium:** 1 issues
+
+ ### üìù Commit Information
+
+ **Source Branch:** `feature/test`  
+ **Target Branch:** `main`  
+ **Commit SHA:** `abc12345`  
+ **Author:** @test-user  
+ **Message:** `Test commit`
+
+ ### üìÅ Files Reviewed
+
+ - `src/test.js`
+
+ ## üö® Issues Found
+
+ ### ![High](https://img.shields.io/badge/Severity-HIGH-red) ![Security](https://img.shields.io/badge/Category-Security-red) Security Issue
+
+ **File:** `src/test.js`  
+ **Line:** 10  
+ **Description:** Potential SQL injection
+
+ ```query = \&quot;SELECT * FROM users WHERE id = \&quot; + userId```
+
+ ## üí° Recommendations
+
+ ### ![High](https://img.shields.io/badge/Severity-HIGH-red) Security Issue
+
+ **Recommendation:** Use parameterized queries
+
+ ---
+
+ **Review Duration:** 1500ms  
+ **Generated by:** AI Code Review System  
+ **Configuration:** production
+
+ ---
+ *This issue was automatically generated by the AI Code Review system. Please review the findings and take appropriate action.*&quot;,
+   &quot;labels&quot;: Array [
      &quot;ai-review&quot;,
      &quot;security&quot;,
      &quot;severity-high&quot;,
      &quot;env-production&quot;,
    ],
-   &quot;owner&quot;: &quot;test-owner&quot;,
-   &quot;repo&quot;: &quot;test-repo&quot;,
-   &quot;title&quot;: StringContaining &quot;Code Review [main]&quot;,
+   &quot;owner&quot;: &quot;unknown&quot;,
+   &quot;repo&quot;: &quot;unknown&quot;,
+   &quot;title&quot;: &quot;üî¥ Code Review [main] - HIGH severity issues detected&quot;,
  },

Number of calls: 1
    at Object.toHaveBeenCalledWith (C:\Users\eposh\OneDrive\Desktop\Dikshant\jenkins\github-review-plugin\src\utils\github-client.test.js:166:46)
    at processTicksAndRejections (node:internal/process/task_queues:105:5)</failure>
    </testcase>
    <testcase classname="GitHubClient ‚Ä∫ createReviewIssue" name="should handle issue creation errors" time="0.005">
    </testcase>
    <testcase classname="GitHubClient ‚Ä∫ prepareIssueData" name="should prepare issue data with high severity" time="0.008">
    </testcase>
    <testcase classname="GitHubClient ‚Ä∫ prepareIssueData" name="should prepare issue data with medium severity" time="0.003">
    </testcase>
    <testcase classname="GitHubClient ‚Ä∫ prepareIssueData" name="should prepare issue data with low severity" time="0.004">
    </testcase>
    <testcase classname="GitHubClient ‚Ä∫ prepareIssueData" name="should handle no issues found" time="0.025">
    </testcase>
    <testcase classname="GitHubClient ‚Ä∫ createStatusCheck" name="should create success status check" time="0.007">
      <failure>Error: expect(jest.fn()).toHaveBeenCalledWith(...expected)

- Expected
+ Received

  Object {
    &quot;context&quot;: &quot;ai-code-review/development&quot;,
    &quot;description&quot;: &quot;AI code review passed&quot;,
-   &quot;owner&quot;: &quot;test-owner&quot;,
-   &quot;repo&quot;: &quot;test-repo&quot;,
+   &quot;owner&quot;: &quot;unknown&quot;,
+   &quot;repo&quot;: &quot;unknown&quot;,
    &quot;sha&quot;: &quot;abc123456789&quot;,
    &quot;state&quot;: &quot;success&quot;,
-   &quot;target_url&quot;: Any&lt;String&gt;,
+   &quot;target_url&quot;: &quot;https://github.com/unknown/unknown/issues&quot;,
  },

Number of calls: 1
    at Object.toHaveBeenCalledWith (C:\Users\eposh\OneDrive\Desktop\Dikshant\jenkins\github-review-plugin\src\utils\github-client.test.js:390:57)
    at processTicksAndRejections (node:internal/process/task_queues:105:5)</failure>
    </testcase>
    <testcase classname="GitHubClient ‚Ä∫ createStatusCheck" name="should create failure status check for high severity issues" time="0.004">
      <failure>Error: expect(jest.fn()).toHaveBeenCalledWith(...expected)

- Expected
+ Received

  Object {
    &quot;context&quot;: &quot;ai-code-review/production&quot;,
    &quot;description&quot;: &quot;AI code review failed - high severity issues detected&quot;,
-   &quot;owner&quot;: &quot;test-owner&quot;,
-   &quot;repo&quot;: &quot;test-repo&quot;,
+   &quot;owner&quot;: &quot;unknown&quot;,
+   &quot;repo&quot;: &quot;unknown&quot;,
    &quot;sha&quot;: &quot;abc123456789&quot;,
    &quot;state&quot;: &quot;failure&quot;,
-   &quot;target_url&quot;: Any&lt;String&gt;,
+   &quot;target_url&quot;: &quot;https://github.com/unknown/unknown/issues&quot;,
  },

Number of calls: 1
    at Object.toHaveBeenCalledWith (C:\Users\eposh\OneDrive\Desktop\Dikshant\jenkins\github-review-plugin\src\utils\github-client.test.js:428:57)
    at processTicksAndRejections (node:internal/process/task_queues:105:5)</failure>
    </testcase>
    <testcase classname="GitHubClient ‚Ä∫ createStatusCheck" name="should create warning status check for low severity issues" time="0.001">
    </testcase>
    <testcase classname="GitHubClient ‚Ä∫ createStatusCheck" name="should handle override used in status check" time="0.001">
    </testcase>
    <testcase classname="GitHubClient ‚Ä∫ getRepositoryInfo" name="should get repository information successfully" time="0.006">
      <failure>Error: expect(jest.fn()).toHaveBeenCalledWith(...expected)

- Expected
+ Received

  Object {
-   &quot;owner&quot;: &quot;test-owner&quot;,
-   &quot;repo&quot;: &quot;test-repo&quot;,
+   &quot;owner&quot;: &quot;unknown&quot;,
+   &quot;repo&quot;: &quot;unknown&quot;,
  },

Number of calls: 1
    at Object.toHaveBeenCalledWith (C:\Users\eposh\OneDrive\Desktop\Dikshant\jenkins\github-review-plugin\src\utils\github-client.test.js:524:42)
    at processTicksAndRejections (node:internal/process/task_queues:105:5)</failure>
    </testcase>
    <testcase classname="GitHubClient ‚Ä∫ getRepositoryInfo" name="should handle repository info errors" time="0.002">
    </testcase>
    <testcase classname="GitHubClient ‚Ä∫ getBranchProtection" name="should get branch protection when enabled" time="0.009">
      <failure>Error: expect(jest.fn()).toHaveBeenCalledWith(...expected)

- Expected
+ Received

  Object {
    &quot;branch&quot;: &quot;main&quot;,
-   &quot;owner&quot;: &quot;test-owner&quot;,
-   &quot;repo&quot;: &quot;test-repo&quot;,
+   &quot;owner&quot;: &quot;unknown&quot;,
+   &quot;repo&quot;: &quot;unknown&quot;,
  },

Number of calls: 1
    at Object.toHaveBeenCalledWith (C:\Users\eposh\OneDrive\Desktop\Dikshant\jenkins\github-review-plugin\src\utils\github-client.test.js:574:58)
    at processTicksAndRejections (node:internal/process/task_queues:105:5)</failure>
    </testcase>
    <testcase classname="GitHubClient ‚Ä∫ getBranchProtection" name="should return disabled when branch protection not found" time="0.001">
    </testcase>
    <testcase classname="GitHubClient ‚Ä∫ getBranchProtection" name="should handle branch protection errors" time="0.002">
    </testcase>
    <testcase classname="GitHubClient ‚Ä∫ getCommitFiles" name="should retrieve files from commit successfully" time="0.003">
      <failure>Error: expect(jest.fn()).toHaveBeenCalledWith(...expected)

- Expected
+ Received

  Object {
-   &quot;owner&quot;: &quot;test-owner&quot;,
+   &quot;owner&quot;: &quot;unknown&quot;,
    &quot;ref&quot;: &quot;abc123def456&quot;,
-   &quot;repo&quot;: &quot;test-repo&quot;,
+   &quot;repo&quot;: &quot;unknown&quot;,
  },

Number of calls: 1
    at Object.toHaveBeenCalledWith (C:\Users\eposh\OneDrive\Desktop\Dikshant\jenkins\github-review-plugin\src\utils\github-client.test.js:650:48)
    at processTicksAndRejections (node:internal/process/task_queues:105:5)</failure>
    </testcase>
    <testcase classname="GitHubClient ‚Ä∫ getCommitFiles" name="should handle commit with no files" time="0.012">
    </testcase>
    <testcase classname="GitHubClient ‚Ä∫ getCommitFiles" name="should handle commit response without files property" time="0.001">
    </testcase>
    <testcase classname="GitHubClient ‚Ä∫ getCommitFiles" name="should handle null commit response" time="0.001">
    </testcase>
    <testcase classname="GitHubClient ‚Ä∫ getCommitFiles" name="should handle files with missing optional properties" time="0.001">
    </testcase>
    <testcase classname="GitHubClient ‚Ä∫ getCommitFiles" name="should throw error for invalid commit SHA" time="0.004">
    </testcase>
    <testcase classname="GitHubClient ‚Ä∫ getCommitFiles" name="should handle GitHub API errors gracefully" time="0.001">
    </testcase>
    <testcase classname="GitHubClient ‚Ä∫ getCommitFiles" name="should handle network errors gracefully" time="0.002">
    </testcase>
    <testcase classname="GitHubClient ‚Ä∫ getPullRequestFiles" name="should retrieve files from pull request successfully" time="0.005">
      <failure>Error: expect(jest.fn()).toHaveBeenCalledWith(...expected)

- Expected
+ Received

  Object {
-   &quot;owner&quot;: &quot;test-owner&quot;,
+   &quot;owner&quot;: &quot;unknown&quot;,
    &quot;pull_number&quot;: 123,
-   &quot;repo&quot;: &quot;test-repo&quot;,
+   &quot;repo&quot;: &quot;unknown&quot;,
  },

Number of calls: 1
    at Object.toHaveBeenCalledWith (C:\Users\eposh\OneDrive\Desktop\Dikshant\jenkins\github-review-plugin\src\utils\github-client.test.js:842:48)
    at processTicksAndRejections (node:internal/process/task_queues:105:5)</failure>
    </testcase>
    <testcase classname="GitHubClient ‚Ä∫ getPullRequestFiles" name="should handle pull request with no files" time="0.001">
    </testcase>
    <testcase classname="GitHubClient ‚Ä∫ getPullRequestFiles" name="should handle PR response without data property" time="0.001">
    </testcase>
    <testcase classname="GitHubClient ‚Ä∫ getPullRequestFiles" name="should handle null PR response" time="0.003">
    </testcase>
    <testcase classname="GitHubClient ‚Ä∫ getPullRequestFiles" name="should handle files with missing optional properties" time="0.003">
    </testcase>
    <testcase classname="GitHubClient ‚Ä∫ getPullRequestFiles" name="should throw error for invalid PR number" time="0.023">
    </testcase>
    <testcase classname="GitHubClient ‚Ä∫ getPullRequestFiles" name="should handle GitHub API errors gracefully" time="0.003">
    </testcase>
    <testcase classname="GitHubClient ‚Ä∫ getPullRequestFiles" name="should handle network errors gracefully" time="0.003">
    </testcase>
    <testcase classname="GitHubClient ‚Ä∫ Utility methods" name="should get highest severity correctly" time="0.001">
    </testcase>
    <testcase classname="GitHubClient ‚Ä∫ Utility methods" name="should get review status correctly" time="0.001">
    </testcase>
    <testcase classname="GitHubClient ‚Ä∫ Utility methods" name="should get severity emoji correctly" time="0.002">
    </testcase>
    <testcase classname="GitHubClient ‚Ä∫ Utility methods" name="should get severity badge correctly" time="0.002">
    </testcase>
    <testcase classname="GitHubClient ‚Ä∫ Utility methods" name="should get category badge correctly" time="0.006">
    </testcase>
    <testcase classname="GitHubClient ‚Ä∫ Logging" name="should log info messages when enabled" time="0.002">
    </testcase>
    <testcase classname="GitHubClient ‚Ä∫ Logging" name="should not log info messages when disabled" time="0.003">
    </testcase>
    <testcase classname="GitHubClient ‚Ä∫ Logging" name="should log warning messages" time="0.001">
    </testcase>
    <testcase classname="GitHubClient ‚Ä∫ Logging" name="should log error messages" time="0.001">
    </testcase>
  </testsuite>
  <testsuite name="FileFilter" errors="0" failures="15" skipped="0" timestamp="2025-09-04T10:16:35" time="2.742" tests="51">
    <testcase classname="FileFilter ‚Ä∫ constructor" name="should create instance with default configuration" time="0.022">
    </testcase>
    <testcase classname="FileFilter ‚Ä∫ constructor" name="should accept custom configuration" time="0.001">
    </testcase>
    <testcase classname="FileFilter ‚Ä∫ getDefaultExcludePatterns" name="should return all required exclusion patterns" time="0.003">
    </testcase>
    <testcase classname="FileFilter ‚Ä∫ getDefaultExcludePatterns" name="should have valid regex patterns" time="0.002">
    </testcase>
    <testcase classname="FileFilter ‚Ä∫ shouldExcludeFile" name="should exclude database files" time="0.007">
      <failure>Error: expect(received).toBe(expected) // Object.is equality

Expected: &quot;database&quot;
Received: &quot;extension&quot;
    at toBe (C:\Users\eposh\OneDrive\Desktop\Dikshant\jenkins\github-review-plugin\src\utils\file-filter.test.js:97:33)
    at Array.forEach (&lt;anonymous&gt;)
    at Object.forEach (C:\Users\eposh\OneDrive\Desktop\Dikshant\jenkins\github-review-plugin\src\utils\file-filter.test.js:94:17)
    at Promise.then.completed (C:\Users\eposh\OneDrive\Desktop\Dikshant\jenkins\github-review-plugin\node_modules\jest-circus\build\utils.js:298:28)
    at new Promise (&lt;anonymous&gt;)
    at callAsyncCircusFn (C:\Users\eposh\OneDrive\Desktop\Dikshant\jenkins\github-review-plugin\node_modules\jest-circus\build\utils.js:231:10)
    at _callCircusTest (C:\Users\eposh\OneDrive\Desktop\Dikshant\jenkins\github-review-plugin\node_modules\jest-circus\build\run.js:316:40)
    at processTicksAndRejections (node:internal/process/task_queues:105:5)
    at _runTest (C:\Users\eposh\OneDrive\Desktop\Dikshant\jenkins\github-review-plugin\node_modules\jest-circus\build\run.js:252:3)
    at _runTestsForDescribeBlock (C:\Users\eposh\OneDrive\Desktop\Dikshant\jenkins\github-review-plugin\node_modules\jest-circus\build\run.js:126:9)
    at _runTestsForDescribeBlock (C:\Users\eposh\OneDrive\Desktop\Dikshant\jenkins\github-review-plugin\node_modules\jest-circus\build\run.js:121:9)
    at _runTestsForDescribeBlock (C:\Users\eposh\OneDrive\Desktop\Dikshant\jenkins\github-review-plugin\node_modules\jest-circus\build\run.js:121:9)
    at run (C:\Users\eposh\OneDrive\Desktop\Dikshant\jenkins\github-review-plugin\node_modules\jest-circus\build\run.js:71:3)
    at runAndTransformResultsToJestFormat (C:\Users\eposh\OneDrive\Desktop\Dikshant\jenkins\github-review-plugin\node_modules\jest-circus\build\legacy-code-todo-rewrite\jestAdapterInit.js:122:21)
    at jestAdapter (C:\Users\eposh\OneDrive\Desktop\Dikshant\jenkins\github-review-plugin\node_modules\jest-circus\build\legacy-code-todo-rewrite\jestAdapter.js:79:19)
    at runTestInternal (C:\Users\eposh\OneDrive\Desktop\Dikshant\jenkins\github-review-plugin\node_modules\jest-runner\build\runTest.js:367:16)
    at runTest (C:\Users\eposh\OneDrive\Desktop\Dikshant\jenkins\github-review-plugin\node_modules\jest-runner\build\runTest.js:444:34)
    at Object.worker (C:\Users\eposh\OneDrive\Desktop\Dikshant\jenkins\github-review-plugin\node_modules\jest-runner\build\testWorker.js:106:12)</failure>
    </testcase>
    <testcase classname="FileFilter ‚Ä∫ shouldExcludeFile" name="should exclude environment files" time="0.01">
      <failure>Error: expect(received).toBe(expected) // Object.is equality

Expected: &quot;environment&quot;
Received: &quot;extension&quot;
    at toBe (C:\Users\eposh\OneDrive\Desktop\Dikshant\jenkins\github-review-plugin\src\utils\file-filter.test.js:113:33)
    at Array.forEach (&lt;anonymous&gt;)
    at Object.forEach (C:\Users\eposh\OneDrive\Desktop\Dikshant\jenkins\github-review-plugin\src\utils\file-filter.test.js:110:17)
    at Promise.then.completed (C:\Users\eposh\OneDrive\Desktop\Dikshant\jenkins\github-review-plugin\node_modules\jest-circus\build\utils.js:298:28)
    at new Promise (&lt;anonymous&gt;)
    at callAsyncCircusFn (C:\Users\eposh\OneDrive\Desktop\Dikshant\jenkins\github-review-plugin\node_modules\jest-circus\build\utils.js:231:10)
    at _callCircusTest (C:\Users\eposh\OneDrive\Desktop\Dikshant\jenkins\github-review-plugin\node_modules\jest-circus\build\run.js:316:40)
    at processTicksAndRejections (node:internal/process/task_queues:105:5)
    at _runTest (C:\Users\eposh\OneDrive\Desktop\Dikshant\jenkins\github-review-plugin\node_modules\jest-circus\build\run.js:252:3)
    at _runTestsForDescribeBlock (C:\Users\eposh\OneDrive\Desktop\Dikshant\jenkins\github-review-plugin\node_modules\jest-circus\build\run.js:126:9)
    at _runTestsForDescribeBlock (C:\Users\eposh\OneDrive\Desktop\Dikshant\jenkins\github-review-plugin\node_modules\jest-circus\build\run.js:121:9)
    at _runTestsForDescribeBlock (C:\Users\eposh\OneDrive\Desktop\Dikshant\jenkins\github-review-plugin\node_modules\jest-circus\build\run.js:121:9)
    at run (C:\Users\eposh\OneDrive\Desktop\Dikshant\jenkins\github-review-plugin\node_modules\jest-circus\build\run.js:71:3)
    at runAndTransformResultsToJestFormat (C:\Users\eposh\OneDrive\Desktop\Dikshant\jenkins\github-review-plugin\node_modules\jest-circus\build\legacy-code-todo-rewrite\jestAdapterInit.js:122:21)
    at jestAdapter (C:\Users\eposh\OneDrive\Desktop\Dikshant\jenkins\github-review-plugin\node_modules\jest-circus\build\legacy-code-todo-rewrite\jestAdapter.js:79:19)
    at runTestInternal (C:\Users\eposh\OneDrive\Desktop\Dikshant\jenkins\github-review-plugin\node_modules\jest-runner\build\runTest.js:367:16)
    at runTest (C:\Users\eposh\OneDrive\Desktop\Dikshant\jenkins\github-review-plugin\node_modules\jest-runner\build\runTest.js:444:34)
    at Object.worker (C:\Users\eposh\OneDrive\Desktop\Dikshant\jenkins\github-review-plugin\node_modules\jest-runner\build\testWorker.js:106:12)</failure>
    </testcase>
    <testcase classname="FileFilter ‚Ä∫ shouldExcludeFile" name="should exclude configuration files" time="0.002">
      <failure>Error: expect(received).toBe(expected) // Object.is equality

Expected: &quot;config&quot;
Received: &quot;filename&quot;
    at toBe (C:\Users\eposh\OneDrive\Desktop\Dikshant\jenkins\github-review-plugin\src\utils\file-filter.test.js:130:33)
    at Array.forEach (&lt;anonymous&gt;)
    at Object.forEach (C:\Users\eposh\OneDrive\Desktop\Dikshant\jenkins\github-review-plugin\src\utils\file-filter.test.js:127:17)
    at Promise.then.completed (C:\Users\eposh\OneDrive\Desktop\Dikshant\jenkins\github-review-plugin\node_modules\jest-circus\build\utils.js:298:28)
    at new Promise (&lt;anonymous&gt;)
    at callAsyncCircusFn (C:\Users\eposh\OneDrive\Desktop\Dikshant\jenkins\github-review-plugin\node_modules\jest-circus\build\utils.js:231:10)
    at _callCircusTest (C:\Users\eposh\OneDrive\Desktop\Dikshant\jenkins\github-review-plugin\node_modules\jest-circus\build\run.js:316:40)
    at processTicksAndRejections (node:internal/process/task_queues:105:5)
    at _runTest (C:\Users\eposh\OneDrive\Desktop\Dikshant\jenkins\github-review-plugin\node_modules\jest-circus\build\run.js:252:3)
    at _runTestsForDescribeBlock (C:\Users\eposh\OneDrive\Desktop\Dikshant\jenkins\github-review-plugin\node_modules\jest-circus\build\run.js:126:9)
    at _runTestsForDescribeBlock (C:\Users\eposh\OneDrive\Desktop\Dikshant\jenkins\github-review-plugin\node_modules\jest-circus\build\run.js:121:9)
    at _runTestsForDescribeBlock (C:\Users\eposh\OneDrive\Desktop\Dikshant\jenkins\github-review-plugin\node_modules\jest-circus\build\run.js:121:9)
    at run (C:\Users\eposh\OneDrive\Desktop\Dikshant\jenkins\github-review-plugin\node_modules\jest-circus\build\run.js:71:3)
    at runAndTransformResultsToJestFormat (C:\Users\eposh\OneDrive\Desktop\Dikshant\jenkins\github-review-plugin\node_modules\jest-circus\build\legacy-code-todo-rewrite\jestAdapterInit.js:122:21)
    at jestAdapter (C:\Users\eposh\OneDrive\Desktop\Dikshant\jenkins\github-review-plugin\node_modules\jest-circus\build\legacy-code-todo-rewrite\jestAdapter.js:79:19)
    at runTestInternal (C:\Users\eposh\OneDrive\Desktop\Dikshant\jenkins\github-review-plugin\node_modules\jest-runner\build\runTest.js:367:16)
    at runTest (C:\Users\eposh\OneDrive\Desktop\Dikshant\jenkins\github-review-plugin\node_modules\jest-runner\build\runTest.js:444:34)
    at Object.worker (C:\Users\eposh\OneDrive\Desktop\Dikshant\jenkins\github-review-plugin\node_modules\jest-runner\build\testWorker.js:106:12)</failure>
    </testcase>
    <testcase classname="FileFilter ‚Ä∫ shouldExcludeFile" name="should exclude log files" time="0.002">
      <failure>Error: expect(received).toBe(expected) // Object.is equality

Expected: &quot;logs&quot;
Received: &quot;extension&quot;
    at toBe (C:\Users\eposh\OneDrive\Desktop\Dikshant\jenkins\github-review-plugin\src\utils\file-filter.test.js:144:33)
    at Array.forEach (&lt;anonymous&gt;)
    at Object.forEach (C:\Users\eposh\OneDrive\Desktop\Dikshant\jenkins\github-review-plugin\src\utils\file-filter.test.js:141:17)
    at Promise.then.completed (C:\Users\eposh\OneDrive\Desktop\Dikshant\jenkins\github-review-plugin\node_modules\jest-circus\build\utils.js:298:28)
    at new Promise (&lt;anonymous&gt;)
    at callAsyncCircusFn (C:\Users\eposh\OneDrive\Desktop\Dikshant\jenkins\github-review-plugin\node_modules\jest-circus\build\utils.js:231:10)
    at _callCircusTest (C:\Users\eposh\OneDrive\Desktop\Dikshant\jenkins\github-review-plugin\node_modules\jest-circus\build\run.js:316:40)
    at processTicksAndRejections (node:internal/process/task_queues:105:5)
    at _runTest (C:\Users\eposh\OneDrive\Desktop\Dikshant\jenkins\github-review-plugin\node_modules\jest-circus\build\run.js:252:3)
    at _runTestsForDescribeBlock (C:\Users\eposh\OneDrive\Desktop\Dikshant\jenkins\github-review-plugin\node_modules\jest-circus\build\run.js:126:9)
    at _runTestsForDescribeBlock (C:\Users\eposh\OneDrive\Desktop\Dikshant\jenkins\github-review-plugin\node_modules\jest-circus\build\run.js:121:9)
    at _runTestsForDescribeBlock (C:\Users\eposh\OneDrive\Desktop\Dikshant\jenkins\github-review-plugin\node_modules\jest-circus\build\run.js:121:9)
    at run (C:\Users\eposh\OneDrive\Desktop\Dikshant\jenkins\github-review-plugin\node_modules\jest-circus\build\run.js:71:3)
    at runAndTransformResultsToJestFormat (C:\Users\eposh\OneDrive\Desktop\Dikshant\jenkins\github-review-plugin\node_modules\jest-circus\build\legacy-code-todo-rewrite\jestAdapterInit.js:122:21)
    at jestAdapter (C:\Users\eposh\OneDrive\Desktop\Dikshant\jenkins\github-review-plugin\node_modules\jest-circus\build\legacy-code-todo-rewrite\jestAdapter.js:79:19)
    at runTestInternal (C:\Users\eposh\OneDrive\Desktop\Dikshant\jenkins\github-review-plugin\node_modules\jest-runner\build\runTest.js:367:16)
    at runTest (C:\Users\eposh\OneDrive\Desktop\Dikshant\jenkins\github-review-plugin\node_modules\jest-runner\build\runTest.js:444:34)
    at Object.worker (C:\Users\eposh\OneDrive\Desktop\Dikshant\jenkins\github-review-plugin\node_modules\jest-runner\build\testWorker.js:106:12)</failure>
    </testcase>
    <testcase classname="FileFilter ‚Ä∫ shouldExcludeFile" name="should exclude confidential files" time="0.005">
      <failure>Error: expect(received).toBe(expected) // Object.is equality

Expected: &quot;confidential&quot;
Received: &quot;extension&quot;
    at toBe (C:\Users\eposh\OneDrive\Desktop\Dikshant\jenkins\github-review-plugin\src\utils\file-filter.test.js:161:33)
    at Array.forEach (&lt;anonymous&gt;)
    at Object.forEach (C:\Users\eposh\OneDrive\Desktop\Dikshant\jenkins\github-review-plugin\src\utils\file-filter.test.js:158:17)
    at Promise.then.completed (C:\Users\eposh\OneDrive\Desktop\Dikshant\jenkins\github-review-plugin\node_modules\jest-circus\build\utils.js:298:28)
    at new Promise (&lt;anonymous&gt;)
    at callAsyncCircusFn (C:\Users\eposh\OneDrive\Desktop\Dikshant\jenkins\github-review-plugin\node_modules\jest-circus\build\utils.js:231:10)
    at _callCircusTest (C:\Users\eposh\OneDrive\Desktop\Dikshant\jenkins\github-review-plugin\node_modules\jest-circus\build\run.js:316:40)
    at processTicksAndRejections (node:internal/process/task_queues:105:5)
    at _runTest (C:\Users\eposh\OneDrive\Desktop\Dikshant\jenkins\github-review-plugin\node_modules\jest-circus\build\run.js:252:3)
    at _runTestsForDescribeBlock (C:\Users\eposh\OneDrive\Desktop\Dikshant\jenkins\github-review-plugin\node_modules\jest-circus\build\run.js:126:9)
    at _runTestsForDescribeBlock (C:\Users\eposh\OneDrive\Desktop\Dikshant\jenkins\github-review-plugin\node_modules\jest-circus\build\run.js:121:9)
    at _runTestsForDescribeBlock (C:\Users\eposh\OneDrive\Desktop\Dikshant\jenkins\github-review-plugin\node_modules\jest-circus\build\run.js:121:9)
    at run (C:\Users\eposh\OneDrive\Desktop\Dikshant\jenkins\github-review-plugin\node_modules\jest-circus\build\run.js:71:3)
    at runAndTransformResultsToJestFormat (C:\Users\eposh\OneDrive\Desktop\Dikshant\jenkins\github-review-plugin\node_modules\jest-circus\build\legacy-code-todo-rewrite\jestAdapterInit.js:122:21)
    at jestAdapter (C:\Users\eposh\OneDrive\Desktop\Dikshant\jenkins\github-review-plugin\node_modules\jest-circus\build\legacy-code-todo-rewrite\jestAdapter.js:79:19)
    at runTestInternal (C:\Users\eposh\OneDrive\Desktop\Dikshant\jenkins\github-review-plugin\node_modules\jest-runner\build\runTest.js:367:16)
    at runTest (C:\Users\eposh\OneDrive\Desktop\Dikshant\jenkins\github-review-plugin\node_modules\jest-runner\build\runTest.js:444:34)
    at Object.worker (C:\Users\eposh\OneDrive\Desktop\Dikshant\jenkins\github-review-plugin\node_modules\jest-runner\build\testWorker.js:106:12)</failure>
    </testcase>
    <testcase classname="FileFilter ‚Ä∫ shouldExcludeFile" name="should exclude image files" time="0.003">
      <failure>Error: expect(received).toBe(expected) // Object.is equality

Expected: &quot;images&quot;
Received: &quot;extension&quot;
    at toBe (C:\Users\eposh\OneDrive\Desktop\Dikshant\jenkins\github-review-plugin\src\utils\file-filter.test.js:178:33)
    at Array.forEach (&lt;anonymous&gt;)
    at Object.forEach (C:\Users\eposh\OneDrive\Desktop\Dikshant\jenkins\github-review-plugin\src\utils\file-filter.test.js:175:17)
    at Promise.then.completed (C:\Users\eposh\OneDrive\Desktop\Dikshant\jenkins\github-review-plugin\node_modules\jest-circus\build\utils.js:298:28)
    at new Promise (&lt;anonymous&gt;)
    at callAsyncCircusFn (C:\Users\eposh\OneDrive\Desktop\Dikshant\jenkins\github-review-plugin\node_modules\jest-circus\build\utils.js:231:10)
    at _callCircusTest (C:\Users\eposh\OneDrive\Desktop\Dikshant\jenkins\github-review-plugin\node_modules\jest-circus\build\run.js:316:40)
    at processTicksAndRejections (node:internal/process/task_queues:105:5)
    at _runTest (C:\Users\eposh\OneDrive\Desktop\Dikshant\jenkins\github-review-plugin\node_modules\jest-circus\build\run.js:252:3)
    at _runTestsForDescribeBlock (C:\Users\eposh\OneDrive\Desktop\Dikshant\jenkins\github-review-plugin\node_modules\jest-circus\build\run.js:126:9)
    at _runTestsForDescribeBlock (C:\Users\eposh\OneDrive\Desktop\Dikshant\jenkins\github-review-plugin\node_modules\jest-circus\build\run.js:121:9)
    at _runTestsForDescribeBlock (C:\Users\eposh\OneDrive\Desktop\Dikshant\jenkins\github-review-plugin\node_modules\jest-circus\build\run.js:121:9)
    at run (C:\Users\eposh\OneDrive\Desktop\Dikshant\jenkins\github-review-plugin\node_modules\jest-circus\build\run.js:71:3)
    at runAndTransformResultsToJestFormat (C:\Users\eposh\OneDrive\Desktop\Dikshant\jenkins\github-review-plugin\node_modules\jest-circus\build\legacy-code-todo-rewrite\jestAdapterInit.js:122:21)
    at jestAdapter (C:\Users\eposh\OneDrive\Desktop\Dikshant\jenkins\github-review-plugin\node_modules\jest-circus\build\legacy-code-todo-rewrite\jestAdapter.js:79:19)
    at runTestInternal (C:\Users\eposh\OneDrive\Desktop\Dikshant\jenkins\github-review-plugin\node_modules\jest-runner\build\runTest.js:367:16)
    at runTest (C:\Users\eposh\OneDrive\Desktop\Dikshant\jenkins\github-review-plugin\node_modules\jest-runner\build\runTest.js:444:34)
    at Object.worker (C:\Users\eposh\OneDrive\Desktop\Dikshant\jenkins\github-review-plugin\node_modules\jest-runner\build\testWorker.js:106:12)</failure>
    </testcase>
    <testcase classname="FileFilter ‚Ä∫ shouldExcludeFile" name="should exclude binary files" time="0.003">
      <failure>Error: expect(received).toBe(expected) // Object.is equality

Expected: &quot;binary&quot;
Received: &quot;extension&quot;
    at toBe (C:\Users\eposh\OneDrive\Desktop\Dikshant\jenkins\github-review-plugin\src\utils\file-filter.test.js:195:33)
    at Array.forEach (&lt;anonymous&gt;)
    at Object.forEach (C:\Users\eposh\OneDrive\Desktop\Dikshant\jenkins\github-review-plugin\src\utils\file-filter.test.js:192:17)
    at Promise.then.completed (C:\Users\eposh\OneDrive\Desktop\Dikshant\jenkins\github-review-plugin\node_modules\jest-circus\build\utils.js:298:28)
    at new Promise (&lt;anonymous&gt;)
    at callAsyncCircusFn (C:\Users\eposh\OneDrive\Desktop\Dikshant\jenkins\github-review-plugin\node_modules\jest-circus\build\utils.js:231:10)
    at _callCircusTest (C:\Users\eposh\OneDrive\Desktop\Dikshant\jenkins\github-review-plugin\node_modules\jest-circus\build\run.js:316:40)
    at processTicksAndRejections (node:internal/process/task_queues:105:5)
    at _runTest (C:\Users\eposh\OneDrive\Desktop\Dikshant\jenkins\github-review-plugin\node_modules\jest-circus\build\run.js:252:3)
    at _runTestsForDescribeBlock (C:\Users\eposh\OneDrive\Desktop\Dikshant\jenkins\github-review-plugin\node_modules\jest-circus\build\run.js:126:9)
    at _runTestsForDescribeBlock (C:\Users\eposh\OneDrive\Desktop\Dikshant\jenkins\github-review-plugin\node_modules\jest-circus\build\run.js:121:9)
    at _runTestsForDescribeBlock (C:\Users\eposh\OneDrive\Desktop\Dikshant\jenkins\github-review-plugin\node_modules\jest-circus\build\run.js:121:9)
    at run (C:\Users\eposh\OneDrive\Desktop\Dikshant\jenkins\github-review-plugin\node_modules\jest-circus\build\run.js:71:3)
    at runAndTransformResultsToJestFormat (C:\Users\eposh\OneDrive\Desktop\Dikshant\jenkins\github-review-plugin\node_modules\jest-circus\build\legacy-code-todo-rewrite\jestAdapterInit.js:122:21)
    at jestAdapter (C:\Users\eposh\OneDrive\Desktop\Dikshant\jenkins\github-review-plugin\node_modules\jest-circus\build\legacy-code-todo-rewrite\jestAdapter.js:79:19)
    at runTestInternal (C:\Users\eposh\OneDrive\Desktop\Dikshant\jenkins\github-review-plugin\node_modules\jest-runner\build\runTest.js:367:16)
    at runTest (C:\Users\eposh\OneDrive\Desktop\Dikshant\jenkins\github-review-plugin\node_modules\jest-runner\build\runTest.js:444:34)
    at Object.worker (C:\Users\eposh\OneDrive\Desktop\Dikshant\jenkins\github-review-plugin\node_modules\jest-runner\build\testWorker.js:106:12)</failure>
    </testcase>
    <testcase classname="FileFilter ‚Ä∫ shouldExcludeFile" name="should exclude files in excluded directories" time="0.007">
      <failure>Error: expect(received).toBe(expected) // Object.is equality

Expected: true
Received: false
    at toBe (C:\Users\eposh\OneDrive\Desktop\Dikshant\jenkins\github-review-plugin\src\utils\file-filter.test.js:212:38)
    at Array.forEach (&lt;anonymous&gt;)
    at Object.forEach (C:\Users\eposh\OneDrive\Desktop\Dikshant\jenkins\github-review-plugin\src\utils\file-filter.test.js:210:17)
    at Promise.then.completed (C:\Users\eposh\OneDrive\Desktop\Dikshant\jenkins\github-review-plugin\node_modules\jest-circus\build\utils.js:298:28)
    at new Promise (&lt;anonymous&gt;)
    at callAsyncCircusFn (C:\Users\eposh\OneDrive\Desktop\Dikshant\jenkins\github-review-plugin\node_modules\jest-circus\build\utils.js:231:10)
    at _callCircusTest (C:\Users\eposh\OneDrive\Desktop\Dikshant\jenkins\github-review-plugin\node_modules\jest-circus\build\run.js:316:40)
    at processTicksAndRejections (node:internal/process/task_queues:105:5)
    at _runTest (C:\Users\eposh\OneDrive\Desktop\Dikshant\jenkins\github-review-plugin\node_modules\jest-circus\build\run.js:252:3)
    at _runTestsForDescribeBlock (C:\Users\eposh\OneDrive\Desktop\Dikshant\jenkins\github-review-plugin\node_modules\jest-circus\build\run.js:126:9)
    at _runTestsForDescribeBlock (C:\Users\eposh\OneDrive\Desktop\Dikshant\jenkins\github-review-plugin\node_modules\jest-circus\build\run.js:121:9)
    at _runTestsForDescribeBlock (C:\Users\eposh\OneDrive\Desktop\Dikshant\jenkins\github-review-plugin\node_modules\jest-circus\build\run.js:121:9)
    at run (C:\Users\eposh\OneDrive\Desktop\Dikshant\jenkins\github-review-plugin\node_modules\jest-circus\build\run.js:71:3)
    at runAndTransformResultsToJestFormat (C:\Users\eposh\OneDrive\Desktop\Dikshant\jenkins\github-review-plugin\node_modules\jest-circus\build\legacy-code-todo-rewrite\jestAdapterInit.js:122:21)
    at jestAdapter (C:\Users\eposh\OneDrive\Desktop\Dikshant\jenkins\github-review-plugin\node_modules\jest-circus\build\legacy-code-todo-rewrite\jestAdapter.js:79:19)
    at runTestInternal (C:\Users\eposh\OneDrive\Desktop\Dikshant\jenkins\github-review-plugin\node_modules\jest-runner\build\runTest.js:367:16)
    at runTest (C:\Users\eposh\OneDrive\Desktop\Dikshant\jenkins\github-review-plugin\node_modules\jest-runner\build\runTest.js:444:34)
    at Object.worker (C:\Users\eposh\OneDrive\Desktop\Dikshant\jenkins\github-review-plugin\node_modules\jest-runner\build\testWorker.js:106:12)</failure>
    </testcase>
    <testcase classname="FileFilter ‚Ä∫ shouldExcludeFile" name="should exclude files by name" time="0.004">
    </testcase>
    <testcase classname="FileFilter ‚Ä∫ shouldExcludeFile" name="should exclude files that exceed size limit" time="0.003">
    </testcase>
    <testcase classname="FileFilter ‚Ä∫ shouldExcludeFile" name="should exclude directories" time="0.001">
    </testcase>
    <testcase classname="FileFilter ‚Ä∫ shouldExcludeFile" name="should exclude inaccessible files" time="0.001">
    </testcase>
    <testcase classname="FileFilter ‚Ä∫ shouldExcludeFile" name="should include valid source code files" time="0.005">
      <failure>Error: expect(received).toBe(expected) // Object.is equality

Expected: false
Received: true
    at toBe (C:\Users\eposh\OneDrive\Desktop\Dikshant\jenkins\github-review-plugin\src\utils\file-filter.test.js:281:38)
    at Array.forEach (&lt;anonymous&gt;)
    at Object.forEach (C:\Users\eposh\OneDrive\Desktop\Dikshant\jenkins\github-review-plugin\src\utils\file-filter.test.js:279:17)
    at Promise.then.completed (C:\Users\eposh\OneDrive\Desktop\Dikshant\jenkins\github-review-plugin\node_modules\jest-circus\build\utils.js:298:28)
    at new Promise (&lt;anonymous&gt;)
    at callAsyncCircusFn (C:\Users\eposh\OneDrive\Desktop\Dikshant\jenkins\github-review-plugin\node_modules\jest-circus\build\utils.js:231:10)
    at _callCircusTest (C:\Users\eposh\OneDrive\Desktop\Dikshant\jenkins\github-review-plugin\node_modules\jest-circus\build\run.js:316:40)
    at processTicksAndRejections (node:internal/process/task_queues:105:5)
    at _runTest (C:\Users\eposh\OneDrive\Desktop\Dikshant\jenkins\github-review-plugin\node_modules\jest-circus\build\run.js:252:3)
    at _runTestsForDescribeBlock (C:\Users\eposh\OneDrive\Desktop\Dikshant\jenkins\github-review-plugin\node_modules\jest-circus\build\run.js:126:9)
    at _runTestsForDescribeBlock (C:\Users\eposh\OneDrive\Desktop\Dikshant\jenkins\github-review-plugin\node_modules\jest-circus\build\run.js:121:9)
    at _runTestsForDescribeBlock (C:\Users\eposh\OneDrive\Desktop\Dikshant\jenkins\github-review-plugin\node_modules\jest-circus\build\run.js:121:9)
    at run (C:\Users\eposh\OneDrive\Desktop\Dikshant\jenkins\github-review-plugin\node_modules\jest-circus\build\run.js:71:3)
    at runAndTransformResultsToJestFormat (C:\Users\eposh\OneDrive\Desktop\Dikshant\jenkins\github-review-plugin\node_modules\jest-circus\build\legacy-code-todo-rewrite\jestAdapterInit.js:122:21)
    at jestAdapter (C:\Users\eposh\OneDrive\Desktop\Dikshant\jenkins\github-review-plugin\node_modules\jest-circus\build\legacy-code-todo-rewrite\jestAdapter.js:79:19)
    at runTestInternal (C:\Users\eposh\OneDrive\Desktop\Dikshant\jenkins\github-review-plugin\node_modules\jest-runner\build\runTest.js:367:16)
    at runTest (C:\Users\eposh\OneDrive\Desktop\Dikshant\jenkins\github-review-plugin\node_modules\jest-runner\build\runTest.js:444:34)
    at Object.worker (C:\Users\eposh\OneDrive\Desktop\Dikshant\jenkins\github-review-plugin\node_modules\jest-runner\build\testWorker.js:106:12)</failure>
    </testcase>
    <testcase classname="FileFilter ‚Ä∫ shouldExcludeFile" name="should respect include patterns when specified" time="0.004">
    </testcase>
    <testcase classname="FileFilter ‚Ä∫ filterFiles" name="should filter a list of files correctly" time="0.003">
    </testcase>
    <testcase classname="FileFilter ‚Ä∫ filterFiles" name="should respect file count limits" time="0.003">
      <failure>TypeError: Cannot read properties of undefined (reading &apos;category&apos;)
    at Object.category (C:\Users\eposh\OneDrive\Desktop\Dikshant\jenkins\github-review-plugin\src\utils\file-filter.test.js:338:33)
    at Promise.then.completed (C:\Users\eposh\OneDrive\Desktop\Dikshant\jenkins\github-review-plugin\node_modules\jest-circus\build\utils.js:298:28)
    at new Promise (&lt;anonymous&gt;)
    at callAsyncCircusFn (C:\Users\eposh\OneDrive\Desktop\Dikshant\jenkins\github-review-plugin\node_modules\jest-circus\build\utils.js:231:10)
    at _callCircusTest (C:\Users\eposh\OneDrive\Desktop\Dikshant\jenkins\github-review-plugin\node_modules\jest-circus\build\run.js:316:40)
    at processTicksAndRejections (node:internal/process/task_queues:105:5)
    at _runTest (C:\Users\eposh\OneDrive\Desktop\Dikshant\jenkins\github-review-plugin\node_modules\jest-circus\build\run.js:252:3)
    at _runTestsForDescribeBlock (C:\Users\eposh\OneDrive\Desktop\Dikshant\jenkins\github-review-plugin\node_modules\jest-circus\build\run.js:126:9)
    at _runTestsForDescribeBlock (C:\Users\eposh\OneDrive\Desktop\Dikshant\jenkins\github-review-plugin\node_modules\jest-circus\build\run.js:121:9)
    at _runTestsForDescribeBlock (C:\Users\eposh\OneDrive\Desktop\Dikshant\jenkins\github-review-plugin\node_modules\jest-circus\build\run.js:121:9)
    at run (C:\Users\eposh\OneDrive\Desktop\Dikshant\jenkins\github-review-plugin\node_modules\jest-circus\build\run.js:71:3)
    at runAndTransformResultsToJestFormat (C:\Users\eposh\OneDrive\Desktop\Dikshant\jenkins\github-review-plugin\node_modules\jest-circus\build\legacy-code-todo-rewrite\jestAdapterInit.js:122:21)
    at jestAdapter (C:\Users\eposh\OneDrive\Desktop\Dikshant\jenkins\github-review-plugin\node_modules\jest-circus\build\legacy-code-todo-rewrite\jestAdapter.js:79:19)
    at runTestInternal (C:\Users\eposh\OneDrive\Desktop\Dikshant\jenkins\github-review-plugin\node_modules\jest-runner\build\runTest.js:367:16)
    at runTest (C:\Users\eposh\OneDrive\Desktop\Dikshant\jenkins\github-review-plugin\node_modules\jest-runner\build\runTest.js:444:34)
    at Object.worker (C:\Users\eposh\OneDrive\Desktop\Dikshant\jenkins\github-review-plugin\node_modules\jest-runner\build\testWorker.js:106:12)</failure>
    </testcase>
    <testcase classname="FileFilter ‚Ä∫ filterFiles" name="should categorize excluded files correctly" time="0.003">
      <failure>Error: expect(received).toBe(expected) // Object.is equality

Expected: 1
Received: undefined
    at Object.toBe (C:\Users\eposh\OneDrive\Desktop\Dikshant\jenkins\github-review-plugin\src\utils\file-filter.test.js:355:50)
    at Promise.then.completed (C:\Users\eposh\OneDrive\Desktop\Dikshant\jenkins\github-review-plugin\node_modules\jest-circus\build\utils.js:298:28)
    at new Promise (&lt;anonymous&gt;)
    at callAsyncCircusFn (C:\Users\eposh\OneDrive\Desktop\Dikshant\jenkins\github-review-plugin\node_modules\jest-circus\build\utils.js:231:10)
    at _callCircusTest (C:\Users\eposh\OneDrive\Desktop\Dikshant\jenkins\github-review-plugin\node_modules\jest-circus\build\run.js:316:40)
    at processTicksAndRejections (node:internal/process/task_queues:105:5)
    at _runTest (C:\Users\eposh\OneDrive\Desktop\Dikshant\jenkins\github-review-plugin\node_modules\jest-circus\build\run.js:252:3)
    at _runTestsForDescribeBlock (C:\Users\eposh\OneDrive\Desktop\Dikshant\jenkins\github-review-plugin\node_modules\jest-circus\build\run.js:126:9)
    at _runTestsForDescribeBlock (C:\Users\eposh\OneDrive\Desktop\Dikshant\jenkins\github-review-plugin\node_modules\jest-circus\build\run.js:121:9)
    at _runTestsForDescribeBlock (C:\Users\eposh\OneDrive\Desktop\Dikshant\jenkins\github-review-plugin\node_modules\jest-circus\build\run.js:121:9)
    at run (C:\Users\eposh\OneDrive\Desktop\Dikshant\jenkins\github-review-plugin\node_modules\jest-circus\build\run.js:71:3)
    at runAndTransformResultsToJestFormat (C:\Users\eposh\OneDrive\Desktop\Dikshant\jenkins\github-review-plugin\node_modules\jest-circus\build\legacy-code-todo-rewrite\jestAdapterInit.js:122:21)
    at jestAdapter (C:\Users\eposh\OneDrive\Desktop\Dikshant\jenkins\github-review-plugin\node_modules\jest-circus\build\legacy-code-todo-rewrite\jestAdapter.js:79:19)
    at runTestInternal (C:\Users\eposh\OneDrive\Desktop\Dikshant\jenkins\github-review-plugin\node_modules\jest-runner\build\runTest.js:367:16)
    at runTest (C:\Users\eposh\OneDrive\Desktop\Dikshant\jenkins\github-review-plugin\node_modules\jest-runner\build\runTest.js:444:34)
    at Object.worker (C:\Users\eposh\OneDrive\Desktop\Dikshant\jenkins\github-review-plugin\node_modules\jest-runner\build\testWorker.js:106:12)</failure>
    </testcase>
    <testcase classname="FileFilter ‚Ä∫ filterFiles" name="should handle empty file list" time="0.001">
    </testcase>
    <testcase classname="FileFilter ‚Ä∫ getFileStats" name="should calculate file statistics correctly" time="0.005">
    </testcase>
    <testcase classname="FileFilter ‚Ä∫ getFileStats" name="should categorize files by extension" time="0.007">
    </testcase>
    <testcase classname="FileFilter ‚Ä∫ getFileStats" name="should categorize files by type" time="0.001">
    </testcase>
    <testcase classname="FileFilter ‚Ä∫ getFileStats" name="should handle inaccessible files gracefully" time="0">
    </testcase>
    <testcase classname="FileFilter ‚Ä∫ getFileCategory" name="should categorize JavaScript files" time="0">
    </testcase>
    <testcase classname="FileFilter ‚Ä∫ getFileCategory" name="should categorize TypeScript files" time="0.001">
    </testcase>
    <testcase classname="FileFilter ‚Ä∫ getFileCategory" name="should categorize Python files" time="0">
    </testcase>
    <testcase classname="FileFilter ‚Ä∫ getFileCategory" name="should categorize Java files" time="0">
    </testcase>
    <testcase classname="FileFilter ‚Ä∫ getFileCategory" name="should categorize CSS files" time="0.001">
    </testcase>
    <testcase classname="FileFilter ‚Ä∫ getFileCategory" name="should categorize HTML files" time="0.001">
    </testcase>
    <testcase classname="FileFilter ‚Ä∫ getFileCategory" name="should categorize JSON files" time="0.001">
      <failure>Error: expect(received).toBe(expected) // Object.is equality

Expected: &quot;json&quot;
Received: &quot;config-json&quot;
    at Object.toBe (C:\Users\eposh\OneDrive\Desktop\Dikshant\jenkins\github-review-plugin\src\utils\file-filter.test.js:471:57)
    at Promise.then.completed (C:\Users\eposh\OneDrive\Desktop\Dikshant\jenkins\github-review-plugin\node_modules\jest-circus\build\utils.js:298:28)
    at new Promise (&lt;anonymous&gt;)
    at callAsyncCircusFn (C:\Users\eposh\OneDrive\Desktop\Dikshant\jenkins\github-review-plugin\node_modules\jest-circus\build\utils.js:231:10)
    at _callCircusTest (C:\Users\eposh\OneDrive\Desktop\Dikshant\jenkins\github-review-plugin\node_modules\jest-circus\build\run.js:316:40)
    at processTicksAndRejections (node:internal/process/task_queues:105:5)
    at _runTest (C:\Users\eposh\OneDrive\Desktop\Dikshant\jenkins\github-review-plugin\node_modules\jest-circus\build\run.js:252:3)
    at _runTestsForDescribeBlock (C:\Users\eposh\OneDrive\Desktop\Dikshant\jenkins\github-review-plugin\node_modules\jest-circus\build\run.js:126:9)
    at _runTestsForDescribeBlock (C:\Users\eposh\OneDrive\Desktop\Dikshant\jenkins\github-review-plugin\node_modules\jest-circus\build\run.js:121:9)
    at _runTestsForDescribeBlock (C:\Users\eposh\OneDrive\Desktop\Dikshant\jenkins\github-review-plugin\node_modules\jest-circus\build\run.js:121:9)
    at run (C:\Users\eposh\OneDrive\Desktop\Dikshant\jenkins\github-review-plugin\node_modules\jest-circus\build\run.js:71:3)
    at runAndTransformResultsToJestFormat (C:\Users\eposh\OneDrive\Desktop\Dikshant\jenkins\github-review-plugin\node_modules\jest-circus\build\legacy-code-todo-rewrite\jestAdapterInit.js:122:21)
    at jestAdapter (C:\Users\eposh\OneDrive\Desktop\Dikshant\jenkins\github-review-plugin\node_modules\jest-circus\build\legacy-code-todo-rewrite\jestAdapter.js:79:19)
    at runTestInternal (C:\Users\eposh\OneDrive\Desktop\Dikshant\jenkins\github-review-plugin\node_modules\jest-runner\build\runTest.js:367:16)
    at runTest (C:\Users\eposh\OneDrive\Desktop\Dikshant\jenkins\github-review-plugin\node_modules\jest-runner\build\runTest.js:444:34)
    at Object.worker (C:\Users\eposh\OneDrive\Desktop\Dikshant\jenkins\github-review-plugin\node_modules\jest-runner\build\testWorker.js:106:12)</failure>
    </testcase>
    <testcase classname="FileFilter ‚Ä∫ getFileCategory" name="should categorize shell scripts" time="0.001">
    </testcase>
    <testcase classname="FileFilter ‚Ä∫ getFileCategory" name="should categorize unknown files as other" time="0">
    </testcase>
    <testcase classname="FileFilter ‚Ä∫ formatFileSize" name="should format bytes correctly" time="0.001">
    </testcase>
    <testcase classname="FileFilter ‚Ä∫ formatFileSize" name="should handle decimal sizes" time="0.001">
    </testcase>
    <testcase classname="FileFilter ‚Ä∫ validateConfig" name="should validate correct configuration" time="0">
    </testcase>
    <testcase classname="FileFilter ‚Ä∫ validateConfig" name="should detect invalid maxFileSize" time="0">
    </testcase>
    <testcase classname="FileFilter ‚Ä∫ validateConfig" name="should detect invalid maxFiles" time="0.001">
      <failure>Error: expect(received).toBe(expected) // Object.is equality

Expected: false
Received: true
    at Object.toBe (C:\Users\eposh\OneDrive\Desktop\Dikshant\jenkins\github-review-plugin\src\utils\file-filter.test.js:517:30)
    at Promise.then.completed (C:\Users\eposh\OneDrive\Desktop\Dikshant\jenkins\github-review-plugin\node_modules\jest-circus\build\utils.js:298:28)
    at new Promise (&lt;anonymous&gt;)
    at callAsyncCircusFn (C:\Users\eposh\OneDrive\Desktop\Dikshant\jenkins\github-review-plugin\node_modules\jest-circus\build\utils.js:231:10)
    at _callCircusTest (C:\Users\eposh\OneDrive\Desktop\Dikshant\jenkins\github-review-plugin\node_modules\jest-circus\build\run.js:316:40)
    at processTicksAndRejections (node:internal/process/task_queues:105:5)
    at _runTest (C:\Users\eposh\OneDrive\Desktop\Dikshant\jenkins\github-review-plugin\node_modules\jest-circus\build\run.js:252:3)
    at _runTestsForDescribeBlock (C:\Users\eposh\OneDrive\Desktop\Dikshant\jenkins\github-review-plugin\node_modules\jest-circus\build\run.js:126:9)
    at _runTestsForDescribeBlock (C:\Users\eposh\OneDrive\Desktop\Dikshant\jenkins\github-review-plugin\node_modules\jest-circus\build\run.js:121:9)
    at _runTestsForDescribeBlock (C:\Users\eposh\OneDrive\Desktop\Dikshant\jenkins\github-review-plugin\node_modules\jest-circus\build\run.js:121:9)
    at run (C:\Users\eposh\OneDrive\Desktop\Dikshant\jenkins\github-review-plugin\node_modules\jest-circus\build\run.js:71:3)
    at runAndTransformResultsToJestFormat (C:\Users\eposh\OneDrive\Desktop\Dikshant\jenkins\github-review-plugin\node_modules\jest-circus\build\legacy-code-todo-rewrite\jestAdapterInit.js:122:21)
    at jestAdapter (C:\Users\eposh\OneDrive\Desktop\Dikshant\jenkins\github-review-plugin\node_modules\jest-circus\build\legacy-code-todo-rewrite\jestAdapter.js:79:19)
    at runTestInternal (C:\Users\eposh\OneDrive\Desktop\Dikshant\jenkins\github-review-plugin\node_modules\jest-runner\build\runTest.js:367:16)
    at runTest (C:\Users\eposh\OneDrive\Desktop\Dikshant\jenkins\github-review-plugin\node_modules\jest-runner\build\runTest.js:444:34)
    at Object.worker (C:\Users\eposh\OneDrive\Desktop\Dikshant\jenkins\github-review-plugin\node_modules\jest-runner\build\testWorker.js:106:12)</failure>
    </testcase>
    <testcase classname="FileFilter ‚Ä∫ validateConfig" name="should warn about large limits" time="0.001">
    </testcase>
    <testcase classname="FileFilter ‚Ä∫ validateConfig" name="should detect invalid regex patterns" time="0.001">
      <failure>Error: expect(received).toBe(expected) // Object.is equality

Expected: false
Received: true
    at Object.toBe (C:\Users\eposh\OneDrive\Desktop\Dikshant\jenkins\github-review-plugin\src\utils\file-filter.test.js:541:30)
    at Promise.then.completed (C:\Users\eposh\OneDrive\Desktop\Dikshant\jenkins\github-review-plugin\node_modules\jest-circus\build\utils.js:298:28)
    at new Promise (&lt;anonymous&gt;)
    at callAsyncCircusFn (C:\Users\eposh\OneDrive\Desktop\Dikshant\jenkins\github-review-plugin\node_modules\jest-circus\build\utils.js:231:10)
    at _callCircusTest (C:\Users\eposh\OneDrive\Desktop\Dikshant\jenkins\github-review-plugin\node_modules\jest-circus\build\run.js:316:40)
    at processTicksAndRejections (node:internal/process/task_queues:105:5)
    at _runTest (C:\Users\eposh\OneDrive\Desktop\Dikshant\jenkins\github-review-plugin\node_modules\jest-circus\build\run.js:252:3)
    at _runTestsForDescribeBlock (C:\Users\eposh\OneDrive\Desktop\Dikshant\jenkins\github-review-plugin\node_modules\jest-circus\build\run.js:126:9)
    at _runTestsForDescribeBlock (C:\Users\eposh\OneDrive\Desktop\Dikshant\jenkins\github-review-plugin\node_modules\jest-circus\build\run.js:121:9)
    at _runTestsForDescribeBlock (C:\Users\eposh\OneDrive\Desktop\Dikshant\jenkins\github-review-plugin\node_modules\jest-circus\build\run.js:121:9)
    at run (C:\Users\eposh\OneDrive\Desktop\Dikshant\jenkins\github-review-plugin\node_modules\jest-circus\build\run.js:71:3)
    at runAndTransformResultsToJestFormat (C:\Users\eposh\OneDrive\Desktop\Dikshant\jenkins\github-review-plugin\node_modules\jest-circus\build\legacy-code-todo-rewrite\jestAdapterInit.js:122:21)
    at jestAdapter (C:\Users\eposh\OneDrive\Desktop\Dikshant\jenkins\github-review-plugin\node_modules\jest-circus\build\legacy-code-todo-rewrite\jestAdapter.js:79:19)
    at runTestInternal (C:\Users\eposh\OneDrive\Desktop\Dikshant\jenkins\github-review-plugin\node_modules\jest-runner\build\runTest.js:367:16)
    at runTest (C:\Users\eposh\OneDrive\Desktop\Dikshant\jenkins\github-review-plugin\node_modules\jest-runner\build\runTest.js:444:34)
    at Object.worker (C:\Users\eposh\OneDrive\Desktop\Dikshant\jenkins\github-review-plugin\node_modules\jest-runner\build\testWorker.js:106:12)</failure>
    </testcase>
    <testcase classname="FileFilter ‚Ä∫ getConfigSummary" name="should return configuration summary" time="0.001">
    </testcase>
    <testcase classname="FileFilter ‚Ä∫ getEnhancedFileCount" name="should analyze files with complete metadata" time="0.005">
    </testcase>
    <testcase classname="FileFilter ‚Ä∫ getEnhancedFileCount" name="should handle files with missing metadata" time="0.002">
      <failure>Error: expect(received).toBe(expected) // Object.is equality

Expected: 3
Received: 1
    at Object.toBe (C:\Users\eposh\OneDrive\Desktop\Dikshant\jenkins\github-review-plugin\src\utils\file-filter.test.js:647:38)
    at Promise.then.completed (C:\Users\eposh\OneDrive\Desktop\Dikshant\jenkins\github-review-plugin\node_modules\jest-circus\build\utils.js:298:28)
    at new Promise (&lt;anonymous&gt;)
    at callAsyncCircusFn (C:\Users\eposh\OneDrive\Desktop\Dikshant\jenkins\github-review-plugin\node_modules\jest-circus\build\utils.js:231:10)
    at _callCircusTest (C:\Users\eposh\OneDrive\Desktop\Dikshant\jenkins\github-review-plugin\node_modules\jest-circus\build\run.js:316:40)
    at processTicksAndRejections (node:internal/process/task_queues:105:5)
    at _runTest (C:\Users\eposh\OneDrive\Desktop\Dikshant\jenkins\github-review-plugin\node_modules\jest-circus\build\run.js:252:3)
    at _runTestsForDescribeBlock (C:\Users\eposh\OneDrive\Desktop\Dikshant\jenkins\github-review-plugin\node_modules\jest-circus\build\run.js:126:9)
    at _runTestsForDescribeBlock (C:\Users\eposh\OneDrive\Desktop\Dikshant\jenkins\github-review-plugin\node_modules\jest-circus\build\run.js:121:9)
    at _runTestsForDescribeBlock (C:\Users\eposh\OneDrive\Desktop\Dikshant\jenkins\github-review-plugin\node_modules\jest-circus\build\run.js:121:9)
    at run (C:\Users\eposh\OneDrive\Desktop\Dikshant\jenkins\github-review-plugin\node_modules\jest-circus\build\run.js:71:3)
    at runAndTransformResultsToJestFormat (C:\Users\eposh\OneDrive\Desktop\Dikshant\jenkins\github-review-plugin\node_modules\jest-circus\build\legacy-code-todo-rewrite\jestAdapterInit.js:122:21)
    at jestAdapter (C:\Users\eposh\OneDrive\Desktop\Dikshant\jenkins\github-review-plugin\node_modules\jest-circus\build\legacy-code-todo-rewrite\jestAdapter.js:79:19)
    at runTestInternal (C:\Users\eposh\OneDrive\Desktop\Dikshant\jenkins\github-review-plugin\node_modules\jest-runner\build\runTest.js:367:16)
    at runTest (C:\Users\eposh\OneDrive\Desktop\Dikshant\jenkins\github-review-plugin\node_modules\jest-runner\build\runTest.js:444:34)
    at Object.worker (C:\Users\eposh\OneDrive\Desktop\Dikshant\jenkins\github-review-plugin\node_modules\jest-runner\build\testWorker.js:106:12)</failure>
    </testcase>
    <testcase classname="FileFilter ‚Ä∫ getEnhancedFileCount" name="should categorize files by extension correctly" time="0.002">
    </testcase>
    <testcase classname="FileFilter ‚Ä∫ getEnhancedFileCount" name="should analyze file sizes correctly" time="0.002">
    </testcase>
    <testcase classname="FileFilter ‚Ä∫ getEnhancedFileCount" name="should analyze line counts correctly" time="0.001">
    </testcase>
    <testcase classname="FileFilter ‚Ä∫ getEnhancedFileCount" name="should handle empty file list" time="0.005">
    </testcase>
    <testcase classname="FileFilter ‚Ä∫ getEnhancedFileCount" name="should validate file data integrity" time="0.002">
    </testcase>
    <testcase classname="FileFilter ‚Ä∫ getEnhancedFileCount" name="should calculate complexity scores correctly" time="0.001">
    </testcase>
  </testsuite>
  <testsuite name="QualityGates" errors="0" failures="17" skipped="0" timestamp="2025-09-04T10:16:35" time="2.909" tests="42">
    <testcase classname="QualityGates ‚Ä∫ Constructor" name="should initialize with default configuration" time="0.021">
    </testcase>
    <testcase classname="QualityGates ‚Ä∫ Constructor" name="should accept custom configuration" time="0">
    </testcase>
    <testcase classname="QualityGates ‚Ä∫ Constructor" name="should initialize empty maps for results and metrics" time="0.003">
    </testcase>
    <testcase classname="QualityGates ‚Ä∫ evaluateQualityGates" name="should evaluate all quality gates successfully" time="0.169">
    </testcase>
    <testcase classname="QualityGates ‚Ä∫ evaluateQualityGates" name="should store metrics for the session" time="0.01">
    </testcase>
    <testcase classname="QualityGates ‚Ä∫ evaluateQualityGates" name="should handle missing data gracefully" time="0.008">
    </testcase>
    <testcase classname="QualityGates ‚Ä∫ evaluateQualityGates" name="should calculate overall score correctly" time="0.014">
    </testcase>
    <testcase classname="QualityGates ‚Ä∫ evaluateCoverageGate" name="should pass when coverage meets thresholds" time="0.002">
    </testcase>
    <testcase classname="QualityGates ‚Ä∫ evaluateCoverageGate" name="should fail when global coverage is below threshold" time="0.002">
    </testcase>
    <testcase classname="QualityGates ‚Ä∫ evaluateCoverageGate" name="should handle missing coverage data" time="0">
    </testcase>
    <testcase classname="QualityGates ‚Ä∫ evaluateCoverageGate" name="should check test type specific thresholds" time="0">
    </testcase>
    <testcase classname="QualityGates ‚Ä∫ evaluateTestResultsGate" name="should pass when all tests pass" time="0.007">
      <failure>Error: expect(received).toBe(expected) // Object.is equality

Expected: true
Received: 100
    at Object.toBe (C:\Users\eposh\OneDrive\Desktop\Dikshant\jenkins\github-review-plugin\tests\unit\quality-gates.test.js:214:29)
    at processTicksAndRejections (node:internal/process/task_queues:105:5)</failure>
    </testcase>
    <testcase classname="QualityGates ‚Ä∫ evaluateTestResultsGate" name="should fail when tests fail" time="0">
      <failure>Error: expect(received).toBe(expected) // Object.is equality

Expected: false
Received: 90
    at Object.toBe (C:\Users\eposh\OneDrive\Desktop\Dikshant\jenkins\github-review-plugin\tests\unit\quality-gates.test.js:231:29)
    at processTicksAndRejections (node:internal/process/task_queues:105:5)</failure>
    </testcase>
    <testcase classname="QualityGates ‚Ä∫ evaluateTestResultsGate" name="should fail when execution time exceeds limit" time="0.001">
      <failure>Error: expect(received).toBe(expected) // Object.is equality

Expected: false
Received: 100
    at Object.toBe (C:\Users\eposh\OneDrive\Desktop\Dikshant\jenkins\github-review-plugin\tests\unit\quality-gates.test.js:248:29)
    at processTicksAndRejections (node:internal/process/task_queues:105:5)</failure>
    </testcase>
    <testcase classname="QualityGates ‚Ä∫ evaluateTestResultsGate" name="should handle missing test results" time="0.001">
    </testcase>
    <testcase classname="QualityGates ‚Ä∫ evaluateTestResultsGate" name="should fail when no tests were executed" time="0.002">
      <failure>Error: expect(received).toContain(expected) // indexOf

Expected substring: &quot;No tests were executed&quot;
Received string:    &quot;All tests must pass to proceed&quot;
    at Object.toContain (C:\Users\eposh\OneDrive\Desktop\Dikshant\jenkins\github-review-plugin\tests\unit\quality-gates.test.js:275:33)
    at processTicksAndRejections (node:internal/process/task_queues:105:5)</failure>
    </testcase>
    <testcase classname="QualityGates ‚Ä∫ evaluatePerformanceGate" name="should pass when performance meets thresholds" time="0.001">
    </testcase>
    <testcase classname="QualityGates ‚Ä∫ evaluatePerformanceGate" name="should fail when response time exceeds limit" time="0.001">
    </testcase>
    <testcase classname="QualityGates ‚Ä∫ evaluatePerformanceGate" name="should fail when memory usage exceeds limit" time="0.001">
    </testcase>
    <testcase classname="QualityGates ‚Ä∫ evaluatePerformanceGate" name="should handle missing performance data" time="0.001">
    </testcase>
    <testcase classname="QualityGates ‚Ä∫ evaluatePerformanceGate" name="should penalize poor scalability" time="0.001">
      <failure>Error: expect(received).toBe(expected) // Object.is equality

Expected: 85
Received: 100
    at Object.toBe (C:\Users\eposh\OneDrive\Desktop\Dikshant\jenkins\github-review-plugin\tests\unit\quality-gates.test.js:335:28)
    at processTicksAndRejections (node:internal/process/task_queues:105:5)</failure>
    </testcase>
    <testcase classname="QualityGates ‚Ä∫ evaluateSecurityGate" name="should pass when no vulnerabilities are found" time="0.002">
      <failure>Error: expect(received).toContain(expected) // indexOf

Expected substring: &quot;No security vulnerabilities detected&quot;
Received string:    &quot;Security scan completed successfully&quot;
    at Object.toContain (C:\Users\eposh\OneDrive\Desktop\Dikshant\jenkins\github-review-plugin\tests\unit\quality-gates.test.js:347:33)
    at processTicksAndRejections (node:internal/process/task_queues:105:5)</failure>
    </testcase>
    <testcase classname="QualityGates ‚Ä∫ evaluateSecurityGate" name="should fail when vulnerabilities exceed threshold" time="0.001">
      <failure>Error: Property `scanForVulnerabilities` does not exist in the provided object
    at ModuleMocker.spyOn (C:\Users\eposh\OneDrive\Desktop\Dikshant\jenkins\github-review-plugin\node_modules\jest-mock\build\index.js:731:13)
    at Object.spyOn (C:\Users\eposh\OneDrive\Desktop\Dikshant\jenkins\github-review-plugin\tests\unit\quality-gates.test.js:352:12)
    at Promise.then.completed (C:\Users\eposh\OneDrive\Desktop\Dikshant\jenkins\github-review-plugin\node_modules\jest-circus\build\utils.js:298:28)
    at new Promise (&lt;anonymous&gt;)
    at callAsyncCircusFn (C:\Users\eposh\OneDrive\Desktop\Dikshant\jenkins\github-review-plugin\node_modules\jest-circus\build\utils.js:231:10)
    at _callCircusTest (C:\Users\eposh\OneDrive\Desktop\Dikshant\jenkins\github-review-plugin\node_modules\jest-circus\build\run.js:316:40)
    at processTicksAndRejections (node:internal/process/task_queues:105:5)
    at _runTest (C:\Users\eposh\OneDrive\Desktop\Dikshant\jenkins\github-review-plugin\node_modules\jest-circus\build\run.js:252:3)
    at _runTestsForDescribeBlock (C:\Users\eposh\OneDrive\Desktop\Dikshant\jenkins\github-review-plugin\node_modules\jest-circus\build\run.js:126:9)
    at _runTestsForDescribeBlock (C:\Users\eposh\OneDrive\Desktop\Dikshant\jenkins\github-review-plugin\node_modules\jest-circus\build\run.js:121:9)
    at _runTestsForDescribeBlock (C:\Users\eposh\OneDrive\Desktop\Dikshant\jenkins\github-review-plugin\node_modules\jest-circus\build\run.js:121:9)
    at run (C:\Users\eposh\OneDrive\Desktop\Dikshant\jenkins\github-review-plugin\node_modules\jest-circus\build\run.js:71:3)
    at runAndTransformResultsToJestFormat (C:\Users\eposh\OneDrive\Desktop\Dikshant\jenkins\github-review-plugin\node_modules\jest-circus\build\legacy-code-todo-rewrite\jestAdapterInit.js:122:21)
    at jestAdapter (C:\Users\eposh\OneDrive\Desktop\Dikshant\jenkins\github-review-plugin\node_modules\jest-circus\build\legacy-code-todo-rewrite\jestAdapter.js:79:19)
    at runTestInternal (C:\Users\eposh\OneDrive\Desktop\Dikshant\jenkins\github-review-plugin\node_modules\jest-runner\build\runTest.js:367:16)
    at runTest (C:\Users\eposh\OneDrive\Desktop\Dikshant\jenkins\github-review-plugin\node_modules\jest-runner\build\runTest.js:444:34)
    at Object.worker (C:\Users\eposh\OneDrive\Desktop\Dikshant\jenkins\github-review-plugin\node_modules\jest-runner\build\testWorker.js:106:12)</failure>
    </testcase>
    <testcase classname="QualityGates ‚Ä∫ evaluateSecurityGate" name="should handle security scan failures" time="0.001">
      <failure>Error: Property `scanForVulnerabilities` does not exist in the provided object
    at ModuleMocker.spyOn (C:\Users\eposh\OneDrive\Desktop\Dikshant\jenkins\github-review-plugin\node_modules\jest-mock\build\index.js:731:13)
    at Object.spyOn (C:\Users\eposh\OneDrive\Desktop\Dikshant\jenkins\github-review-plugin\tests\unit\quality-gates.test.js:370:12)
    at Promise.then.completed (C:\Users\eposh\OneDrive\Desktop\Dikshant\jenkins\github-review-plugin\node_modules\jest-circus\build\utils.js:298:28)
    at new Promise (&lt;anonymous&gt;)
    at callAsyncCircusFn (C:\Users\eposh\OneDrive\Desktop\Dikshant\jenkins\github-review-plugin\node_modules\jest-circus\build\utils.js:231:10)
    at _callCircusTest (C:\Users\eposh\OneDrive\Desktop\Dikshant\jenkins\github-review-plugin\node_modules\jest-circus\build\run.js:316:40)
    at processTicksAndRejections (node:internal/process/task_queues:105:5)
    at _runTest (C:\Users\eposh\OneDrive\Desktop\Dikshant\jenkins\github-review-plugin\node_modules\jest-circus\build\run.js:252:3)
    at _runTestsForDescribeBlock (C:\Users\eposh\OneDrive\Desktop\Dikshant\jenkins\github-review-plugin\node_modules\jest-circus\build\run.js:126:9)
    at _runTestsForDescribeBlock (C:\Users\eposh\OneDrive\Desktop\Dikshant\jenkins\github-review-plugin\node_modules\jest-circus\build\run.js:121:9)
    at _runTestsForDescribeBlock (C:\Users\eposh\OneDrive\Desktop\Dikshant\jenkins\github-review-plugin\node_modules\jest-circus\build\run.js:121:9)
    at run (C:\Users\eposh\OneDrive\Desktop\Dikshant\jenkins\github-review-plugin\node_modules\jest-circus\build\run.js:71:3)
    at runAndTransformResultsToJestFormat (C:\Users\eposh\OneDrive\Desktop\Dikshant\jenkins\github-review-plugin\node_modules\jest-circus\build\legacy-code-todo-rewrite\jestAdapterInit.js:122:21)
    at jestAdapter (C:\Users\eposh\OneDrive\Desktop\Dikshant\jenkins\github-review-plugin\node_modules\jest-circus\build\legacy-code-todo-rewrite\jestAdapter.js:79:19)
    at runTestInternal (C:\Users\eposh\OneDrive\Desktop\Dikshant\jenkins\github-review-plugin\node_modules\jest-runner\build\runTest.js:367:16)
    at runTest (C:\Users\eposh\OneDrive\Desktop\Dikshant\jenkins\github-review-plugin\node_modules\jest-runner\build\runTest.js:444:34)
    at Object.worker (C:\Users\eposh\OneDrive\Desktop\Dikshant\jenkins\github-review-plugin\node_modules\jest-runner\build\testWorker.js:106:12)</failure>
    </testcase>
    <testcase classname="QualityGates ‚Ä∫ evaluateCodeQualityGate" name="should pass when code quality meets standards" time="0.003">
      <failure>Error: expect(received).toContain(expected) // indexOf

Expected substring: &quot;No linting errors found&quot;
Received string:    &quot;Code quality checks completed successfully&quot;
    at Object.toContain (C:\Users\eposh\OneDrive\Desktop\Dikshant\jenkins\github-review-plugin\tests\unit\quality-gates.test.js:392:33)
    at processTicksAndRejections (node:internal/process/task_queues:105:5)</failure>
    </testcase>
    <testcase classname="QualityGates ‚Ä∫ evaluateCodeQualityGate" name="should fail when linting errors are found" time="0.001">
      <failure>Error: Property `runLintingCheck` does not exist in the provided object
    at ModuleMocker.spyOn (C:\Users\eposh\OneDrive\Desktop\Dikshant\jenkins\github-review-plugin\node_modules\jest-mock\build\index.js:731:13)
    at Object.spyOn (C:\Users\eposh\OneDrive\Desktop\Dikshant\jenkins\github-review-plugin\tests\unit\quality-gates.test.js:397:12)
    at Promise.then.completed (C:\Users\eposh\OneDrive\Desktop\Dikshant\jenkins\github-review-plugin\node_modules\jest-circus\build\utils.js:298:28)
    at new Promise (&lt;anonymous&gt;)
    at callAsyncCircusFn (C:\Users\eposh\OneDrive\Desktop\Dikshant\jenkins\github-review-plugin\node_modules\jest-circus\build\utils.js:231:10)
    at _callCircusTest (C:\Users\eposh\OneDrive\Desktop\Dikshant\jenkins\github-review-plugin\node_modules\jest-circus\build\run.js:316:40)
    at processTicksAndRejections (node:internal/process/task_queues:105:5)
    at _runTest (C:\Users\eposh\OneDrive\Desktop\Dikshant\jenkins\github-review-plugin\node_modules\jest-circus\build\run.js:252:3)
    at _runTestsForDescribeBlock (C:\Users\eposh\OneDrive\Desktop\Dikshant\jenkins\github-review-plugin\node_modules\jest-circus\build\run.js:126:9)
    at _runTestsForDescribeBlock (C:\Users\eposh\OneDrive\Desktop\Dikshant\jenkins\github-review-plugin\node_modules\jest-circus\build\run.js:121:9)
    at _runTestsForDescribeBlock (C:\Users\eposh\OneDrive\Desktop\Dikshant\jenkins\github-review-plugin\node_modules\jest-circus\build\run.js:121:9)
    at run (C:\Users\eposh\OneDrive\Desktop\Dikshant\jenkins\github-review-plugin\node_modules\jest-circus\build\run.js:71:3)
    at runAndTransformResultsToJestFormat (C:\Users\eposh\OneDrive\Desktop\Dikshant\jenkins\github-review-plugin\node_modules\jest-circus\build\legacy-code-todo-rewrite\jestAdapterInit.js:122:21)
    at jestAdapter (C:\Users\eposh\OneDrive\Desktop\Dikshant\jenkins\github-review-plugin\node_modules\jest-circus\build\legacy-code-todo-rewrite\jestAdapter.js:79:19)
    at runTestInternal (C:\Users\eposh\OneDrive\Desktop\Dikshant\jenkins\github-review-plugin\node_modules\jest-runner\build\runTest.js:367:16)
    at runTest (C:\Users\eposh\OneDrive\Desktop\Dikshant\jenkins\github-review-plugin\node_modules\jest-runner\build\runTest.js:444:34)
    at Object.worker (C:\Users\eposh\OneDrive\Desktop\Dikshant\jenkins\github-review-plugin\node_modules\jest-runner\build\testWorker.js:106:12)</failure>
    </testcase>
    <testcase classname="QualityGates ‚Ä∫ evaluateCodeQualityGate" name="should handle formatting issues" time="0.001">
      <failure>Error: Property `runFormattingCheck` does not exist in the provided object
    at ModuleMocker.spyOn (C:\Users\eposh\OneDrive\Desktop\Dikshant\jenkins\github-review-plugin\node_modules\jest-mock\build\index.js:731:13)
    at Object.spyOn (C:\Users\eposh\OneDrive\Desktop\Dikshant\jenkins\github-review-plugin\tests\unit\quality-gates.test.js:414:12)
    at Promise.then.completed (C:\Users\eposh\OneDrive\Desktop\Dikshant\jenkins\github-review-plugin\node_modules\jest-circus\build\utils.js:298:28)
    at new Promise (&lt;anonymous&gt;)
    at callAsyncCircusFn (C:\Users\eposh\OneDrive\Desktop\Dikshant\jenkins\github-review-plugin\node_modules\jest-circus\build\utils.js:231:10)
    at _callCircusTest (C:\Users\eposh\OneDrive\Desktop\Dikshant\jenkins\github-review-plugin\node_modules\jest-circus\build\run.js:316:40)
    at processTicksAndRejections (node:internal/process/task_queues:105:5)
    at _runTest (C:\Users\eposh\OneDrive\Desktop\Dikshant\jenkins\github-review-plugin\node_modules\jest-circus\build\run.js:252:3)
    at _runTestsForDescribeBlock (C:\Users\eposh\OneDrive\Desktop\Dikshant\jenkins\github-review-plugin\node_modules\jest-circus\build\run.js:126:9)
    at _runTestsForDescribeBlock (C:\Users\eposh\OneDrive\Desktop\Dikshant\jenkins\github-review-plugin\node_modules\jest-circus\build\run.js:121:9)
    at _runTestsForDescribeBlock (C:\Users\eposh\OneDrive\Desktop\Dikshant\jenkins\github-review-plugin\node_modules\jest-circus\build\run.js:121:9)
    at run (C:\Users\eposh\OneDrive\Desktop\Dikshant\jenkins\github-review-plugin\node_modules\jest-circus\build\run.js:71:3)
    at runAndTransformResultsToJestFormat (C:\Users\eposh\OneDrive\Desktop\Dikshant\jenkins\github-review-plugin\node_modules\jest-circus\build\legacy-code-todo-rewrite\jestAdapterInit.js:122:21)
    at jestAdapter (C:\Users\eposh\OneDrive\Desktop\Dikshant\jenkins\github-review-plugin\node_modules\jest-circus\build\legacy-code-todo-rewrite\jestAdapter.js:79:19)
    at runTestInternal (C:\Users\eposh\OneDrive\Desktop\Dikshant\jenkins\github-review-plugin\node_modules\jest-runner\build\runTest.js:367:16)
    at runTest (C:\Users\eposh\OneDrive\Desktop\Dikshant\jenkins\github-review-plugin\node_modules\jest-runner\build\runTest.js:444:34)
    at Object.worker (C:\Users\eposh\OneDrive\Desktop\Dikshant\jenkins\github-review-plugin\node_modules\jest-runner\build\testWorker.js:106:12)</failure>
    </testcase>
    <testcase classname="QualityGates ‚Ä∫ evaluateCodeQualityGate" name="should handle high complexity functions" time="0.001">
      <failure>Error: Property `analyzeCodeComplexity` does not exist in the provided object
    at ModuleMocker.spyOn (C:\Users\eposh\OneDrive\Desktop\Dikshant\jenkins\github-review-plugin\node_modules\jest-mock\build\index.js:731:13)
    at Object.spyOn (C:\Users\eposh\OneDrive\Desktop\Dikshant\jenkins\github-review-plugin\tests\unit\quality-gates.test.js:429:12)
    at Promise.then.completed (C:\Users\eposh\OneDrive\Desktop\Dikshant\jenkins\github-review-plugin\node_modules\jest-circus\build\utils.js:298:28)
    at new Promise (&lt;anonymous&gt;)
    at callAsyncCircusFn (C:\Users\eposh\OneDrive\Desktop\Dikshant\jenkins\github-review-plugin\node_modules\jest-circus\build\utils.js:231:10)
    at _callCircusTest (C:\Users\eposh\OneDrive\Desktop\Dikshant\jenkins\github-review-plugin\node_modules\jest-circus\build\run.js:316:40)
    at processTicksAndRejections (node:internal/process/task_queues:105:5)
    at _runTest (C:\Users\eposh\OneDrive\Desktop\Dikshant\jenkins\github-review-plugin\node_modules\jest-circus\build\run.js:252:3)
    at _runTestsForDescribeBlock (C:\Users\eposh\OneDrive\Desktop\Dikshant\jenkins\github-review-plugin\node_modules\jest-circus\build\run.js:126:9)
    at _runTestsForDescribeBlock (C:\Users\eposh\OneDrive\Desktop\Dikshant\jenkins\github-review-plugin\node_modules\jest-circus\build\run.js:121:9)
    at _runTestsForDescribeBlock (C:\Users\eposh\OneDrive\Desktop\Dikshant\jenkins\github-review-plugin\node_modules\jest-circus\build\run.js:121:9)
    at run (C:\Users\eposh\OneDrive\Desktop\Dikshant\jenkins\github-review-plugin\node_modules\jest-circus\build\run.js:71:3)
    at runAndTransformResultsToJestFormat (C:\Users\eposh\OneDrive\Desktop\Dikshant\jenkins\github-review-plugin\node_modules\jest-circus\build\legacy-code-todo-rewrite\jestAdapterInit.js:122:21)
    at jestAdapter (C:\Users\eposh\OneDrive\Desktop\Dikshant\jenkins\github-review-plugin\node_modules\jest-circus\build\legacy-code-todo-rewrite\jestAdapter.js:79:19)
    at runTestInternal (C:\Users\eposh\OneDrive\Desktop\Dikshant\jenkins\github-review-plugin\node_modules\jest-runner\build\runTest.js:367:16)
    at runTest (C:\Users\eposh\OneDrive\Desktop\Dikshant\jenkins\github-review-plugin\node_modules\jest-runner\build\runTest.js:444:34)
    at Object.worker (C:\Users\eposh\OneDrive\Desktop\Dikshant\jenkins\github-review-plugin\node_modules\jest-runner\build\testWorker.js:106:12)</failure>
    </testcase>
    <testcase classname="QualityGates ‚Ä∫ determineOverallPass" name="should pass when all critical gates pass" time="0.006">
    </testcase>
    <testcase classname="QualityGates ‚Ä∫ determineOverallPass" name="should fail when coverage gate fails" time="0.004">
    </testcase>
    <testcase classname="QualityGates ‚Ä∫ determineOverallPass" name="should fail when test results gate fails" time="0.006">
    </testcase>
    <testcase classname="QualityGates ‚Ä∫ determineOverallPass" name="should fail when security gate fails" time="0.004">
    </testcase>
    <testcase classname="QualityGates ‚Ä∫ determineOverallPass" name="should pass when critical gates pass but non-critical fail" time="0.012">
      <failure>Error: expect(received).toBe(expected) // Object.is equality

Expected: true
Received: false
    at Object.toBe (C:\Users\eposh\OneDrive\Desktop\Dikshant\jenkins\github-review-plugin\tests\unit\quality-gates.test.js:507:22)
    at Promise.then.completed (C:\Users\eposh\OneDrive\Desktop\Dikshant\jenkins\github-review-plugin\node_modules\jest-circus\build\utils.js:298:28)
    at new Promise (&lt;anonymous&gt;)
    at callAsyncCircusFn (C:\Users\eposh\OneDrive\Desktop\Dikshant\jenkins\github-review-plugin\node_modules\jest-circus\build\utils.js:231:10)
    at _callCircusTest (C:\Users\eposh\OneDrive\Desktop\Dikshant\jenkins\github-review-plugin\node_modules\jest-circus\build\run.js:316:40)
    at processTicksAndRejections (node:internal/process/task_queues:105:5)
    at _runTest (C:\Users\eposh\OneDrive\Desktop\Dikshant\jenkins\github-review-plugin\node_modules\jest-circus\build\run.js:252:3)
    at _runTestsForDescribeBlock (C:\Users\eposh\OneDrive\Desktop\Dikshant\jenkins\github-review-plugin\node_modules\jest-circus\build\run.js:126:9)
    at _runTestsForDescribeBlock (C:\Users\eposh\OneDrive\Desktop\Dikshant\jenkins\github-review-plugin\node_modules\jest-circus\build\run.js:121:9)
    at _runTestsForDescribeBlock (C:\Users\eposh\OneDrive\Desktop\Dikshant\jenkins\github-review-plugin\node_modules\jest-circus\build\run.js:121:9)
    at run (C:\Users\eposh\OneDrive\Desktop\Dikshant\jenkins\github-review-plugin\node_modules\jest-circus\build\run.js:71:3)
    at runAndTransformResultsToJestFormat (C:\Users\eposh\OneDrive\Desktop\Dikshant\jenkins\github-review-plugin\node_modules\jest-circus\build\legacy-code-todo-rewrite\jestAdapterInit.js:122:21)
    at jestAdapter (C:\Users\eposh\OneDrive\Desktop\Dikshant\jenkins\github-review-plugin\node_modules\jest-circus\build\legacy-code-todo-rewrite\jestAdapter.js:79:19)
    at runTestInternal (C:\Users\eposh\OneDrive\Desktop\Dikshant\jenkins\github-review-plugin\node_modules\jest-runner\build\runTest.js:367:16)
    at runTest (C:\Users\eposh\OneDrive\Desktop\Dikshant\jenkins\github-review-plugin\node_modules\jest-runner\build\runTest.js:444:34)
    at Object.worker (C:\Users\eposh\OneDrive\Desktop\Dikshant\jenkins\github-review-plugin\node_modules\jest-runner\build\testWorker.js:106:12)</failure>
    </testcase>
    <testcase classname="QualityGates ‚Ä∫ generateFeedback" name="should generate feedback for all gates" time="0.001">
      <failure>Error: expect(received).toContain(expected) // indexOf

Expected substring: &quot;‚úÖ Test Coverage&quot;
Received string:    &quot;‚úÖ coverage: Good coverage&quot;
    at Object.toContain (C:\Users\eposh\OneDrive\Desktop\Dikshant\jenkins\github-review-plugin\tests\unit\quality-gates.test.js:521:27)
    at Promise.then.completed (C:\Users\eposh\OneDrive\Desktop\Dikshant\jenkins\github-review-plugin\node_modules\jest-circus\build\utils.js:298:28)
    at new Promise (&lt;anonymous&gt;)
    at callAsyncCircusFn (C:\Users\eposh\OneDrive\Desktop\Dikshant\jenkins\github-review-plugin\node_modules\jest-circus\build\utils.js:231:10)
    at _callCircusTest (C:\Users\eposh\OneDrive\Desktop\Dikshant\jenkins\github-review-plugin\node_modules\jest-circus\build\run.js:316:40)
    at processTicksAndRejections (node:internal/process/task_queues:105:5)
    at _runTest (C:\Users\eposh\OneDrive\Desktop\Dikshant\jenkins\github-review-plugin\node_modules\jest-circus\build\run.js:252:3)
    at _runTestsForDescribeBlock (C:\Users\eposh\OneDrive\Desktop\Dikshant\jenkins\github-review-plugin\node_modules\jest-circus\build\run.js:126:9)
    at _runTestsForDescribeBlock (C:\Users\eposh\OneDrive\Desktop\Dikshant\jenkins\github-review-plugin\node_modules\jest-circus\build\run.js:121:9)
    at _runTestsForDescribeBlock (C:\Users\eposh\OneDrive\Desktop\Dikshant\jenkins\github-review-plugin\node_modules\jest-circus\build\run.js:121:9)
    at run (C:\Users\eposh\OneDrive\Desktop\Dikshant\jenkins\github-review-plugin\node_modules\jest-circus\build\run.js:71:3)
    at runAndTransformResultsToJestFormat (C:\Users\eposh\OneDrive\Desktop\Dikshant\jenkins\github-review-plugin\node_modules\jest-circus\build\legacy-code-todo-rewrite\jestAdapterInit.js:122:21)
    at jestAdapter (C:\Users\eposh\OneDrive\Desktop\Dikshant\jenkins\github-review-plugin\node_modules\jest-circus\build\legacy-code-todo-rewrite\jestAdapter.js:79:19)
    at runTestInternal (C:\Users\eposh\OneDrive\Desktop\Dikshant\jenkins\github-review-plugin\node_modules\jest-runner\build\runTest.js:367:16)
    at runTest (C:\Users\eposh\OneDrive\Desktop\Dikshant\jenkins\github-review-plugin\node_modules\jest-runner\build\runTest.js:444:34)
    at Object.worker (C:\Users\eposh\OneDrive\Desktop\Dikshant\jenkins\github-review-plugin\node_modules\jest-runner\build\testWorker.js:106:12)</failure>
    </testcase>
    <testcase classname="QualityGates ‚Ä∫ Utility Methods" name="should get gate results for a session" time="0.007">
    </testcase>
    <testcase classname="QualityGates ‚Ä∫ Utility Methods" name="should get all gate results" time="0.012">
    </testcase>
    <testcase classname="QualityGates ‚Ä∫ Utility Methods" name="should clear gate results for a session" time="0.006">
    </testcase>
    <testcase classname="QualityGates ‚Ä∫ Utility Methods" name="should generate report for a session" time="0.085">
    </testcase>
    <testcase classname="QualityGates ‚Ä∫ Utility Methods" name="should return null for non-existent session report" time="0.002">
    </testcase>
    <testcase classname="QualityGates ‚Ä∫ Error Handling" name="should handle errors in coverage evaluation gracefully" time="0.002">
      <failure>Error: expect(received).toContain(expected) // indexOf

Expected substring: &quot;Coverage evaluation error&quot;
Received string:    &quot;No coverage data available&quot;
    at Object.toContain (C:\Users\eposh\OneDrive\Desktop\Dikshant\jenkins\github-review-plugin\tests\unit\quality-gates.test.js:613:33)
    at processTicksAndRejections (node:internal/process/task_queues:105:5)</failure>
    </testcase>
    <testcase classname="QualityGates ‚Ä∫ Error Handling" name="should handle errors in test results evaluation gracefully" time="0.003">
      <failure>Error: expect(received).toBe(expected) // Object.is equality

Expected: false
Received: 95
    at Object.toBe (C:\Users\eposh\OneDrive\Desktop\Dikshant\jenkins\github-review-plugin\tests\unit\quality-gates.test.js:627:29)
    at processTicksAndRejections (node:internal/process/task_queues:105:5)</failure>
    </testcase>
    <testcase classname="QualityGates ‚Ä∫ Error Handling" name="should handle errors in performance evaluation gracefully" time="0">
      <failure>Error: expect(received).toBe(expected) // Object.is equality

Expected: false
Received: true
    at Object.toBe (C:\Users\eposh\OneDrive\Desktop\Dikshant\jenkins\github-review-plugin\tests\unit\quality-gates.test.js:642:29)
    at processTicksAndRejections (node:internal/process/task_queues:105:5)</failure>
    </testcase>
  </testsuite>
  <testsuite name="EmailNotifier" errors="0" failures="2" skipped="0" timestamp="2025-09-04T10:16:35" time="3.571" tests="25">
    <testcase classname="EmailNotifier ‚Ä∫ constructor" name="should initialize with enabled email notifications" time="0.195">
    </testcase>
    <testcase classname="EmailNotifier ‚Ä∫ constructor" name="should not initialize transporter when email is disabled" time="0.023">
      <failure>Error: expect(received).toBe(expected) // Object.is equality

Expected: false
Received: undefined
    at Object.toBe (C:\Users\eposh\OneDrive\Desktop\Dikshant\jenkins\github-review-plugin\src\utils\email-notifier.test.js:65:39)
    at Promise.then.completed (C:\Users\eposh\OneDrive\Desktop\Dikshant\jenkins\github-review-plugin\node_modules\jest-circus\build\utils.js:298:28)
    at new Promise (&lt;anonymous&gt;)
    at callAsyncCircusFn (C:\Users\eposh\OneDrive\Desktop\Dikshant\jenkins\github-review-plugin\node_modules\jest-circus\build\utils.js:231:10)
    at _callCircusTest (C:\Users\eposh\OneDrive\Desktop\Dikshant\jenkins\github-review-plugin\node_modules\jest-circus\build\run.js:316:40)
    at processTicksAndRejections (node:internal/process/task_queues:105:5)
    at _runTest (C:\Users\eposh\OneDrive\Desktop\Dikshant\jenkins\github-review-plugin\node_modules\jest-circus\build\run.js:252:3)
    at _runTestsForDescribeBlock (C:\Users\eposh\OneDrive\Desktop\Dikshant\jenkins\github-review-plugin\node_modules\jest-circus\build\run.js:126:9)
    at _runTestsForDescribeBlock (C:\Users\eposh\OneDrive\Desktop\Dikshant\jenkins\github-review-plugin\node_modules\jest-circus\build\run.js:121:9)
    at _runTestsForDescribeBlock (C:\Users\eposh\OneDrive\Desktop\Dikshant\jenkins\github-review-plugin\node_modules\jest-circus\build\run.js:121:9)
    at run (C:\Users\eposh\OneDrive\Desktop\Dikshant\jenkins\github-review-plugin\node_modules\jest-circus\build\run.js:71:3)
    at runAndTransformResultsToJestFormat (C:\Users\eposh\OneDrive\Desktop\Dikshant\jenkins\github-review-plugin\node_modules\jest-circus\build\legacy-code-todo-rewrite\jestAdapterInit.js:122:21)
    at jestAdapter (C:\Users\eposh\OneDrive\Desktop\Dikshant\jenkins\github-review-plugin\node_modules\jest-circus\build\legacy-code-todo-rewrite\jestAdapter.js:79:19)
    at runTestInternal (C:\Users\eposh\OneDrive\Desktop\Dikshant\jenkins\github-review-plugin\node_modules\jest-runner\build\runTest.js:367:16)
    at runTest (C:\Users\eposh\OneDrive\Desktop\Dikshant\jenkins\github-review-plugin\node_modules\jest-runner\build\runTest.js:444:34)
    at Object.worker (C:\Users\eposh\OneDrive\Desktop\Dikshant\jenkins\github-review-plugin\node_modules\jest-runner\build\testWorker.js:106:12)</failure>
    </testcase>
    <testcase classname="EmailNotifier ‚Ä∫ constructor" name="should throw error when SMTP config is incomplete" time="0.034">
    </testcase>
    <testcase classname="EmailNotifier ‚Ä∫ constructor" name="should use default values for optional SMTP settings" time="0.014">
    </testcase>
    <testcase classname="EmailNotifier ‚Ä∫ sendServiceDowntimeNotification" name="should send downtime notification successfully" time="0.035">
    </testcase>
    <testcase classname="EmailNotifier ‚Ä∫ sendServiceDowntimeNotification" name="should skip notification when email is disabled" time="0.052">
    </testcase>
    <testcase classname="EmailNotifier ‚Ä∫ sendServiceDowntimeNotification" name="should handle email send failure" time="0.133">
    </testcase>
    <testcase classname="EmailNotifier ‚Ä∫ sendReviewFailureNotification" name="should send review failure notification successfully" time="0.043">
    </testcase>
    <testcase classname="EmailNotifier ‚Ä∫ sendReviewFailureNotification" name="should handle review result without issues" time="0.087">
    </testcase>
    <testcase classname="EmailNotifier ‚Ä∫ sendOverrideNotification" name="should send override notification successfully" time="0.022">
    </testcase>
    <testcase classname="EmailNotifier ‚Ä∫ sendEmail" name="should send generic email successfully" time="0.033">
    </testcase>
    <testcase classname="EmailNotifier ‚Ä∫ sendEmail" name="should throw error when transporter is not initialized" time="0.096">
    </testcase>
    <testcase classname="EmailNotifier ‚Ä∫ sendEmail" name="should handle transporter send failure" time="0.047">
    </testcase>
    <testcase classname="EmailNotifier ‚Ä∫ sendEmail" name="should handle missing email recipients gracefully without hardcoded fallbacks" time="0.082">
    </testcase>
    <testcase classname="EmailNotifier ‚Ä∫ sendEmail" name="should handle missing email configuration without hardcoded fallbacks" time="0.133">
    </testcase>
    <testcase classname="EmailNotifier ‚Ä∫ sendEmail" name="should handle undefined to_emails without hardcoded fallbacks" time="0.075">
    </testcase>
    <testcase classname="EmailNotifier ‚Ä∫ sendEmail" name="should use environment variable EMAIL_TO when available" time="0.185">
    </testcase>
    <testcase classname="EmailNotifier ‚Ä∫ testConfiguration" name="should test email configuration successfully" time="0.031">
    </testcase>
    <testcase classname="EmailNotifier ‚Ä∫ testConfiguration" name="should return error when email is disabled" time="0.046">
    </testcase>
    <testcase classname="EmailNotifier ‚Ä∫ testConfiguration" name="should handle test email failure" time="0.103">
    </testcase>
    <testcase classname="EmailNotifier ‚Ä∫ getStatus" name="should return status when email is enabled" time="0.021">
    </testcase>
    <testcase classname="EmailNotifier ‚Ä∫ getStatus" name="should return status when email is disabled" time="0.03">
      <failure>Error: expect(received).toEqual(expected) // deep equality

- Expected  - 1
+ Received  + 1

  Object {
    &quot;configured&quot;: false,
-   &quot;enabled&quot;: false,
+   &quot;enabled&quot;: undefined,
    &quot;recipientCount&quot;: 0,
    &quot;smtpHost&quot;: null,
  }
    at Object.toEqual (C:\Users\eposh\OneDrive\Desktop\Dikshant\jenkins\github-review-plugin\src\utils\email-notifier.test.js:504:22)
    at Promise.then.completed (C:\Users\eposh\OneDrive\Desktop\Dikshant\jenkins\github-review-plugin\node_modules\jest-circus\build\utils.js:298:28)
    at new Promise (&lt;anonymous&gt;)
    at callAsyncCircusFn (C:\Users\eposh\OneDrive\Desktop\Dikshant\jenkins\github-review-plugin\node_modules\jest-circus\build\utils.js:231:10)
    at _callCircusTest (C:\Users\eposh\OneDrive\Desktop\Dikshant\jenkins\github-review-plugin\node_modules\jest-circus\build\run.js:316:40)
    at processTicksAndRejections (node:internal/process/task_queues:105:5)
    at _runTest (C:\Users\eposh\OneDrive\Desktop\Dikshant\jenkins\github-review-plugin\node_modules\jest-circus\build\run.js:252:3)
    at _runTestsForDescribeBlock (C:\Users\eposh\OneDrive\Desktop\Dikshant\jenkins\github-review-plugin\node_modules\jest-circus\build\run.js:126:9)
    at _runTestsForDescribeBlock (C:\Users\eposh\OneDrive\Desktop\Dikshant\jenkins\github-review-plugin\node_modules\jest-circus\build\run.js:121:9)
    at _runTestsForDescribeBlock (C:\Users\eposh\OneDrive\Desktop\Dikshant\jenkins\github-review-plugin\node_modules\jest-circus\build\run.js:121:9)
    at run (C:\Users\eposh\OneDrive\Desktop\Dikshant\jenkins\github-review-plugin\node_modules\jest-circus\build\run.js:71:3)
    at runAndTransformResultsToJestFormat (C:\Users\eposh\OneDrive\Desktop\Dikshant\jenkins\github-review-plugin\node_modules\jest-circus\build\legacy-code-todo-rewrite\jestAdapterInit.js:122:21)
    at jestAdapter (C:\Users\eposh\OneDrive\Desktop\Dikshant\jenkins\github-review-plugin\node_modules\jest-circus\build\legacy-code-todo-rewrite\jestAdapter.js:79:19)
    at runTestInternal (C:\Users\eposh\OneDrive\Desktop\Dikshant\jenkins\github-review-plugin\node_modules\jest-runner\build\runTest.js:367:16)
    at runTest (C:\Users\eposh\OneDrive\Desktop\Dikshant\jenkins\github-review-plugin\node_modules\jest-runner\build\runTest.js:444:34)
    at Object.worker (C:\Users\eposh\OneDrive\Desktop\Dikshant\jenkins\github-review-plugin\node_modules\jest-runner\build\testWorker.js:106:12)</failure>
    </testcase>
    <testcase classname="EmailNotifier ‚Ä∫ email formatting" name="should format downtime email with error details" time="0.027">
    </testcase>
    <testcase classname="EmailNotifier ‚Ä∫ email formatting" name="should format review failure email with issues" time="0.024">
    </testcase>
    <testcase classname="EmailNotifier ‚Ä∫ email formatting" name="should format override email with override details" time="0.01">
    </testcase>
  </testsuite>
  <testsuite name="File Detection Integration Tests" errors="0" failures="1" skipped="0" timestamp="2025-09-04T10:16:35" time="3.734" tests="13">
    <testcase classname="File Detection Integration Tests ‚Ä∫ GitHub Commit File Integration" name="should process commit files with GitHub API response structure" time="0.11">
      <failure>Error: expect(received).toBe(expected) // Object.is equality

Expected: 5
Received: 0
    at Object.toBe (C:\Users\eposh\OneDrive\Desktop\Dikshant\jenkins\github-review-plugin\tests\integration\file-detection-integration.test.js:147:38)
    at Promise.then.completed (C:\Users\eposh\OneDrive\Desktop\Dikshant\jenkins\github-review-plugin\node_modules\jest-circus\build\utils.js:298:28)
    at new Promise (&lt;anonymous&gt;)
    at callAsyncCircusFn (C:\Users\eposh\OneDrive\Desktop\Dikshant\jenkins\github-review-plugin\node_modules\jest-circus\build\utils.js:231:10)
    at _callCircusTest (C:\Users\eposh\OneDrive\Desktop\Dikshant\jenkins\github-review-plugin\node_modules\jest-circus\build\run.js:316:40)
    at processTicksAndRejections (node:internal/process/task_queues:105:5)
    at _runTest (C:\Users\eposh\OneDrive\Desktop\Dikshant\jenkins\github-review-plugin\node_modules\jest-circus\build\run.js:252:3)
    at _runTestsForDescribeBlock (C:\Users\eposh\OneDrive\Desktop\Dikshant\jenkins\github-review-plugin\node_modules\jest-circus\build\run.js:126:9)
    at _runTestsForDescribeBlock (C:\Users\eposh\OneDrive\Desktop\Dikshant\jenkins\github-review-plugin\node_modules\jest-circus\build\run.js:121:9)
    at _runTestsForDescribeBlock (C:\Users\eposh\OneDrive\Desktop\Dikshant\jenkins\github-review-plugin\node_modules\jest-circus\build\run.js:121:9)
    at run (C:\Users\eposh\OneDrive\Desktop\Dikshant\jenkins\github-review-plugin\node_modules\jest-circus\build\run.js:71:3)
    at runAndTransformResultsToJestFormat (C:\Users\eposh\OneDrive\Desktop\Dikshant\jenkins\github-review-plugin\node_modules\jest-circus\build\legacy-code-todo-rewrite\jestAdapterInit.js:122:21)
    at jestAdapter (C:\Users\eposh\OneDrive\Desktop\Dikshant\jenkins\github-review-plugin\node_modules\jest-circus\build\legacy-code-todo-rewrite\jestAdapter.js:79:19)
    at runTestInternal (C:\Users\eposh\OneDrive\Desktop\Dikshant\jenkins\github-review-plugin\node_modules\jest-runner\build\runTest.js:367:16)
    at runTest (C:\Users\eposh\OneDrive\Desktop\Dikshant\jenkins\github-review-plugin\node_modules\jest-runner\build\runTest.js:444:34)
    at Object.worker (C:\Users\eposh\OneDrive\Desktop\Dikshant\jenkins\github-review-plugin\node_modules\jest-runner\build\testWorker.js:106:12)</failure>
    </testcase>
    <testcase classname="File Detection Integration Tests ‚Ä∫ GitHub Commit File Integration" name="should handle large commit with many files" time="0.016">
    </testcase>
    <testcase classname="File Detection Integration Tests ‚Ä∫ GitHub Commit File Integration" name="should categorize mixed file types correctly" time="0.006">
    </testcase>
    <testcase classname="File Detection Integration Tests ‚Ä∫ GitHub Pull Request File Integration" name="should process pull request files with GitHub API response structure" time="0.042">
    </testcase>
    <testcase classname="File Detection Integration Tests ‚Ä∫ GitHub Pull Request File Integration" name="should handle complex file changes with renames and deletions" time="0.006">
    </testcase>
    <testcase classname="File Detection Integration Tests ‚Ä∫ Real-World File Patterns Integration" name="should handle common project structure patterns" time="0.224">
    </testcase>
    <testcase classname="File Detection Integration Tests ‚Ä∫ Real-World File Patterns Integration" name="should handle monorepo structure patterns" time="0.016">
    </testcase>
    <testcase classname="File Detection Integration Tests ‚Ä∫ Performance and Scalability Integration" name="should handle large file sets efficiently" time="0.086">
    </testcase>
    <testcase classname="File Detection Integration Tests ‚Ä∫ Performance and Scalability Integration" name="should maintain accuracy with complex file patterns" time="0.011">
    </testcase>
    <testcase classname="File Detection Integration Tests ‚Ä∫ Error Handling and Edge Cases Integration" name="should handle malformed GitHub API responses gracefully" time="0.003">
    </testcase>
    <testcase classname="File Detection Integration Tests ‚Ä∫ Error Handling and Edge Cases Integration" name="should handle files with extreme values" time="0.008">
    </testcase>
    <testcase classname="File Detection Integration Tests ‚Ä∫ Integration with GitHub Client Methods" name="should work seamlessly with getCommitFiles response" time="0.004">
    </testcase>
    <testcase classname="File Detection Integration Tests ‚Ä∫ Integration with GitHub Client Methods" name="should work seamlessly with getPullRequestFiles response" time="0.005">
    </testcase>
  </testsuite>
  <testsuite name="QualityGates" errors="0" failures="33" skipped="0" timestamp="2025-09-04T10:16:38" time="1.995" tests="33">
    <testcase classname="QualityGates ‚Ä∫ constructor" name="should initialize with default options" time="0.247">
      <failure>TypeError: Cannot read properties of undefined (reading &apos;enabled&apos;)
    at Object.enabled (C:\Users\eposh\OneDrive\Desktop\Dikshant\jenkins\github-review-plugin\src\utils\quality-gates.test.js:39:25)
    at Promise.then.completed (C:\Users\eposh\OneDrive\Desktop\Dikshant\jenkins\github-review-plugin\node_modules\jest-circus\build\utils.js:298:28)
    at new Promise (&lt;anonymous&gt;)
    at callAsyncCircusFn (C:\Users\eposh\OneDrive\Desktop\Dikshant\jenkins\github-review-plugin\node_modules\jest-circus\build\utils.js:231:10)
    at _callCircusTest (C:\Users\eposh\OneDrive\Desktop\Dikshant\jenkins\github-review-plugin\node_modules\jest-circus\build\run.js:316:40)
    at processTicksAndRejections (node:internal/process/task_queues:105:5)
    at _runTest (C:\Users\eposh\OneDrive\Desktop\Dikshant\jenkins\github-review-plugin\node_modules\jest-circus\build\run.js:252:3)
    at _runTestsForDescribeBlock (C:\Users\eposh\OneDrive\Desktop\Dikshant\jenkins\github-review-plugin\node_modules\jest-circus\build\run.js:126:9)
    at _runTestsForDescribeBlock (C:\Users\eposh\OneDrive\Desktop\Dikshant\jenkins\github-review-plugin\node_modules\jest-circus\build\run.js:121:9)
    at _runTestsForDescribeBlock (C:\Users\eposh\OneDrive\Desktop\Dikshant\jenkins\github-review-plugin\node_modules\jest-circus\build\run.js:121:9)
    at run (C:\Users\eposh\OneDrive\Desktop\Dikshant\jenkins\github-review-plugin\node_modules\jest-circus\build\run.js:71:3)
    at runAndTransformResultsToJestFormat (C:\Users\eposh\OneDrive\Desktop\Dikshant\jenkins\github-review-plugin\node_modules\jest-circus\build\legacy-code-todo-rewrite\jestAdapterInit.js:122:21)
    at jestAdapter (C:\Users\eposh\OneDrive\Desktop\Dikshant\jenkins\github-review-plugin\node_modules\jest-circus\build\legacy-code-todo-rewrite\jestAdapter.js:79:19)
    at runTestInternal (C:\Users\eposh\OneDrive\Desktop\Dikshant\jenkins\github-review-plugin\node_modules\jest-runner\build\runTest.js:367:16)
    at runTest (C:\Users\eposh\OneDrive\Desktop\Dikshant\jenkins\github-review-plugin\node_modules\jest-runner\build\runTest.js:444:34)
    at Object.worker (C:\Users\eposh\OneDrive\Desktop\Dikshant\jenkins\github-review-plugin\node_modules\jest-runner\build\testWorker.js:106:12)</failure>
    </testcase>
    <testcase classname="QualityGates ‚Ä∫ constructor" name="should initialize with custom options" time="0.016">
      <failure>TypeError: Cannot read properties of undefined (reading &apos;enabled&apos;)
    at Object.enabled (C:\Users\eposh\OneDrive\Desktop\Dikshant\jenkins\github-review-plugin\src\utils\quality-gates.test.js:57:25)
    at Promise.then.completed (C:\Users\eposh\OneDrive\Desktop\Dikshant\jenkins\github-review-plugin\node_modules\jest-circus\build\utils.js:298:28)
    at new Promise (&lt;anonymous&gt;)
    at callAsyncCircusFn (C:\Users\eposh\OneDrive\Desktop\Dikshant\jenkins\github-review-plugin\node_modules\jest-circus\build\utils.js:231:10)
    at _callCircusTest (C:\Users\eposh\OneDrive\Desktop\Dikshant\jenkins\github-review-plugin\node_modules\jest-circus\build\run.js:316:40)
    at processTicksAndRejections (node:internal/process/task_queues:105:5)
    at _runTest (C:\Users\eposh\OneDrive\Desktop\Dikshant\jenkins\github-review-plugin\node_modules\jest-circus\build\run.js:252:3)
    at _runTestsForDescribeBlock (C:\Users\eposh\OneDrive\Desktop\Dikshant\jenkins\github-review-plugin\node_modules\jest-circus\build\run.js:126:9)
    at _runTestsForDescribeBlock (C:\Users\eposh\OneDrive\Desktop\Dikshant\jenkins\github-review-plugin\node_modules\jest-circus\build\run.js:121:9)
    at _runTestsForDescribeBlock (C:\Users\eposh\OneDrive\Desktop\Dikshant\jenkins\github-review-plugin\node_modules\jest-circus\build\run.js:121:9)
    at run (C:\Users\eposh\OneDrive\Desktop\Dikshant\jenkins\github-review-plugin\node_modules\jest-circus\build\run.js:71:3)
    at runAndTransformResultsToJestFormat (C:\Users\eposh\OneDrive\Desktop\Dikshant\jenkins\github-review-plugin\node_modules\jest-circus\build\legacy-code-todo-rewrite\jestAdapterInit.js:122:21)
    at jestAdapter (C:\Users\eposh\OneDrive\Desktop\Dikshant\jenkins\github-review-plugin\node_modules\jest-circus\build\legacy-code-todo-rewrite\jestAdapter.js:79:19)
    at runTestInternal (C:\Users\eposh\OneDrive\Desktop\Dikshant\jenkins\github-review-plugin\node_modules\jest-runner\build\runTest.js:367:16)
    at runTest (C:\Users\eposh\OneDrive\Desktop\Dikshant\jenkins\github-review-plugin\node_modules\jest-runner\build\runTest.js:444:34)
    at Object.worker (C:\Users\eposh\OneDrive\Desktop\Dikshant\jenkins\github-review-plugin\node_modules\jest-runner\build\testWorker.js:106:12)</failure>
    </testcase>
    <testcase classname="QualityGates ‚Ä∫ constructor" name="should validate configuration" time="0.027">
      <failure>Error: expect(received).toThrow(expected)

Expected substring: &quot;Invalid severity threshold&quot;

Received function did not throw
    at Object.toThrow (C:\Users\eposh\OneDrive\Desktop\Dikshant\jenkins\github-review-plugin\src\utils\quality-gates.test.js:66:72)
    at Promise.then.completed (C:\Users\eposh\OneDrive\Desktop\Dikshant\jenkins\github-review-plugin\node_modules\jest-circus\build\utils.js:298:28)
    at new Promise (&lt;anonymous&gt;)
    at callAsyncCircusFn (C:\Users\eposh\OneDrive\Desktop\Dikshant\jenkins\github-review-plugin\node_modules\jest-circus\build\utils.js:231:10)
    at _callCircusTest (C:\Users\eposh\OneDrive\Desktop\Dikshant\jenkins\github-review-plugin\node_modules\jest-circus\build\run.js:316:40)
    at processTicksAndRejections (node:internal/process/task_queues:105:5)
    at _runTest (C:\Users\eposh\OneDrive\Desktop\Dikshant\jenkins\github-review-plugin\node_modules\jest-circus\build\run.js:252:3)
    at _runTestsForDescribeBlock (C:\Users\eposh\OneDrive\Desktop\Dikshant\jenkins\github-review-plugin\node_modules\jest-circus\build\run.js:126:9)
    at _runTestsForDescribeBlock (C:\Users\eposh\OneDrive\Desktop\Dikshant\jenkins\github-review-plugin\node_modules\jest-circus\build\run.js:121:9)
    at _runTestsForDescribeBlock (C:\Users\eposh\OneDrive\Desktop\Dikshant\jenkins\github-review-plugin\node_modules\jest-circus\build\run.js:121:9)
    at run (C:\Users\eposh\OneDrive\Desktop\Dikshant\jenkins\github-review-plugin\node_modules\jest-circus\build\run.js:71:3)
    at runAndTransformResultsToJestFormat (C:\Users\eposh\OneDrive\Desktop\Dikshant\jenkins\github-review-plugin\node_modules\jest-circus\build\legacy-code-todo-rewrite\jestAdapterInit.js:122:21)
    at jestAdapter (C:\Users\eposh\OneDrive\Desktop\Dikshant\jenkins\github-review-plugin\node_modules\jest-circus\build\legacy-code-todo-rewrite\jestAdapter.js:79:19)
    at runTestInternal (C:\Users\eposh\OneDrive\Desktop\Dikshant\jenkins\github-review-plugin\node_modules\jest-runner\build\runTest.js:367:16)
    at runTest (C:\Users\eposh\OneDrive\Desktop\Dikshant\jenkins\github-review-plugin\node_modules\jest-runner\build\runTest.js:444:34)
    at Object.worker (C:\Users\eposh\OneDrive\Desktop\Dikshant\jenkins\github-review-plugin\node_modules\jest-runner\build\testWorker.js:106:12)</failure>
    </testcase>
    <testcase classname="QualityGates ‚Ä∫ setAuditLogger" name="should set audit logger reference" time="0.051">
      <failure>Error: expect(received).toBe(expected) // Object.is equality

Expected: {&quot;logInfo&quot;: [Function mockConstructor]}
Received: null
    at Object.toBe (C:\Users\eposh\OneDrive\Desktop\Dikshant\jenkins\github-review-plugin\src\utils\quality-gates.test.js:77:30)
    at Promise.then.completed (C:\Users\eposh\OneDrive\Desktop\Dikshant\jenkins\github-review-plugin\node_modules\jest-circus\build\utils.js:298:28)
    at new Promise (&lt;anonymous&gt;)
    at callAsyncCircusFn (C:\Users\eposh\OneDrive\Desktop\Dikshant\jenkins\github-review-plugin\node_modules\jest-circus\build\utils.js:231:10)
    at _callCircusTest (C:\Users\eposh\OneDrive\Desktop\Dikshant\jenkins\github-review-plugin\node_modules\jest-circus\build\run.js:316:40)
    at processTicksAndRejections (node:internal/process/task_queues:105:5)
    at _runTest (C:\Users\eposh\OneDrive\Desktop\Dikshant\jenkins\github-review-plugin\node_modules\jest-circus\build\run.js:252:3)
    at _runTestsForDescribeBlock (C:\Users\eposh\OneDrive\Desktop\Dikshant\jenkins\github-review-plugin\node_modules\jest-circus\build\run.js:126:9)
    at _runTestsForDescribeBlock (C:\Users\eposh\OneDrive\Desktop\Dikshant\jenkins\github-review-plugin\node_modules\jest-circus\build\run.js:121:9)
    at _runTestsForDescribeBlock (C:\Users\eposh\OneDrive\Desktop\Dikshant\jenkins\github-review-plugin\node_modules\jest-circus\build\run.js:121:9)
    at run (C:\Users\eposh\OneDrive\Desktop\Dikshant\jenkins\github-review-plugin\node_modules\jest-circus\build\run.js:71:3)
    at runAndTransformResultsToJestFormat (C:\Users\eposh\OneDrive\Desktop\Dikshant\jenkins\github-review-plugin\node_modules\jest-circus\build\legacy-code-todo-rewrite\jestAdapterInit.js:122:21)
    at jestAdapter (C:\Users\eposh\OneDrive\Desktop\Dikshant\jenkins\github-review-plugin\node_modules\jest-circus\build\legacy-code-todo-rewrite\jestAdapter.js:79:19)
    at runTestInternal (C:\Users\eposh\OneDrive\Desktop\Dikshant\jenkins\github-review-plugin\node_modules\jest-runner\build\runTest.js:367:16)
    at runTest (C:\Users\eposh\OneDrive\Desktop\Dikshant\jenkins\github-review-plugin\node_modules\jest-runner\build\runTest.js:444:34)
    at Object.worker (C:\Users\eposh\OneDrive\Desktop\Dikshant\jenkins\github-review-plugin\node_modules\jest-runner\build\testWorker.js:106:12)</failure>
    </testcase>
    <testcase classname="QualityGates ‚Ä∫ evaluateQualityGate" name="should return passed when quality gates disabled" time="0.045">
      <failure>Error: expect(received).toBe(expected) // Object.is equality

Expected: true
Received: false
    at Object.toBe (C:\Users\eposh\OneDrive\Desktop\Dikshant\jenkins\github-review-plugin\src\utils\quality-gates.test.js:111:29)
    at processTicksAndRejections (node:internal/process/task_queues:105:5)</failure>
    </testcase>
    <testcase classname="QualityGates ‚Ä∫ evaluateQualityGate" name="should return passed when not production environment" time="0.027">
      <failure>Error: expect(received).toBe(expected) // Object.is equality

Expected: true
Received: false
    at Object.toBe (C:\Users\eposh\OneDrive\Desktop\Dikshant\jenkins\github-review-plugin\src\utils\quality-gates.test.js:125:29)
    at processTicksAndRejections (node:internal/process/task_queues:105:5)</failure>
    </testcase>
    <testcase classname="QualityGates ‚Ä∫ evaluateQualityGate" name="should return passed when blocking disabled" time="0.058">
      <failure>Error: expect(received).toBe(expected) // Object.is equality

Expected: true
Received: false
    at Object.toBe (C:\Users\eposh\OneDrive\Desktop\Dikshant\jenkins\github-review-plugin\src\utils\quality-gates.test.js:137:29)
    at processTicksAndRejections (node:internal/process/task_queues:105:5)</failure>
    </testcase>
    <testcase classname="QualityGates ‚Ä∫ evaluateQualityGate" name="should return passed with override when URGENT keyword found" time="0.036">
      <failure>Error: expect(received).toBe(expected) // Object.is equality

Expected: true
Received: false
    at Object.toBe (C:\Users\eposh\OneDrive\Desktop\Dikshant\jenkins\github-review-plugin\src\utils\quality-gates.test.js:149:29)
    at processTicksAndRejections (node:internal/process/task_queues:105:5)</failure>
    </testcase>
    <testcase classname="QualityGates ‚Ä∫ evaluateQualityGate" name="should return failed when high severity issues found" time="0.035">
      <failure>Error: expect(received).toBe(expected) // Object.is equality

Expected: true
Received: undefined
    at Object.toBe (C:\Users\eposh\OneDrive\Desktop\Dikshant\jenkins\github-review-plugin\src\utils\quality-gates.test.js:159:30)
    at processTicksAndRejections (node:internal/process/task_queues:105:5)</failure>
    </testcase>
    <testcase classname="QualityGates ‚Ä∫ evaluateQualityGate" name="should return passed when issues below threshold" time="0.039">
      <failure>Error: expect(received).toBe(expected) // Object.is equality

Expected: true
Received: false
    at Object.toBe (C:\Users\eposh\OneDrive\Desktop\Dikshant\jenkins\github-review-plugin\src\utils\quality-gates.test.js:172:29)
    at processTicksAndRejections (node:internal/process/task_queues:105:5)</failure>
    </testcase>
    <testcase classname="QualityGates ‚Ä∫ evaluateQualityGate" name="should handle errors gracefully" time="0.011">
      <failure>Error: Property `logQualityGateStart` does not exist in the provided object
    at ModuleMocker.spyOn (C:\Users\eposh\OneDrive\Desktop\Dikshant\jenkins\github-review-plugin\node_modules\jest-mock\build\index.js:731:13)
    at Object.spyOn (C:\Users\eposh\OneDrive\Desktop\Dikshant\jenkins\github-review-plugin\src\utils\quality-gates.test.js:180:12)
    at Promise.then.completed (C:\Users\eposh\OneDrive\Desktop\Dikshant\jenkins\github-review-plugin\node_modules\jest-circus\build\utils.js:298:28)
    at new Promise (&lt;anonymous&gt;)
    at callAsyncCircusFn (C:\Users\eposh\OneDrive\Desktop\Dikshant\jenkins\github-review-plugin\node_modules\jest-circus\build\utils.js:231:10)
    at _callCircusTest (C:\Users\eposh\OneDrive\Desktop\Dikshant\jenkins\github-review-plugin\node_modules\jest-circus\build\run.js:316:40)
    at processTicksAndRejections (node:internal/process/task_queues:105:5)
    at _runTest (C:\Users\eposh\OneDrive\Desktop\Dikshant\jenkins\github-review-plugin\node_modules\jest-circus\build\run.js:252:3)
    at _runTestsForDescribeBlock (C:\Users\eposh\OneDrive\Desktop\Dikshant\jenkins\github-review-plugin\node_modules\jest-circus\build\run.js:126:9)
    at _runTestsForDescribeBlock (C:\Users\eposh\OneDrive\Desktop\Dikshant\jenkins\github-review-plugin\node_modules\jest-circus\build\run.js:121:9)
    at _runTestsForDescribeBlock (C:\Users\eposh\OneDrive\Desktop\Dikshant\jenkins\github-review-plugin\node_modules\jest-circus\build\run.js:121:9)
    at run (C:\Users\eposh\OneDrive\Desktop\Dikshant\jenkins\github-review-plugin\node_modules\jest-circus\build\run.js:71:3)
    at runAndTransformResultsToJestFormat (C:\Users\eposh\OneDrive\Desktop\Dikshant\jenkins\github-review-plugin\node_modules\jest-circus\build\legacy-code-todo-rewrite\jestAdapterInit.js:122:21)
    at jestAdapter (C:\Users\eposh\OneDrive\Desktop\Dikshant\jenkins\github-review-plugin\node_modules\jest-circus\build\legacy-code-todo-rewrite\jestAdapter.js:79:19)
    at runTestInternal (C:\Users\eposh\OneDrive\Desktop\Dikshant\jenkins\github-review-plugin\node_modules\jest-runner\build\runTest.js:367:16)
    at runTest (C:\Users\eposh\OneDrive\Desktop\Dikshant\jenkins\github-review-plugin\node_modules\jest-runner\build\runTest.js:444:34)
    at Object.worker (C:\Users\eposh\OneDrive\Desktop\Dikshant\jenkins\github-review-plugin\node_modules\jest-runner\build\testWorker.js:106:12)</failure>
    </testcase>
    <testcase classname="QualityGates ‚Ä∫ checkUrgentOverride" name="should return false when override disabled" time="0.023">
      <failure>TypeError: qg.checkUrgentOverride is not a function
    at Object.checkUrgentOverride (C:\Users\eposh\OneDrive\Desktop\Dikshant\jenkins\github-review-plugin\src\utils\quality-gates.test.js:206:31)
    at Promise.then.completed (C:\Users\eposh\OneDrive\Desktop\Dikshant\jenkins\github-review-plugin\node_modules\jest-circus\build\utils.js:298:28)
    at new Promise (&lt;anonymous&gt;)
    at callAsyncCircusFn (C:\Users\eposh\OneDrive\Desktop\Dikshant\jenkins\github-review-plugin\node_modules\jest-circus\build\utils.js:231:10)
    at _callCircusTest (C:\Users\eposh\OneDrive\Desktop\Dikshant\jenkins\github-review-plugin\node_modules\jest-circus\build\run.js:316:40)
    at processTicksAndRejections (node:internal/process/task_queues:105:5)
    at _runTest (C:\Users\eposh\OneDrive\Desktop\Dikshant\jenkins\github-review-plugin\node_modules\jest-circus\build\run.js:252:3)
    at _runTestsForDescribeBlock (C:\Users\eposh\OneDrive\Desktop\Dikshant\jenkins\github-review-plugin\node_modules\jest-circus\build\run.js:126:9)
    at _runTestsForDescribeBlock (C:\Users\eposh\OneDrive\Desktop\Dikshant\jenkins\github-review-plugin\node_modules\jest-circus\build\run.js:121:9)
    at _runTestsForDescribeBlock (C:\Users\eposh\OneDrive\Desktop\Dikshant\jenkins\github-review-plugin\node_modules\jest-circus\build\run.js:121:9)
    at run (C:\Users\eposh\OneDrive\Desktop\Dikshant\jenkins\github-review-plugin\node_modules\jest-circus\build\run.js:71:3)
    at runAndTransformResultsToJestFormat (C:\Users\eposh\OneDrive\Desktop\Dikshant\jenkins\github-review-plugin\node_modules\jest-circus\build\legacy-code-todo-rewrite\jestAdapterInit.js:122:21)
    at jestAdapter (C:\Users\eposh\OneDrive\Desktop\Dikshant\jenkins\github-review-plugin\node_modules\jest-circus\build\legacy-code-todo-rewrite\jestAdapter.js:79:19)
    at runTestInternal (C:\Users\eposh\OneDrive\Desktop\Dikshant\jenkins\github-review-plugin\node_modules\jest-runner\build\runTest.js:367:16)
    at runTest (C:\Users\eposh\OneDrive\Desktop\Dikshant\jenkins\github-review-plugin\node_modules\jest-runner\build\runTest.js:444:34)
    at Object.worker (C:\Users\eposh\OneDrive\Desktop\Dikshant\jenkins\github-review-plugin\node_modules\jest-runner\build\testWorker.js:106:12)</failure>
    </testcase>
    <testcase classname="QualityGates ‚Ä∫ checkUrgentOverride" name="should return false when no URGENT keyword" time="0.008">
      <failure>TypeError: qualityGates.checkUrgentOverride is not a function
    at Object.checkUrgentOverride (C:\Users\eposh\OneDrive\Desktop\Dikshant\jenkins\github-review-plugin\src\utils\quality-gates.test.js:213:41)
    at Promise.then.completed (C:\Users\eposh\OneDrive\Desktop\Dikshant\jenkins\github-review-plugin\node_modules\jest-circus\build\utils.js:298:28)
    at new Promise (&lt;anonymous&gt;)
    at callAsyncCircusFn (C:\Users\eposh\OneDrive\Desktop\Dikshant\jenkins\github-review-plugin\node_modules\jest-circus\build\utils.js:231:10)
    at _callCircusTest (C:\Users\eposh\OneDrive\Desktop\Dikshant\jenkins\github-review-plugin\node_modules\jest-circus\build\run.js:316:40)
    at processTicksAndRejections (node:internal/process/task_queues:105:5)
    at _runTest (C:\Users\eposh\OneDrive\Desktop\Dikshant\jenkins\github-review-plugin\node_modules\jest-circus\build\run.js:252:3)
    at _runTestsForDescribeBlock (C:\Users\eposh\OneDrive\Desktop\Dikshant\jenkins\github-review-plugin\node_modules\jest-circus\build\run.js:126:9)
    at _runTestsForDescribeBlock (C:\Users\eposh\OneDrive\Desktop\Dikshant\jenkins\github-review-plugin\node_modules\jest-circus\build\run.js:121:9)
    at _runTestsForDescribeBlock (C:\Users\eposh\OneDrive\Desktop\Dikshant\jenkins\github-review-plugin\node_modules\jest-circus\build\run.js:121:9)
    at run (C:\Users\eposh\OneDrive\Desktop\Dikshant\jenkins\github-review-plugin\node_modules\jest-circus\build\run.js:71:3)
    at runAndTransformResultsToJestFormat (C:\Users\eposh\OneDrive\Desktop\Dikshant\jenkins\github-review-plugin\node_modules\jest-circus\build\legacy-code-todo-rewrite\jestAdapterInit.js:122:21)
    at jestAdapter (C:\Users\eposh\OneDrive\Desktop\Dikshant\jenkins\github-review-plugin\node_modules\jest-circus\build\legacy-code-todo-rewrite\jestAdapter.js:79:19)
    at runTestInternal (C:\Users\eposh\OneDrive\Desktop\Dikshant\jenkins\github-review-plugin\node_modules\jest-runner\build\runTest.js:367:16)
    at runTest (C:\Users\eposh\OneDrive\Desktop\Dikshant\jenkins\github-review-plugin\node_modules\jest-runner\build\runTest.js:444:34)
    at Object.worker (C:\Users\eposh\OneDrive\Desktop\Dikshant\jenkins\github-review-plugin\node_modules\jest-runner\build\testWorker.js:106:12)</failure>
    </testcase>
    <testcase classname="QualityGates ‚Ä∫ checkUrgentOverride" name="should return true when URGENT keyword found and within limits" time="0.008">
      <failure>TypeError: qualityGates.checkUrgentOverride is not a function
    at Object.checkUrgentOverride (C:\Users\eposh\OneDrive\Desktop\Dikshant\jenkins\github-review-plugin\src\utils\quality-gates.test.js:220:41)
    at Promise.then.completed (C:\Users\eposh\OneDrive\Desktop\Dikshant\jenkins\github-review-plugin\node_modules\jest-circus\build\utils.js:298:28)
    at new Promise (&lt;anonymous&gt;)
    at callAsyncCircusFn (C:\Users\eposh\OneDrive\Desktop\Dikshant\jenkins\github-review-plugin\node_modules\jest-circus\build\utils.js:231:10)
    at _callCircusTest (C:\Users\eposh\OneDrive\Desktop\Dikshant\jenkins\github-review-plugin\node_modules\jest-circus\build\run.js:316:40)
    at processTicksAndRejections (node:internal/process/task_queues:105:5)
    at _runTest (C:\Users\eposh\OneDrive\Desktop\Dikshant\jenkins\github-review-plugin\node_modules\jest-circus\build\run.js:252:3)
    at _runTestsForDescribeBlock (C:\Users\eposh\OneDrive\Desktop\Dikshant\jenkins\github-review-plugin\node_modules\jest-circus\build\run.js:126:9)
    at _runTestsForDescribeBlock (C:\Users\eposh\OneDrive\Desktop\Dikshant\jenkins\github-review-plugin\node_modules\jest-circus\build\run.js:121:9)
    at _runTestsForDescribeBlock (C:\Users\eposh\OneDrive\Desktop\Dikshant\jenkins\github-review-plugin\node_modules\jest-circus\build\run.js:121:9)
    at run (C:\Users\eposh\OneDrive\Desktop\Dikshant\jenkins\github-review-plugin\node_modules\jest-circus\build\run.js:71:3)
    at runAndTransformResultsToJestFormat (C:\Users\eposh\OneDrive\Desktop\Dikshant\jenkins\github-review-plugin\node_modules\jest-circus\build\legacy-code-todo-rewrite\jestAdapterInit.js:122:21)
    at jestAdapter (C:\Users\eposh\OneDrive\Desktop\Dikshant\jenkins\github-review-plugin\node_modules\jest-circus\build\legacy-code-todo-rewrite\jestAdapter.js:79:19)
    at runTestInternal (C:\Users\eposh\OneDrive\Desktop\Dikshant\jenkins\github-review-plugin\node_modules\jest-runner\build\runTest.js:367:16)
    at runTest (C:\Users\eposh\OneDrive\Desktop\Dikshant\jenkins\github-review-plugin\node_modules\jest-runner\build\runTest.js:444:34)
    at Object.worker (C:\Users\eposh\OneDrive\Desktop\Dikshant\jenkins\github-review-plugin\node_modules\jest-runner\build\testWorker.js:106:12)</failure>
    </testcase>
    <testcase classname="QualityGates ‚Ä∫ checkUrgentOverride" name="should return false when daily limit exceeded" time="0.01">
      <failure>TypeError: Cannot read properties of undefined (reading &apos;overrideTracking&apos;)
    at Object.overrideTracking (C:\Users\eposh\OneDrive\Desktop\Dikshant\jenkins\github-review-plugin\src\utils\quality-gates.test.js:231:28)
    at Promise.then.completed (C:\Users\eposh\OneDrive\Desktop\Dikshant\jenkins\github-review-plugin\node_modules\jest-circus\build\utils.js:298:28)
    at new Promise (&lt;anonymous&gt;)
    at callAsyncCircusFn (C:\Users\eposh\OneDrive\Desktop\Dikshant\jenkins\github-review-plugin\node_modules\jest-circus\build\utils.js:231:10)
    at _callCircusTest (C:\Users\eposh\OneDrive\Desktop\Dikshant\jenkins\github-review-plugin\node_modules\jest-circus\build\run.js:316:40)
    at processTicksAndRejections (node:internal/process/task_queues:105:5)
    at _runTest (C:\Users\eposh\OneDrive\Desktop\Dikshant\jenkins\github-review-plugin\node_modules\jest-circus\build\run.js:252:3)
    at _runTestsForDescribeBlock (C:\Users\eposh\OneDrive\Desktop\Dikshant\jenkins\github-review-plugin\node_modules\jest-circus\build\run.js:126:9)
    at _runTestsForDescribeBlock (C:\Users\eposh\OneDrive\Desktop\Dikshant\jenkins\github-review-plugin\node_modules\jest-circus\build\run.js:121:9)
    at _runTestsForDescribeBlock (C:\Users\eposh\OneDrive\Desktop\Dikshant\jenkins\github-review-plugin\node_modules\jest-circus\build\run.js:121:9)
    at run (C:\Users\eposh\OneDrive\Desktop\Dikshant\jenkins\github-review-plugin\node_modules\jest-circus\build\run.js:71:3)
    at runAndTransformResultsToJestFormat (C:\Users\eposh\OneDrive\Desktop\Dikshant\jenkins\github-review-plugin\node_modules\jest-circus\build\legacy-code-todo-rewrite\jestAdapterInit.js:122:21)
    at jestAdapter (C:\Users\eposh\OneDrive\Desktop\Dikshant\jenkins\github-review-plugin\node_modules\jest-circus\build\legacy-code-todo-rewrite\jestAdapter.js:79:19)
    at runTestInternal (C:\Users\eposh\OneDrive\Desktop\Dikshant\jenkins\github-review-plugin\node_modules\jest-runner\build\runTest.js:367:16)
    at runTest (C:\Users\eposh\OneDrive\Desktop\Dikshant\jenkins\github-review-plugin\node_modules\jest-runner\build\runTest.js:444:34)
    at Object.worker (C:\Users\eposh\OneDrive\Desktop\Dikshant\jenkins\github-review-plugin\node_modules\jest-runner\build\testWorker.js:106:12)</failure>
    </testcase>
    <testcase classname="QualityGates ‚Ä∫ hasUrgentKeyword" name="should detect URGENT keyword" time="0.01">
      <failure>TypeError: qualityGates.hasUrgentKeyword is not a function
    at Object.hasUrgentKeyword (C:\Users\eposh\OneDrive\Desktop\Dikshant\jenkins\github-review-plugin\src\utils\quality-gates.test.js:243:27)
    at Promise.then.completed (C:\Users\eposh\OneDrive\Desktop\Dikshant\jenkins\github-review-plugin\node_modules\jest-circus\build\utils.js:298:28)
    at new Promise (&lt;anonymous&gt;)
    at callAsyncCircusFn (C:\Users\eposh\OneDrive\Desktop\Dikshant\jenkins\github-review-plugin\node_modules\jest-circus\build\utils.js:231:10)
    at _callCircusTest (C:\Users\eposh\OneDrive\Desktop\Dikshant\jenkins\github-review-plugin\node_modules\jest-circus\build\run.js:316:40)
    at processTicksAndRejections (node:internal/process/task_queues:105:5)
    at _runTest (C:\Users\eposh\OneDrive\Desktop\Dikshant\jenkins\github-review-plugin\node_modules\jest-circus\build\run.js:252:3)
    at _runTestsForDescribeBlock (C:\Users\eposh\OneDrive\Desktop\Dikshant\jenkins\github-review-plugin\node_modules\jest-circus\build\run.js:126:9)
    at _runTestsForDescribeBlock (C:\Users\eposh\OneDrive\Desktop\Dikshant\jenkins\github-review-plugin\node_modules\jest-circus\build\run.js:121:9)
    at _runTestsForDescribeBlock (C:\Users\eposh\OneDrive\Desktop\Dikshant\jenkins\github-review-plugin\node_modules\jest-circus\build\run.js:121:9)
    at run (C:\Users\eposh\OneDrive\Desktop\Dikshant\jenkins\github-review-plugin\node_modules\jest-circus\build\run.js:71:3)
    at runAndTransformResultsToJestFormat (C:\Users\eposh\OneDrive\Desktop\Dikshant\jenkins\github-review-plugin\node_modules\jest-circus\build\legacy-code-todo-rewrite\jestAdapterInit.js:122:21)
    at jestAdapter (C:\Users\eposh\OneDrive\Desktop\Dikshant\jenkins\github-review-plugin\node_modules\jest-circus\build\legacy-code-todo-rewrite\jestAdapter.js:79:19)
    at runTestInternal (C:\Users\eposh\OneDrive\Desktop\Dikshant\jenkins\github-review-plugin\node_modules\jest-runner\build\runTest.js:367:16)
    at runTest (C:\Users\eposh\OneDrive\Desktop\Dikshant\jenkins\github-review-plugin\node_modules\jest-runner\build\runTest.js:444:34)
    at Object.worker (C:\Users\eposh\OneDrive\Desktop\Dikshant\jenkins\github-review-plugin\node_modules\jest-runner\build\testWorker.js:106:12)</failure>
    </testcase>
    <testcase classname="QualityGates ‚Ä∫ hasUrgentKeyword" name="should not detect URGENT keyword in other words" time="0.008">
      <failure>TypeError: qualityGates.hasUrgentKeyword is not a function
    at Object.hasUrgentKeyword (C:\Users\eposh\OneDrive\Desktop\Dikshant\jenkins\github-review-plugin\src\utils\quality-gates.test.js:249:27)
    at Promise.then.completed (C:\Users\eposh\OneDrive\Desktop\Dikshant\jenkins\github-review-plugin\node_modules\jest-circus\build\utils.js:298:28)
    at new Promise (&lt;anonymous&gt;)
    at callAsyncCircusFn (C:\Users\eposh\OneDrive\Desktop\Dikshant\jenkins\github-review-plugin\node_modules\jest-circus\build\utils.js:231:10)
    at _callCircusTest (C:\Users\eposh\OneDrive\Desktop\Dikshant\jenkins\github-review-plugin\node_modules\jest-circus\build\run.js:316:40)
    at processTicksAndRejections (node:internal/process/task_queues:105:5)
    at _runTest (C:\Users\eposh\OneDrive\Desktop\Dikshant\jenkins\github-review-plugin\node_modules\jest-circus\build\run.js:252:3)
    at _runTestsForDescribeBlock (C:\Users\eposh\OneDrive\Desktop\Dikshant\jenkins\github-review-plugin\node_modules\jest-circus\build\run.js:126:9)
    at _runTestsForDescribeBlock (C:\Users\eposh\OneDrive\Desktop\Dikshant\jenkins\github-review-plugin\node_modules\jest-circus\build\run.js:121:9)
    at _runTestsForDescribeBlock (C:\Users\eposh\OneDrive\Desktop\Dikshant\jenkins\github-review-plugin\node_modules\jest-circus\build\run.js:121:9)
    at run (C:\Users\eposh\OneDrive\Desktop\Dikshant\jenkins\github-review-plugin\node_modules\jest-circus\build\run.js:71:3)
    at runAndTransformResultsToJestFormat (C:\Users\eposh\OneDrive\Desktop\Dikshant\jenkins\github-review-plugin\node_modules\jest-circus\build\legacy-code-todo-rewrite\jestAdapterInit.js:122:21)
    at jestAdapter (C:\Users\eposh\OneDrive\Desktop\Dikshant\jenkins\github-review-plugin\node_modules\jest-circus\build\legacy-code-todo-rewrite\jestAdapter.js:79:19)
    at runTestInternal (C:\Users\eposh\OneDrive\Desktop\Dikshant\jenkins\github-review-plugin\node_modules\jest-runner\build\runTest.js:367:16)
    at runTest (C:\Users\eposh\OneDrive\Desktop\Dikshant\jenkins\github-review-plugin\node_modules\jest-runner\build\runTest.js:444:34)
    at Object.worker (C:\Users\eposh\OneDrive\Desktop\Dikshant\jenkins\github-review-plugin\node_modules\jest-runner\build\testWorker.js:106:12)</failure>
    </testcase>
    <testcase classname="QualityGates ‚Ä∫ hasUrgentKeyword" name="should work with custom keyword" time="0.044">
      <failure>TypeError: qg.hasUrgentKeyword is not a function
    at Object.hasUrgentKeyword (C:\Users\eposh\OneDrive\Desktop\Dikshant\jenkins\github-review-plugin\src\utils\quality-gates.test.js:258:17)
    at Promise.then.completed (C:\Users\eposh\OneDrive\Desktop\Dikshant\jenkins\github-review-plugin\node_modules\jest-circus\build\utils.js:298:28)
    at new Promise (&lt;anonymous&gt;)
    at callAsyncCircusFn (C:\Users\eposh\OneDrive\Desktop\Dikshant\jenkins\github-review-plugin\node_modules\jest-circus\build\utils.js:231:10)
    at _callCircusTest (C:\Users\eposh\OneDrive\Desktop\Dikshant\jenkins\github-review-plugin\node_modules\jest-circus\build\run.js:316:40)
    at processTicksAndRejections (node:internal/process/task_queues:105:5)
    at _runTest (C:\Users\eposh\OneDrive\Desktop\Dikshant\jenkins\github-review-plugin\node_modules\jest-circus\build\run.js:252:3)
    at _runTestsForDescribeBlock (C:\Users\eposh\OneDrive\Desktop\Dikshant\jenkins\github-review-plugin\node_modules\jest-circus\build\run.js:126:9)
    at _runTestsForDescribeBlock (C:\Users\eposh\OneDrive\Desktop\Dikshant\jenkins\github-review-plugin\node_modules\jest-circus\build\run.js:121:9)
    at _runTestsForDescribeBlock (C:\Users\eposh\OneDrive\Desktop\Dikshant\jenkins\github-review-plugin\node_modules\jest-circus\build\run.js:121:9)
    at run (C:\Users\eposh\OneDrive\Desktop\Dikshant\jenkins\github-review-plugin\node_modules\jest-circus\build\run.js:71:3)
    at runAndTransformResultsToJestFormat (C:\Users\eposh\OneDrive\Desktop\Dikshant\jenkins\github-review-plugin\node_modules\jest-circus\build\legacy-code-todo-rewrite\jestAdapterInit.js:122:21)
    at jestAdapter (C:\Users\eposh\OneDrive\Desktop\Dikshant\jenkins\github-review-plugin\node_modules\jest-circus\build\legacy-code-todo-rewrite\jestAdapter.js:79:19)
    at runTestInternal (C:\Users\eposh\OneDrive\Desktop\Dikshant\jenkins\github-review-plugin\node_modules\jest-runner\build\runTest.js:367:16)
    at runTest (C:\Users\eposh\OneDrive\Desktop\Dikshant\jenkins\github-review-plugin\node_modules\jest-runner\build\runTest.js:444:34)
    at Object.worker (C:\Users\eposh\OneDrive\Desktop\Dikshant\jenkins\github-review-plugin\node_modules\jest-runner\build\testWorker.js:106:12)</failure>
    </testcase>
    <testcase classname="QualityGates ‚Ä∫ evaluateSeverity" name="should block when high severity issues found" time="0.014">
      <failure>TypeError: qualityGates.evaluateSeverity is not a function
    at Object.evaluateSeverity (C:\Users\eposh\OneDrive\Desktop\Dikshant\jenkins\github-review-plugin\src\utils\quality-gates.test.js:271:35)
    at Promise.then.completed (C:\Users\eposh\OneDrive\Desktop\Dikshant\jenkins\github-review-plugin\node_modules\jest-circus\build\utils.js:298:28)
    at new Promise (&lt;anonymous&gt;)
    at callAsyncCircusFn (C:\Users\eposh\OneDrive\Desktop\Dikshant\jenkins\github-review-plugin\node_modules\jest-circus\build\utils.js:231:10)
    at _callCircusTest (C:\Users\eposh\OneDrive\Desktop\Dikshant\jenkins\github-review-plugin\node_modules\jest-circus\build\run.js:316:40)
    at processTicksAndRejections (node:internal/process/task_queues:105:5)
    at _runTest (C:\Users\eposh\OneDrive\Desktop\Dikshant\jenkins\github-review-plugin\node_modules\jest-circus\build\run.js:252:3)
    at _runTestsForDescribeBlock (C:\Users\eposh\OneDrive\Desktop\Dikshant\jenkins\github-review-plugin\node_modules\jest-circus\build\run.js:126:9)
    at _runTestsForDescribeBlock (C:\Users\eposh\OneDrive\Desktop\Dikshant\jenkins\github-review-plugin\node_modules\jest-circus\build\run.js:121:9)
    at _runTestsForDescribeBlock (C:\Users\eposh\OneDrive\Desktop\Dikshant\jenkins\github-review-plugin\node_modules\jest-circus\build\run.js:121:9)
    at run (C:\Users\eposh\OneDrive\Desktop\Dikshant\jenkins\github-review-plugin\node_modules\jest-circus\build\run.js:71:3)
    at runAndTransformResultsToJestFormat (C:\Users\eposh\OneDrive\Desktop\Dikshant\jenkins\github-review-plugin\node_modules\jest-circus\build\legacy-code-todo-rewrite\jestAdapterInit.js:122:21)
    at jestAdapter (C:\Users\eposh\OneDrive\Desktop\Dikshant\jenkins\github-review-plugin\node_modules\jest-circus\build\legacy-code-todo-rewrite\jestAdapter.js:79:19)
    at runTestInternal (C:\Users\eposh\OneDrive\Desktop\Dikshant\jenkins\github-review-plugin\node_modules\jest-runner\build\runTest.js:367:16)
    at runTest (C:\Users\eposh\OneDrive\Desktop\Dikshant\jenkins\github-review-plugin\node_modules\jest-runner\build\runTest.js:444:34)
    at Object.worker (C:\Users\eposh\OneDrive\Desktop\Dikshant\jenkins\github-review-plugin\node_modules\jest-runner\build\testWorker.js:106:12)</failure>
    </testcase>
    <testcase classname="QualityGates ‚Ä∫ evaluateSeverity" name="should not block when issues below threshold" time="0.015">
      <failure>TypeError: qualityGates.evaluateSeverity is not a function
    at Object.evaluateSeverity (C:\Users\eposh\OneDrive\Desktop\Dikshant\jenkins\github-review-plugin\src\utils\quality-gates.test.js:280:35)
    at Promise.then.completed (C:\Users\eposh\OneDrive\Desktop\Dikshant\jenkins\github-review-plugin\node_modules\jest-circus\build\utils.js:298:28)
    at new Promise (&lt;anonymous&gt;)
    at callAsyncCircusFn (C:\Users\eposh\OneDrive\Desktop\Dikshant\jenkins\github-review-plugin\node_modules\jest-circus\build\utils.js:231:10)
    at _callCircusTest (C:\Users\eposh\OneDrive\Desktop\Dikshant\jenkins\github-review-plugin\node_modules\jest-circus\build\run.js:316:40)
    at processTicksAndRejections (node:internal/process/task_queues:105:5)
    at _runTest (C:\Users\eposh\OneDrive\Desktop\Dikshant\jenkins\github-review-plugin\node_modules\jest-circus\build\run.js:252:3)
    at _runTestsForDescribeBlock (C:\Users\eposh\OneDrive\Desktop\Dikshant\jenkins\github-review-plugin\node_modules\jest-circus\build\run.js:126:9)
    at _runTestsForDescribeBlock (C:\Users\eposh\OneDrive\Desktop\Dikshant\jenkins\github-review-plugin\node_modules\jest-circus\build\run.js:121:9)
    at _runTestsForDescribeBlock (C:\Users\eposh\OneDrive\Desktop\Dikshant\jenkins\github-review-plugin\node_modules\jest-circus\build\run.js:121:9)
    at run (C:\Users\eposh\OneDrive\Desktop\Dikshant\jenkins\github-review-plugin\node_modules\jest-circus\build\run.js:71:3)
    at runAndTransformResultsToJestFormat (C:\Users\eposh\OneDrive\Desktop\Dikshant\jenkins\github-review-plugin\node_modules\jest-circus\build\legacy-code-todo-rewrite\jestAdapterInit.js:122:21)
    at jestAdapter (C:\Users\eposh\OneDrive\Desktop\Dikshant\jenkins\github-review-plugin\node_modules\jest-circus\build\legacy-code-todo-rewrite\jestAdapter.js:79:19)
    at runTestInternal (C:\Users\eposh\OneDrive\Desktop\Dikshant\jenkins\github-review-plugin\node_modules\jest-runner\build\runTest.js:367:16)
    at runTest (C:\Users\eposh\OneDrive\Desktop\Dikshant\jenkins\github-review-plugin\node_modules\jest-runner\build\runTest.js:444:34)
    at Object.worker (C:\Users\eposh\OneDrive\Desktop\Dikshant\jenkins\github-review-plugin\node_modules\jest-runner\build\testWorker.js:106:12)</failure>
    </testcase>
    <testcase classname="QualityGates ‚Ä∫ evaluateSeverity" name="should handle empty severity breakdown" time="0.01">
      <failure>TypeError: qualityGates.evaluateSeverity is not a function
    at Object.evaluateSeverity (C:\Users\eposh\OneDrive\Desktop\Dikshant\jenkins\github-review-plugin\src\utils\quality-gates.test.js:288:35)
    at Promise.then.completed (C:\Users\eposh\OneDrive\Desktop\Dikshant\jenkins\github-review-plugin\node_modules\jest-circus\build\utils.js:298:28)
    at new Promise (&lt;anonymous&gt;)
    at callAsyncCircusFn (C:\Users\eposh\OneDrive\Desktop\Dikshant\jenkins\github-review-plugin\node_modules\jest-circus\build\utils.js:231:10)
    at _callCircusTest (C:\Users\eposh\OneDrive\Desktop\Dikshant\jenkins\github-review-plugin\node_modules\jest-circus\build\run.js:316:40)
    at processTicksAndRejections (node:internal/process/task_queues:105:5)
    at _runTest (C:\Users\eposh\OneDrive\Desktop\Dikshant\jenkins\github-review-plugin\node_modules\jest-circus\build\run.js:252:3)
    at _runTestsForDescribeBlock (C:\Users\eposh\OneDrive\Desktop\Dikshant\jenkins\github-review-plugin\node_modules\jest-circus\build\run.js:126:9)
    at _runTestsForDescribeBlock (C:\Users\eposh\OneDrive\Desktop\Dikshant\jenkins\github-review-plugin\node_modules\jest-circus\build\run.js:121:9)
    at _runTestsForDescribeBlock (C:\Users\eposh\OneDrive\Desktop\Dikshant\jenkins\github-review-plugin\node_modules\jest-circus\build\run.js:121:9)
    at run (C:\Users\eposh\OneDrive\Desktop\Dikshant\jenkins\github-review-plugin\node_modules\jest-circus\build\run.js:71:3)
    at runAndTransformResultsToJestFormat (C:\Users\eposh\OneDrive\Desktop\Dikshant\jenkins\github-review-plugin\node_modules\jest-circus\build\legacy-code-todo-rewrite\jestAdapterInit.js:122:21)
    at jestAdapter (C:\Users\eposh\OneDrive\Desktop\Dikshant\jenkins\github-review-plugin\node_modules\jest-circus\build\legacy-code-todo-rewrite\jestAdapter.js:79:19)
    at runTestInternal (C:\Users\eposh\OneDrive\Desktop\Dikshant\jenkins\github-review-plugin\node_modules\jest-runner\build\runTest.js:367:16)
    at runTest (C:\Users\eposh\OneDrive\Desktop\Dikshant\jenkins\github-review-plugin\node_modules\jest-runner\build\runTest.js:444:34)
    at Object.worker (C:\Users\eposh\OneDrive\Desktop\Dikshant\jenkins\github-review-plugin\node_modules\jest-runner\build\testWorker.js:106:12)</failure>
    </testcase>
    <testcase classname="QualityGates ‚Ä∫ getHighestSeverity" name="should return highest severity level" time="0.012">
      <failure>TypeError: qualityGates.getHighestSeverity is not a function
    at Object.getHighestSeverity (C:\Users\eposh\OneDrive\Desktop\Dikshant\jenkins\github-review-plugin\src\utils\quality-gates.test.js:297:27)
    at Promise.then.completed (C:\Users\eposh\OneDrive\Desktop\Dikshant\jenkins\github-review-plugin\node_modules\jest-circus\build\utils.js:298:28)
    at new Promise (&lt;anonymous&gt;)
    at callAsyncCircusFn (C:\Users\eposh\OneDrive\Desktop\Dikshant\jenkins\github-review-plugin\node_modules\jest-circus\build\utils.js:231:10)
    at _callCircusTest (C:\Users\eposh\OneDrive\Desktop\Dikshant\jenkins\github-review-plugin\node_modules\jest-circus\build\run.js:316:40)
    at processTicksAndRejections (node:internal/process/task_queues:105:5)
    at _runTest (C:\Users\eposh\OneDrive\Desktop\Dikshant\jenkins\github-review-plugin\node_modules\jest-circus\build\run.js:252:3)
    at _runTestsForDescribeBlock (C:\Users\eposh\OneDrive\Desktop\Dikshant\jenkins\github-review-plugin\node_modules\jest-circus\build\run.js:126:9)
    at _runTestsForDescribeBlock (C:\Users\eposh\OneDrive\Desktop\Dikshant\jenkins\github-review-plugin\node_modules\jest-circus\build\run.js:121:9)
    at _runTestsForDescribeBlock (C:\Users\eposh\OneDrive\Desktop\Dikshant\jenkins\github-review-plugin\node_modules\jest-circus\build\run.js:121:9)
    at run (C:\Users\eposh\OneDrive\Desktop\Dikshant\jenkins\github-review-plugin\node_modules\jest-circus\build\run.js:71:3)
    at runAndTransformResultsToJestFormat (C:\Users\eposh\OneDrive\Desktop\Dikshant\jenkins\github-review-plugin\node_modules\jest-circus\build\legacy-code-todo-rewrite\jestAdapterInit.js:122:21)
    at jestAdapter (C:\Users\eposh\OneDrive\Desktop\Dikshant\jenkins\github-review-plugin\node_modules\jest-circus\build\legacy-code-todo-rewrite\jestAdapter.js:79:19)
    at runTestInternal (C:\Users\eposh\OneDrive\Desktop\Dikshant\jenkins\github-review-plugin\node_modules\jest-runner\build\runTest.js:367:16)
    at runTest (C:\Users\eposh\OneDrive\Desktop\Dikshant\jenkins\github-review-plugin\node_modules\jest-runner\build\runTest.js:444:34)
    at Object.worker (C:\Users\eposh\OneDrive\Desktop\Dikshant\jenkins\github-review-plugin\node_modules\jest-runner\build\testWorker.js:106:12)</failure>
    </testcase>
    <testcase classname="QualityGates ‚Ä∫ countIssuesAtOrAboveSeverity" name="should count issues at or above specified severity" time="0.007">
      <failure>TypeError: qualityGates.countIssuesAtOrAboveSeverity is not a function
    at Object.countIssuesAtOrAboveSeverity (C:\Users\eposh\OneDrive\Desktop\Dikshant\jenkins\github-review-plugin\src\utils\quality-gates.test.js:308:27)
    at Promise.then.completed (C:\Users\eposh\OneDrive\Desktop\Dikshant\jenkins\github-review-plugin\node_modules\jest-circus\build\utils.js:298:28)
    at new Promise (&lt;anonymous&gt;)
    at callAsyncCircusFn (C:\Users\eposh\OneDrive\Desktop\Dikshant\jenkins\github-review-plugin\node_modules\jest-circus\build\utils.js:231:10)
    at _callCircusTest (C:\Users\eposh\OneDrive\Desktop\Dikshant\jenkins\github-review-plugin\node_modules\jest-circus\build\run.js:316:40)
    at processTicksAndRejections (node:internal/process/task_queues:105:5)
    at _runTest (C:\Users\eposh\OneDrive\Desktop\Dikshant\jenkins\github-review-plugin\node_modules\jest-circus\build\run.js:252:3)
    at _runTestsForDescribeBlock (C:\Users\eposh\OneDrive\Desktop\Dikshant\jenkins\github-review-plugin\node_modules\jest-circus\build\run.js:126:9)
    at _runTestsForDescribeBlock (C:\Users\eposh\OneDrive\Desktop\Dikshant\jenkins\github-review-plugin\node_modules\jest-circus\build\run.js:121:9)
    at _runTestsForDescribeBlock (C:\Users\eposh\OneDrive\Desktop\Dikshant\jenkins\github-review-plugin\node_modules\jest-circus\build\run.js:121:9)
    at run (C:\Users\eposh\OneDrive\Desktop\Dikshant\jenkins\github-review-plugin\node_modules\jest-circus\build\run.js:71:3)
    at runAndTransformResultsToJestFormat (C:\Users\eposh\OneDrive\Desktop\Dikshant\jenkins\github-review-plugin\node_modules\jest-circus\build\legacy-code-todo-rewrite\jestAdapterInit.js:122:21)
    at jestAdapter (C:\Users\eposh\OneDrive\Desktop\Dikshant\jenkins\github-review-plugin\node_modules\jest-circus\build\legacy-code-todo-rewrite\jestAdapter.js:79:19)
    at runTestInternal (C:\Users\eposh\OneDrive\Desktop\Dikshant\jenkins\github-review-plugin\node_modules\jest-runner\build\runTest.js:367:16)
    at runTest (C:\Users\eposh\OneDrive\Desktop\Dikshant\jenkins\github-review-plugin\node_modules\jest-runner\build\runTest.js:444:34)
    at Object.worker (C:\Users\eposh\OneDrive\Desktop\Dikshant\jenkins\github-review-plugin\node_modules\jest-runner\build\testWorker.js:106:12)</failure>
    </testcase>
    <testcase classname="QualityGates ‚Ä∫ isProductionEnvironment" name="should identify production branches" time="0.021">
      <failure>TypeError: qualityGates.isProductionEnvironment is not a function
    at Object.isProductionEnvironment (C:\Users\eposh\OneDrive\Desktop\Dikshant\jenkins\github-review-plugin\src\utils\quality-gates.test.js:316:27)
    at Promise.then.completed (C:\Users\eposh\OneDrive\Desktop\Dikshant\jenkins\github-review-plugin\node_modules\jest-circus\build\utils.js:298:28)
    at new Promise (&lt;anonymous&gt;)
    at callAsyncCircusFn (C:\Users\eposh\OneDrive\Desktop\Dikshant\jenkins\github-review-plugin\node_modules\jest-circus\build\utils.js:231:10)
    at _callCircusTest (C:\Users\eposh\OneDrive\Desktop\Dikshant\jenkins\github-review-plugin\node_modules\jest-circus\build\run.js:316:40)
    at processTicksAndRejections (node:internal/process/task_queues:105:5)
    at _runTest (C:\Users\eposh\OneDrive\Desktop\Dikshant\jenkins\github-review-plugin\node_modules\jest-circus\build\run.js:252:3)
    at _runTestsForDescribeBlock (C:\Users\eposh\OneDrive\Desktop\Dikshant\jenkins\github-review-plugin\node_modules\jest-circus\build\run.js:126:9)
    at _runTestsForDescribeBlock (C:\Users\eposh\OneDrive\Desktop\Dikshant\jenkins\github-review-plugin\node_modules\jest-circus\build\run.js:121:9)
    at _runTestsForDescribeBlock (C:\Users\eposh\OneDrive\Desktop\Dikshant\jenkins\github-review-plugin\node_modules\jest-circus\build\run.js:121:9)
    at run (C:\Users\eposh\OneDrive\Desktop\Dikshant\jenkins\github-review-plugin\node_modules\jest-circus\build\run.js:71:3)
    at runAndTransformResultsToJestFormat (C:\Users\eposh\OneDrive\Desktop\Dikshant\jenkins\github-review-plugin\node_modules\jest-circus\build\legacy-code-todo-rewrite\jestAdapterInit.js:122:21)
    at jestAdapter (C:\Users\eposh\OneDrive\Desktop\Dikshant\jenkins\github-review-plugin\node_modules\jest-circus\build\legacy-code-todo-rewrite\jestAdapter.js:79:19)
    at runTestInternal (C:\Users\eposh\OneDrive\Desktop\Dikshant\jenkins\github-review-plugin\node_modules\jest-runner\build\runTest.js:367:16)
    at runTest (C:\Users\eposh\OneDrive\Desktop\Dikshant\jenkins\github-review-plugin\node_modules\jest-runner\build\runTest.js:444:34)
    at Object.worker (C:\Users\eposh\OneDrive\Desktop\Dikshant\jenkins\github-review-plugin\node_modules\jest-runner\build\testWorker.js:106:12)</failure>
    </testcase>
    <testcase classname="QualityGates ‚Ä∫ generateStatusMessage" name="should generate appropriate status messages" time="0.01">
      <failure>TypeError: qualityGates.generateStatusMessage is not a function
    at Object.generateStatusMessage (C:\Users\eposh\OneDrive\Desktop\Dikshant\jenkins\github-review-plugin\src\utils\quality-gates.test.js:326:27)
    at Promise.then.completed (C:\Users\eposh\OneDrive\Desktop\Dikshant\jenkins\github-review-plugin\node_modules\jest-circus\build\utils.js:298:28)
    at new Promise (&lt;anonymous&gt;)
    at callAsyncCircusFn (C:\Users\eposh\OneDrive\Desktop\Dikshant\jenkins\github-review-plugin\node_modules\jest-circus\build\utils.js:231:10)
    at _callCircusTest (C:\Users\eposh\OneDrive\Desktop\Dikshant\jenkins\github-review-plugin\node_modules\jest-circus\build\run.js:316:40)
    at processTicksAndRejections (node:internal/process/task_queues:105:5)
    at _runTest (C:\Users\eposh\OneDrive\Desktop\Dikshant\jenkins\github-review-plugin\node_modules\jest-circus\build\run.js:252:3)
    at _runTestsForDescribeBlock (C:\Users\eposh\OneDrive\Desktop\Dikshant\jenkins\github-review-plugin\node_modules\jest-circus\build\run.js:126:9)
    at _runTestsForDescribeBlock (C:\Users\eposh\OneDrive\Desktop\Dikshant\jenkins\github-review-plugin\node_modules\jest-circus\build\run.js:121:9)
    at _runTestsForDescribeBlock (C:\Users\eposh\OneDrive\Desktop\Dikshant\jenkins\github-review-plugin\node_modules\jest-circus\build\run.js:121:9)
    at run (C:\Users\eposh\OneDrive\Desktop\Dikshant\jenkins\github-review-plugin\node_modules\jest-circus\build\run.js:71:3)
    at runAndTransformResultsToJestFormat (C:\Users\eposh\OneDrive\Desktop\Dikshant\jenkins\github-review-plugin\node_modules\jest-circus\build\legacy-code-todo-rewrite\jestAdapterInit.js:122:21)
    at jestAdapter (C:\Users\eposh\OneDrive\Desktop\Dikshant\jenkins\github-review-plugin\node_modules\jest-circus\build\legacy-code-todo-rewrite\jestAdapter.js:79:19)
    at runTestInternal (C:\Users\eposh\OneDrive\Desktop\Dikshant\jenkins\github-review-plugin\node_modules\jest-runner\build\runTest.js:367:16)
    at runTest (C:\Users\eposh\OneDrive\Desktop\Dikshant\jenkins\github-review-plugin\node_modules\jest-runner\build\runTest.js:444:34)
    at Object.worker (C:\Users\eposh\OneDrive\Desktop\Dikshant\jenkins\github-review-plugin\node_modules\jest-runner\build\testWorker.js:106:12)</failure>
    </testcase>
    <testcase classname="QualityGates ‚Ä∫ getOverrideStats" name="should return override statistics" time="0.008">
      <failure>TypeError: Cannot read properties of undefined (reading &apos;overrideTracking&apos;)
    at Object.overrideTracking (C:\Users\eposh\OneDrive\Desktop\Dikshant\jenkins\github-review-plugin\src\utils\quality-gates.test.js:339:28)
    at Promise.then.completed (C:\Users\eposh\OneDrive\Desktop\Dikshant\jenkins\github-review-plugin\node_modules\jest-circus\build\utils.js:298:28)
    at new Promise (&lt;anonymous&gt;)
    at callAsyncCircusFn (C:\Users\eposh\OneDrive\Desktop\Dikshant\jenkins\github-review-plugin\node_modules\jest-circus\build\utils.js:231:10)
    at _callCircusTest (C:\Users\eposh\OneDrive\Desktop\Dikshant\jenkins\github-review-plugin\node_modules\jest-circus\build\run.js:316:40)
    at processTicksAndRejections (node:internal/process/task_queues:105:5)
    at _runTest (C:\Users\eposh\OneDrive\Desktop\Dikshant\jenkins\github-review-plugin\node_modules\jest-circus\build\run.js:252:3)
    at _runTestsForDescribeBlock (C:\Users\eposh\OneDrive\Desktop\Dikshant\jenkins\github-review-plugin\node_modules\jest-circus\build\run.js:126:9)
    at _runTestsForDescribeBlock (C:\Users\eposh\OneDrive\Desktop\Dikshant\jenkins\github-review-plugin\node_modules\jest-circus\build\run.js:121:9)
    at _runTestsForDescribeBlock (C:\Users\eposh\OneDrive\Desktop\Dikshant\jenkins\github-review-plugin\node_modules\jest-circus\build\run.js:121:9)
    at run (C:\Users\eposh\OneDrive\Desktop\Dikshant\jenkins\github-review-plugin\node_modules\jest-circus\build\run.js:71:3)
    at runAndTransformResultsToJestFormat (C:\Users\eposh\OneDrive\Desktop\Dikshant\jenkins\github-review-plugin\node_modules\jest-circus\build\legacy-code-todo-rewrite\jestAdapterInit.js:122:21)
    at jestAdapter (C:\Users\eposh\OneDrive\Desktop\Dikshant\jenkins\github-review-plugin\node_modules\jest-circus\build\legacy-code-todo-rewrite\jestAdapter.js:79:19)
    at runTestInternal (C:\Users\eposh\OneDrive\Desktop\Dikshant\jenkins\github-review-plugin\node_modules\jest-runner\build\runTest.js:367:16)
    at runTest (C:\Users\eposh\OneDrive\Desktop\Dikshant\jenkins\github-review-plugin\node_modules\jest-runner\build\runTest.js:444:34)
    at Object.worker (C:\Users\eposh\OneDrive\Desktop\Dikshant\jenkins\github-review-plugin\node_modules\jest-runner\build\testWorker.js:106:12)</failure>
    </testcase>
    <testcase classname="QualityGates ‚Ä∫ clearOverrideTracking" name="should clear all tracking data" time="0.017">
      <failure>TypeError: Cannot read properties of undefined (reading &apos;overrideTracking&apos;)
    at Object.overrideTracking (C:\Users\eposh\OneDrive\Desktop\Dikshant\jenkins\github-review-plugin\src\utils\quality-gates.test.js:355:28)
    at Promise.then.completed (C:\Users\eposh\OneDrive\Desktop\Dikshant\jenkins\github-review-plugin\node_modules\jest-circus\build\utils.js:298:28)
    at new Promise (&lt;anonymous&gt;)
    at callAsyncCircusFn (C:\Users\eposh\OneDrive\Desktop\Dikshant\jenkins\github-review-plugin\node_modules\jest-circus\build\utils.js:231:10)
    at _callCircusTest (C:\Users\eposh\OneDrive\Desktop\Dikshant\jenkins\github-review-plugin\node_modules\jest-circus\build\run.js:316:40)
    at processTicksAndRejections (node:internal/process/task_queues:105:5)
    at _runTest (C:\Users\eposh\OneDrive\Desktop\Dikshant\jenkins\github-review-plugin\node_modules\jest-circus\build\run.js:252:3)
    at _runTestsForDescribeBlock (C:\Users\eposh\OneDrive\Desktop\Dikshant\jenkins\github-review-plugin\node_modules\jest-circus\build\run.js:126:9)
    at _runTestsForDescribeBlock (C:\Users\eposh\OneDrive\Desktop\Dikshant\jenkins\github-review-plugin\node_modules\jest-circus\build\run.js:121:9)
    at _runTestsForDescribeBlock (C:\Users\eposh\OneDrive\Desktop\Dikshant\jenkins\github-review-plugin\node_modules\jest-circus\build\run.js:121:9)
    at run (C:\Users\eposh\OneDrive\Desktop\Dikshant\jenkins\github-review-plugin\node_modules\jest-circus\build\run.js:71:3)
    at runAndTransformResultsToJestFormat (C:\Users\eposh\OneDrive\Desktop\Dikshant\jenkins\github-review-plugin\node_modules\jest-circus\build\legacy-code-todo-rewrite\jestAdapterInit.js:122:21)
    at jestAdapter (C:\Users\eposh\OneDrive\Desktop\Dikshant\jenkins\github-review-plugin\node_modules\jest-circus\build\legacy-code-todo-rewrite\jestAdapter.js:79:19)
    at runTestInternal (C:\Users\eposh\OneDrive\Desktop\Dikshant\jenkins\github-review-plugin\node_modules\jest-runner\build\runTest.js:367:16)
    at runTest (C:\Users\eposh\OneDrive\Desktop\Dikshant\jenkins\github-review-plugin\node_modules\jest-runner\build\runTest.js:444:34)
    at Object.worker (C:\Users\eposh\OneDrive\Desktop\Dikshant\jenkins\github-review-plugin\node_modules\jest-runner\build\testWorker.js:106:12)</failure>
    </testcase>
    <testcase classname="QualityGates ‚Ä∫ clearOverrideTracking" name="should clear old tracking data" time="0.02">
      <failure>TypeError: Cannot read properties of undefined (reading &apos;overrideTracking&apos;)
    at Object.overrideTracking (C:\Users\eposh\OneDrive\Desktop\Dikshant\jenkins\github-review-plugin\src\utils\quality-gates.test.js:364:28)
    at Promise.then.completed (C:\Users\eposh\OneDrive\Desktop\Dikshant\jenkins\github-review-plugin\node_modules\jest-circus\build\utils.js:298:28)
    at new Promise (&lt;anonymous&gt;)
    at callAsyncCircusFn (C:\Users\eposh\OneDrive\Desktop\Dikshant\jenkins\github-review-plugin\node_modules\jest-circus\build\utils.js:231:10)
    at _callCircusTest (C:\Users\eposh\OneDrive\Desktop\Dikshant\jenkins\github-review-plugin\node_modules\jest-circus\build\run.js:316:40)
    at processTicksAndRejections (node:internal/process/task_queues:105:5)
    at _runTest (C:\Users\eposh\OneDrive\Desktop\Dikshant\jenkins\github-review-plugin\node_modules\jest-circus\build\run.js:252:3)
    at _runTestsForDescribeBlock (C:\Users\eposh\OneDrive\Desktop\Dikshant\jenkins\github-review-plugin\node_modules\jest-circus\build\run.js:126:9)
    at _runTestsForDescribeBlock (C:\Users\eposh\OneDrive\Desktop\Dikshant\jenkins\github-review-plugin\node_modules\jest-circus\build\run.js:121:9)
    at _runTestsForDescribeBlock (C:\Users\eposh\OneDrive\Desktop\Dikshant\jenkins\github-review-plugin\node_modules\jest-circus\build\run.js:121:9)
    at run (C:\Users\eposh\OneDrive\Desktop\Dikshant\jenkins\github-review-plugin\node_modules\jest-circus\build\run.js:71:3)
    at runAndTransformResultsToJestFormat (C:\Users\eposh\OneDrive\Desktop\Dikshant\jenkins\github-review-plugin\node_modules\jest-circus\build\legacy-code-todo-rewrite\jestAdapterInit.js:122:21)
    at jestAdapter (C:\Users\eposh\OneDrive\Desktop\Dikshant\jenkins\github-review-plugin\node_modules\jest-circus\build\legacy-code-todo-rewrite\jestAdapter.js:79:19)
    at runTestInternal (C:\Users\eposh\OneDrive\Desktop\Dikshant\jenkins\github-review-plugin\node_modules\jest-runner\build\runTest.js:367:16)
    at runTest (C:\Users\eposh\OneDrive\Desktop\Dikshant\jenkins\github-review-plugin\node_modules\jest-runner\build\runTest.js:444:34)
    at Object.worker (C:\Users\eposh\OneDrive\Desktop\Dikshant\jenkins\github-review-plugin\node_modules\jest-runner\build\testWorker.js:106:12)</failure>
    </testcase>
    <testcase classname="QualityGates ‚Ä∫ getConfigSummary" name="should return configuration summary" time="0.029">
      <failure>TypeError: qualityGates.getConfigSummary is not a function
    at Object.getConfigSummary (C:\Users\eposh\OneDrive\Desktop\Dikshant\jenkins\github-review-plugin\src\utils\quality-gates.test.js:376:36)
    at Promise.then.completed (C:\Users\eposh\OneDrive\Desktop\Dikshant\jenkins\github-review-plugin\node_modules\jest-circus\build\utils.js:298:28)
    at new Promise (&lt;anonymous&gt;)
    at callAsyncCircusFn (C:\Users\eposh\OneDrive\Desktop\Dikshant\jenkins\github-review-plugin\node_modules\jest-circus\build\utils.js:231:10)
    at _callCircusTest (C:\Users\eposh\OneDrive\Desktop\Dikshant\jenkins\github-review-plugin\node_modules\jest-circus\build\run.js:316:40)
    at processTicksAndRejections (node:internal/process/task_queues:105:5)
    at _runTest (C:\Users\eposh\OneDrive\Desktop\Dikshant\jenkins\github-review-plugin\node_modules\jest-circus\build\run.js:252:3)
    at _runTestsForDescribeBlock (C:\Users\eposh\OneDrive\Desktop\Dikshant\jenkins\github-review-plugin\node_modules\jest-circus\build\run.js:126:9)
    at _runTestsForDescribeBlock (C:\Users\eposh\OneDrive\Desktop\Dikshant\jenkins\github-review-plugin\node_modules\jest-circus\build\run.js:121:9)
    at _runTestsForDescribeBlock (C:\Users\eposh\OneDrive\Desktop\Dikshant\jenkins\github-review-plugin\node_modules\jest-circus\build\run.js:121:9)
    at run (C:\Users\eposh\OneDrive\Desktop\Dikshant\jenkins\github-review-plugin\node_modules\jest-circus\build\run.js:71:3)
    at runAndTransformResultsToJestFormat (C:\Users\eposh\OneDrive\Desktop\Dikshant\jenkins\github-review-plugin\node_modules\jest-circus\build\legacy-code-todo-rewrite\jestAdapterInit.js:122:21)
    at jestAdapter (C:\Users\eposh\OneDrive\Desktop\Dikshant\jenkins\github-review-plugin\node_modules\jest-circus\build\legacy-code-todo-rewrite\jestAdapter.js:79:19)
    at runTestInternal (C:\Users\eposh\OneDrive\Desktop\Dikshant\jenkins\github-review-plugin\node_modules\jest-runner\build\runTest.js:367:16)
    at runTest (C:\Users\eposh\OneDrive\Desktop\Dikshant\jenkins\github-review-plugin\node_modules\jest-runner\build\runTest.js:444:34)
    at Object.worker (C:\Users\eposh\OneDrive\Desktop\Dikshant\jenkins\github-review-plugin\node_modules\jest-runner\build\testWorker.js:106:12)</failure>
    </testcase>
    <testcase classname="QualityGates ‚Ä∫ logging methods" name="should log info messages when enabled" time="0.017">
      <failure>TypeError: qg.logInfo is not a function
    at Object.logInfo (C:\Users\eposh\OneDrive\Desktop\Dikshant\jenkins\github-review-plugin\src\utils\quality-gates.test.js:393:10)
    at Promise.then.completed (C:\Users\eposh\OneDrive\Desktop\Dikshant\jenkins\github-review-plugin\node_modules\jest-circus\build\utils.js:298:28)
    at new Promise (&lt;anonymous&gt;)
    at callAsyncCircusFn (C:\Users\eposh\OneDrive\Desktop\Dikshant\jenkins\github-review-plugin\node_modules\jest-circus\build\utils.js:231:10)
    at _callCircusTest (C:\Users\eposh\OneDrive\Desktop\Dikshant\jenkins\github-review-plugin\node_modules\jest-circus\build\run.js:316:40)
    at processTicksAndRejections (node:internal/process/task_queues:105:5)
    at _runTest (C:\Users\eposh\OneDrive\Desktop\Dikshant\jenkins\github-review-plugin\node_modules\jest-circus\build\run.js:252:3)
    at _runTestsForDescribeBlock (C:\Users\eposh\OneDrive\Desktop\Dikshant\jenkins\github-review-plugin\node_modules\jest-circus\build\run.js:126:9)
    at _runTestsForDescribeBlock (C:\Users\eposh\OneDrive\Desktop\Dikshant\jenkins\github-review-plugin\node_modules\jest-circus\build\run.js:121:9)
    at _runTestsForDescribeBlock (C:\Users\eposh\OneDrive\Desktop\Dikshant\jenkins\github-review-plugin\node_modules\jest-circus\build\run.js:121:9)
    at run (C:\Users\eposh\OneDrive\Desktop\Dikshant\jenkins\github-review-plugin\node_modules\jest-circus\build\run.js:71:3)
    at runAndTransformResultsToJestFormat (C:\Users\eposh\OneDrive\Desktop\Dikshant\jenkins\github-review-plugin\node_modules\jest-circus\build\legacy-code-todo-rewrite\jestAdapterInit.js:122:21)
    at jestAdapter (C:\Users\eposh\OneDrive\Desktop\Dikshant\jenkins\github-review-plugin\node_modules\jest-circus\build\legacy-code-todo-rewrite\jestAdapter.js:79:19)
    at runTestInternal (C:\Users\eposh\OneDrive\Desktop\Dikshant\jenkins\github-review-plugin\node_modules\jest-runner\build\runTest.js:367:16)
    at runTest (C:\Users\eposh\OneDrive\Desktop\Dikshant\jenkins\github-review-plugin\node_modules\jest-runner\build\runTest.js:444:34)
    at Object.worker (C:\Users\eposh\OneDrive\Desktop\Dikshant\jenkins\github-review-plugin\node_modules\jest-runner\build\testWorker.js:106:12)</failure>
    </testcase>
    <testcase classname="QualityGates ‚Ä∫ logging methods" name="should log warning messages when enabled" time="0.013">
      <failure>TypeError: qg.logWarning is not a function
    at Object.logWarning (C:\Users\eposh\OneDrive\Desktop\Dikshant\jenkins\github-review-plugin\src\utils\quality-gates.test.js:402:10)
    at Promise.then.completed (C:\Users\eposh\OneDrive\Desktop\Dikshant\jenkins\github-review-plugin\node_modules\jest-circus\build\utils.js:298:28)
    at new Promise (&lt;anonymous&gt;)
    at callAsyncCircusFn (C:\Users\eposh\OneDrive\Desktop\Dikshant\jenkins\github-review-plugin\node_modules\jest-circus\build\utils.js:231:10)
    at _callCircusTest (C:\Users\eposh\OneDrive\Desktop\Dikshant\jenkins\github-review-plugin\node_modules\jest-circus\build\run.js:316:40)
    at processTicksAndRejections (node:internal/process/task_queues:105:5)
    at _runTest (C:\Users\eposh\OneDrive\Desktop\Dikshant\jenkins\github-review-plugin\node_modules\jest-circus\build\run.js:252:3)
    at _runTestsForDescribeBlock (C:\Users\eposh\OneDrive\Desktop\Dikshant\jenkins\github-review-plugin\node_modules\jest-circus\build\run.js:126:9)
    at _runTestsForDescribeBlock (C:\Users\eposh\OneDrive\Desktop\Dikshant\jenkins\github-review-plugin\node_modules\jest-circus\build\run.js:121:9)
    at _runTestsForDescribeBlock (C:\Users\eposh\OneDrive\Desktop\Dikshant\jenkins\github-review-plugin\node_modules\jest-circus\build\run.js:121:9)
    at run (C:\Users\eposh\OneDrive\Desktop\Dikshant\jenkins\github-review-plugin\node_modules\jest-circus\build\run.js:71:3)
    at runAndTransformResultsToJestFormat (C:\Users\eposh\OneDrive\Desktop\Dikshant\jenkins\github-review-plugin\node_modules\jest-circus\build\legacy-code-todo-rewrite\jestAdapterInit.js:122:21)
    at jestAdapter (C:\Users\eposh\OneDrive\Desktop\Dikshant\jenkins\github-review-plugin\node_modules\jest-circus\build\legacy-code-todo-rewrite\jestAdapter.js:79:19)
    at runTestInternal (C:\Users\eposh\OneDrive\Desktop\Dikshant\jenkins\github-review-plugin\node_modules\jest-runner\build\runTest.js:367:16)
    at runTest (C:\Users\eposh\OneDrive\Desktop\Dikshant\jenkins\github-review-plugin\node_modules\jest-runner\build\runTest.js:444:34)
    at Object.worker (C:\Users\eposh\OneDrive\Desktop\Dikshant\jenkins\github-review-plugin\node_modules\jest-runner\build\testWorker.js:106:12)</failure>
    </testcase>
    <testcase classname="QualityGates ‚Ä∫ logging methods" name="should log error messages when enabled" time="0.016">
      <failure>TypeError: qg.logError is not a function
    at Object.logError (C:\Users\eposh\OneDrive\Desktop\Dikshant\jenkins\github-review-plugin\src\utils\quality-gates.test.js:411:10)
    at Promise.then.completed (C:\Users\eposh\OneDrive\Desktop\Dikshant\jenkins\github-review-plugin\node_modules\jest-circus\build\utils.js:298:28)
    at new Promise (&lt;anonymous&gt;)
    at callAsyncCircusFn (C:\Users\eposh\OneDrive\Desktop\Dikshant\jenkins\github-review-plugin\node_modules\jest-circus\build\utils.js:231:10)
    at _callCircusTest (C:\Users\eposh\OneDrive\Desktop\Dikshant\jenkins\github-review-plugin\node_modules\jest-circus\build\run.js:316:40)
    at processTicksAndRejections (node:internal/process/task_queues:105:5)
    at _runTest (C:\Users\eposh\OneDrive\Desktop\Dikshant\jenkins\github-review-plugin\node_modules\jest-circus\build\run.js:252:3)
    at _runTestsForDescribeBlock (C:\Users\eposh\OneDrive\Desktop\Dikshant\jenkins\github-review-plugin\node_modules\jest-circus\build\run.js:126:9)
    at _runTestsForDescribeBlock (C:\Users\eposh\OneDrive\Desktop\Dikshant\jenkins\github-review-plugin\node_modules\jest-circus\build\run.js:121:9)
    at _runTestsForDescribeBlock (C:\Users\eposh\OneDrive\Desktop\Dikshant\jenkins\github-review-plugin\node_modules\jest-circus\build\run.js:121:9)
    at run (C:\Users\eposh\OneDrive\Desktop\Dikshant\jenkins\github-review-plugin\node_modules\jest-circus\build\run.js:71:3)
    at runAndTransformResultsToJestFormat (C:\Users\eposh\OneDrive\Desktop\Dikshant\jenkins\github-review-plugin\node_modules\jest-circus\build\legacy-code-todo-rewrite\jestAdapterInit.js:122:21)
    at jestAdapter (C:\Users\eposh\OneDrive\Desktop\Dikshant\jenkins\github-review-plugin\node_modules\jest-circus\build\legacy-code-todo-rewrite\jestAdapter.js:79:19)
    at runTestInternal (C:\Users\eposh\OneDrive\Desktop\Dikshant\jenkins\github-review-plugin\node_modules\jest-runner\build\runTest.js:367:16)
    at runTest (C:\Users\eposh\OneDrive\Desktop\Dikshant\jenkins\github-review-plugin\node_modules\jest-runner\build\runTest.js:444:34)
    at Object.worker (C:\Users\eposh\OneDrive\Desktop\Dikshant\jenkins\github-review-plugin\node_modules\jest-runner\build\testWorker.js:106:12)</failure>
    </testcase>
    <testcase classname="QualityGates ‚Ä∫ logging methods" name="should not log when logging disabled" time="0.018">
      <failure>TypeError: qg.logInfo is not a function
    at Object.logInfo (C:\Users\eposh\OneDrive\Desktop\Dikshant\jenkins\github-review-plugin\src\utils\quality-gates.test.js:423:10)
    at Promise.then.completed (C:\Users\eposh\OneDrive\Desktop\Dikshant\jenkins\github-review-plugin\node_modules\jest-circus\build\utils.js:298:28)
    at new Promise (&lt;anonymous&gt;)
    at callAsyncCircusFn (C:\Users\eposh\OneDrive\Desktop\Dikshant\jenkins\github-review-plugin\node_modules\jest-circus\build\utils.js:231:10)
    at _callCircusTest (C:\Users\eposh\OneDrive\Desktop\Dikshant\jenkins\github-review-plugin\node_modules\jest-circus\build\run.js:316:40)
    at processTicksAndRejections (node:internal/process/task_queues:105:5)
    at _runTest (C:\Users\eposh\OneDrive\Desktop\Dikshant\jenkins\github-review-plugin\node_modules\jest-circus\build\run.js:252:3)
    at _runTestsForDescribeBlock (C:\Users\eposh\OneDrive\Desktop\Dikshant\jenkins\github-review-plugin\node_modules\jest-circus\build\run.js:126:9)
    at _runTestsForDescribeBlock (C:\Users\eposh\OneDrive\Desktop\Dikshant\jenkins\github-review-plugin\node_modules\jest-circus\build\run.js:121:9)
    at _runTestsForDescribeBlock (C:\Users\eposh\OneDrive\Desktop\Dikshant\jenkins\github-review-plugin\node_modules\jest-circus\build\run.js:121:9)
    at run (C:\Users\eposh\OneDrive\Desktop\Dikshant\jenkins\github-review-plugin\node_modules\jest-circus\build\run.js:71:3)
    at runAndTransformResultsToJestFormat (C:\Users\eposh\OneDrive\Desktop\Dikshant\jenkins\github-review-plugin\node_modules\jest-circus\build\legacy-code-todo-rewrite\jestAdapterInit.js:122:21)
    at jestAdapter (C:\Users\eposh\OneDrive\Desktop\Dikshant\jenkins\github-review-plugin\node_modules\jest-circus\build\legacy-code-todo-rewrite\jestAdapter.js:79:19)
    at runTestInternal (C:\Users\eposh\OneDrive\Desktop\Dikshant\jenkins\github-review-plugin\node_modules\jest-runner\build\runTest.js:367:16)
    at runTest (C:\Users\eposh\OneDrive\Desktop\Dikshant\jenkins\github-review-plugin\node_modules\jest-runner\build\runTest.js:444:34)
    at Object.worker (C:\Users\eposh\OneDrive\Desktop\Dikshant\jenkins\github-review-plugin\node_modules\jest-runner\build\testWorker.js:106:12)</failure>
    </testcase>
  </testsuite>
  <testsuite name="ConfigMigration" errors="0" failures="7" skipped="0" timestamp="2025-09-04T10:16:38" time="0.934" tests="33">
    <testcase classname="ConfigMigration ‚Ä∫ constructor" name="should initialize with default options" time="0.037">
    </testcase>
    <testcase classname="ConfigMigration ‚Ä∫ constructor" name="should initialize with custom options" time="0.008">
    </testcase>
    <testcase classname="ConfigMigration ‚Ä∫ checkMigrationNeeded" name="should return no migration needed for current version" time="0.007">
    </testcase>
    <testcase classname="ConfigMigration ‚Ä∫ checkMigrationNeeded" name="should return migration needed for older version" time="0.003">
    </testcase>
    <testcase classname="ConfigMigration ‚Ä∫ checkMigrationNeeded" name="should handle missing version field" time="0.001">
    </testcase>
    <testcase classname="ConfigMigration ‚Ä∫ checkMigrationNeeded" name="should handle file read errors" time="0.001">
    </testcase>
    <testcase classname="ConfigMigration ‚Ä∫ getAvailableMigrations" name="should return empty array for current version" time="0.001">
    </testcase>
    <testcase classname="ConfigMigration ‚Ä∫ getAvailableMigrations" name="should return migrations for version 1.0" time="0.001">
    </testcase>
    <testcase classname="ConfigMigration ‚Ä∫ getAvailableMigrations" name="should return migrations for version 1.1" time="0">
    </testcase>
    <testcase classname="ConfigMigration ‚Ä∫ getAvailableMigrations" name="should return empty array for unsupported version" time="0.003">
    </testcase>
    <testcase classname="ConfigMigration ‚Ä∫ performMigration" name="should migrate from 1.0 to 1.1" time="0.024">
    </testcase>
    <testcase classname="ConfigMigration ‚Ä∫ performMigration" name="should migrate from 1.1 to 1.2" time="0.007">
    </testcase>
    <testcase classname="ConfigMigration ‚Ä∫ performMigration" name="should handle unknown migration path" time="0.006">
    </testcase>
    <testcase classname="ConfigMigration ‚Ä∫ migrateFrom1_0To1_1" name="should add logging and monitoring configuration" time="0.002">
    </testcase>
    <testcase classname="ConfigMigration ‚Ä∫ migrateFrom1_0To1_1" name="should preserve existing configuration" time="0">
    </testcase>
    <testcase classname="ConfigMigration ‚Ä∫ migrateFrom1_1To1_2" name="should add security and quality gates configuration" time="0.003">
    </testcase>
    <testcase classname="ConfigMigration ‚Ä∫ migrateFrom1_1To1_2" name="should preserve existing configuration" time="0">
    </testcase>
    <testcase classname="ConfigMigration ‚Ä∫ getMigrationChanges" name="should detect added fields" time="0.019">
      <failure>Error: expect(received).toHaveLength(expected)

Expected length: 0
Received length: 1
Received array:  [&quot;version&quot;]
    at Object.toHaveLength (C:\Users\eposh\OneDrive\Desktop\Dikshant\jenkins\github-review-plugin\src\utils\config-migration.test.js:288:32)
    at Promise.then.completed (C:\Users\eposh\OneDrive\Desktop\Dikshant\jenkins\github-review-plugin\node_modules\jest-circus\build\utils.js:298:28)
    at new Promise (&lt;anonymous&gt;)
    at callAsyncCircusFn (C:\Users\eposh\OneDrive\Desktop\Dikshant\jenkins\github-review-plugin\node_modules\jest-circus\build\utils.js:231:10)
    at _callCircusTest (C:\Users\eposh\OneDrive\Desktop\Dikshant\jenkins\github-review-plugin\node_modules\jest-circus\build\run.js:316:40)
    at processTicksAndRejections (node:internal/process/task_queues:105:5)
    at _runTest (C:\Users\eposh\OneDrive\Desktop\Dikshant\jenkins\github-review-plugin\node_modules\jest-circus\build\run.js:252:3)
    at _runTestsForDescribeBlock (C:\Users\eposh\OneDrive\Desktop\Dikshant\jenkins\github-review-plugin\node_modules\jest-circus\build\run.js:126:9)
    at _runTestsForDescribeBlock (C:\Users\eposh\OneDrive\Desktop\Dikshant\jenkins\github-review-plugin\node_modules\jest-circus\build\run.js:121:9)
    at _runTestsForDescribeBlock (C:\Users\eposh\OneDrive\Desktop\Dikshant\jenkins\github-review-plugin\node_modules\jest-circus\build\run.js:121:9)
    at run (C:\Users\eposh\OneDrive\Desktop\Dikshant\jenkins\github-review-plugin\node_modules\jest-circus\build\run.js:71:3)
    at runAndTransformResultsToJestFormat (C:\Users\eposh\OneDrive\Desktop\Dikshant\jenkins\github-review-plugin\node_modules\jest-circus\build\legacy-code-todo-rewrite\jestAdapterInit.js:122:21)
    at jestAdapter (C:\Users\eposh\OneDrive\Desktop\Dikshant\jenkins\github-review-plugin\node_modules\jest-circus\build\legacy-code-todo-rewrite\jestAdapter.js:79:19)
    at runTestInternal (C:\Users\eposh\OneDrive\Desktop\Dikshant\jenkins\github-review-plugin\node_modules\jest-runner\build\runTest.js:367:16)
    at runTest (C:\Users\eposh\OneDrive\Desktop\Dikshant\jenkins\github-review-plugin\node_modules\jest-runner\build\runTest.js:444:34)
    at Object.worker (C:\Users\eposh\OneDrive\Desktop\Dikshant\jenkins\github-review-plugin\node_modules\jest-runner\build\testWorker.js:106:12)</failure>
    </testcase>
    <testcase classname="ConfigMigration ‚Ä∫ getMigrationChanges" name="should detect modified fields" time="0.001">
    </testcase>
    <testcase classname="ConfigMigration ‚Ä∫ getMigrationChanges" name="should detect removed fields" time="0.001">
      <failure>Error: expect(received).toHaveLength(expected)

Expected length: 0
Received length: 1
Received array:  [&quot;version&quot;]
    at Object.toHaveLength (C:\Users\eposh\OneDrive\Desktop\Dikshant\jenkins\github-review-plugin\src\utils\config-migration.test.js:310:32)
    at Promise.then.completed (C:\Users\eposh\OneDrive\Desktop\Dikshant\jenkins\github-review-plugin\node_modules\jest-circus\build\utils.js:298:28)
    at new Promise (&lt;anonymous&gt;)
    at callAsyncCircusFn (C:\Users\eposh\OneDrive\Desktop\Dikshant\jenkins\github-review-plugin\node_modules\jest-circus\build\utils.js:231:10)
    at _callCircusTest (C:\Users\eposh\OneDrive\Desktop\Dikshant\jenkins\github-review-plugin\node_modules\jest-circus\build\run.js:316:40)
    at processTicksAndRejections (node:internal/process/task_queues:105:5)
    at _runTest (C:\Users\eposh\OneDrive\Desktop\Dikshant\jenkins\github-review-plugin\node_modules\jest-circus\build\run.js:252:3)
    at _runTestsForDescribeBlock (C:\Users\eposh\OneDrive\Desktop\Dikshant\jenkins\github-review-plugin\node_modules\jest-circus\build\run.js:126:9)
    at _runTestsForDescribeBlock (C:\Users\eposh\OneDrive\Desktop\Dikshant\jenkins\github-review-plugin\node_modules\jest-circus\build\run.js:121:9)
    at _runTestsForDescribeBlock (C:\Users\eposh\OneDrive\Desktop\Dikshant\jenkins\github-review-plugin\node_modules\jest-circus\build\run.js:121:9)
    at run (C:\Users\eposh\OneDrive\Desktop\Dikshant\jenkins\github-review-plugin\node_modules\jest-circus\build\run.js:71:3)
    at runAndTransformResultsToJestFormat (C:\Users\eposh\OneDrive\Desktop\Dikshant\jenkins\github-review-plugin\node_modules\jest-circus\build\legacy-code-todo-rewrite\jestAdapterInit.js:122:21)
    at jestAdapter (C:\Users\eposh\OneDrive\Desktop\Dikshant\jenkins\github-review-plugin\node_modules\jest-circus\build\legacy-code-todo-rewrite\jestAdapter.js:79:19)
    at runTestInternal (C:\Users\eposh\OneDrive\Desktop\Dikshant\jenkins\github-review-plugin\node_modules\jest-runner\build\runTest.js:367:16)
    at runTest (C:\Users\eposh\OneDrive\Desktop\Dikshant\jenkins\github-review-plugin\node_modules\jest-runner\build\runTest.js:444:34)
    at Object.worker (C:\Users\eposh\OneDrive\Desktop\Dikshant\jenkins\github-review-plugin\node_modules\jest-runner\build\testWorker.js:106:12)</failure>
    </testcase>
    <testcase classname="ConfigMigration ‚Ä∫ getMigrationChanges" name="should handle nested objects" time="0.002">
      <failure>Error: expect(received).toContain(expected) // indexOf

Expected value: &quot;settings.maxConnections&quot;
Received array: []
    at Object.toContain (C:\Users\eposh\OneDrive\Desktop\Dikshant\jenkins\github-review-plugin\src\utils\config-migration.test.js:326:29)
    at Promise.then.completed (C:\Users\eposh\OneDrive\Desktop\Dikshant\jenkins\github-review-plugin\node_modules\jest-circus\build\utils.js:298:28)
    at new Promise (&lt;anonymous&gt;)
    at callAsyncCircusFn (C:\Users\eposh\OneDrive\Desktop\Dikshant\jenkins\github-review-plugin\node_modules\jest-circus\build\utils.js:231:10)
    at _callCircusTest (C:\Users\eposh\OneDrive\Desktop\Dikshant\jenkins\github-review-plugin\node_modules\jest-circus\build\run.js:316:40)
    at processTicksAndRejections (node:internal/process/task_queues:105:5)
    at _runTest (C:\Users\eposh\OneDrive\Desktop\Dikshant\jenkins\github-review-plugin\node_modules\jest-circus\build\run.js:252:3)
    at _runTestsForDescribeBlock (C:\Users\eposh\OneDrive\Desktop\Dikshant\jenkins\github-review-plugin\node_modules\jest-circus\build\run.js:126:9)
    at _runTestsForDescribeBlock (C:\Users\eposh\OneDrive\Desktop\Dikshant\jenkins\github-review-plugin\node_modules\jest-circus\build\run.js:121:9)
    at _runTestsForDescribeBlock (C:\Users\eposh\OneDrive\Desktop\Dikshant\jenkins\github-review-plugin\node_modules\jest-circus\build\run.js:121:9)
    at run (C:\Users\eposh\OneDrive\Desktop\Dikshant\jenkins\github-review-plugin\node_modules\jest-circus\build\run.js:71:3)
    at runAndTransformResultsToJestFormat (C:\Users\eposh\OneDrive\Desktop\Dikshant\jenkins\github-review-plugin\node_modules\jest-circus\build\legacy-code-todo-rewrite\jestAdapterInit.js:122:21)
    at jestAdapter (C:\Users\eposh\OneDrive\Desktop\Dikshant\jenkins\github-review-plugin\node_modules\jest-circus\build\legacy-code-todo-rewrite\jestAdapter.js:79:19)
    at runTestInternal (C:\Users\eposh\OneDrive\Desktop\Dikshant\jenkins\github-review-plugin\node_modules\jest-runner\build\runTest.js:367:16)
    at runTest (C:\Users\eposh\OneDrive\Desktop\Dikshant\jenkins\github-review-plugin\node_modules\jest-runner\build\runTest.js:444:34)
    at Object.worker (C:\Users\eposh\OneDrive\Desktop\Dikshant\jenkins\github-review-plugin\node_modules\jest-runner\build\testWorker.js:106:12)</failure>
    </testcase>
    <testcase classname="ConfigMigration ‚Ä∫ createBackup" name="should create backup directory if it does not exist" time="0.01">
      <failure>Error: expect(jest.fn()).toHaveBeenCalledWith(...expected)

- Expected
+ Received

- &quot;.backup&quot;,
+ &quot;C:\\Users\\eposh\\OneDrive\\Desktop\\Dikshant\\jenkins\\github-review-plugin\\.backup&quot;,
  {&quot;recursive&quot;: true},

Number of calls: 1
    at Object.toHaveBeenCalledWith (C:\Users\eposh\OneDrive\Desktop\Dikshant\jenkins\github-review-plugin\src\utils\config-migration.test.js:342:28)
    at processTicksAndRejections (node:internal/process/task_queues:105:5)</failure>
    </testcase>
    <testcase classname="ConfigMigration ‚Ä∫ createBackup" name="should not create backup in dry run mode" time="0.019">
      <failure>Error: expect(received).toMatch(expected)

Expected pattern: /\.backup\/config-\d{4}-\d{2}-\d{2}T\d{2}-\d{2}-\d{2}-\d{3}Z\.yml$/
Received string:  &quot;C:\\Users\\eposh\\OneDrive\\Desktop\\Dikshant\\jenkins\\github-review-plugin\\.backup\\config-2025-09-04T10-16-39-599Z.yml&quot;
    at Object.toMatch (C:\Users\eposh\OneDrive\Desktop\Dikshant\jenkins\github-review-plugin\src\utils\config-migration.test.js:358:26)
    at processTicksAndRejections (node:internal/process/task_queues:105:5)</failure>
    </testcase>
    <testcase classname="ConfigMigration ‚Ä∫ loadConfig and saveConfig" name="should load YAML configuration" time="0.002">
    </testcase>
    <testcase classname="ConfigMigration ‚Ä∫ loadConfig and saveConfig" name="should load JSON configuration" time="0.001">
    </testcase>
    <testcase classname="ConfigMigration ‚Ä∫ loadConfig and saveConfig" name="should throw error for unsupported format" time="0.024">
    </testcase>
    <testcase classname="ConfigMigration ‚Ä∫ loadConfig and saveConfig" name="should save YAML configuration" time="0.007">
      <failure>Error: expect(jest.fn()).toHaveBeenCalledWith(...expected)

Expected: &quot;/test/config.yml&quot;, StringContaining &quot;version: \&quot;1.0\&quot;&quot;
Received: &quot;/test/config.yml&quot;, &quot;version: &apos;1.0&apos;
enabled: true
&quot;

Number of calls: 1
    at Object.toHaveBeenCalledWith (C:\Users\eposh\OneDrive\Desktop\Dikshant\jenkins\github-review-plugin\src\utils\config-migration.test.js:403:32)
    at Promise.then.completed (C:\Users\eposh\OneDrive\Desktop\Dikshant\jenkins\github-review-plugin\node_modules\jest-circus\build\utils.js:298:28)
    at new Promise (&lt;anonymous&gt;)
    at callAsyncCircusFn (C:\Users\eposh\OneDrive\Desktop\Dikshant\jenkins\github-review-plugin\node_modules\jest-circus\build\utils.js:231:10)
    at _callCircusTest (C:\Users\eposh\OneDrive\Desktop\Dikshant\jenkins\github-review-plugin\node_modules\jest-circus\build\run.js:316:40)
    at processTicksAndRejections (node:internal/process/task_queues:105:5)
    at _runTest (C:\Users\eposh\OneDrive\Desktop\Dikshant\jenkins\github-review-plugin\node_modules\jest-circus\build\run.js:252:3)
    at _runTestsForDescribeBlock (C:\Users\eposh\OneDrive\Desktop\Dikshant\jenkins\github-review-plugin\node_modules\jest-circus\build\run.js:126:9)
    at _runTestsForDescribeBlock (C:\Users\eposh\OneDrive\Desktop\Dikshant\jenkins\github-review-plugin\node_modules\jest-circus\build\run.js:121:9)
    at _runTestsForDescribeBlock (C:\Users\eposh\OneDrive\Desktop\Dikshant\jenkins\github-review-plugin\node_modules\jest-circus\build\run.js:121:9)
    at run (C:\Users\eposh\OneDrive\Desktop\Dikshant\jenkins\github-review-plugin\node_modules\jest-circus\build\run.js:71:3)
    at runAndTransformResultsToJestFormat (C:\Users\eposh\OneDrive\Desktop\Dikshant\jenkins\github-review-plugin\node_modules\jest-circus\build\legacy-code-todo-rewrite\jestAdapterInit.js:122:21)
    at jestAdapter (C:\Users\eposh\OneDrive\Desktop\Dikshant\jenkins\github-review-plugin\node_modules\jest-circus\build\legacy-code-todo-rewrite\jestAdapter.js:79:19)
    at runTestInternal (C:\Users\eposh\OneDrive\Desktop\Dikshant\jenkins\github-review-plugin\node_modules\jest-runner\build\runTest.js:367:16)
    at runTest (C:\Users\eposh\OneDrive\Desktop\Dikshant\jenkins\github-review-plugin\node_modules\jest-runner\build\runTest.js:444:34)
    at Object.worker (C:\Users\eposh\OneDrive\Desktop\Dikshant\jenkins\github-review-plugin\node_modules\jest-runner\build\testWorker.js:106:12)</failure>
    </testcase>
    <testcase classname="ConfigMigration ‚Ä∫ loadConfig and saveConfig" name="should save JSON configuration" time="0.001">
    </testcase>
    <testcase classname="ConfigMigration ‚Ä∫ findConfigFiles" name="should find configuration files in directory" time="0.001">
      <failure>Error: expect(received).toContain(expected) // indexOf

Expected value: &quot;/test/config/config.yml&quot;
Received array: [&quot;\\test\\config\\config.yml&quot;, &quot;\\test\\config\\email-config.yaml&quot;, &quot;\\test\\config\\settings.json&quot;]
    at Object.toContain (C:\Users\eposh\OneDrive\Desktop\Dikshant\jenkins\github-review-plugin\src\utils\config-migration.test.js:439:27)
    at Promise.then.completed (C:\Users\eposh\OneDrive\Desktop\Dikshant\jenkins\github-review-plugin\node_modules\jest-circus\build\utils.js:298:28)
    at new Promise (&lt;anonymous&gt;)
    at callAsyncCircusFn (C:\Users\eposh\OneDrive\Desktop\Dikshant\jenkins\github-review-plugin\node_modules\jest-circus\build\utils.js:231:10)
    at _callCircusTest (C:\Users\eposh\OneDrive\Desktop\Dikshant\jenkins\github-review-plugin\node_modules\jest-circus\build\run.js:316:40)
    at processTicksAndRejections (node:internal/process/task_queues:105:5)
    at _runTest (C:\Users\eposh\OneDrive\Desktop\Dikshant\jenkins\github-review-plugin\node_modules\jest-circus\build\run.js:252:3)
    at _runTestsForDescribeBlock (C:\Users\eposh\OneDrive\Desktop\Dikshant\jenkins\github-review-plugin\node_modules\jest-circus\build\run.js:126:9)
    at _runTestsForDescribeBlock (C:\Users\eposh\OneDrive\Desktop\Dikshant\jenkins\github-review-plugin\node_modules\jest-circus\build\run.js:121:9)
    at _runTestsForDescribeBlock (C:\Users\eposh\OneDrive\Desktop\Dikshant\jenkins\github-review-plugin\node_modules\jest-circus\build\run.js:121:9)
    at run (C:\Users\eposh\OneDrive\Desktop\Dikshant\jenkins\github-review-plugin\node_modules\jest-circus\build\run.js:71:3)
    at runAndTransformResultsToJestFormat (C:\Users\eposh\OneDrive\Desktop\Dikshant\jenkins\github-review-plugin\node_modules\jest-circus\build\legacy-code-todo-rewrite\jestAdapterInit.js:122:21)
    at jestAdapter (C:\Users\eposh\OneDrive\Desktop\Dikshant\jenkins\github-review-plugin\node_modules\jest-circus\build\legacy-code-todo-rewrite\jestAdapter.js:79:19)
    at runTestInternal (C:\Users\eposh\OneDrive\Desktop\Dikshant\jenkins\github-review-plugin\node_modules\jest-runner\build\runTest.js:367:16)
    at runTest (C:\Users\eposh\OneDrive\Desktop\Dikshant\jenkins\github-review-plugin\node_modules\jest-runner\build\runTest.js:444:34)
    at Object.worker (C:\Users\eposh\OneDrive\Desktop\Dikshant\jenkins\github-review-plugin\node_modules\jest-runner\build\testWorker.js:106:12)</failure>
    </testcase>
    <testcase classname="ConfigMigration ‚Ä∫ findConfigFiles" name="should return empty array for non-existent directory" time="0">
    </testcase>
    <testcase classname="ConfigMigration ‚Ä∫ rollbackConfig" name="should rollback to previous version" time="0.043">
    </testcase>
    <testcase classname="ConfigMigration ‚Ä∫ rollbackConfig" name="should handle missing migration history" time="0.007">
    </testcase>
    <testcase classname="ConfigMigration ‚Ä∫ rollbackConfig" name="should handle missing backup file" time="0.012">
    </testcase>
  </testsuite>
  <testsuite name="MetricsAggregator" errors="0" failures="1" skipped="0" timestamp="2025-09-04T10:16:39" time="0.65" tests="30">
    <testcase classname="MetricsAggregator ‚Ä∫ constructor" name="should initialize with default config" time="0.003">
    </testcase>
    <testcase classname="MetricsAggregator ‚Ä∫ constructor" name="should initialize with custom config" time="0.001">
    </testcase>
    <testcase classname="MetricsAggregator ‚Ä∫ calculatePercentiles" name="should return default values for empty data" time="0.002">
    </testcase>
    <testcase classname="MetricsAggregator ‚Ä∫ calculatePercentiles" name="should calculate percentiles for response time data" time="0.018">
      <failure>Error: expect(received).toBe(expected) // Object.is equality

Expected: 4950
Received: 4960
    at Object.toBe (C:\Users\eposh\OneDrive\Desktop\Dikshant\jenkins\github-review-plugin\src\utils\metrics-aggregator.test.js:88:26)
    at Promise.then.completed (C:\Users\eposh\OneDrive\Desktop\Dikshant\jenkins\github-review-plugin\node_modules\jest-circus\build\utils.js:298:28)
    at new Promise (&lt;anonymous&gt;)
    at callAsyncCircusFn (C:\Users\eposh\OneDrive\Desktop\Dikshant\jenkins\github-review-plugin\node_modules\jest-circus\build\utils.js:231:10)
    at _callCircusTest (C:\Users\eposh\OneDrive\Desktop\Dikshant\jenkins\github-review-plugin\node_modules\jest-circus\build\run.js:316:40)
    at processTicksAndRejections (node:internal/process/task_queues:105:5)
    at _runTest (C:\Users\eposh\OneDrive\Desktop\Dikshant\jenkins\github-review-plugin\node_modules\jest-circus\build\run.js:252:3)
    at _runTestsForDescribeBlock (C:\Users\eposh\OneDrive\Desktop\Dikshant\jenkins\github-review-plugin\node_modules\jest-circus\build\run.js:126:9)
    at _runTestsForDescribeBlock (C:\Users\eposh\OneDrive\Desktop\Dikshant\jenkins\github-review-plugin\node_modules\jest-circus\build\run.js:121:9)
    at _runTestsForDescribeBlock (C:\Users\eposh\OneDrive\Desktop\Dikshant\jenkins\github-review-plugin\node_modules\jest-circus\build\run.js:121:9)
    at run (C:\Users\eposh\OneDrive\Desktop\Dikshant\jenkins\github-review-plugin\node_modules\jest-circus\build\run.js:71:3)
    at runAndTransformResultsToJestFormat (C:\Users\eposh\OneDrive\Desktop\Dikshant\jenkins\github-review-plugin\node_modules\jest-circus\build\legacy-code-todo-rewrite\jestAdapterInit.js:122:21)
    at jestAdapter (C:\Users\eposh\OneDrive\Desktop\Dikshant\jenkins\github-review-plugin\node_modules\jest-circus\build\legacy-code-todo-rewrite\jestAdapter.js:79:19)
    at runTestInternal (C:\Users\eposh\OneDrive\Desktop\Dikshant\jenkins\github-review-plugin\node_modules\jest-runner\build\runTest.js:367:16)
    at runTest (C:\Users\eposh\OneDrive\Desktop\Dikshant\jenkins\github-review-plugin\node_modules\jest-runner\build\runTest.js:444:34)
    at Object.worker (C:\Users\eposh\OneDrive\Desktop\Dikshant\jenkins\github-review-plugin\node_modules\jest-runner\build\testWorker.js:106:12)</failure>
    </testcase>
    <testcase classname="MetricsAggregator ‚Ä∫ calculatePercentiles" name="should filter out invalid values" time="0.001">
    </testcase>
    <testcase classname="MetricsAggregator ‚Ä∫ calculatePercentiles" name="should handle single value" time="0.001">
    </testcase>
    <testcase classname="MetricsAggregator ‚Ä∫ calculatePercentile" name="should calculate exact percentile for single value" time="0.002">
    </testcase>
    <testcase classname="MetricsAggregator ‚Ä∫ calculatePercentile" name="should calculate interpolated percentile" time="0.001">
    </testcase>
    <testcase classname="MetricsAggregator ‚Ä∫ calculatePercentile" name="should handle edge cases" time="0.001">
    </testcase>
    <testcase classname="MetricsAggregator ‚Ä∫ generatePerformanceReport" name="should generate performance report with default options" time="0.008">
    </testcase>
    <testcase classname="MetricsAggregator ‚Ä∫ generatePerformanceReport" name="should use cache for repeated requests" time="0.002">
    </testcase>
    <testcase classname="MetricsAggregator ‚Ä∫ generatePerformanceReport" name="should filter by model" time="0.009">
    </testcase>
    <testcase classname="MetricsAggregator ‚Ä∫ generatePerformanceReport" name="should filter by environment" time="0.001">
    </testcase>
    <testcase classname="MetricsAggregator ‚Ä∫ generatePerformanceReport" name="should handle file read errors gracefully" time="0.093">
    </testcase>
    <testcase classname="MetricsAggregator ‚Ä∫ calculateTrends" name="should return insufficient data for single metric" time="0.001">
    </testcase>
    <testcase classname="MetricsAggregator ‚Ä∫ calculateTrends" name="should calculate trends for multiple days" time="0.002">
    </testcase>
    <testcase classname="MetricsAggregator ‚Ä∫ calculateTrends" name="should identify stable trends" time="0.064">
    </testcase>
    <testcase classname="MetricsAggregator ‚Ä∫ generateInsights" name="should return default insight for empty data" time="0.005">
    </testcase>
    <testcase classname="MetricsAggregator ‚Ä∫ generateInsights" name="should generate performance insights for slow response times" time="0.002">
    </testcase>
    <testcase classname="MetricsAggregator ‚Ä∫ generateInsights" name="should generate quality insights for low quality scores" time="0.002">
    </testcase>
    <testcase classname="MetricsAggregator ‚Ä∫ generateInsights" name="should generate cost insights for high costs" time="0">
    </testcase>
    <testcase classname="MetricsAggregator ‚Ä∫ generateInsights" name="should generate efficiency insights for low efficiency scores" time="0.001">
    </testcase>
    <testcase classname="MetricsAggregator ‚Ä∫ generateInsights" name="should generate failure rate insights" time="0.001">
    </testcase>
    <testcase classname="MetricsAggregator ‚Ä∫ generateRecommendations" name="should return default recommendation for empty data" time="0">
    </testcase>
    <testcase classname="MetricsAggregator ‚Ä∫ generateRecommendations" name="should generate performance recommendations for slow reviews" time="0">
    </testcase>
    <testcase classname="MetricsAggregator ‚Ä∫ generateRecommendations" name="should generate quality recommendations for low quality reviews" time="0">
    </testcase>
    <testcase classname="MetricsAggregator ‚Ä∫ generateRecommendations" name="should generate cost recommendations for expensive reviews" time="0.001">
    </testcase>
    <testcase classname="MetricsAggregator ‚Ä∫ generateRecommendations" name="should generate model standardization recommendations" time="0.001">
    </testcase>
    <testcase classname="MetricsAggregator ‚Ä∫ cache management" name="should clear cache" time="0">
    </testcase>
    <testcase classname="MetricsAggregator ‚Ä∫ cache management" name="should get cache statistics" time="0.001">
    </testcase>
  </testsuite>
  <testsuite name="BranchDetector" errors="0" failures="17" skipped="0" timestamp="2025-09-04T10:16:41" time="0.521" tests="17">
    <testcase classname="BranchDetector ‚Ä∫ detectBranches" name="should detect push event branches correctly" time="0.003">
      <failure>TypeError: core.info is not a function
    at new info (C:\Users\eposh\OneDrive\Desktop\Dikshant\jenkins\github-review-plugin\src\utils\branch-detector.js:11:10)
    at Object.&lt;anonymous&gt; (C:\Users\eposh\OneDrive\Desktop\Dikshant\jenkins\github-review-plugin\src\utils\branch-detector.test.js:42:22)
    at Promise.then.completed (C:\Users\eposh\OneDrive\Desktop\Dikshant\jenkins\github-review-plugin\node_modules\jest-circus\build\utils.js:298:28)
    at new Promise (&lt;anonymous&gt;)
    at callAsyncCircusFn (C:\Users\eposh\OneDrive\Desktop\Dikshant\jenkins\github-review-plugin\node_modules\jest-circus\build\utils.js:231:10)
    at _callCircusHook (C:\Users\eposh\OneDrive\Desktop\Dikshant\jenkins\github-review-plugin\node_modules\jest-circus\build\run.js:281:40)
    at processTicksAndRejections (node:internal/process/task_queues:105:5)
    at _runTest (C:\Users\eposh\OneDrive\Desktop\Dikshant\jenkins\github-review-plugin\node_modules\jest-circus\build\run.js:246:5)
    at _runTestsForDescribeBlock (C:\Users\eposh\OneDrive\Desktop\Dikshant\jenkins\github-review-plugin\node_modules\jest-circus\build\run.js:126:9)
    at _runTestsForDescribeBlock (C:\Users\eposh\OneDrive\Desktop\Dikshant\jenkins\github-review-plugin\node_modules\jest-circus\build\run.js:121:9)
    at _runTestsForDescribeBlock (C:\Users\eposh\OneDrive\Desktop\Dikshant\jenkins\github-review-plugin\node_modules\jest-circus\build\run.js:121:9)
    at run (C:\Users\eposh\OneDrive\Desktop\Dikshant\jenkins\github-review-plugin\node_modules\jest-circus\build\run.js:71:3)
    at runAndTransformResultsToJestFormat (C:\Users\eposh\OneDrive\Desktop\Dikshant\jenkins\github-review-plugin\node_modules\jest-circus\build\legacy-code-todo-rewrite\jestAdapterInit.js:122:21)
    at jestAdapter (C:\Users\eposh\OneDrive\Desktop\Dikshant\jenkins\github-review-plugin\node_modules\jest-circus\build\legacy-code-todo-rewrite\jestAdapter.js:79:19)
    at runTestInternal (C:\Users\eposh\OneDrive\Desktop\Dikshant\jenkins\github-review-plugin\node_modules\jest-runner\build\runTest.js:367:16)
    at runTest (C:\Users\eposh\OneDrive\Desktop\Dikshant\jenkins\github-review-plugin\node_modules\jest-runner\build\runTest.js:444:34)
    at Object.worker (C:\Users\eposh\OneDrive\Desktop\Dikshant\jenkins\github-review-plugin\node_modules\jest-runner\build\testWorker.js:106:12)</failure>
    </testcase>
    <testcase classname="BranchDetector ‚Ä∫ detectBranches" name="should detect pull request event branches correctly" time="0.001">
      <failure>TypeError: core.info is not a function
    at new info (C:\Users\eposh\OneDrive\Desktop\Dikshant\jenkins\github-review-plugin\src\utils\branch-detector.js:11:10)
    at Object.&lt;anonymous&gt; (C:\Users\eposh\OneDrive\Desktop\Dikshant\jenkins\github-review-plugin\src\utils\branch-detector.test.js:42:22)
    at Promise.then.completed (C:\Users\eposh\OneDrive\Desktop\Dikshant\jenkins\github-review-plugin\node_modules\jest-circus\build\utils.js:298:28)
    at new Promise (&lt;anonymous&gt;)
    at callAsyncCircusFn (C:\Users\eposh\OneDrive\Desktop\Dikshant\jenkins\github-review-plugin\node_modules\jest-circus\build\utils.js:231:10)
    at _callCircusHook (C:\Users\eposh\OneDrive\Desktop\Dikshant\jenkins\github-review-plugin\node_modules\jest-circus\build\run.js:281:40)
    at processTicksAndRejections (node:internal/process/task_queues:105:5)
    at _runTest (C:\Users\eposh\OneDrive\Desktop\Dikshant\jenkins\github-review-plugin\node_modules\jest-circus\build\run.js:246:5)
    at _runTestsForDescribeBlock (C:\Users\eposh\OneDrive\Desktop\Dikshant\jenkins\github-review-plugin\node_modules\jest-circus\build\run.js:126:9)
    at _runTestsForDescribeBlock (C:\Users\eposh\OneDrive\Desktop\Dikshant\jenkins\github-review-plugin\node_modules\jest-circus\build\run.js:121:9)
    at _runTestsForDescribeBlock (C:\Users\eposh\OneDrive\Desktop\Dikshant\jenkins\github-review-plugin\node_modules\jest-circus\build\run.js:121:9)
    at run (C:\Users\eposh\OneDrive\Desktop\Dikshant\jenkins\github-review-plugin\node_modules\jest-circus\build\run.js:71:3)
    at runAndTransformResultsToJestFormat (C:\Users\eposh\OneDrive\Desktop\Dikshant\jenkins\github-review-plugin\node_modules\jest-circus\build\legacy-code-todo-rewrite\jestAdapterInit.js:122:21)
    at jestAdapter (C:\Users\eposh\OneDrive\Desktop\Dikshant\jenkins\github-review-plugin\node_modules\jest-circus\build\legacy-code-todo-rewrite\jestAdapter.js:79:19)
    at runTestInternal (C:\Users\eposh\OneDrive\Desktop\Dikshant\jenkins\github-review-plugin\node_modules\jest-runner\build\runTest.js:367:16)
    at runTest (C:\Users\eposh\OneDrive\Desktop\Dikshant\jenkins\github-review-plugin\node_modules\jest-runner\build\runTest.js:444:34)
    at Object.worker (C:\Users\eposh\OneDrive\Desktop\Dikshant\jenkins\github-review-plugin\node_modules\jest-runner\build\testWorker.js:106:12)</failure>
    </testcase>
    <testcase classname="BranchDetector ‚Ä∫ detectBranches" name="should detect manual workflow dispatch branches correctly" time="0">
      <failure>TypeError: core.info is not a function
    at new info (C:\Users\eposh\OneDrive\Desktop\Dikshant\jenkins\github-review-plugin\src\utils\branch-detector.js:11:10)
    at Object.&lt;anonymous&gt; (C:\Users\eposh\OneDrive\Desktop\Dikshant\jenkins\github-review-plugin\src\utils\branch-detector.test.js:42:22)
    at Promise.then.completed (C:\Users\eposh\OneDrive\Desktop\Dikshant\jenkins\github-review-plugin\node_modules\jest-circus\build\utils.js:298:28)
    at new Promise (&lt;anonymous&gt;)
    at callAsyncCircusFn (C:\Users\eposh\OneDrive\Desktop\Dikshant\jenkins\github-review-plugin\node_modules\jest-circus\build\utils.js:231:10)
    at _callCircusHook (C:\Users\eposh\OneDrive\Desktop\Dikshant\jenkins\github-review-plugin\node_modules\jest-circus\build\run.js:281:40)
    at processTicksAndRejections (node:internal/process/task_queues:105:5)
    at _runTest (C:\Users\eposh\OneDrive\Desktop\Dikshant\jenkins\github-review-plugin\node_modules\jest-circus\build\run.js:246:5)
    at _runTestsForDescribeBlock (C:\Users\eposh\OneDrive\Desktop\Dikshant\jenkins\github-review-plugin\node_modules\jest-circus\build\run.js:126:9)
    at _runTestsForDescribeBlock (C:\Users\eposh\OneDrive\Desktop\Dikshant\jenkins\github-review-plugin\node_modules\jest-circus\build\run.js:121:9)
    at _runTestsForDescribeBlock (C:\Users\eposh\OneDrive\Desktop\Dikshant\jenkins\github-review-plugin\node_modules\jest-circus\build\run.js:121:9)
    at run (C:\Users\eposh\OneDrive\Desktop\Dikshant\jenkins\github-review-plugin\node_modules\jest-circus\build\run.js:71:3)
    at runAndTransformResultsToJestFormat (C:\Users\eposh\OneDrive\Desktop\Dikshant\jenkins\github-review-plugin\node_modules\jest-circus\build\legacy-code-todo-rewrite\jestAdapterInit.js:122:21)
    at jestAdapter (C:\Users\eposh\OneDrive\Desktop\Dikshant\jenkins\github-review-plugin\node_modules\jest-circus\build\legacy-code-todo-rewrite\jestAdapter.js:79:19)
    at runTestInternal (C:\Users\eposh\OneDrive\Desktop\Dikshant\jenkins\github-review-plugin\node_modules\jest-runner\build\runTest.js:367:16)
    at runTest (C:\Users\eposh\OneDrive\Desktop\Dikshant\jenkins\github-review-plugin\node_modules\jest-runner\build\runTest.js:444:34)
    at Object.worker (C:\Users\eposh\OneDrive\Desktop\Dikshant\jenkins\github-review-plugin\node_modules\jest-runner\build\testWorker.js:106:12)</failure>
    </testcase>
    <testcase classname="BranchDetector ‚Ä∫ detectBranches" name="should throw error for unsupported event type" time="0">
      <failure>TypeError: core.info is not a function
    at new info (C:\Users\eposh\OneDrive\Desktop\Dikshant\jenkins\github-review-plugin\src\utils\branch-detector.js:11:10)
    at Object.&lt;anonymous&gt; (C:\Users\eposh\OneDrive\Desktop\Dikshant\jenkins\github-review-plugin\src\utils\branch-detector.test.js:42:22)
    at Promise.then.completed (C:\Users\eposh\OneDrive\Desktop\Dikshant\jenkins\github-review-plugin\node_modules\jest-circus\build\utils.js:298:28)
    at new Promise (&lt;anonymous&gt;)
    at callAsyncCircusFn (C:\Users\eposh\OneDrive\Desktop\Dikshant\jenkins\github-review-plugin\node_modules\jest-circus\build\utils.js:231:10)
    at _callCircusHook (C:\Users\eposh\OneDrive\Desktop\Dikshant\jenkins\github-review-plugin\node_modules\jest-circus\build\run.js:281:40)
    at processTicksAndRejections (node:internal/process/task_queues:105:5)
    at _runTest (C:\Users\eposh\OneDrive\Desktop\Dikshant\jenkins\github-review-plugin\node_modules\jest-circus\build\run.js:246:5)
    at _runTestsForDescribeBlock (C:\Users\eposh\OneDrive\Desktop\Dikshant\jenkins\github-review-plugin\node_modules\jest-circus\build\run.js:126:9)
    at _runTestsForDescribeBlock (C:\Users\eposh\OneDrive\Desktop\Dikshant\jenkins\github-review-plugin\node_modules\jest-circus\build\run.js:121:9)
    at _runTestsForDescribeBlock (C:\Users\eposh\OneDrive\Desktop\Dikshant\jenkins\github-review-plugin\node_modules\jest-circus\build\run.js:121:9)
    at run (C:\Users\eposh\OneDrive\Desktop\Dikshant\jenkins\github-review-plugin\node_modules\jest-circus\build\run.js:71:3)
    at runAndTransformResultsToJestFormat (C:\Users\eposh\OneDrive\Desktop\Dikshant\jenkins\github-review-plugin\node_modules\jest-circus\build\legacy-code-todo-rewrite\jestAdapterInit.js:122:21)
    at jestAdapter (C:\Users\eposh\OneDrive\Desktop\Dikshant\jenkins\github-review-plugin\node_modules\jest-circus\build\legacy-code-todo-rewrite\jestAdapter.js:79:19)
    at runTestInternal (C:\Users\eposh\OneDrive\Desktop\Dikshant\jenkins\github-review-plugin\node_modules\jest-runner\build\runTest.js:367:16)
    at runTest (C:\Users\eposh\OneDrive\Desktop\Dikshant\jenkins\github-review-plugin\node_modules\jest-runner\build\runTest.js:444:34)
    at Object.worker (C:\Users\eposh\OneDrive\Desktop\Dikshant\jenkins\github-review-plugin\node_modules\jest-runner\build\testWorker.js:106:12)</failure>
    </testcase>
    <testcase classname="BranchDetector ‚Ä∫ getBranchType" name="should identify development branches" time="0.001">
      <failure>TypeError: core.info is not a function
    at new info (C:\Users\eposh\OneDrive\Desktop\Dikshant\jenkins\github-review-plugin\src\utils\branch-detector.js:11:10)
    at Object.&lt;anonymous&gt; (C:\Users\eposh\OneDrive\Desktop\Dikshant\jenkins\github-review-plugin\src\utils\branch-detector.test.js:42:22)
    at Promise.then.completed (C:\Users\eposh\OneDrive\Desktop\Dikshant\jenkins\github-review-plugin\node_modules\jest-circus\build\utils.js:298:28)
    at new Promise (&lt;anonymous&gt;)
    at callAsyncCircusFn (C:\Users\eposh\OneDrive\Desktop\Dikshant\jenkins\github-review-plugin\node_modules\jest-circus\build\utils.js:231:10)
    at _callCircusHook (C:\Users\eposh\OneDrive\Desktop\Dikshant\jenkins\github-review-plugin\node_modules\jest-circus\build\run.js:281:40)
    at processTicksAndRejections (node:internal/process/task_queues:105:5)
    at _runTest (C:\Users\eposh\OneDrive\Desktop\Dikshant\jenkins\github-review-plugin\node_modules\jest-circus\build\run.js:246:5)
    at _runTestsForDescribeBlock (C:\Users\eposh\OneDrive\Desktop\Dikshant\jenkins\github-review-plugin\node_modules\jest-circus\build\run.js:126:9)
    at _runTestsForDescribeBlock (C:\Users\eposh\OneDrive\Desktop\Dikshant\jenkins\github-review-plugin\node_modules\jest-circus\build\run.js:121:9)
    at _runTestsForDescribeBlock (C:\Users\eposh\OneDrive\Desktop\Dikshant\jenkins\github-review-plugin\node_modules\jest-circus\build\run.js:121:9)
    at run (C:\Users\eposh\OneDrive\Desktop\Dikshant\jenkins\github-review-plugin\node_modules\jest-circus\build\run.js:71:3)
    at runAndTransformResultsToJestFormat (C:\Users\eposh\OneDrive\Desktop\Dikshant\jenkins\github-review-plugin\node_modules\jest-circus\build\legacy-code-todo-rewrite\jestAdapterInit.js:122:21)
    at jestAdapter (C:\Users\eposh\OneDrive\Desktop\Dikshant\jenkins\github-review-plugin\node_modules\jest-circus\build\legacy-code-todo-rewrite\jestAdapter.js:79:19)
    at runTestInternal (C:\Users\eposh\OneDrive\Desktop\Dikshant\jenkins\github-review-plugin\node_modules\jest-runner\build\runTest.js:367:16)
    at runTest (C:\Users\eposh\OneDrive\Desktop\Dikshant\jenkins\github-review-plugin\node_modules\jest-runner\build\runTest.js:444:34)
    at Object.worker (C:\Users\eposh\OneDrive\Desktop\Dikshant\jenkins\github-review-plugin\node_modules\jest-runner\build\testWorker.js:106:12)</failure>
    </testcase>
    <testcase classname="BranchDetector ‚Ä∫ getBranchType" name="should identify staging branches" time="0.001">
      <failure>TypeError: core.info is not a function
    at new info (C:\Users\eposh\OneDrive\Desktop\Dikshant\jenkins\github-review-plugin\src\utils\branch-detector.js:11:10)
    at Object.&lt;anonymous&gt; (C:\Users\eposh\OneDrive\Desktop\Dikshant\jenkins\github-review-plugin\src\utils\branch-detector.test.js:42:22)
    at Promise.then.completed (C:\Users\eposh\OneDrive\Desktop\Dikshant\jenkins\github-review-plugin\node_modules\jest-circus\build\utils.js:298:28)
    at new Promise (&lt;anonymous&gt;)
    at callAsyncCircusFn (C:\Users\eposh\OneDrive\Desktop\Dikshant\jenkins\github-review-plugin\node_modules\jest-circus\build\utils.js:231:10)
    at _callCircusHook (C:\Users\eposh\OneDrive\Desktop\Dikshant\jenkins\github-review-plugin\node_modules\jest-circus\build\run.js:281:40)
    at processTicksAndRejections (node:internal/process/task_queues:105:5)
    at _runTest (C:\Users\eposh\OneDrive\Desktop\Dikshant\jenkins\github-review-plugin\node_modules\jest-circus\build\run.js:246:5)
    at _runTestsForDescribeBlock (C:\Users\eposh\OneDrive\Desktop\Dikshant\jenkins\github-review-plugin\node_modules\jest-circus\build\run.js:126:9)
    at _runTestsForDescribeBlock (C:\Users\eposh\OneDrive\Desktop\Dikshant\jenkins\github-review-plugin\node_modules\jest-circus\build\run.js:121:9)
    at _runTestsForDescribeBlock (C:\Users\eposh\OneDrive\Desktop\Dikshant\jenkins\github-review-plugin\node_modules\jest-circus\build\run.js:121:9)
    at run (C:\Users\eposh\OneDrive\Desktop\Dikshant\jenkins\github-review-plugin\node_modules\jest-circus\build\run.js:71:3)
    at runAndTransformResultsToJestFormat (C:\Users\eposh\OneDrive\Desktop\Dikshant\jenkins\github-review-plugin\node_modules\jest-circus\build\legacy-code-todo-rewrite\jestAdapterInit.js:122:21)
    at jestAdapter (C:\Users\eposh\OneDrive\Desktop\Dikshant\jenkins\github-review-plugin\node_modules\jest-circus\build\legacy-code-todo-rewrite\jestAdapter.js:79:19)
    at runTestInternal (C:\Users\eposh\OneDrive\Desktop\Dikshant\jenkins\github-review-plugin\node_modules\jest-runner\build\runTest.js:367:16)
    at runTest (C:\Users\eposh\OneDrive\Desktop\Dikshant\jenkins\github-review-plugin\node_modules\jest-runner\build\runTest.js:444:34)
    at Object.worker (C:\Users\eposh\OneDrive\Desktop\Dikshant\jenkins\github-review-plugin\node_modules\jest-runner\build\testWorker.js:106:12)</failure>
    </testcase>
    <testcase classname="BranchDetector ‚Ä∫ getBranchType" name="should identify production branches" time="0.001">
      <failure>TypeError: core.info is not a function
    at new info (C:\Users\eposh\OneDrive\Desktop\Dikshant\jenkins\github-review-plugin\src\utils\branch-detector.js:11:10)
    at Object.&lt;anonymous&gt; (C:\Users\eposh\OneDrive\Desktop\Dikshant\jenkins\github-review-plugin\src\utils\branch-detector.test.js:42:22)
    at Promise.then.completed (C:\Users\eposh\OneDrive\Desktop\Dikshant\jenkins\github-review-plugin\node_modules\jest-circus\build\utils.js:298:28)
    at new Promise (&lt;anonymous&gt;)
    at callAsyncCircusFn (C:\Users\eposh\OneDrive\Desktop\Dikshant\jenkins\github-review-plugin\node_modules\jest-circus\build\utils.js:231:10)
    at _callCircusHook (C:\Users\eposh\OneDrive\Desktop\Dikshant\jenkins\github-review-plugin\node_modules\jest-circus\build\run.js:281:40)
    at processTicksAndRejections (node:internal/process/task_queues:105:5)
    at _runTest (C:\Users\eposh\OneDrive\Desktop\Dikshant\jenkins\github-review-plugin\node_modules\jest-circus\build\run.js:246:5)
    at _runTestsForDescribeBlock (C:\Users\eposh\OneDrive\Desktop\Dikshant\jenkins\github-review-plugin\node_modules\jest-circus\build\run.js:126:9)
    at _runTestsForDescribeBlock (C:\Users\eposh\OneDrive\Desktop\Dikshant\jenkins\github-review-plugin\node_modules\jest-circus\build\run.js:121:9)
    at _runTestsForDescribeBlock (C:\Users\eposh\OneDrive\Desktop\Dikshant\jenkins\github-review-plugin\node_modules\jest-circus\build\run.js:121:9)
    at run (C:\Users\eposh\OneDrive\Desktop\Dikshant\jenkins\github-review-plugin\node_modules\jest-circus\build\run.js:71:3)
    at runAndTransformResultsToJestFormat (C:\Users\eposh\OneDrive\Desktop\Dikshant\jenkins\github-review-plugin\node_modules\jest-circus\build\legacy-code-todo-rewrite\jestAdapterInit.js:122:21)
    at jestAdapter (C:\Users\eposh\OneDrive\Desktop\Dikshant\jenkins\github-review-plugin\node_modules\jest-circus\build\legacy-code-todo-rewrite\jestAdapter.js:79:19)
    at runTestInternal (C:\Users\eposh\OneDrive\Desktop\Dikshant\jenkins\github-review-plugin\node_modules\jest-runner\build\runTest.js:367:16)
    at runTest (C:\Users\eposh\OneDrive\Desktop\Dikshant\jenkins\github-review-plugin\node_modules\jest-runner\build\runTest.js:444:34)
    at Object.worker (C:\Users\eposh\OneDrive\Desktop\Dikshant\jenkins\github-review-plugin\node_modules\jest-runner\build\testWorker.js:106:12)</failure>
    </testcase>
    <testcase classname="BranchDetector ‚Ä∫ getBranchType" name="should identify feature branches" time="0">
      <failure>TypeError: core.info is not a function
    at new info (C:\Users\eposh\OneDrive\Desktop\Dikshant\jenkins\github-review-plugin\src\utils\branch-detector.js:11:10)
    at Object.&lt;anonymous&gt; (C:\Users\eposh\OneDrive\Desktop\Dikshant\jenkins\github-review-plugin\src\utils\branch-detector.test.js:42:22)
    at Promise.then.completed (C:\Users\eposh\OneDrive\Desktop\Dikshant\jenkins\github-review-plugin\node_modules\jest-circus\build\utils.js:298:28)
    at new Promise (&lt;anonymous&gt;)
    at callAsyncCircusFn (C:\Users\eposh\OneDrive\Desktop\Dikshant\jenkins\github-review-plugin\node_modules\jest-circus\build\utils.js:231:10)
    at _callCircusHook (C:\Users\eposh\OneDrive\Desktop\Dikshant\jenkins\github-review-plugin\node_modules\jest-circus\build\run.js:281:40)
    at processTicksAndRejections (node:internal/process/task_queues:105:5)
    at _runTest (C:\Users\eposh\OneDrive\Desktop\Dikshant\jenkins\github-review-plugin\node_modules\jest-circus\build\run.js:246:5)
    at _runTestsForDescribeBlock (C:\Users\eposh\OneDrive\Desktop\Dikshant\jenkins\github-review-plugin\node_modules\jest-circus\build\run.js:126:9)
    at _runTestsForDescribeBlock (C:\Users\eposh\OneDrive\Desktop\Dikshant\jenkins\github-review-plugin\node_modules\jest-circus\build\run.js:121:9)
    at _runTestsForDescribeBlock (C:\Users\eposh\OneDrive\Desktop\Dikshant\jenkins\github-review-plugin\node_modules\jest-circus\build\run.js:121:9)
    at run (C:\Users\eposh\OneDrive\Desktop\Dikshant\jenkins\github-review-plugin\node_modules\jest-circus\build\run.js:71:3)
    at runAndTransformResultsToJestFormat (C:\Users\eposh\OneDrive\Desktop\Dikshant\jenkins\github-review-plugin\node_modules\jest-circus\build\legacy-code-todo-rewrite\jestAdapterInit.js:122:21)
    at jestAdapter (C:\Users\eposh\OneDrive\Desktop\Dikshant\jenkins\github-review-plugin\node_modules\jest-circus\build\legacy-code-todo-rewrite\jestAdapter.js:79:19)
    at runTestInternal (C:\Users\eposh\OneDrive\Desktop\Dikshant\jenkins\github-review-plugin\node_modules\jest-runner\build\runTest.js:367:16)
    at runTest (C:\Users\eposh\OneDrive\Desktop\Dikshant\jenkins\github-review-plugin\node_modules\jest-runner\build\runTest.js:444:34)
    at Object.worker (C:\Users\eposh\OneDrive\Desktop\Dikshant\jenkins\github-review-plugin\node_modules\jest-runner\build\testWorker.js:106:12)</failure>
    </testcase>
    <testcase classname="BranchDetector ‚Ä∫ getBranchType" name="should identify other branches" time="0.001">
      <failure>TypeError: core.info is not a function
    at new info (C:\Users\eposh\OneDrive\Desktop\Dikshant\jenkins\github-review-plugin\src\utils\branch-detector.js:11:10)
    at Object.&lt;anonymous&gt; (C:\Users\eposh\OneDrive\Desktop\Dikshant\jenkins\github-review-plugin\src\utils\branch-detector.test.js:42:22)
    at Promise.then.completed (C:\Users\eposh\OneDrive\Desktop\Dikshant\jenkins\github-review-plugin\node_modules\jest-circus\build\utils.js:298:28)
    at new Promise (&lt;anonymous&gt;)
    at callAsyncCircusFn (C:\Users\eposh\OneDrive\Desktop\Dikshant\jenkins\github-review-plugin\node_modules\jest-circus\build\utils.js:231:10)
    at _callCircusHook (C:\Users\eposh\OneDrive\Desktop\Dikshant\jenkins\github-review-plugin\node_modules\jest-circus\build\run.js:281:40)
    at processTicksAndRejections (node:internal/process/task_queues:105:5)
    at _runTest (C:\Users\eposh\OneDrive\Desktop\Dikshant\jenkins\github-review-plugin\node_modules\jest-circus\build\run.js:246:5)
    at _runTestsForDescribeBlock (C:\Users\eposh\OneDrive\Desktop\Dikshant\jenkins\github-review-plugin\node_modules\jest-circus\build\run.js:126:9)
    at _runTestsForDescribeBlock (C:\Users\eposh\OneDrive\Desktop\Dikshant\jenkins\github-review-plugin\node_modules\jest-circus\build\run.js:121:9)
    at _runTestsForDescribeBlock (C:\Users\eposh\OneDrive\Desktop\Dikshant\jenkins\github-review-plugin\node_modules\jest-circus\build\run.js:121:9)
    at run (C:\Users\eposh\OneDrive\Desktop\Dikshant\jenkins\github-review-plugin\node_modules\jest-circus\build\run.js:71:3)
    at runAndTransformResultsToJestFormat (C:\Users\eposh\OneDrive\Desktop\Dikshant\jenkins\github-review-plugin\node_modules\jest-circus\build\legacy-code-todo-rewrite\jestAdapterInit.js:122:21)
    at jestAdapter (C:\Users\eposh\OneDrive\Desktop\Dikshant\jenkins\github-review-plugin\node_modules\jest-circus\build\legacy-code-todo-rewrite\jestAdapter.js:79:19)
    at runTestInternal (C:\Users\eposh\OneDrive\Desktop\Dikshant\jenkins\github-review-plugin\node_modules\jest-runner\build\runTest.js:367:16)
    at runTest (C:\Users\eposh\OneDrive\Desktop\Dikshant\jenkins\github-review-plugin\node_modules\jest-runner\build\runTest.js:444:34)
    at Object.worker (C:\Users\eposh\OneDrive\Desktop\Dikshant\jenkins\github-review-plugin\node_modules\jest-runner\build\testWorker.js:106:12)</failure>
    </testcase>
    <testcase classname="BranchDetector ‚Ä∫ isValidBranchMovement" name="should return true for valid branch movements" time="0.001">
      <failure>TypeError: core.info is not a function
    at new info (C:\Users\eposh\OneDrive\Desktop\Dikshant\jenkins\github-review-plugin\src\utils\branch-detector.js:11:10)
    at Object.&lt;anonymous&gt; (C:\Users\eposh\OneDrive\Desktop\Dikshant\jenkins\github-review-plugin\src\utils\branch-detector.test.js:42:22)
    at Promise.then.completed (C:\Users\eposh\OneDrive\Desktop\Dikshant\jenkins\github-review-plugin\node_modules\jest-circus\build\utils.js:298:28)
    at new Promise (&lt;anonymous&gt;)
    at callAsyncCircusFn (C:\Users\eposh\OneDrive\Desktop\Dikshant\jenkins\github-review-plugin\node_modules\jest-circus\build\utils.js:231:10)
    at _callCircusHook (C:\Users\eposh\OneDrive\Desktop\Dikshant\jenkins\github-review-plugin\node_modules\jest-circus\build\run.js:281:40)
    at processTicksAndRejections (node:internal/process/task_queues:105:5)
    at _runTest (C:\Users\eposh\OneDrive\Desktop\Dikshant\jenkins\github-review-plugin\node_modules\jest-circus\build\run.js:246:5)
    at _runTestsForDescribeBlock (C:\Users\eposh\OneDrive\Desktop\Dikshant\jenkins\github-review-plugin\node_modules\jest-circus\build\run.js:126:9)
    at _runTestsForDescribeBlock (C:\Users\eposh\OneDrive\Desktop\Dikshant\jenkins\github-review-plugin\node_modules\jest-circus\build\run.js:121:9)
    at _runTestsForDescribeBlock (C:\Users\eposh\OneDrive\Desktop\Dikshant\jenkins\github-review-plugin\node_modules\jest-circus\build\run.js:121:9)
    at run (C:\Users\eposh\OneDrive\Desktop\Dikshant\jenkins\github-review-plugin\node_modules\jest-circus\build\run.js:71:3)
    at runAndTransformResultsToJestFormat (C:\Users\eposh\OneDrive\Desktop\Dikshant\jenkins\github-review-plugin\node_modules\jest-circus\build\legacy-code-todo-rewrite\jestAdapterInit.js:122:21)
    at jestAdapter (C:\Users\eposh\OneDrive\Desktop\Dikshant\jenkins\github-review-plugin\node_modules\jest-circus\build\legacy-code-todo-rewrite\jestAdapter.js:79:19)
    at runTestInternal (C:\Users\eposh\OneDrive\Desktop\Dikshant\jenkins\github-review-plugin\node_modules\jest-runner\build\runTest.js:367:16)
    at runTest (C:\Users\eposh\OneDrive\Desktop\Dikshant\jenkins\github-review-plugin\node_modules\jest-runner\build\runTest.js:444:34)
    at Object.worker (C:\Users\eposh\OneDrive\Desktop\Dikshant\jenkins\github-review-plugin\node_modules\jest-runner\build\testWorker.js:106:12)</failure>
    </testcase>
    <testcase classname="BranchDetector ‚Ä∫ isValidBranchMovement" name="should return false for invalid branch movements" time="0.001">
      <failure>TypeError: core.info is not a function
    at new info (C:\Users\eposh\OneDrive\Desktop\Dikshant\jenkins\github-review-plugin\src\utils\branch-detector.js:11:10)
    at Object.&lt;anonymous&gt; (C:\Users\eposh\OneDrive\Desktop\Dikshant\jenkins\github-review-plugin\src\utils\branch-detector.test.js:42:22)
    at Promise.then.completed (C:\Users\eposh\OneDrive\Desktop\Dikshant\jenkins\github-review-plugin\node_modules\jest-circus\build\utils.js:298:28)
    at new Promise (&lt;anonymous&gt;)
    at callAsyncCircusFn (C:\Users\eposh\OneDrive\Desktop\Dikshant\jenkins\github-review-plugin\node_modules\jest-circus\build\utils.js:231:10)
    at _callCircusHook (C:\Users\eposh\OneDrive\Desktop\Dikshant\jenkins\github-review-plugin\node_modules\jest-circus\build\run.js:281:40)
    at processTicksAndRejections (node:internal/process/task_queues:105:5)
    at _runTest (C:\Users\eposh\OneDrive\Desktop\Dikshant\jenkins\github-review-plugin\node_modules\jest-circus\build\run.js:246:5)
    at _runTestsForDescribeBlock (C:\Users\eposh\OneDrive\Desktop\Dikshant\jenkins\github-review-plugin\node_modules\jest-circus\build\run.js:126:9)
    at _runTestsForDescribeBlock (C:\Users\eposh\OneDrive\Desktop\Dikshant\jenkins\github-review-plugin\node_modules\jest-circus\build\run.js:121:9)
    at _runTestsForDescribeBlock (C:\Users\eposh\OneDrive\Desktop\Dikshant\jenkins\github-review-plugin\node_modules\jest-circus\build\run.js:121:9)
    at run (C:\Users\eposh\OneDrive\Desktop\Dikshant\jenkins\github-review-plugin\node_modules\jest-circus\build\run.js:71:3)
    at runAndTransformResultsToJestFormat (C:\Users\eposh\OneDrive\Desktop\Dikshant\jenkins\github-review-plugin\node_modules\jest-circus\build\legacy-code-todo-rewrite\jestAdapterInit.js:122:21)
    at jestAdapter (C:\Users\eposh\OneDrive\Desktop\Dikshant\jenkins\github-review-plugin\node_modules\jest-circus\build\legacy-code-todo-rewrite\jestAdapter.js:79:19)
    at runTestInternal (C:\Users\eposh\OneDrive\Desktop\Dikshant\jenkins\github-review-plugin\node_modules\jest-runner\build\runTest.js:367:16)
    at runTest (C:\Users\eposh\OneDrive\Desktop\Dikshant\jenkins\github-review-plugin\node_modules\jest-runner\build\runTest.js:444:34)
    at Object.worker (C:\Users\eposh\OneDrive\Desktop\Dikshant\jenkins\github-review-plugin\node_modules\jest-runner\build\testWorker.js:106:12)</failure>
    </testcase>
    <testcase classname="BranchDetector ‚Ä∫ getEnvironmentConfig" name="should return development config for dev branches" time="0.001">
      <failure>TypeError: core.info is not a function
    at new info (C:\Users\eposh\OneDrive\Desktop\Dikshant\jenkins\github-review-plugin\src\utils\branch-detector.js:11:10)
    at Object.&lt;anonymous&gt; (C:\Users\eposh\OneDrive\Desktop\Dikshant\jenkins\github-review-plugin\src\utils\branch-detector.test.js:42:22)
    at Promise.then.completed (C:\Users\eposh\OneDrive\Desktop\Dikshant\jenkins\github-review-plugin\node_modules\jest-circus\build\utils.js:298:28)
    at new Promise (&lt;anonymous&gt;)
    at callAsyncCircusFn (C:\Users\eposh\OneDrive\Desktop\Dikshant\jenkins\github-review-plugin\node_modules\jest-circus\build\utils.js:231:10)
    at _callCircusHook (C:\Users\eposh\OneDrive\Desktop\Dikshant\jenkins\github-review-plugin\node_modules\jest-circus\build\run.js:281:40)
    at processTicksAndRejections (node:internal/process/task_queues:105:5)
    at _runTest (C:\Users\eposh\OneDrive\Desktop\Dikshant\jenkins\github-review-plugin\node_modules\jest-circus\build\run.js:246:5)
    at _runTestsForDescribeBlock (C:\Users\eposh\OneDrive\Desktop\Dikshant\jenkins\github-review-plugin\node_modules\jest-circus\build\run.js:126:9)
    at _runTestsForDescribeBlock (C:\Users\eposh\OneDrive\Desktop\Dikshant\jenkins\github-review-plugin\node_modules\jest-circus\build\run.js:121:9)
    at _runTestsForDescribeBlock (C:\Users\eposh\OneDrive\Desktop\Dikshant\jenkins\github-review-plugin\node_modules\jest-circus\build\run.js:121:9)
    at run (C:\Users\eposh\OneDrive\Desktop\Dikshant\jenkins\github-review-plugin\node_modules\jest-circus\build\run.js:71:3)
    at runAndTransformResultsToJestFormat (C:\Users\eposh\OneDrive\Desktop\Dikshant\jenkins\github-review-plugin\node_modules\jest-circus\build\legacy-code-todo-rewrite\jestAdapterInit.js:122:21)
    at jestAdapter (C:\Users\eposh\OneDrive\Desktop\Dikshant\jenkins\github-review-plugin\node_modules\jest-circus\build\legacy-code-todo-rewrite\jestAdapter.js:79:19)
    at runTestInternal (C:\Users\eposh\OneDrive\Desktop\Dikshant\jenkins\github-review-plugin\node_modules\jest-runner\build\runTest.js:367:16)
    at runTest (C:\Users\eposh\OneDrive\Desktop\Dikshant\jenkins\github-review-plugin\node_modules\jest-runner\build\runTest.js:444:34)
    at Object.worker (C:\Users\eposh\OneDrive\Desktop\Dikshant\jenkins\github-review-plugin\node_modules\jest-runner\build\testWorker.js:106:12)</failure>
    </testcase>
    <testcase classname="BranchDetector ‚Ä∫ getEnvironmentConfig" name="should return staging config for uat branches" time="0">
      <failure>TypeError: core.info is not a function
    at new info (C:\Users\eposh\OneDrive\Desktop\Dikshant\jenkins\github-review-plugin\src\utils\branch-detector.js:11:10)
    at Object.&lt;anonymous&gt; (C:\Users\eposh\OneDrive\Desktop\Dikshant\jenkins\github-review-plugin\src\utils\branch-detector.test.js:42:22)
    at Promise.then.completed (C:\Users\eposh\OneDrive\Desktop\Dikshant\jenkins\github-review-plugin\node_modules\jest-circus\build\utils.js:298:28)
    at new Promise (&lt;anonymous&gt;)
    at callAsyncCircusFn (C:\Users\eposh\OneDrive\Desktop\Dikshant\jenkins\github-review-plugin\node_modules\jest-circus\build\utils.js:231:10)
    at _callCircusHook (C:\Users\eposh\OneDrive\Desktop\Dikshant\jenkins\github-review-plugin\node_modules\jest-circus\build\run.js:281:40)
    at processTicksAndRejections (node:internal/process/task_queues:105:5)
    at _runTest (C:\Users\eposh\OneDrive\Desktop\Dikshant\jenkins\github-review-plugin\node_modules\jest-circus\build\run.js:246:5)
    at _runTestsForDescribeBlock (C:\Users\eposh\OneDrive\Desktop\Dikshant\jenkins\github-review-plugin\node_modules\jest-circus\build\run.js:126:9)
    at _runTestsForDescribeBlock (C:\Users\eposh\OneDrive\Desktop\Dikshant\jenkins\github-review-plugin\node_modules\jest-circus\build\run.js:121:9)
    at _runTestsForDescribeBlock (C:\Users\eposh\OneDrive\Desktop\Dikshant\jenkins\github-review-plugin\node_modules\jest-circus\build\run.js:121:9)
    at run (C:\Users\eposh\OneDrive\Desktop\Dikshant\jenkins\github-review-plugin\node_modules\jest-circus\build\run.js:71:3)
    at runAndTransformResultsToJestFormat (C:\Users\eposh\OneDrive\Desktop\Dikshant\jenkins\github-review-plugin\node_modules\jest-circus\build\legacy-code-todo-rewrite\jestAdapterInit.js:122:21)
    at jestAdapter (C:\Users\eposh\OneDrive\Desktop\Dikshant\jenkins\github-review-plugin\node_modules\jest-circus\build\legacy-code-todo-rewrite\jestAdapter.js:79:19)
    at runTestInternal (C:\Users\eposh\OneDrive\Desktop\Dikshant\jenkins\github-review-plugin\node_modules\jest-runner\build\runTest.js:367:16)
    at runTest (C:\Users\eposh\OneDrive\Desktop\Dikshant\jenkins\github-review-plugin\node_modules\jest-runner\build\runTest.js:444:34)
    at Object.worker (C:\Users\eposh\OneDrive\Desktop\Dikshant\jenkins\github-review-plugin\node_modules\jest-runner\build\testWorker.js:106:12)</failure>
    </testcase>
    <testcase classname="BranchDetector ‚Ä∫ getEnvironmentConfig" name="should return production config for main branches" time="0">
      <failure>TypeError: core.info is not a function
    at new info (C:\Users\eposh\OneDrive\Desktop\Dikshant\jenkins\github-review-plugin\src\utils\branch-detector.js:11:10)
    at Object.&lt;anonymous&gt; (C:\Users\eposh\OneDrive\Desktop\Dikshant\jenkins\github-review-plugin\src\utils\branch-detector.test.js:42:22)
    at Promise.then.completed (C:\Users\eposh\OneDrive\Desktop\Dikshant\jenkins\github-review-plugin\node_modules\jest-circus\build\utils.js:298:28)
    at new Promise (&lt;anonymous&gt;)
    at callAsyncCircusFn (C:\Users\eposh\OneDrive\Desktop\Dikshant\jenkins\github-review-plugin\node_modules\jest-circus\build\utils.js:231:10)
    at _callCircusHook (C:\Users\eposh\OneDrive\Desktop\Dikshant\jenkins\github-review-plugin\node_modules\jest-circus\build\run.js:281:40)
    at processTicksAndRejections (node:internal/process/task_queues:105:5)
    at _runTest (C:\Users\eposh\OneDrive\Desktop\Dikshant\jenkins\github-review-plugin\node_modules\jest-circus\build\run.js:246:5)
    at _runTestsForDescribeBlock (C:\Users\eposh\OneDrive\Desktop\Dikshant\jenkins\github-review-plugin\node_modules\jest-circus\build\run.js:126:9)
    at _runTestsForDescribeBlock (C:\Users\eposh\OneDrive\Desktop\Dikshant\jenkins\github-review-plugin\node_modules\jest-circus\build\run.js:121:9)
    at _runTestsForDescribeBlock (C:\Users\eposh\OneDrive\Desktop\Dikshant\jenkins\github-review-plugin\node_modules\jest-circus\build\run.js:121:9)
    at run (C:\Users\eposh\OneDrive\Desktop\Dikshant\jenkins\github-review-plugin\node_modules\jest-circus\build\run.js:71:3)
    at runAndTransformResultsToJestFormat (C:\Users\eposh\OneDrive\Desktop\Dikshant\jenkins\github-review-plugin\node_modules\jest-circus\build\legacy-code-todo-rewrite\jestAdapterInit.js:122:21)
    at jestAdapter (C:\Users\eposh\OneDrive\Desktop\Dikshant\jenkins\github-review-plugin\node_modules\jest-circus\build\legacy-code-todo-rewrite\jestAdapter.js:79:19)
    at runTestInternal (C:\Users\eposh\OneDrive\Desktop\Dikshant\jenkins\github-review-plugin\node_modules\jest-runner\build\runTest.js:367:16)
    at runTest (C:\Users\eposh\OneDrive\Desktop\Dikshant\jenkins\github-review-plugin\node_modules\jest-runner\build\runTest.js:444:34)
    at Object.worker (C:\Users\eposh\OneDrive\Desktop\Dikshant\jenkins\github-review-plugin\node_modules\jest-runner\build\testWorker.js:106:12)</failure>
    </testcase>
    <testcase classname="BranchDetector ‚Ä∫ validateBranchInfo" name="should return true for valid branch info" time="0">
      <failure>TypeError: core.info is not a function
    at new info (C:\Users\eposh\OneDrive\Desktop\Dikshant\jenkins\github-review-plugin\src\utils\branch-detector.js:11:10)
    at Object.&lt;anonymous&gt; (C:\Users\eposh\OneDrive\Desktop\Dikshant\jenkins\github-review-plugin\src\utils\branch-detector.test.js:42:22)
    at Promise.then.completed (C:\Users\eposh\OneDrive\Desktop\Dikshant\jenkins\github-review-plugin\node_modules\jest-circus\build\utils.js:298:28)
    at new Promise (&lt;anonymous&gt;)
    at callAsyncCircusFn (C:\Users\eposh\OneDrive\Desktop\Dikshant\jenkins\github-review-plugin\node_modules\jest-circus\build\utils.js:231:10)
    at _callCircusHook (C:\Users\eposh\OneDrive\Desktop\Dikshant\jenkins\github-review-plugin\node_modules\jest-circus\build\run.js:281:40)
    at processTicksAndRejections (node:internal/process/task_queues:105:5)
    at _runTest (C:\Users\eposh\OneDrive\Desktop\Dikshant\jenkins\github-review-plugin\node_modules\jest-circus\build\run.js:246:5)
    at _runTestsForDescribeBlock (C:\Users\eposh\OneDrive\Desktop\Dikshant\jenkins\github-review-plugin\node_modules\jest-circus\build\run.js:126:9)
    at _runTestsForDescribeBlock (C:\Users\eposh\OneDrive\Desktop\Dikshant\jenkins\github-review-plugin\node_modules\jest-circus\build\run.js:121:9)
    at _runTestsForDescribeBlock (C:\Users\eposh\OneDrive\Desktop\Dikshant\jenkins\github-review-plugin\node_modules\jest-circus\build\run.js:121:9)
    at run (C:\Users\eposh\OneDrive\Desktop\Dikshant\jenkins\github-review-plugin\node_modules\jest-circus\build\run.js:71:3)
    at runAndTransformResultsToJestFormat (C:\Users\eposh\OneDrive\Desktop\Dikshant\jenkins\github-review-plugin\node_modules\jest-circus\build\legacy-code-todo-rewrite\jestAdapterInit.js:122:21)
    at jestAdapter (C:\Users\eposh\OneDrive\Desktop\Dikshant\jenkins\github-review-plugin\node_modules\jest-circus\build\legacy-code-todo-rewrite\jestAdapter.js:79:19)
    at runTestInternal (C:\Users\eposh\OneDrive\Desktop\Dikshant\jenkins\github-review-plugin\node_modules\jest-runner\build\runTest.js:367:16)
    at runTest (C:\Users\eposh\OneDrive\Desktop\Dikshant\jenkins\github-review-plugin\node_modules\jest-runner\build\runTest.js:444:34)
    at Object.worker (C:\Users\eposh\OneDrive\Desktop\Dikshant\jenkins\github-review-plugin\node_modules\jest-runner\build\testWorker.js:106:12)</failure>
    </testcase>
    <testcase classname="BranchDetector ‚Ä∫ validateBranchInfo" name="should return false for invalid branch info" time="0">
      <failure>TypeError: core.info is not a function
    at new info (C:\Users\eposh\OneDrive\Desktop\Dikshant\jenkins\github-review-plugin\src\utils\branch-detector.js:11:10)
    at Object.&lt;anonymous&gt; (C:\Users\eposh\OneDrive\Desktop\Dikshant\jenkins\github-review-plugin\src\utils\branch-detector.test.js:42:22)
    at Promise.then.completed (C:\Users\eposh\OneDrive\Desktop\Dikshant\jenkins\github-review-plugin\node_modules\jest-circus\build\utils.js:298:28)
    at new Promise (&lt;anonymous&gt;)
    at callAsyncCircusFn (C:\Users\eposh\OneDrive\Desktop\Dikshant\jenkins\github-review-plugin\node_modules\jest-circus\build\utils.js:231:10)
    at _callCircusHook (C:\Users\eposh\OneDrive\Desktop\Dikshant\jenkins\github-review-plugin\node_modules\jest-circus\build\run.js:281:40)
    at processTicksAndRejections (node:internal/process/task_queues:105:5)
    at _runTest (C:\Users\eposh\OneDrive\Desktop\Dikshant\jenkins\github-review-plugin\node_modules\jest-circus\build\run.js:246:5)
    at _runTestsForDescribeBlock (C:\Users\eposh\OneDrive\Desktop\Dikshant\jenkins\github-review-plugin\node_modules\jest-circus\build\run.js:126:9)
    at _runTestsForDescribeBlock (C:\Users\eposh\OneDrive\Desktop\Dikshant\jenkins\github-review-plugin\node_modules\jest-circus\build\run.js:121:9)
    at _runTestsForDescribeBlock (C:\Users\eposh\OneDrive\Desktop\Dikshant\jenkins\github-review-plugin\node_modules\jest-circus\build\run.js:121:9)
    at run (C:\Users\eposh\OneDrive\Desktop\Dikshant\jenkins\github-review-plugin\node_modules\jest-circus\build\run.js:71:3)
    at runAndTransformResultsToJestFormat (C:\Users\eposh\OneDrive\Desktop\Dikshant\jenkins\github-review-plugin\node_modules\jest-circus\build\legacy-code-todo-rewrite\jestAdapterInit.js:122:21)
    at jestAdapter (C:\Users\eposh\OneDrive\Desktop\Dikshant\jenkins\github-review-plugin\node_modules\jest-circus\build\legacy-code-todo-rewrite\jestAdapter.js:79:19)
    at runTestInternal (C:\Users\eposh\OneDrive\Desktop\Dikshant\jenkins\github-review-plugin\node_modules\jest-runner\build\runTest.js:367:16)
    at runTest (C:\Users\eposh\OneDrive\Desktop\Dikshant\jenkins\github-review-plugin\node_modules\jest-runner\build\runTest.js:444:34)
    at Object.worker (C:\Users\eposh\OneDrive\Desktop\Dikshant\jenkins\github-review-plugin\node_modules\jest-runner\build\testWorker.js:106:12)</failure>
    </testcase>
    <testcase classname="BranchDetector ‚Ä∫ getDetailedInfo" name="should return detailed branch information" time="0.001">
      <failure>TypeError: core.info is not a function
    at new info (C:\Users\eposh\OneDrive\Desktop\Dikshant\jenkins\github-review-plugin\src\utils\branch-detector.js:11:10)
    at Object.&lt;anonymous&gt; (C:\Users\eposh\OneDrive\Desktop\Dikshant\jenkins\github-review-plugin\src\utils\branch-detector.test.js:42:22)
    at Promise.then.completed (C:\Users\eposh\OneDrive\Desktop\Dikshant\jenkins\github-review-plugin\node_modules\jest-circus\build\utils.js:298:28)
    at new Promise (&lt;anonymous&gt;)
    at callAsyncCircusFn (C:\Users\eposh\OneDrive\Desktop\Dikshant\jenkins\github-review-plugin\node_modules\jest-circus\build\utils.js:231:10)
    at _callCircusHook (C:\Users\eposh\OneDrive\Desktop\Dikshant\jenkins\github-review-plugin\node_modules\jest-circus\build\run.js:281:40)
    at processTicksAndRejections (node:internal/process/task_queues:105:5)
    at _runTest (C:\Users\eposh\OneDrive\Desktop\Dikshant\jenkins\github-review-plugin\node_modules\jest-circus\build\run.js:246:5)
    at _runTestsForDescribeBlock (C:\Users\eposh\OneDrive\Desktop\Dikshant\jenkins\github-review-plugin\node_modules\jest-circus\build\run.js:126:9)
    at _runTestsForDescribeBlock (C:\Users\eposh\OneDrive\Desktop\Dikshant\jenkins\github-review-plugin\node_modules\jest-circus\build\run.js:121:9)
    at _runTestsForDescribeBlock (C:\Users\eposh\OneDrive\Desktop\Dikshant\jenkins\github-review-plugin\node_modules\jest-circus\build\run.js:121:9)
    at run (C:\Users\eposh\OneDrive\Desktop\Dikshant\jenkins\github-review-plugin\node_modules\jest-circus\build\run.js:71:3)
    at runAndTransformResultsToJestFormat (C:\Users\eposh\OneDrive\Desktop\Dikshant\jenkins\github-review-plugin\node_modules\jest-circus\build\legacy-code-todo-rewrite\jestAdapterInit.js:122:21)
    at jestAdapter (C:\Users\eposh\OneDrive\Desktop\Dikshant\jenkins\github-review-plugin\node_modules\jest-circus\build\legacy-code-todo-rewrite\jestAdapter.js:79:19)
    at runTestInternal (C:\Users\eposh\OneDrive\Desktop\Dikshant\jenkins\github-review-plugin\node_modules\jest-runner\build\runTest.js:367:16)
    at runTest (C:\Users\eposh\OneDrive\Desktop\Dikshant\jenkins\github-review-plugin\node_modules\jest-runner\build\runTest.js:444:34)
    at Object.worker (C:\Users\eposh\OneDrive\Desktop\Dikshant\jenkins\github-review-plugin\node_modules\jest-runner\build\testWorker.js:106:12)</failure>
    </testcase>
  </testsuite>
  <testsuite name="AI Review System End-to-End Tests" errors="0" failures="10" skipped="0" timestamp="2025-09-04T10:16:35" time="11.36" tests="10">
    <testcase classname="AI Review System End-to-End Tests ‚Ä∫ Complete Workflow - Development Environment" name="should complete full review workflow in development environment" time="0.314">
      <failure>Error: context.repo requires a GITHUB_REPOSITORY environment variable like &apos;owner/repo&apos;
    at Context.get repo [as repo] (C:\Users\eposh\OneDrive\Desktop\Dikshant\jenkins\github-review-plugin\node_modules\@actions\github\src\context.ts:79:11)
    at new repo (C:\Users\eposh\OneDrive\Desktop\Dikshant\jenkins\github-review-plugin\src\actions\ai-review-action.js:61:25)
    at Object.&lt;anonymous&gt; (C:\Users\eposh\OneDrive\Desktop\Dikshant\jenkins\github-review-plugin\tests\integration\end-to-end.test.js:160:22)
    at Promise.then.completed (C:\Users\eposh\OneDrive\Desktop\Dikshant\jenkins\github-review-plugin\node_modules\jest-circus\build\utils.js:298:28)
    at new Promise (&lt;anonymous&gt;)
    at callAsyncCircusFn (C:\Users\eposh\OneDrive\Desktop\Dikshant\jenkins\github-review-plugin\node_modules\jest-circus\build\utils.js:231:10)
    at _callCircusHook (C:\Users\eposh\OneDrive\Desktop\Dikshant\jenkins\github-review-plugin\node_modules\jest-circus\build\run.js:281:40)
    at processTicksAndRejections (node:internal/process/task_queues:105:5)
    at _runTest (C:\Users\eposh\OneDrive\Desktop\Dikshant\jenkins\github-review-plugin\node_modules\jest-circus\build\run.js:246:5)
    at _runTestsForDescribeBlock (C:\Users\eposh\OneDrive\Desktop\Dikshant\jenkins\github-review-plugin\node_modules\jest-circus\build\run.js:126:9)
    at _runTestsForDescribeBlock (C:\Users\eposh\OneDrive\Desktop\Dikshant\jenkins\github-review-plugin\node_modules\jest-circus\build\run.js:121:9)
    at _runTestsForDescribeBlock (C:\Users\eposh\OneDrive\Desktop\Dikshant\jenkins\github-review-plugin\node_modules\jest-circus\build\run.js:121:9)
    at run (C:\Users\eposh\OneDrive\Desktop\Dikshant\jenkins\github-review-plugin\node_modules\jest-circus\build\run.js:71:3)
    at runAndTransformResultsToJestFormat (C:\Users\eposh\OneDrive\Desktop\Dikshant\jenkins\github-review-plugin\node_modules\jest-circus\build\legacy-code-todo-rewrite\jestAdapterInit.js:122:21)
    at jestAdapter (C:\Users\eposh\OneDrive\Desktop\Dikshant\jenkins\github-review-plugin\node_modules\jest-circus\build\legacy-code-todo-rewrite\jestAdapter.js:79:19)
    at runTestInternal (C:\Users\eposh\OneDrive\Desktop\Dikshant\jenkins\github-review-plugin\node_modules\jest-runner\build\runTest.js:367:16)
    at runTest (C:\Users\eposh\OneDrive\Desktop\Dikshant\jenkins\github-review-plugin\node_modules\jest-runner\build\runTest.js:444:34)
    at Object.worker (C:\Users\eposh\OneDrive\Desktop\Dikshant\jenkins\github-review-plugin\node_modules\jest-runner\build\testWorker.js:106:12)</failure>
    </testcase>
    <testcase classname="AI Review System End-to-End Tests ‚Ä∫ Complete Workflow - Production Environment" name="should enforce stricter quality gates in production" time="0.006">
      <failure>Error: context.repo requires a GITHUB_REPOSITORY environment variable like &apos;owner/repo&apos;
    at Context.get repo [as repo] (C:\Users\eposh\OneDrive\Desktop\Dikshant\jenkins\github-review-plugin\node_modules\@actions\github\src\context.ts:79:11)
    at new repo (C:\Users\eposh\OneDrive\Desktop\Dikshant\jenkins\github-review-plugin\src\actions\ai-review-action.js:61:25)
    at Object.&lt;anonymous&gt; (C:\Users\eposh\OneDrive\Desktop\Dikshant\jenkins\github-review-plugin\tests\integration\end-to-end.test.js:160:22)
    at Promise.then.completed (C:\Users\eposh\OneDrive\Desktop\Dikshant\jenkins\github-review-plugin\node_modules\jest-circus\build\utils.js:298:28)
    at new Promise (&lt;anonymous&gt;)
    at callAsyncCircusFn (C:\Users\eposh\OneDrive\Desktop\Dikshant\jenkins\github-review-plugin\node_modules\jest-circus\build\utils.js:231:10)
    at _callCircusHook (C:\Users\eposh\OneDrive\Desktop\Dikshant\jenkins\github-review-plugin\node_modules\jest-circus\build\run.js:281:40)
    at processTicksAndRejections (node:internal/process/task_queues:105:5)
    at _runTest (C:\Users\eposh\OneDrive\Desktop\Dikshant\jenkins\github-review-plugin\node_modules\jest-circus\build\run.js:246:5)
    at _runTestsForDescribeBlock (C:\Users\eposh\OneDrive\Desktop\Dikshant\jenkins\github-review-plugin\node_modules\jest-circus\build\run.js:126:9)
    at _runTestsForDescribeBlock (C:\Users\eposh\OneDrive\Desktop\Dikshant\jenkins\github-review-plugin\node_modules\jest-circus\build\run.js:121:9)
    at _runTestsForDescribeBlock (C:\Users\eposh\OneDrive\Desktop\Dikshant\jenkins\github-review-plugin\node_modules\jest-circus\build\run.js:121:9)
    at run (C:\Users\eposh\OneDrive\Desktop\Dikshant\jenkins\github-review-plugin\node_modules\jest-circus\build\run.js:71:3)
    at runAndTransformResultsToJestFormat (C:\Users\eposh\OneDrive\Desktop\Dikshant\jenkins\github-review-plugin\node_modules\jest-circus\build\legacy-code-todo-rewrite\jestAdapterInit.js:122:21)
    at jestAdapter (C:\Users\eposh\OneDrive\Desktop\Dikshant\jenkins\github-review-plugin\node_modules\jest-circus\build\legacy-code-todo-rewrite\jestAdapter.js:79:19)
    at runTestInternal (C:\Users\eposh\OneDrive\Desktop\Dikshant\jenkins\github-review-plugin\node_modules\jest-runner\build\runTest.js:367:16)
    at runTest (C:\Users\eposh\OneDrive\Desktop\Dikshant\jenkins\github-review-plugin\node_modules\jest-runner\build\runTest.js:444:34)
    at Object.worker (C:\Users\eposh\OneDrive\Desktop\Dikshant\jenkins\github-review-plugin\node_modules\jest-runner\build\testWorker.js:106:12)</failure>
    </testcase>
    <testcase classname="AI Review System End-to-End Tests ‚Ä∫ Error Recovery and Resilience" name="should handle configuration errors gracefully" time="0.086">
      <failure>Error: context.repo requires a GITHUB_REPOSITORY environment variable like &apos;owner/repo&apos;
    at Context.get repo [as repo] (C:\Users\eposh\OneDrive\Desktop\Dikshant\jenkins\github-review-plugin\node_modules\@actions\github\src\context.ts:79:11)
    at new repo (C:\Users\eposh\OneDrive\Desktop\Dikshant\jenkins\github-review-plugin\src\actions\ai-review-action.js:61:25)
    at Object.&lt;anonymous&gt; (C:\Users\eposh\OneDrive\Desktop\Dikshant\jenkins\github-review-plugin\tests\integration\end-to-end.test.js:160:22)
    at Promise.then.completed (C:\Users\eposh\OneDrive\Desktop\Dikshant\jenkins\github-review-plugin\node_modules\jest-circus\build\utils.js:298:28)
    at new Promise (&lt;anonymous&gt;)
    at callAsyncCircusFn (C:\Users\eposh\OneDrive\Desktop\Dikshant\jenkins\github-review-plugin\node_modules\jest-circus\build\utils.js:231:10)
    at _callCircusHook (C:\Users\eposh\OneDrive\Desktop\Dikshant\jenkins\github-review-plugin\node_modules\jest-circus\build\run.js:281:40)
    at processTicksAndRejections (node:internal/process/task_queues:105:5)
    at _runTest (C:\Users\eposh\OneDrive\Desktop\Dikshant\jenkins\github-review-plugin\node_modules\jest-circus\build\run.js:246:5)
    at _runTestsForDescribeBlock (C:\Users\eposh\OneDrive\Desktop\Dikshant\jenkins\github-review-plugin\node_modules\jest-circus\build\run.js:126:9)
    at _runTestsForDescribeBlock (C:\Users\eposh\OneDrive\Desktop\Dikshant\jenkins\github-review-plugin\node_modules\jest-circus\build\run.js:121:9)
    at _runTestsForDescribeBlock (C:\Users\eposh\OneDrive\Desktop\Dikshant\jenkins\github-review-plugin\node_modules\jest-circus\build\run.js:121:9)
    at run (C:\Users\eposh\OneDrive\Desktop\Dikshant\jenkins\github-review-plugin\node_modules\jest-circus\build\run.js:71:3)
    at runAndTransformResultsToJestFormat (C:\Users\eposh\OneDrive\Desktop\Dikshant\jenkins\github-review-plugin\node_modules\jest-circus\build\legacy-code-todo-rewrite\jestAdapterInit.js:122:21)
    at jestAdapter (C:\Users\eposh\OneDrive\Desktop\Dikshant\jenkins\github-review-plugin\node_modules\jest-circus\build\legacy-code-todo-rewrite\jestAdapter.js:79:19)
    at runTestInternal (C:\Users\eposh\OneDrive\Desktop\Dikshant\jenkins\github-review-plugin\node_modules\jest-runner\build\runTest.js:367:16)
    at runTest (C:\Users\eposh\OneDrive\Desktop\Dikshant\jenkins\github-review-plugin\node_modules\jest-runner\build\runTest.js:444:34)
    at Object.worker (C:\Users\eposh\OneDrive\Desktop\Dikshant\jenkins\github-review-plugin\node_modules\jest-runner\build\testWorker.js:106:12)</failure>
    </testcase>
    <testcase classname="AI Review System End-to-End Tests ‚Ä∫ Error Recovery and Resilience" name="should handle GitHub API failures gracefully" time="0.073">
      <failure>Error: context.repo requires a GITHUB_REPOSITORY environment variable like &apos;owner/repo&apos;
    at Context.get repo [as repo] (C:\Users\eposh\OneDrive\Desktop\Dikshant\jenkins\github-review-plugin\node_modules\@actions\github\src\context.ts:79:11)
    at new repo (C:\Users\eposh\OneDrive\Desktop\Dikshant\jenkins\github-review-plugin\src\actions\ai-review-action.js:61:25)
    at Object.&lt;anonymous&gt; (C:\Users\eposh\OneDrive\Desktop\Dikshant\jenkins\github-review-plugin\tests\integration\end-to-end.test.js:160:22)
    at Promise.then.completed (C:\Users\eposh\OneDrive\Desktop\Dikshant\jenkins\github-review-plugin\node_modules\jest-circus\build\utils.js:298:28)
    at new Promise (&lt;anonymous&gt;)
    at callAsyncCircusFn (C:\Users\eposh\OneDrive\Desktop\Dikshant\jenkins\github-review-plugin\node_modules\jest-circus\build\utils.js:231:10)
    at _callCircusHook (C:\Users\eposh\OneDrive\Desktop\Dikshant\jenkins\github-review-plugin\node_modules\jest-circus\build\run.js:281:40)
    at processTicksAndRejections (node:internal/process/task_queues:105:5)
    at _runTest (C:\Users\eposh\OneDrive\Desktop\Dikshant\jenkins\github-review-plugin\node_modules\jest-circus\build\run.js:246:5)
    at _runTestsForDescribeBlock (C:\Users\eposh\OneDrive\Desktop\Dikshant\jenkins\github-review-plugin\node_modules\jest-circus\build\run.js:126:9)
    at _runTestsForDescribeBlock (C:\Users\eposh\OneDrive\Desktop\Dikshant\jenkins\github-review-plugin\node_modules\jest-circus\build\run.js:121:9)
    at _runTestsForDescribeBlock (C:\Users\eposh\OneDrive\Desktop\Dikshant\jenkins\github-review-plugin\node_modules\jest-circus\build\run.js:121:9)
    at run (C:\Users\eposh\OneDrive\Desktop\Dikshant\jenkins\github-review-plugin\node_modules\jest-circus\build\run.js:71:3)
    at runAndTransformResultsToJestFormat (C:\Users\eposh\OneDrive\Desktop\Dikshant\jenkins\github-review-plugin\node_modules\jest-circus\build\legacy-code-todo-rewrite\jestAdapterInit.js:122:21)
    at jestAdapter (C:\Users\eposh\OneDrive\Desktop\Dikshant\jenkins\github-review-plugin\node_modules\jest-circus\build\legacy-code-todo-rewrite\jestAdapter.js:79:19)
    at runTestInternal (C:\Users\eposh\OneDrive\Desktop\Dikshant\jenkins\github-review-plugin\node_modules\jest-runner\build\runTest.js:367:16)
    at runTest (C:\Users\eposh\OneDrive\Desktop\Dikshant\jenkins\github-review-plugin\node_modules\jest-runner\build\runTest.js:444:34)
    at Object.worker (C:\Users\eposh\OneDrive\Desktop\Dikshant\jenkins\github-review-plugin\node_modules\jest-runner\build\testWorker.js:106:12)</failure>
    </testcase>
    <testcase classname="AI Review System End-to-End Tests ‚Ä∫ Error Recovery and Resilience" name="should handle AI API failures gracefully" time="0.012">
      <failure>Error: context.repo requires a GITHUB_REPOSITORY environment variable like &apos;owner/repo&apos;
    at Context.get repo [as repo] (C:\Users\eposh\OneDrive\Desktop\Dikshant\jenkins\github-review-plugin\node_modules\@actions\github\src\context.ts:79:11)
    at new repo (C:\Users\eposh\OneDrive\Desktop\Dikshant\jenkins\github-review-plugin\src\actions\ai-review-action.js:61:25)
    at Object.&lt;anonymous&gt; (C:\Users\eposh\OneDrive\Desktop\Dikshant\jenkins\github-review-plugin\tests\integration\end-to-end.test.js:160:22)
    at Promise.then.completed (C:\Users\eposh\OneDrive\Desktop\Dikshant\jenkins\github-review-plugin\node_modules\jest-circus\build\utils.js:298:28)
    at new Promise (&lt;anonymous&gt;)
    at callAsyncCircusFn (C:\Users\eposh\OneDrive\Desktop\Dikshant\jenkins\github-review-plugin\node_modules\jest-circus\build\utils.js:231:10)
    at _callCircusHook (C:\Users\eposh\OneDrive\Desktop\Dikshant\jenkins\github-review-plugin\node_modules\jest-circus\build\run.js:281:40)
    at processTicksAndRejections (node:internal/process/task_queues:105:5)
    at _runTest (C:\Users\eposh\OneDrive\Desktop\Dikshant\jenkins\github-review-plugin\node_modules\jest-circus\build\run.js:246:5)
    at _runTestsForDescribeBlock (C:\Users\eposh\OneDrive\Desktop\Dikshant\jenkins\github-review-plugin\node_modules\jest-circus\build\run.js:126:9)
    at _runTestsForDescribeBlock (C:\Users\eposh\OneDrive\Desktop\Dikshant\jenkins\github-review-plugin\node_modules\jest-circus\build\run.js:121:9)
    at _runTestsForDescribeBlock (C:\Users\eposh\OneDrive\Desktop\Dikshant\jenkins\github-review-plugin\node_modules\jest-circus\build\run.js:121:9)
    at run (C:\Users\eposh\OneDrive\Desktop\Dikshant\jenkins\github-review-plugin\node_modules\jest-circus\build\run.js:71:3)
    at runAndTransformResultsToJestFormat (C:\Users\eposh\OneDrive\Desktop\Dikshant\jenkins\github-review-plugin\node_modules\jest-circus\build\legacy-code-todo-rewrite\jestAdapterInit.js:122:21)
    at jestAdapter (C:\Users\eposh\OneDrive\Desktop\Dikshant\jenkins\github-review-plugin\node_modules\jest-circus\build\legacy-code-todo-rewrite\jestAdapter.js:79:19)
    at runTestInternal (C:\Users\eposh\OneDrive\Desktop\Dikshant\jenkins\github-review-plugin\node_modules\jest-runner\build\runTest.js:367:16)
    at runTest (C:\Users\eposh\OneDrive\Desktop\Dikshant\jenkins\github-review-plugin\node_modules\jest-runner\build\runTest.js:444:34)
    at Object.worker (C:\Users\eposh\OneDrive\Desktop\Dikshant\jenkins\github-review-plugin\node_modules\jest-runner\build\testWorker.js:106:12)</failure>
    </testcase>
    <testcase classname="AI Review System End-to-End Tests ‚Ä∫ Error Recovery and Resilience" name="should handle email notification failures gracefully" time="0.007">
      <failure>Error: context.repo requires a GITHUB_REPOSITORY environment variable like &apos;owner/repo&apos;
    at Context.get repo [as repo] (C:\Users\eposh\OneDrive\Desktop\Dikshant\jenkins\github-review-plugin\node_modules\@actions\github\src\context.ts:79:11)
    at new repo (C:\Users\eposh\OneDrive\Desktop\Dikshant\jenkins\github-review-plugin\src\actions\ai-review-action.js:61:25)
    at Object.&lt;anonymous&gt; (C:\Users\eposh\OneDrive\Desktop\Dikshant\jenkins\github-review-plugin\tests\integration\end-to-end.test.js:160:22)
    at Promise.then.completed (C:\Users\eposh\OneDrive\Desktop\Dikshant\jenkins\github-review-plugin\node_modules\jest-circus\build\utils.js:298:28)
    at new Promise (&lt;anonymous&gt;)
    at callAsyncCircusFn (C:\Users\eposh\OneDrive\Desktop\Dikshant\jenkins\github-review-plugin\node_modules\jest-circus\build\utils.js:231:10)
    at _callCircusHook (C:\Users\eposh\OneDrive\Desktop\Dikshant\jenkins\github-review-plugin\node_modules\jest-circus\build\run.js:281:40)
    at processTicksAndRejections (node:internal/process/task_queues:105:5)
    at _runTest (C:\Users\eposh\OneDrive\Desktop\Dikshant\jenkins\github-review-plugin\node_modules\jest-circus\build\run.js:246:5)
    at _runTestsForDescribeBlock (C:\Users\eposh\OneDrive\Desktop\Dikshant\jenkins\github-review-plugin\node_modules\jest-circus\build\run.js:126:9)
    at _runTestsForDescribeBlock (C:\Users\eposh\OneDrive\Desktop\Dikshant\jenkins\github-review-plugin\node_modules\jest-circus\build\run.js:121:9)
    at _runTestsForDescribeBlock (C:\Users\eposh\OneDrive\Desktop\Dikshant\jenkins\github-review-plugin\node_modules\jest-circus\build\run.js:121:9)
    at run (C:\Users\eposh\OneDrive\Desktop\Dikshant\jenkins\github-review-plugin\node_modules\jest-circus\build\run.js:71:3)
    at runAndTransformResultsToJestFormat (C:\Users\eposh\OneDrive\Desktop\Dikshant\jenkins\github-review-plugin\node_modules\jest-circus\build\legacy-code-todo-rewrite\jestAdapterInit.js:122:21)
    at jestAdapter (C:\Users\eposh\OneDrive\Desktop\Dikshant\jenkins\github-review-plugin\node_modules\jest-circus\build\legacy-code-todo-rewrite\jestAdapter.js:79:19)
    at runTestInternal (C:\Users\eposh\OneDrive\Desktop\Dikshant\jenkins\github-review-plugin\node_modules\jest-runner\build\runTest.js:367:16)
    at runTest (C:\Users\eposh\OneDrive\Desktop\Dikshant\jenkins\github-review-plugin\node_modules\jest-runner\build\runTest.js:444:34)
    at Object.worker (C:\Users\eposh\OneDrive\Desktop\Dikshant\jenkins\github-review-plugin\node_modules\jest-runner\build\testWorker.js:106:12)</failure>
    </testcase>
    <testcase classname="AI Review System End-to-End Tests ‚Ä∫ Performance and Scalability" name="should handle large numbers of files efficiently" time="0.006">
      <failure>Error: context.repo requires a GITHUB_REPOSITORY environment variable like &apos;owner/repo&apos;
    at Context.get repo [as repo] (C:\Users\eposh\OneDrive\Desktop\Dikshant\jenkins\github-review-plugin\node_modules\@actions\github\src\context.ts:79:11)
    at new repo (C:\Users\eposh\OneDrive\Desktop\Dikshant\jenkins\github-review-plugin\src\actions\ai-review-action.js:61:25)
    at Object.&lt;anonymous&gt; (C:\Users\eposh\OneDrive\Desktop\Dikshant\jenkins\github-review-plugin\tests\integration\end-to-end.test.js:160:22)
    at Promise.then.completed (C:\Users\eposh\OneDrive\Desktop\Dikshant\jenkins\github-review-plugin\node_modules\jest-circus\build\utils.js:298:28)
    at new Promise (&lt;anonymous&gt;)
    at callAsyncCircusFn (C:\Users\eposh\OneDrive\Desktop\Dikshant\jenkins\github-review-plugin\node_modules\jest-circus\build\utils.js:231:10)
    at _callCircusHook (C:\Users\eposh\OneDrive\Desktop\Dikshant\jenkins\github-review-plugin\node_modules\jest-circus\build\run.js:281:40)
    at processTicksAndRejections (node:internal/process/task_queues:105:5)
    at _runTest (C:\Users\eposh\OneDrive\Desktop\Dikshant\jenkins\github-review-plugin\node_modules\jest-circus\build\run.js:246:5)
    at _runTestsForDescribeBlock (C:\Users\eposh\OneDrive\Desktop\Dikshant\jenkins\github-review-plugin\node_modules\jest-circus\build\run.js:126:9)
    at _runTestsForDescribeBlock (C:\Users\eposh\OneDrive\Desktop\Dikshant\jenkins\github-review-plugin\node_modules\jest-circus\build\run.js:121:9)
    at _runTestsForDescribeBlock (C:\Users\eposh\OneDrive\Desktop\Dikshant\jenkins\github-review-plugin\node_modules\jest-circus\build\run.js:121:9)
    at run (C:\Users\eposh\OneDrive\Desktop\Dikshant\jenkins\github-review-plugin\node_modules\jest-circus\build\run.js:71:3)
    at runAndTransformResultsToJestFormat (C:\Users\eposh\OneDrive\Desktop\Dikshant\jenkins\github-review-plugin\node_modules\jest-circus\build\legacy-code-todo-rewrite\jestAdapterInit.js:122:21)
    at jestAdapter (C:\Users\eposh\OneDrive\Desktop\Dikshant\jenkins\github-review-plugin\node_modules\jest-circus\build\legacy-code-todo-rewrite\jestAdapter.js:79:19)
    at runTestInternal (C:\Users\eposh\OneDrive\Desktop\Dikshant\jenkins\github-review-plugin\node_modules\jest-runner\build\runTest.js:367:16)
    at runTest (C:\Users\eposh\OneDrive\Desktop\Dikshant\jenkins\github-review-plugin\node_modules\jest-runner\build\runTest.js:444:34)
    at Object.worker (C:\Users\eposh\OneDrive\Desktop\Dikshant\jenkins\github-review-plugin\node_modules\jest-runner\build\testWorker.js:106:12)</failure>
    </testcase>
    <testcase classname="AI Review System End-to-End Tests ‚Ä∫ Performance and Scalability" name="should handle large AI responses efficiently" time="0.012">
      <failure>Error: context.repo requires a GITHUB_REPOSITORY environment variable like &apos;owner/repo&apos;
    at Context.get repo [as repo] (C:\Users\eposh\OneDrive\Desktop\Dikshant\jenkins\github-review-plugin\node_modules\@actions\github\src\context.ts:79:11)
    at new repo (C:\Users\eposh\OneDrive\Desktop\Dikshant\jenkins\github-review-plugin\src\actions\ai-review-action.js:61:25)
    at Object.&lt;anonymous&gt; (C:\Users\eposh\OneDrive\Desktop\Dikshant\jenkins\github-review-plugin\tests\integration\end-to-end.test.js:160:22)
    at Promise.then.completed (C:\Users\eposh\OneDrive\Desktop\Dikshant\jenkins\github-review-plugin\node_modules\jest-circus\build\utils.js:298:28)
    at new Promise (&lt;anonymous&gt;)
    at callAsyncCircusFn (C:\Users\eposh\OneDrive\Desktop\Dikshant\jenkins\github-review-plugin\node_modules\jest-circus\build\utils.js:231:10)
    at _callCircusHook (C:\Users\eposh\OneDrive\Desktop\Dikshant\jenkins\github-review-plugin\node_modules\jest-circus\build\run.js:281:40)
    at processTicksAndRejections (node:internal/process/task_queues:105:5)
    at _runTest (C:\Users\eposh\OneDrive\Desktop\Dikshant\jenkins\github-review-plugin\node_modules\jest-circus\build\run.js:246:5)
    at _runTestsForDescribeBlock (C:\Users\eposh\OneDrive\Desktop\Dikshant\jenkins\github-review-plugin\node_modules\jest-circus\build\run.js:126:9)
    at _runTestsForDescribeBlock (C:\Users\eposh\OneDrive\Desktop\Dikshant\jenkins\github-review-plugin\node_modules\jest-circus\build\run.js:121:9)
    at _runTestsForDescribeBlock (C:\Users\eposh\OneDrive\Desktop\Dikshant\jenkins\github-review-plugin\node_modules\jest-circus\build\run.js:121:9)
    at run (C:\Users\eposh\OneDrive\Desktop\Dikshant\jenkins\github-review-plugin\node_modules\jest-circus\build\run.js:71:3)
    at runAndTransformResultsToJestFormat (C:\Users\eposh\OneDrive\Desktop\Dikshant\jenkins\github-review-plugin\node_modules\jest-circus\build\legacy-code-todo-rewrite\jestAdapterInit.js:122:21)
    at jestAdapter (C:\Users\eposh\OneDrive\Desktop\Dikshant\jenkins\github-review-plugin\node_modules\jest-circus\build\legacy-code-todo-rewrite\jestAdapter.js:79:19)
    at runTestInternal (C:\Users\eposh\OneDrive\Desktop\Dikshant\jenkins\github-review-plugin\node_modules\jest-runner\build\runTest.js:367:16)
    at runTest (C:\Users\eposh\OneDrive\Desktop\Dikshant\jenkins\github-review-plugin\node_modules\jest-runner\build\runTest.js:444:34)
    at Object.worker (C:\Users\eposh\OneDrive\Desktop\Dikshant\jenkins\github-review-plugin\node_modules\jest-runner\build\testWorker.js:106:12)</failure>
    </testcase>
    <testcase classname="AI Review System End-to-End Tests ‚Ä∫ Data Consistency and Validation" name="should maintain data consistency throughout the workflow" time="0.024">
      <failure>Error: context.repo requires a GITHUB_REPOSITORY environment variable like &apos;owner/repo&apos;
    at Context.get repo [as repo] (C:\Users\eposh\OneDrive\Desktop\Dikshant\jenkins\github-review-plugin\node_modules\@actions\github\src\context.ts:79:11)
    at new repo (C:\Users\eposh\OneDrive\Desktop\Dikshant\jenkins\github-review-plugin\src\actions\ai-review-action.js:61:25)
    at Object.&lt;anonymous&gt; (C:\Users\eposh\OneDrive\Desktop\Dikshant\jenkins\github-review-plugin\tests\integration\end-to-end.test.js:160:22)
    at Promise.then.completed (C:\Users\eposh\OneDrive\Desktop\Dikshant\jenkins\github-review-plugin\node_modules\jest-circus\build\utils.js:298:28)
    at new Promise (&lt;anonymous&gt;)
    at callAsyncCircusFn (C:\Users\eposh\OneDrive\Desktop\Dikshant\jenkins\github-review-plugin\node_modules\jest-circus\build\utils.js:231:10)
    at _callCircusHook (C:\Users\eposh\OneDrive\Desktop\Dikshant\jenkins\github-review-plugin\node_modules\jest-circus\build\run.js:281:40)
    at processTicksAndRejections (node:internal/process/task_queues:105:5)
    at _runTest (C:\Users\eposh\OneDrive\Desktop\Dikshant\jenkins\github-review-plugin\node_modules\jest-circus\build\run.js:246:5)
    at _runTestsForDescribeBlock (C:\Users\eposh\OneDrive\Desktop\Dikshant\jenkins\github-review-plugin\node_modules\jest-circus\build\run.js:126:9)
    at _runTestsForDescribeBlock (C:\Users\eposh\OneDrive\Desktop\Dikshant\jenkins\github-review-plugin\node_modules\jest-circus\build\run.js:121:9)
    at _runTestsForDescribeBlock (C:\Users\eposh\OneDrive\Desktop\Dikshant\jenkins\github-review-plugin\node_modules\jest-circus\build\run.js:121:9)
    at run (C:\Users\eposh\OneDrive\Desktop\Dikshant\jenkins\github-review-plugin\node_modules\jest-circus\build\run.js:71:3)
    at runAndTransformResultsToJestFormat (C:\Users\eposh\OneDrive\Desktop\Dikshant\jenkins\github-review-plugin\node_modules\jest-circus\build\legacy-code-todo-rewrite\jestAdapterInit.js:122:21)
    at jestAdapter (C:\Users\eposh\OneDrive\Desktop\Dikshant\jenkins\github-review-plugin\node_modules\jest-circus\build\legacy-code-todo-rewrite\jestAdapter.js:79:19)
    at runTestInternal (C:\Users\eposh\OneDrive\Desktop\Dikshant\jenkins\github-review-plugin\node_modules\jest-runner\build\runTest.js:367:16)
    at runTest (C:\Users\eposh\OneDrive\Desktop\Dikshant\jenkins\github-review-plugin\node_modules\jest-runner\build\runTest.js:444:34)
    at Object.worker (C:\Users\eposh\OneDrive\Desktop\Dikshant\jenkins\github-review-plugin\node_modules\jest-runner\build\testWorker.js:106:12)</failure>
    </testcase>
    <testcase classname="AI Review System End-to-End Tests ‚Ä∫ Data Consistency and Validation" name="should validate all data structures throughout the workflow" time="0.014">
      <failure>Error: context.repo requires a GITHUB_REPOSITORY environment variable like &apos;owner/repo&apos;
    at Context.get repo [as repo] (C:\Users\eposh\OneDrive\Desktop\Dikshant\jenkins\github-review-plugin\node_modules\@actions\github\src\context.ts:79:11)
    at new repo (C:\Users\eposh\OneDrive\Desktop\Dikshant\jenkins\github-review-plugin\src\actions\ai-review-action.js:61:25)
    at Object.&lt;anonymous&gt; (C:\Users\eposh\OneDrive\Desktop\Dikshant\jenkins\github-review-plugin\tests\integration\end-to-end.test.js:160:22)
    at Promise.then.completed (C:\Users\eposh\OneDrive\Desktop\Dikshant\jenkins\github-review-plugin\node_modules\jest-circus\build\utils.js:298:28)
    at new Promise (&lt;anonymous&gt;)
    at callAsyncCircusFn (C:\Users\eposh\OneDrive\Desktop\Dikshant\jenkins\github-review-plugin\node_modules\jest-circus\build\utils.js:231:10)
    at _callCircusHook (C:\Users\eposh\OneDrive\Desktop\Dikshant\jenkins\github-review-plugin\node_modules\jest-circus\build\run.js:281:40)
    at processTicksAndRejections (node:internal/process/task_queues:105:5)
    at _runTest (C:\Users\eposh\OneDrive\Desktop\Dikshant\jenkins\github-review-plugin\node_modules\jest-circus\build\run.js:246:5)
    at _runTestsForDescribeBlock (C:\Users\eposh\OneDrive\Desktop\Dikshant\jenkins\github-review-plugin\node_modules\jest-circus\build\run.js:126:9)
    at _runTestsForDescribeBlock (C:\Users\eposh\OneDrive\Desktop\Dikshant\jenkins\github-review-plugin\node_modules\jest-circus\build\run.js:121:9)
    at _runTestsForDescribeBlock (C:\Users\eposh\OneDrive\Desktop\Dikshant\jenkins\github-review-plugin\node_modules\jest-circus\build\run.js:121:9)
    at run (C:\Users\eposh\OneDrive\Desktop\Dikshant\jenkins\github-review-plugin\node_modules\jest-circus\build\run.js:71:3)
    at runAndTransformResultsToJestFormat (C:\Users\eposh\OneDrive\Desktop\Dikshant\jenkins\github-review-plugin\node_modules\jest-circus\build\legacy-code-todo-rewrite\jestAdapterInit.js:122:21)
    at jestAdapter (C:\Users\eposh\OneDrive\Desktop\Dikshant\jenkins\github-review-plugin\node_modules\jest-circus\build\legacy-code-todo-rewrite\jestAdapter.js:79:19)
    at runTestInternal (C:\Users\eposh\OneDrive\Desktop\Dikshant\jenkins\github-review-plugin\node_modules\jest-runner\build\runTest.js:367:16)
    at runTest (C:\Users\eposh\OneDrive\Desktop\Dikshant\jenkins\github-review-plugin\node_modules\jest-runner\build\runTest.js:444:34)
    at Object.worker (C:\Users\eposh\OneDrive\Desktop\Dikshant\jenkins\github-review-plugin\node_modules\jest-runner\build\testWorker.js:106:12)</failure>
    </testcase>
  </testsuite>
  <testsuite name="AI Review System Performance Tests" errors="0" failures="10" skipped="0" timestamp="2025-09-04T10:16:35" time="11.706" tests="10">
    <testcase classname="AI Review System Performance Tests ‚Ä∫ Single Review Performance" name="should complete Small review (5 files, 2K tokens) within expected time" time="0.428">
      <failure>Error: context.repo requires a GITHUB_REPOSITORY environment variable like &apos;owner/repo&apos;
    at Context.get repo [as repo] (C:\Users\eposh\OneDrive\Desktop\Dikshant\jenkins\github-review-plugin\node_modules\@actions\github\src\context.ts:79:11)
    at new repo (C:\Users\eposh\OneDrive\Desktop\Dikshant\jenkins\github-review-plugin\src\actions\ai-review-action.js:61:25)
    at Object.&lt;anonymous&gt; (C:\Users\eposh\OneDrive\Desktop\Dikshant\jenkins\github-review-plugin\tests\integration\performance\performance-integration.test.js:102:22)
    at Promise.then.completed (C:\Users\eposh\OneDrive\Desktop\Dikshant\jenkins\github-review-plugin\node_modules\jest-circus\build\utils.js:298:28)
    at new Promise (&lt;anonymous&gt;)
    at callAsyncCircusFn (C:\Users\eposh\OneDrive\Desktop\Dikshant\jenkins\github-review-plugin\node_modules\jest-circus\build\utils.js:231:10)
    at _callCircusHook (C:\Users\eposh\OneDrive\Desktop\Dikshant\jenkins\github-review-plugin\node_modules\jest-circus\build\run.js:281:40)
    at processTicksAndRejections (node:internal/process/task_queues:105:5)
    at _runTest (C:\Users\eposh\OneDrive\Desktop\Dikshant\jenkins\github-review-plugin\node_modules\jest-circus\build\run.js:246:5)
    at _runTestsForDescribeBlock (C:\Users\eposh\OneDrive\Desktop\Dikshant\jenkins\github-review-plugin\node_modules\jest-circus\build\run.js:126:9)
    at _runTestsForDescribeBlock (C:\Users\eposh\OneDrive\Desktop\Dikshant\jenkins\github-review-plugin\node_modules\jest-circus\build\run.js:121:9)
    at _runTestsForDescribeBlock (C:\Users\eposh\OneDrive\Desktop\Dikshant\jenkins\github-review-plugin\node_modules\jest-circus\build\run.js:121:9)
    at run (C:\Users\eposh\OneDrive\Desktop\Dikshant\jenkins\github-review-plugin\node_modules\jest-circus\build\run.js:71:3)
    at runAndTransformResultsToJestFormat (C:\Users\eposh\OneDrive\Desktop\Dikshant\jenkins\github-review-plugin\node_modules\jest-circus\build\legacy-code-todo-rewrite\jestAdapterInit.js:122:21)
    at jestAdapter (C:\Users\eposh\OneDrive\Desktop\Dikshant\jenkins\github-review-plugin\node_modules\jest-circus\build\legacy-code-todo-rewrite\jestAdapter.js:79:19)
    at runTestInternal (C:\Users\eposh\OneDrive\Desktop\Dikshant\jenkins\github-review-plugin\node_modules\jest-runner\build\runTest.js:367:16)
    at runTest (C:\Users\eposh\OneDrive\Desktop\Dikshant\jenkins\github-review-plugin\node_modules\jest-runner\build\runTest.js:444:34)
    at Object.worker (C:\Users\eposh\OneDrive\Desktop\Dikshant\jenkins\github-review-plugin\node_modules\jest-runner\build\testWorker.js:106:12)</failure>
    </testcase>
    <testcase classname="AI Review System Performance Tests ‚Ä∫ Single Review Performance" name="should complete Medium review (20 files, 5K tokens) within expected time" time="0.034">
      <failure>Error: context.repo requires a GITHUB_REPOSITORY environment variable like &apos;owner/repo&apos;
    at Context.get repo [as repo] (C:\Users\eposh\OneDrive\Desktop\Dikshant\jenkins\github-review-plugin\node_modules\@actions\github\src\context.ts:79:11)
    at new repo (C:\Users\eposh\OneDrive\Desktop\Dikshant\jenkins\github-review-plugin\src\actions\ai-review-action.js:61:25)
    at Object.&lt;anonymous&gt; (C:\Users\eposh\OneDrive\Desktop\Dikshant\jenkins\github-review-plugin\tests\integration\performance\performance-integration.test.js:102:22)
    at Promise.then.completed (C:\Users\eposh\OneDrive\Desktop\Dikshant\jenkins\github-review-plugin\node_modules\jest-circus\build\utils.js:298:28)
    at new Promise (&lt;anonymous&gt;)
    at callAsyncCircusFn (C:\Users\eposh\OneDrive\Desktop\Dikshant\jenkins\github-review-plugin\node_modules\jest-circus\build\utils.js:231:10)
    at _callCircusHook (C:\Users\eposh\OneDrive\Desktop\Dikshant\jenkins\github-review-plugin\node_modules\jest-circus\build\run.js:281:40)
    at processTicksAndRejections (node:internal/process/task_queues:105:5)
    at _runTest (C:\Users\eposh\OneDrive\Desktop\Dikshant\jenkins\github-review-plugin\node_modules\jest-circus\build\run.js:246:5)
    at _runTestsForDescribeBlock (C:\Users\eposh\OneDrive\Desktop\Dikshant\jenkins\github-review-plugin\node_modules\jest-circus\build\run.js:126:9)
    at _runTestsForDescribeBlock (C:\Users\eposh\OneDrive\Desktop\Dikshant\jenkins\github-review-plugin\node_modules\jest-circus\build\run.js:121:9)
    at _runTestsForDescribeBlock (C:\Users\eposh\OneDrive\Desktop\Dikshant\jenkins\github-review-plugin\node_modules\jest-circus\build\run.js:121:9)
    at run (C:\Users\eposh\OneDrive\Desktop\Dikshant\jenkins\github-review-plugin\node_modules\jest-circus\build\run.js:71:3)
    at runAndTransformResultsToJestFormat (C:\Users\eposh\OneDrive\Desktop\Dikshant\jenkins\github-review-plugin\node_modules\jest-circus\build\legacy-code-todo-rewrite\jestAdapterInit.js:122:21)
    at jestAdapter (C:\Users\eposh\OneDrive\Desktop\Dikshant\jenkins\github-review-plugin\node_modules\jest-circus\build\legacy-code-todo-rewrite\jestAdapter.js:79:19)
    at runTestInternal (C:\Users\eposh\OneDrive\Desktop\Dikshant\jenkins\github-review-plugin\node_modules\jest-runner\build\runTest.js:367:16)
    at runTest (C:\Users\eposh\OneDrive\Desktop\Dikshant\jenkins\github-review-plugin\node_modules\jest-runner\build\runTest.js:444:34)
    at Object.worker (C:\Users\eposh\OneDrive\Desktop\Dikshant\jenkins\github-review-plugin\node_modules\jest-runner\build\testWorker.js:106:12)</failure>
    </testcase>
    <testcase classname="AI Review System Performance Tests ‚Ä∫ Single Review Performance" name="should complete Large review (50 files, 10K tokens) within expected time" time="0.035">
      <failure>Error: context.repo requires a GITHUB_REPOSITORY environment variable like &apos;owner/repo&apos;
    at Context.get repo [as repo] (C:\Users\eposh\OneDrive\Desktop\Dikshant\jenkins\github-review-plugin\node_modules\@actions\github\src\context.ts:79:11)
    at new repo (C:\Users\eposh\OneDrive\Desktop\Dikshant\jenkins\github-review-plugin\src\actions\ai-review-action.js:61:25)
    at Object.&lt;anonymous&gt; (C:\Users\eposh\OneDrive\Desktop\Dikshant\jenkins\github-review-plugin\tests\integration\performance\performance-integration.test.js:102:22)
    at Promise.then.completed (C:\Users\eposh\OneDrive\Desktop\Dikshant\jenkins\github-review-plugin\node_modules\jest-circus\build\utils.js:298:28)
    at new Promise (&lt;anonymous&gt;)
    at callAsyncCircusFn (C:\Users\eposh\OneDrive\Desktop\Dikshant\jenkins\github-review-plugin\node_modules\jest-circus\build\utils.js:231:10)
    at _callCircusHook (C:\Users\eposh\OneDrive\Desktop\Dikshant\jenkins\github-review-plugin\node_modules\jest-circus\build\run.js:281:40)
    at processTicksAndRejections (node:internal/process/task_queues:105:5)
    at _runTest (C:\Users\eposh\OneDrive\Desktop\Dikshant\jenkins\github-review-plugin\node_modules\jest-circus\build\run.js:246:5)
    at _runTestsForDescribeBlock (C:\Users\eposh\OneDrive\Desktop\Dikshant\jenkins\github-review-plugin\node_modules\jest-circus\build\run.js:126:9)
    at _runTestsForDescribeBlock (C:\Users\eposh\OneDrive\Desktop\Dikshant\jenkins\github-review-plugin\node_modules\jest-circus\build\run.js:121:9)
    at _runTestsForDescribeBlock (C:\Users\eposh\OneDrive\Desktop\Dikshant\jenkins\github-review-plugin\node_modules\jest-circus\build\run.js:121:9)
    at run (C:\Users\eposh\OneDrive\Desktop\Dikshant\jenkins\github-review-plugin\node_modules\jest-circus\build\run.js:71:3)
    at runAndTransformResultsToJestFormat (C:\Users\eposh\OneDrive\Desktop\Dikshant\jenkins\github-review-plugin\node_modules\jest-circus\build\legacy-code-todo-rewrite\jestAdapterInit.js:122:21)
    at jestAdapter (C:\Users\eposh\OneDrive\Desktop\Dikshant\jenkins\github-review-plugin\node_modules\jest-circus\build\legacy-code-todo-rewrite\jestAdapter.js:79:19)
    at runTestInternal (C:\Users\eposh\OneDrive\Desktop\Dikshant\jenkins\github-review-plugin\node_modules\jest-runner\build\runTest.js:367:16)
    at runTest (C:\Users\eposh\OneDrive\Desktop\Dikshant\jenkins\github-review-plugin\node_modules\jest-runner\build\runTest.js:444:34)
    at Object.worker (C:\Users\eposh\OneDrive\Desktop\Dikshant\jenkins\github-review-plugin\node_modules\jest-runner\build\testWorker.js:106:12)</failure>
    </testcase>
    <testcase classname="AI Review System Performance Tests ‚Ä∫ Single Review Performance" name="should complete Extra large review (100 files, 15K tokens) within expected time" time="0.016">
      <failure>Error: context.repo requires a GITHUB_REPOSITORY environment variable like &apos;owner/repo&apos;
    at Context.get repo [as repo] (C:\Users\eposh\OneDrive\Desktop\Dikshant\jenkins\github-review-plugin\node_modules\@actions\github\src\context.ts:79:11)
    at new repo (C:\Users\eposh\OneDrive\Desktop\Dikshant\jenkins\github-review-plugin\src\actions\ai-review-action.js:61:25)
    at Object.&lt;anonymous&gt; (C:\Users\eposh\OneDrive\Desktop\Dikshant\jenkins\github-review-plugin\tests\integration\performance\performance-integration.test.js:102:22)
    at Promise.then.completed (C:\Users\eposh\OneDrive\Desktop\Dikshant\jenkins\github-review-plugin\node_modules\jest-circus\build\utils.js:298:28)
    at new Promise (&lt;anonymous&gt;)
    at callAsyncCircusFn (C:\Users\eposh\OneDrive\Desktop\Dikshant\jenkins\github-review-plugin\node_modules\jest-circus\build\utils.js:231:10)
    at _callCircusHook (C:\Users\eposh\OneDrive\Desktop\Dikshant\jenkins\github-review-plugin\node_modules\jest-circus\build\run.js:281:40)
    at processTicksAndRejections (node:internal/process/task_queues:105:5)
    at _runTest (C:\Users\eposh\OneDrive\Desktop\Dikshant\jenkins\github-review-plugin\node_modules\jest-circus\build\run.js:246:5)
    at _runTestsForDescribeBlock (C:\Users\eposh\OneDrive\Desktop\Dikshant\jenkins\github-review-plugin\node_modules\jest-circus\build\run.js:126:9)
    at _runTestsForDescribeBlock (C:\Users\eposh\OneDrive\Desktop\Dikshant\jenkins\github-review-plugin\node_modules\jest-circus\build\run.js:121:9)
    at _runTestsForDescribeBlock (C:\Users\eposh\OneDrive\Desktop\Dikshant\jenkins\github-review-plugin\node_modules\jest-circus\build\run.js:121:9)
    at run (C:\Users\eposh\OneDrive\Desktop\Dikshant\jenkins\github-review-plugin\node_modules\jest-circus\build\run.js:71:3)
    at runAndTransformResultsToJestFormat (C:\Users\eposh\OneDrive\Desktop\Dikshant\jenkins\github-review-plugin\node_modules\jest-circus\build\legacy-code-todo-rewrite\jestAdapterInit.js:122:21)
    at jestAdapter (C:\Users\eposh\OneDrive\Desktop\Dikshant\jenkins\github-review-plugin\node_modules\jest-circus\build\legacy-code-todo-rewrite\jestAdapter.js:79:19)
    at runTestInternal (C:\Users\eposh\OneDrive\Desktop\Dikshant\jenkins\github-review-plugin\node_modules\jest-runner\build\runTest.js:367:16)
    at runTest (C:\Users\eposh\OneDrive\Desktop\Dikshant\jenkins\github-review-plugin\node_modules\jest-runner\build\runTest.js:444:34)
    at Object.worker (C:\Users\eposh\OneDrive\Desktop\Dikshant\jenkins\github-review-plugin\node_modules\jest-runner\build\testWorker.js:106:12)</failure>
    </testcase>
    <testcase classname="AI Review System Performance Tests ‚Ä∫ Concurrent Review Performance" name="should handle 3 concurrent reviews efficiently" time="0.019">
      <failure>Error: context.repo requires a GITHUB_REPOSITORY environment variable like &apos;owner/repo&apos;
    at Context.get repo [as repo] (C:\Users\eposh\OneDrive\Desktop\Dikshant\jenkins\github-review-plugin\node_modules\@actions\github\src\context.ts:79:11)
    at new repo (C:\Users\eposh\OneDrive\Desktop\Dikshant\jenkins\github-review-plugin\src\actions\ai-review-action.js:61:25)
    at Object.&lt;anonymous&gt; (C:\Users\eposh\OneDrive\Desktop\Dikshant\jenkins\github-review-plugin\tests\integration\performance\performance-integration.test.js:102:22)
    at Promise.then.completed (C:\Users\eposh\OneDrive\Desktop\Dikshant\jenkins\github-review-plugin\node_modules\jest-circus\build\utils.js:298:28)
    at new Promise (&lt;anonymous&gt;)
    at callAsyncCircusFn (C:\Users\eposh\OneDrive\Desktop\Dikshant\jenkins\github-review-plugin\node_modules\jest-circus\build\utils.js:231:10)
    at _callCircusHook (C:\Users\eposh\OneDrive\Desktop\Dikshant\jenkins\github-review-plugin\node_modules\jest-circus\build\run.js:281:40)
    at processTicksAndRejections (node:internal/process/task_queues:105:5)
    at _runTest (C:\Users\eposh\OneDrive\Desktop\Dikshant\jenkins\github-review-plugin\node_modules\jest-circus\build\run.js:246:5)
    at _runTestsForDescribeBlock (C:\Users\eposh\OneDrive\Desktop\Dikshant\jenkins\github-review-plugin\node_modules\jest-circus\build\run.js:126:9)
    at _runTestsForDescribeBlock (C:\Users\eposh\OneDrive\Desktop\Dikshant\jenkins\github-review-plugin\node_modules\jest-circus\build\run.js:121:9)
    at _runTestsForDescribeBlock (C:\Users\eposh\OneDrive\Desktop\Dikshant\jenkins\github-review-plugin\node_modules\jest-circus\build\run.js:121:9)
    at run (C:\Users\eposh\OneDrive\Desktop\Dikshant\jenkins\github-review-plugin\node_modules\jest-circus\build\run.js:71:3)
    at runAndTransformResultsToJestFormat (C:\Users\eposh\OneDrive\Desktop\Dikshant\jenkins\github-review-plugin\node_modules\jest-circus\build\legacy-code-todo-rewrite\jestAdapterInit.js:122:21)
    at jestAdapter (C:\Users\eposh\OneDrive\Desktop\Dikshant\jenkins\github-review-plugin\node_modules\jest-circus\build\legacy-code-todo-rewrite\jestAdapter.js:79:19)
    at runTestInternal (C:\Users\eposh\OneDrive\Desktop\Dikshant\jenkins\github-review-plugin\node_modules\jest-runner\build\runTest.js:367:16)
    at runTest (C:\Users\eposh\OneDrive\Desktop\Dikshant\jenkins\github-review-plugin\node_modules\jest-runner\build\runTest.js:444:34)
    at Object.worker (C:\Users\eposh\OneDrive\Desktop\Dikshant\jenkins\github-review-plugin\node_modules\jest-runner\build\testWorker.js:106:12)</failure>
    </testcase>
    <testcase classname="AI Review System Performance Tests ‚Ä∫ Memory Usage Performance" name="should maintain stable memory usage during large reviews" time="0.014">
      <failure>Error: context.repo requires a GITHUB_REPOSITORY environment variable like &apos;owner/repo&apos;
    at Context.get repo [as repo] (C:\Users\eposh\OneDrive\Desktop\Dikshant\jenkins\github-review-plugin\node_modules\@actions\github\src\context.ts:79:11)
    at new repo (C:\Users\eposh\OneDrive\Desktop\Dikshant\jenkins\github-review-plugin\src\actions\ai-review-action.js:61:25)
    at Object.&lt;anonymous&gt; (C:\Users\eposh\OneDrive\Desktop\Dikshant\jenkins\github-review-plugin\tests\integration\performance\performance-integration.test.js:102:22)
    at Promise.then.completed (C:\Users\eposh\OneDrive\Desktop\Dikshant\jenkins\github-review-plugin\node_modules\jest-circus\build\utils.js:298:28)
    at new Promise (&lt;anonymous&gt;)
    at callAsyncCircusFn (C:\Users\eposh\OneDrive\Desktop\Dikshant\jenkins\github-review-plugin\node_modules\jest-circus\build\utils.js:231:10)
    at _callCircusHook (C:\Users\eposh\OneDrive\Desktop\Dikshant\jenkins\github-review-plugin\node_modules\jest-circus\build\run.js:281:40)
    at processTicksAndRejections (node:internal/process/task_queues:105:5)
    at _runTest (C:\Users\eposh\OneDrive\Desktop\Dikshant\jenkins\github-review-plugin\node_modules\jest-circus\build\run.js:246:5)
    at _runTestsForDescribeBlock (C:\Users\eposh\OneDrive\Desktop\Dikshant\jenkins\github-review-plugin\node_modules\jest-circus\build\run.js:126:9)
    at _runTestsForDescribeBlock (C:\Users\eposh\OneDrive\Desktop\Dikshant\jenkins\github-review-plugin\node_modules\jest-circus\build\run.js:121:9)
    at _runTestsForDescribeBlock (C:\Users\eposh\OneDrive\Desktop\Dikshant\jenkins\github-review-plugin\node_modules\jest-circus\build\run.js:121:9)
    at run (C:\Users\eposh\OneDrive\Desktop\Dikshant\jenkins\github-review-plugin\node_modules\jest-circus\build\run.js:71:3)
    at runAndTransformResultsToJestFormat (C:\Users\eposh\OneDrive\Desktop\Dikshant\jenkins\github-review-plugin\node_modules\jest-circus\build\legacy-code-todo-rewrite\jestAdapterInit.js:122:21)
    at jestAdapter (C:\Users\eposh\OneDrive\Desktop\Dikshant\jenkins\github-review-plugin\node_modules\jest-circus\build\legacy-code-todo-rewrite\jestAdapter.js:79:19)
    at runTestInternal (C:\Users\eposh\OneDrive\Desktop\Dikshant\jenkins\github-review-plugin\node_modules\jest-runner\build\runTest.js:367:16)
    at runTest (C:\Users\eposh\OneDrive\Desktop\Dikshant\jenkins\github-review-plugin\node_modules\jest-runner\build\runTest.js:444:34)
    at Object.worker (C:\Users\eposh\OneDrive\Desktop\Dikshant\jenkins\github-review-plugin\node_modules\jest-runner\build\testWorker.js:106:12)</failure>
    </testcase>
    <testcase classname="AI Review System Performance Tests ‚Ä∫ API Rate Limiting Performance" name="should handle GitHub API rate limiting gracefully" time="0.015">
      <failure>Error: context.repo requires a GITHUB_REPOSITORY environment variable like &apos;owner/repo&apos;
    at Context.get repo [as repo] (C:\Users\eposh\OneDrive\Desktop\Dikshant\jenkins\github-review-plugin\node_modules\@actions\github\src\context.ts:79:11)
    at new repo (C:\Users\eposh\OneDrive\Desktop\Dikshant\jenkins\github-review-plugin\src\actions\ai-review-action.js:61:25)
    at Object.&lt;anonymous&gt; (C:\Users\eposh\OneDrive\Desktop\Dikshant\jenkins\github-review-plugin\tests\integration\performance\performance-integration.test.js:102:22)
    at Promise.then.completed (C:\Users\eposh\OneDrive\Desktop\Dikshant\jenkins\github-review-plugin\node_modules\jest-circus\build\utils.js:298:28)
    at new Promise (&lt;anonymous&gt;)
    at callAsyncCircusFn (C:\Users\eposh\OneDrive\Desktop\Dikshant\jenkins\github-review-plugin\node_modules\jest-circus\build\utils.js:231:10)
    at _callCircusHook (C:\Users\eposh\OneDrive\Desktop\Dikshant\jenkins\github-review-plugin\node_modules\jest-circus\build\run.js:281:40)
    at processTicksAndRejections (node:internal/process/task_queues:105:5)
    at _runTest (C:\Users\eposh\OneDrive\Desktop\Dikshant\jenkins\github-review-plugin\node_modules\jest-circus\build\run.js:246:5)
    at _runTestsForDescribeBlock (C:\Users\eposh\OneDrive\Desktop\Dikshant\jenkins\github-review-plugin\node_modules\jest-circus\build\run.js:126:9)
    at _runTestsForDescribeBlock (C:\Users\eposh\OneDrive\Desktop\Dikshant\jenkins\github-review-plugin\node_modules\jest-circus\build\run.js:121:9)
    at _runTestsForDescribeBlock (C:\Users\eposh\OneDrive\Desktop\Dikshant\jenkins\github-review-plugin\node_modules\jest-circus\build\run.js:121:9)
    at run (C:\Users\eposh\OneDrive\Desktop\Dikshant\jenkins\github-review-plugin\node_modules\jest-circus\build\run.js:71:3)
    at runAndTransformResultsToJestFormat (C:\Users\eposh\OneDrive\Desktop\Dikshant\jenkins\github-review-plugin\node_modules\jest-circus\build\legacy-code-todo-rewrite\jestAdapterInit.js:122:21)
    at jestAdapter (C:\Users\eposh\OneDrive\Desktop\Dikshant\jenkins\github-review-plugin\node_modules\jest-circus\build\legacy-code-todo-rewrite\jestAdapter.js:79:19)
    at runTestInternal (C:\Users\eposh\OneDrive\Desktop\Dikshant\jenkins\github-review-plugin\node_modules\jest-runner\build\runTest.js:367:16)
    at runTest (C:\Users\eposh\OneDrive\Desktop\Dikshant\jenkins\github-review-plugin\node_modules\jest-runner\build\runTest.js:444:34)
    at Object.worker (C:\Users\eposh\OneDrive\Desktop\Dikshant\jenkins\github-review-plugin\node_modules\jest-runner\build\testWorker.js:106:12)</failure>
    </testcase>
    <testcase classname="AI Review System Performance Tests ‚Ä∫ Error Recovery Performance" name="should recover from AI API failures within reasonable time" time="0.017">
      <failure>Error: context.repo requires a GITHUB_REPOSITORY environment variable like &apos;owner/repo&apos;
    at Context.get repo [as repo] (C:\Users\eposh\OneDrive\Desktop\Dikshant\jenkins\github-review-plugin\node_modules\@actions\github\src\context.ts:79:11)
    at new repo (C:\Users\eposh\OneDrive\Desktop\Dikshant\jenkins\github-review-plugin\src\actions\ai-review-action.js:61:25)
    at Object.&lt;anonymous&gt; (C:\Users\eposh\OneDrive\Desktop\Dikshant\jenkins\github-review-plugin\tests\integration\performance\performance-integration.test.js:102:22)
    at Promise.then.completed (C:\Users\eposh\OneDrive\Desktop\Dikshant\jenkins\github-review-plugin\node_modules\jest-circus\build\utils.js:298:28)
    at new Promise (&lt;anonymous&gt;)
    at callAsyncCircusFn (C:\Users\eposh\OneDrive\Desktop\Dikshant\jenkins\github-review-plugin\node_modules\jest-circus\build\utils.js:231:10)
    at _callCircusHook (C:\Users\eposh\OneDrive\Desktop\Dikshant\jenkins\github-review-plugin\node_modules\jest-circus\build\run.js:281:40)
    at processTicksAndRejections (node:internal/process/task_queues:105:5)
    at _runTest (C:\Users\eposh\OneDrive\Desktop\Dikshant\jenkins\github-review-plugin\node_modules\jest-circus\build\run.js:246:5)
    at _runTestsForDescribeBlock (C:\Users\eposh\OneDrive\Desktop\Dikshant\jenkins\github-review-plugin\node_modules\jest-circus\build\run.js:126:9)
    at _runTestsForDescribeBlock (C:\Users\eposh\OneDrive\Desktop\Dikshant\jenkins\github-review-plugin\node_modules\jest-circus\build\run.js:121:9)
    at _runTestsForDescribeBlock (C:\Users\eposh\OneDrive\Desktop\Dikshant\jenkins\github-review-plugin\node_modules\jest-circus\build\run.js:121:9)
    at run (C:\Users\eposh\OneDrive\Desktop\Dikshant\jenkins\github-review-plugin\node_modules\jest-circus\build\run.js:71:3)
    at runAndTransformResultsToJestFormat (C:\Users\eposh\OneDrive\Desktop\Dikshant\jenkins\github-review-plugin\node_modules\jest-circus\build\legacy-code-todo-rewrite\jestAdapterInit.js:122:21)
    at jestAdapter (C:\Users\eposh\OneDrive\Desktop\Dikshant\jenkins\github-review-plugin\node_modules\jest-circus\build\legacy-code-todo-rewrite\jestAdapter.js:79:19)
    at runTestInternal (C:\Users\eposh\OneDrive\Desktop\Dikshant\jenkins\github-review-plugin\node_modules\jest-runner\build\runTest.js:367:16)
    at runTest (C:\Users\eposh\OneDrive\Desktop\Dikshant\jenkins\github-review-plugin\node_modules\jest-runner\build\runTest.js:444:34)
    at Object.worker (C:\Users\eposh\OneDrive\Desktop\Dikshant\jenkins\github-review-plugin\node_modules\jest-runner\build\testWorker.js:106:12)</failure>
    </testcase>
    <testcase classname="AI Review System Performance Tests ‚Ä∫ Scalability Performance" name="should scale linearly with file count" time="0.021">
      <failure>Error: context.repo requires a GITHUB_REPOSITORY environment variable like &apos;owner/repo&apos;
    at Context.get repo [as repo] (C:\Users\eposh\OneDrive\Desktop\Dikshant\jenkins\github-review-plugin\node_modules\@actions\github\src\context.ts:79:11)
    at new repo (C:\Users\eposh\OneDrive\Desktop\Dikshant\jenkins\github-review-plugin\src\actions\ai-review-action.js:61:25)
    at Object.&lt;anonymous&gt; (C:\Users\eposh\OneDrive\Desktop\Dikshant\jenkins\github-review-plugin\tests\integration\performance\performance-integration.test.js:102:22)
    at Promise.then.completed (C:\Users\eposh\OneDrive\Desktop\Dikshant\jenkins\github-review-plugin\node_modules\jest-circus\build\utils.js:298:28)
    at new Promise (&lt;anonymous&gt;)
    at callAsyncCircusFn (C:\Users\eposh\OneDrive\Desktop\Dikshant\jenkins\github-review-plugin\node_modules\jest-circus\build\utils.js:231:10)
    at _callCircusHook (C:\Users\eposh\OneDrive\Desktop\Dikshant\jenkins\github-review-plugin\node_modules\jest-circus\build\run.js:281:40)
    at processTicksAndRejections (node:internal/process/task_queues:105:5)
    at _runTest (C:\Users\eposh\OneDrive\Desktop\Dikshant\jenkins\github-review-plugin\node_modules\jest-circus\build\run.js:246:5)
    at _runTestsForDescribeBlock (C:\Users\eposh\OneDrive\Desktop\Dikshant\jenkins\github-review-plugin\node_modules\jest-circus\build\run.js:126:9)
    at _runTestsForDescribeBlock (C:\Users\eposh\OneDrive\Desktop\Dikshant\jenkins\github-review-plugin\node_modules\jest-circus\build\run.js:121:9)
    at _runTestsForDescribeBlock (C:\Users\eposh\OneDrive\Desktop\Dikshant\jenkins\github-review-plugin\node_modules\jest-circus\build\run.js:121:9)
    at run (C:\Users\eposh\OneDrive\Desktop\Dikshant\jenkins\github-review-plugin\node_modules\jest-circus\build\run.js:71:3)
    at runAndTransformResultsToJestFormat (C:\Users\eposh\OneDrive\Desktop\Dikshant\jenkins\github-review-plugin\node_modules\jest-circus\build\legacy-code-todo-rewrite\jestAdapterInit.js:122:21)
    at jestAdapter (C:\Users\eposh\OneDrive\Desktop\Dikshant\jenkins\github-review-plugin\node_modules\jest-circus\build\legacy-code-todo-rewrite\jestAdapter.js:79:19)
    at runTestInternal (C:\Users\eposh\OneDrive\Desktop\Dikshant\jenkins\github-review-plugin\node_modules\jest-runner\build\runTest.js:367:16)
    at runTest (C:\Users\eposh\OneDrive\Desktop\Dikshant\jenkins\github-review-plugin\node_modules\jest-runner\build\runTest.js:444:34)
    at Object.worker (C:\Users\eposh\OneDrive\Desktop\Dikshant\jenkins\github-review-plugin\node_modules\jest-runner\build\testWorker.js:106:12)</failure>
    </testcase>
    <testcase classname="AI Review System Performance Tests ‚Ä∫ Resource Cleanup Performance" name="should clean up resources efficiently after large operations" time="0.034">
      <failure>Error: context.repo requires a GITHUB_REPOSITORY environment variable like &apos;owner/repo&apos;
    at Context.get repo [as repo] (C:\Users\eposh\OneDrive\Desktop\Dikshant\jenkins\github-review-plugin\node_modules\@actions\github\src\context.ts:79:11)
    at new repo (C:\Users\eposh\OneDrive\Desktop\Dikshant\jenkins\github-review-plugin\src\actions\ai-review-action.js:61:25)
    at Object.&lt;anonymous&gt; (C:\Users\eposh\OneDrive\Desktop\Dikshant\jenkins\github-review-plugin\tests\integration\performance\performance-integration.test.js:102:22)
    at Promise.then.completed (C:\Users\eposh\OneDrive\Desktop\Dikshant\jenkins\github-review-plugin\node_modules\jest-circus\build\utils.js:298:28)
    at new Promise (&lt;anonymous&gt;)
    at callAsyncCircusFn (C:\Users\eposh\OneDrive\Desktop\Dikshant\jenkins\github-review-plugin\node_modules\jest-circus\build\utils.js:231:10)
    at _callCircusHook (C:\Users\eposh\OneDrive\Desktop\Dikshant\jenkins\github-review-plugin\node_modules\jest-circus\build\run.js:281:40)
    at processTicksAndRejections (node:internal/process/task_queues:105:5)
    at _runTest (C:\Users\eposh\OneDrive\Desktop\Dikshant\jenkins\github-review-plugin\node_modules\jest-circus\build\run.js:246:5)
    at _runTestsForDescribeBlock (C:\Users\eposh\OneDrive\Desktop\Dikshant\jenkins\github-review-plugin\node_modules\jest-circus\build\run.js:126:9)
    at _runTestsForDescribeBlock (C:\Users\eposh\OneDrive\Desktop\Dikshant\jenkins\github-review-plugin\node_modules\jest-circus\build\run.js:121:9)
    at _runTestsForDescribeBlock (C:\Users\eposh\OneDrive\Desktop\Dikshant\jenkins\github-review-plugin\node_modules\jest-circus\build\run.js:121:9)
    at run (C:\Users\eposh\OneDrive\Desktop\Dikshant\jenkins\github-review-plugin\node_modules\jest-circus\build\run.js:71:3)
    at runAndTransformResultsToJestFormat (C:\Users\eposh\OneDrive\Desktop\Dikshant\jenkins\github-review-plugin\node_modules\jest-circus\build\legacy-code-todo-rewrite\jestAdapterInit.js:122:21)
    at jestAdapter (C:\Users\eposh\OneDrive\Desktop\Dikshant\jenkins\github-review-plugin\node_modules\jest-circus\build\legacy-code-todo-rewrite\jestAdapter.js:79:19)
    at runTestInternal (C:\Users\eposh\OneDrive\Desktop\Dikshant\jenkins\github-review-plugin\node_modules\jest-runner\build\runTest.js:367:16)
    at runTest (C:\Users\eposh\OneDrive\Desktop\Dikshant\jenkins\github-review-plugin\node_modules\jest-runner\build\runTest.js:444:34)
    at Object.worker (C:\Users\eposh\OneDrive\Desktop\Dikshant\jenkins\github-review-plugin\node_modules\jest-runner\build\testWorker.js:106:12)</failure>
    </testcase>
  </testsuite>
  <testsuite name="AI Review System End-to-End Tests" errors="0" failures="10" skipped="0" timestamp="2025-09-04T10:16:41" time="7.503" tests="10">
    <testcase classname="AI Review System End-to-End Tests ‚Ä∫ Complete Workflow - Development Environment" name="should complete full review workflow in development environment" time="0.118">
      <failure>Error: context.repo requires a GITHUB_REPOSITORY environment variable like &apos;owner/repo&apos;
    at Context.get repo [as repo] (C:\Users\eposh\OneDrive\Desktop\Dikshant\jenkins\github-review-plugin\node_modules\@actions\github\src\context.ts:79:11)
    at new repo (C:\Users\eposh\OneDrive\Desktop\Dikshant\jenkins\github-review-plugin\src\actions\ai-review-action.js:61:25)
    at Object.&lt;anonymous&gt; (C:\Users\eposh\OneDrive\Desktop\Dikshant\jenkins\github-review-plugin\tests\integration\end-to-end.test.js:160:22)
    at Promise.then.completed (C:\Users\eposh\OneDrive\Desktop\Dikshant\jenkins\github-review-plugin\node_modules\jest-circus\build\utils.js:298:28)
    at new Promise (&lt;anonymous&gt;)
    at callAsyncCircusFn (C:\Users\eposh\OneDrive\Desktop\Dikshant\jenkins\github-review-plugin\node_modules\jest-circus\build\utils.js:231:10)
    at _callCircusHook (C:\Users\eposh\OneDrive\Desktop\Dikshant\jenkins\github-review-plugin\node_modules\jest-circus\build\run.js:281:40)
    at processTicksAndRejections (node:internal/process/task_queues:105:5)
    at _runTest (C:\Users\eposh\OneDrive\Desktop\Dikshant\jenkins\github-review-plugin\node_modules\jest-circus\build\run.js:246:5)
    at _runTestsForDescribeBlock (C:\Users\eposh\OneDrive\Desktop\Dikshant\jenkins\github-review-plugin\node_modules\jest-circus\build\run.js:126:9)
    at _runTestsForDescribeBlock (C:\Users\eposh\OneDrive\Desktop\Dikshant\jenkins\github-review-plugin\node_modules\jest-circus\build\run.js:121:9)
    at _runTestsForDescribeBlock (C:\Users\eposh\OneDrive\Desktop\Dikshant\jenkins\github-review-plugin\node_modules\jest-circus\build\run.js:121:9)
    at run (C:\Users\eposh\OneDrive\Desktop\Dikshant\jenkins\github-review-plugin\node_modules\jest-circus\build\run.js:71:3)
    at runAndTransformResultsToJestFormat (C:\Users\eposh\OneDrive\Desktop\Dikshant\jenkins\github-review-plugin\node_modules\jest-circus\build\legacy-code-todo-rewrite\jestAdapterInit.js:122:21)
    at jestAdapter (C:\Users\eposh\OneDrive\Desktop\Dikshant\jenkins\github-review-plugin\node_modules\jest-circus\build\legacy-code-todo-rewrite\jestAdapter.js:79:19)
    at runTestInternal (C:\Users\eposh\OneDrive\Desktop\Dikshant\jenkins\github-review-plugin\node_modules\jest-runner\build\runTest.js:367:16)
    at runTest (C:\Users\eposh\OneDrive\Desktop\Dikshant\jenkins\github-review-plugin\node_modules\jest-runner\build\runTest.js:444:34)
    at Object.worker (C:\Users\eposh\OneDrive\Desktop\Dikshant\jenkins\github-review-plugin\node_modules\jest-runner\build\testWorker.js:106:12)</failure>
    </testcase>
    <testcase classname="AI Review System End-to-End Tests ‚Ä∫ Complete Workflow - Production Environment" name="should enforce stricter quality gates in production" time="0.012">
      <failure>Error: context.repo requires a GITHUB_REPOSITORY environment variable like &apos;owner/repo&apos;
    at Context.get repo [as repo] (C:\Users\eposh\OneDrive\Desktop\Dikshant\jenkins\github-review-plugin\node_modules\@actions\github\src\context.ts:79:11)
    at new repo (C:\Users\eposh\OneDrive\Desktop\Dikshant\jenkins\github-review-plugin\src\actions\ai-review-action.js:61:25)
    at Object.&lt;anonymous&gt; (C:\Users\eposh\OneDrive\Desktop\Dikshant\jenkins\github-review-plugin\tests\integration\end-to-end.test.js:160:22)
    at Promise.then.completed (C:\Users\eposh\OneDrive\Desktop\Dikshant\jenkins\github-review-plugin\node_modules\jest-circus\build\utils.js:298:28)
    at new Promise (&lt;anonymous&gt;)
    at callAsyncCircusFn (C:\Users\eposh\OneDrive\Desktop\Dikshant\jenkins\github-review-plugin\node_modules\jest-circus\build\utils.js:231:10)
    at _callCircusHook (C:\Users\eposh\OneDrive\Desktop\Dikshant\jenkins\github-review-plugin\node_modules\jest-circus\build\run.js:281:40)
    at processTicksAndRejections (node:internal/process/task_queues:105:5)
    at _runTest (C:\Users\eposh\OneDrive\Desktop\Dikshant\jenkins\github-review-plugin\node_modules\jest-circus\build\run.js:246:5)
    at _runTestsForDescribeBlock (C:\Users\eposh\OneDrive\Desktop\Dikshant\jenkins\github-review-plugin\node_modules\jest-circus\build\run.js:126:9)
    at _runTestsForDescribeBlock (C:\Users\eposh\OneDrive\Desktop\Dikshant\jenkins\github-review-plugin\node_modules\jest-circus\build\run.js:121:9)
    at _runTestsForDescribeBlock (C:\Users\eposh\OneDrive\Desktop\Dikshant\jenkins\github-review-plugin\node_modules\jest-circus\build\run.js:121:9)
    at run (C:\Users\eposh\OneDrive\Desktop\Dikshant\jenkins\github-review-plugin\node_modules\jest-circus\build\run.js:71:3)
    at runAndTransformResultsToJestFormat (C:\Users\eposh\OneDrive\Desktop\Dikshant\jenkins\github-review-plugin\node_modules\jest-circus\build\legacy-code-todo-rewrite\jestAdapterInit.js:122:21)
    at jestAdapter (C:\Users\eposh\OneDrive\Desktop\Dikshant\jenkins\github-review-plugin\node_modules\jest-circus\build\legacy-code-todo-rewrite\jestAdapter.js:79:19)
    at runTestInternal (C:\Users\eposh\OneDrive\Desktop\Dikshant\jenkins\github-review-plugin\node_modules\jest-runner\build\runTest.js:367:16)
    at runTest (C:\Users\eposh\OneDrive\Desktop\Dikshant\jenkins\github-review-plugin\node_modules\jest-runner\build\runTest.js:444:34)
    at Object.worker (C:\Users\eposh\OneDrive\Desktop\Dikshant\jenkins\github-review-plugin\node_modules\jest-runner\build\testWorker.js:106:12)</failure>
    </testcase>
    <testcase classname="AI Review System End-to-End Tests ‚Ä∫ Error Recovery and Resilience" name="should handle configuration errors gracefully" time="0.009">
      <failure>Error: context.repo requires a GITHUB_REPOSITORY environment variable like &apos;owner/repo&apos;
    at Context.get repo [as repo] (C:\Users\eposh\OneDrive\Desktop\Dikshant\jenkins\github-review-plugin\node_modules\@actions\github\src\context.ts:79:11)
    at new repo (C:\Users\eposh\OneDrive\Desktop\Dikshant\jenkins\github-review-plugin\src\actions\ai-review-action.js:61:25)
    at Object.&lt;anonymous&gt; (C:\Users\eposh\OneDrive\Desktop\Dikshant\jenkins\github-review-plugin\tests\integration\end-to-end.test.js:160:22)
    at Promise.then.completed (C:\Users\eposh\OneDrive\Desktop\Dikshant\jenkins\github-review-plugin\node_modules\jest-circus\build\utils.js:298:28)
    at new Promise (&lt;anonymous&gt;)
    at callAsyncCircusFn (C:\Users\eposh\OneDrive\Desktop\Dikshant\jenkins\github-review-plugin\node_modules\jest-circus\build\utils.js:231:10)
    at _callCircusHook (C:\Users\eposh\OneDrive\Desktop\Dikshant\jenkins\github-review-plugin\node_modules\jest-circus\build\run.js:281:40)
    at processTicksAndRejections (node:internal/process/task_queues:105:5)
    at _runTest (C:\Users\eposh\OneDrive\Desktop\Dikshant\jenkins\github-review-plugin\node_modules\jest-circus\build\run.js:246:5)
    at _runTestsForDescribeBlock (C:\Users\eposh\OneDrive\Desktop\Dikshant\jenkins\github-review-plugin\node_modules\jest-circus\build\run.js:126:9)
    at _runTestsForDescribeBlock (C:\Users\eposh\OneDrive\Desktop\Dikshant\jenkins\github-review-plugin\node_modules\jest-circus\build\run.js:121:9)
    at _runTestsForDescribeBlock (C:\Users\eposh\OneDrive\Desktop\Dikshant\jenkins\github-review-plugin\node_modules\jest-circus\build\run.js:121:9)
    at run (C:\Users\eposh\OneDrive\Desktop\Dikshant\jenkins\github-review-plugin\node_modules\jest-circus\build\run.js:71:3)
    at runAndTransformResultsToJestFormat (C:\Users\eposh\OneDrive\Desktop\Dikshant\jenkins\github-review-plugin\node_modules\jest-circus\build\legacy-code-todo-rewrite\jestAdapterInit.js:122:21)
    at jestAdapter (C:\Users\eposh\OneDrive\Desktop\Dikshant\jenkins\github-review-plugin\node_modules\jest-circus\build\legacy-code-todo-rewrite\jestAdapter.js:79:19)
    at runTestInternal (C:\Users\eposh\OneDrive\Desktop\Dikshant\jenkins\github-review-plugin\node_modules\jest-runner\build\runTest.js:367:16)
    at runTest (C:\Users\eposh\OneDrive\Desktop\Dikshant\jenkins\github-review-plugin\node_modules\jest-runner\build\runTest.js:444:34)
    at Object.worker (C:\Users\eposh\OneDrive\Desktop\Dikshant\jenkins\github-review-plugin\node_modules\jest-runner\build\testWorker.js:106:12)</failure>
    </testcase>
    <testcase classname="AI Review System End-to-End Tests ‚Ä∫ Error Recovery and Resilience" name="should handle GitHub API failures gracefully" time="0.01">
      <failure>Error: context.repo requires a GITHUB_REPOSITORY environment variable like &apos;owner/repo&apos;
    at Context.get repo [as repo] (C:\Users\eposh\OneDrive\Desktop\Dikshant\jenkins\github-review-plugin\node_modules\@actions\github\src\context.ts:79:11)
    at new repo (C:\Users\eposh\OneDrive\Desktop\Dikshant\jenkins\github-review-plugin\src\actions\ai-review-action.js:61:25)
    at Object.&lt;anonymous&gt; (C:\Users\eposh\OneDrive\Desktop\Dikshant\jenkins\github-review-plugin\tests\integration\end-to-end.test.js:160:22)
    at Promise.then.completed (C:\Users\eposh\OneDrive\Desktop\Dikshant\jenkins\github-review-plugin\node_modules\jest-circus\build\utils.js:298:28)
    at new Promise (&lt;anonymous&gt;)
    at callAsyncCircusFn (C:\Users\eposh\OneDrive\Desktop\Dikshant\jenkins\github-review-plugin\node_modules\jest-circus\build\utils.js:231:10)
    at _callCircusHook (C:\Users\eposh\OneDrive\Desktop\Dikshant\jenkins\github-review-plugin\node_modules\jest-circus\build\run.js:281:40)
    at processTicksAndRejections (node:internal/process/task_queues:105:5)
    at _runTest (C:\Users\eposh\OneDrive\Desktop\Dikshant\jenkins\github-review-plugin\node_modules\jest-circus\build\run.js:246:5)
    at _runTestsForDescribeBlock (C:\Users\eposh\OneDrive\Desktop\Dikshant\jenkins\github-review-plugin\node_modules\jest-circus\build\run.js:126:9)
    at _runTestsForDescribeBlock (C:\Users\eposh\OneDrive\Desktop\Dikshant\jenkins\github-review-plugin\node_modules\jest-circus\build\run.js:121:9)
    at _runTestsForDescribeBlock (C:\Users\eposh\OneDrive\Desktop\Dikshant\jenkins\github-review-plugin\node_modules\jest-circus\build\run.js:121:9)
    at run (C:\Users\eposh\OneDrive\Desktop\Dikshant\jenkins\github-review-plugin\node_modules\jest-circus\build\run.js:71:3)
    at runAndTransformResultsToJestFormat (C:\Users\eposh\OneDrive\Desktop\Dikshant\jenkins\github-review-plugin\node_modules\jest-circus\build\legacy-code-todo-rewrite\jestAdapterInit.js:122:21)
    at jestAdapter (C:\Users\eposh\OneDrive\Desktop\Dikshant\jenkins\github-review-plugin\node_modules\jest-circus\build\legacy-code-todo-rewrite\jestAdapter.js:79:19)
    at runTestInternal (C:\Users\eposh\OneDrive\Desktop\Dikshant\jenkins\github-review-plugin\node_modules\jest-runner\build\runTest.js:367:16)
    at runTest (C:\Users\eposh\OneDrive\Desktop\Dikshant\jenkins\github-review-plugin\node_modules\jest-runner\build\runTest.js:444:34)
    at Object.worker (C:\Users\eposh\OneDrive\Desktop\Dikshant\jenkins\github-review-plugin\node_modules\jest-runner\build\testWorker.js:106:12)</failure>
    </testcase>
    <testcase classname="AI Review System End-to-End Tests ‚Ä∫ Error Recovery and Resilience" name="should handle AI API failures gracefully" time="0.018">
      <failure>Error: context.repo requires a GITHUB_REPOSITORY environment variable like &apos;owner/repo&apos;
    at Context.get repo [as repo] (C:\Users\eposh\OneDrive\Desktop\Dikshant\jenkins\github-review-plugin\node_modules\@actions\github\src\context.ts:79:11)
    at new repo (C:\Users\eposh\OneDrive\Desktop\Dikshant\jenkins\github-review-plugin\src\actions\ai-review-action.js:61:25)
    at Object.&lt;anonymous&gt; (C:\Users\eposh\OneDrive\Desktop\Dikshant\jenkins\github-review-plugin\tests\integration\end-to-end.test.js:160:22)
    at Promise.then.completed (C:\Users\eposh\OneDrive\Desktop\Dikshant\jenkins\github-review-plugin\node_modules\jest-circus\build\utils.js:298:28)
    at new Promise (&lt;anonymous&gt;)
    at callAsyncCircusFn (C:\Users\eposh\OneDrive\Desktop\Dikshant\jenkins\github-review-plugin\node_modules\jest-circus\build\utils.js:231:10)
    at _callCircusHook (C:\Users\eposh\OneDrive\Desktop\Dikshant\jenkins\github-review-plugin\node_modules\jest-circus\build\run.js:281:40)
    at processTicksAndRejections (node:internal/process/task_queues:105:5)
    at _runTest (C:\Users\eposh\OneDrive\Desktop\Dikshant\jenkins\github-review-plugin\node_modules\jest-circus\build\run.js:246:5)
    at _runTestsForDescribeBlock (C:\Users\eposh\OneDrive\Desktop\Dikshant\jenkins\github-review-plugin\node_modules\jest-circus\build\run.js:126:9)
    at _runTestsForDescribeBlock (C:\Users\eposh\OneDrive\Desktop\Dikshant\jenkins\github-review-plugin\node_modules\jest-circus\build\run.js:121:9)
    at _runTestsForDescribeBlock (C:\Users\eposh\OneDrive\Desktop\Dikshant\jenkins\github-review-plugin\node_modules\jest-circus\build\run.js:121:9)
    at run (C:\Users\eposh\OneDrive\Desktop\Dikshant\jenkins\github-review-plugin\node_modules\jest-circus\build\run.js:71:3)
    at runAndTransformResultsToJestFormat (C:\Users\eposh\OneDrive\Desktop\Dikshant\jenkins\github-review-plugin\node_modules\jest-circus\build\legacy-code-todo-rewrite\jestAdapterInit.js:122:21)
    at jestAdapter (C:\Users\eposh\OneDrive\Desktop\Dikshant\jenkins\github-review-plugin\node_modules\jest-circus\build\legacy-code-todo-rewrite\jestAdapter.js:79:19)
    at runTestInternal (C:\Users\eposh\OneDrive\Desktop\Dikshant\jenkins\github-review-plugin\node_modules\jest-runner\build\runTest.js:367:16)
    at runTest (C:\Users\eposh\OneDrive\Desktop\Dikshant\jenkins\github-review-plugin\node_modules\jest-runner\build\runTest.js:444:34)
    at Object.worker (C:\Users\eposh\OneDrive\Desktop\Dikshant\jenkins\github-review-plugin\node_modules\jest-runner\build\testWorker.js:106:12)</failure>
    </testcase>
    <testcase classname="AI Review System End-to-End Tests ‚Ä∫ Error Recovery and Resilience" name="should handle email notification failures gracefully" time="0.016">
      <failure>Error: context.repo requires a GITHUB_REPOSITORY environment variable like &apos;owner/repo&apos;
    at Context.get repo [as repo] (C:\Users\eposh\OneDrive\Desktop\Dikshant\jenkins\github-review-plugin\node_modules\@actions\github\src\context.ts:79:11)
    at new repo (C:\Users\eposh\OneDrive\Desktop\Dikshant\jenkins\github-review-plugin\src\actions\ai-review-action.js:61:25)
    at Object.&lt;anonymous&gt; (C:\Users\eposh\OneDrive\Desktop\Dikshant\jenkins\github-review-plugin\tests\integration\end-to-end.test.js:160:22)
    at Promise.then.completed (C:\Users\eposh\OneDrive\Desktop\Dikshant\jenkins\github-review-plugin\node_modules\jest-circus\build\utils.js:298:28)
    at new Promise (&lt;anonymous&gt;)
    at callAsyncCircusFn (C:\Users\eposh\OneDrive\Desktop\Dikshant\jenkins\github-review-plugin\node_modules\jest-circus\build\utils.js:231:10)
    at _callCircusHook (C:\Users\eposh\OneDrive\Desktop\Dikshant\jenkins\github-review-plugin\node_modules\jest-circus\build\run.js:281:40)
    at processTicksAndRejections (node:internal/process/task_queues:105:5)
    at _runTest (C:\Users\eposh\OneDrive\Desktop\Dikshant\jenkins\github-review-plugin\node_modules\jest-circus\build\run.js:246:5)
    at _runTestsForDescribeBlock (C:\Users\eposh\OneDrive\Desktop\Dikshant\jenkins\github-review-plugin\node_modules\jest-circus\build\run.js:126:9)
    at _runTestsForDescribeBlock (C:\Users\eposh\OneDrive\Desktop\Dikshant\jenkins\github-review-plugin\node_modules\jest-circus\build\run.js:121:9)
    at _runTestsForDescribeBlock (C:\Users\eposh\OneDrive\Desktop\Dikshant\jenkins\github-review-plugin\node_modules\jest-circus\build\run.js:121:9)
    at run (C:\Users\eposh\OneDrive\Desktop\Dikshant\jenkins\github-review-plugin\node_modules\jest-circus\build\run.js:71:3)
    at runAndTransformResultsToJestFormat (C:\Users\eposh\OneDrive\Desktop\Dikshant\jenkins\github-review-plugin\node_modules\jest-circus\build\legacy-code-todo-rewrite\jestAdapterInit.js:122:21)
    at jestAdapter (C:\Users\eposh\OneDrive\Desktop\Dikshant\jenkins\github-review-plugin\node_modules\jest-circus\build\legacy-code-todo-rewrite\jestAdapter.js:79:19)
    at runTestInternal (C:\Users\eposh\OneDrive\Desktop\Dikshant\jenkins\github-review-plugin\node_modules\jest-runner\build\runTest.js:367:16)
    at runTest (C:\Users\eposh\OneDrive\Desktop\Dikshant\jenkins\github-review-plugin\node_modules\jest-runner\build\runTest.js:444:34)
    at Object.worker (C:\Users\eposh\OneDrive\Desktop\Dikshant\jenkins\github-review-plugin\node_modules\jest-runner\build\testWorker.js:106:12)</failure>
    </testcase>
    <testcase classname="AI Review System End-to-End Tests ‚Ä∫ Performance and Scalability" name="should handle large numbers of files efficiently" time="0.021">
      <failure>Error: context.repo requires a GITHUB_REPOSITORY environment variable like &apos;owner/repo&apos;
    at Context.get repo [as repo] (C:\Users\eposh\OneDrive\Desktop\Dikshant\jenkins\github-review-plugin\node_modules\@actions\github\src\context.ts:79:11)
    at new repo (C:\Users\eposh\OneDrive\Desktop\Dikshant\jenkins\github-review-plugin\src\actions\ai-review-action.js:61:25)
    at Object.&lt;anonymous&gt; (C:\Users\eposh\OneDrive\Desktop\Dikshant\jenkins\github-review-plugin\tests\integration\end-to-end.test.js:160:22)
    at Promise.then.completed (C:\Users\eposh\OneDrive\Desktop\Dikshant\jenkins\github-review-plugin\node_modules\jest-circus\build\utils.js:298:28)
    at new Promise (&lt;anonymous&gt;)
    at callAsyncCircusFn (C:\Users\eposh\OneDrive\Desktop\Dikshant\jenkins\github-review-plugin\node_modules\jest-circus\build\utils.js:231:10)
    at _callCircusHook (C:\Users\eposh\OneDrive\Desktop\Dikshant\jenkins\github-review-plugin\node_modules\jest-circus\build\run.js:281:40)
    at processTicksAndRejections (node:internal/process/task_queues:105:5)
    at _runTest (C:\Users\eposh\OneDrive\Desktop\Dikshant\jenkins\github-review-plugin\node_modules\jest-circus\build\run.js:246:5)
    at _runTestsForDescribeBlock (C:\Users\eposh\OneDrive\Desktop\Dikshant\jenkins\github-review-plugin\node_modules\jest-circus\build\run.js:126:9)
    at _runTestsForDescribeBlock (C:\Users\eposh\OneDrive\Desktop\Dikshant\jenkins\github-review-plugin\node_modules\jest-circus\build\run.js:121:9)
    at _runTestsForDescribeBlock (C:\Users\eposh\OneDrive\Desktop\Dikshant\jenkins\github-review-plugin\node_modules\jest-circus\build\run.js:121:9)
    at run (C:\Users\eposh\OneDrive\Desktop\Dikshant\jenkins\github-review-plugin\node_modules\jest-circus\build\run.js:71:3)
    at runAndTransformResultsToJestFormat (C:\Users\eposh\OneDrive\Desktop\Dikshant\jenkins\github-review-plugin\node_modules\jest-circus\build\legacy-code-todo-rewrite\jestAdapterInit.js:122:21)
    at jestAdapter (C:\Users\eposh\OneDrive\Desktop\Dikshant\jenkins\github-review-plugin\node_modules\jest-circus\build\legacy-code-todo-rewrite\jestAdapter.js:79:19)
    at runTestInternal (C:\Users\eposh\OneDrive\Desktop\Dikshant\jenkins\github-review-plugin\node_modules\jest-runner\build\runTest.js:367:16)
    at runTest (C:\Users\eposh\OneDrive\Desktop\Dikshant\jenkins\github-review-plugin\node_modules\jest-runner\build\runTest.js:444:34)
    at Object.worker (C:\Users\eposh\OneDrive\Desktop\Dikshant\jenkins\github-review-plugin\node_modules\jest-runner\build\testWorker.js:106:12)</failure>
    </testcase>
    <testcase classname="AI Review System End-to-End Tests ‚Ä∫ Performance and Scalability" name="should handle large AI responses efficiently" time="0.012">
      <failure>Error: context.repo requires a GITHUB_REPOSITORY environment variable like &apos;owner/repo&apos;
    at Context.get repo [as repo] (C:\Users\eposh\OneDrive\Desktop\Dikshant\jenkins\github-review-plugin\node_modules\@actions\github\src\context.ts:79:11)
    at new repo (C:\Users\eposh\OneDrive\Desktop\Dikshant\jenkins\github-review-plugin\src\actions\ai-review-action.js:61:25)
    at Object.&lt;anonymous&gt; (C:\Users\eposh\OneDrive\Desktop\Dikshant\jenkins\github-review-plugin\tests\integration\end-to-end.test.js:160:22)
    at Promise.then.completed (C:\Users\eposh\OneDrive\Desktop\Dikshant\jenkins\github-review-plugin\node_modules\jest-circus\build\utils.js:298:28)
    at new Promise (&lt;anonymous&gt;)
    at callAsyncCircusFn (C:\Users\eposh\OneDrive\Desktop\Dikshant\jenkins\github-review-plugin\node_modules\jest-circus\build\utils.js:231:10)
    at _callCircusHook (C:\Users\eposh\OneDrive\Desktop\Dikshant\jenkins\github-review-plugin\node_modules\jest-circus\build\run.js:281:40)
    at processTicksAndRejections (node:internal/process/task_queues:105:5)
    at _runTest (C:\Users\eposh\OneDrive\Desktop\Dikshant\jenkins\github-review-plugin\node_modules\jest-circus\build\run.js:246:5)
    at _runTestsForDescribeBlock (C:\Users\eposh\OneDrive\Desktop\Dikshant\jenkins\github-review-plugin\node_modules\jest-circus\build\run.js:126:9)
    at _runTestsForDescribeBlock (C:\Users\eposh\OneDrive\Desktop\Dikshant\jenkins\github-review-plugin\node_modules\jest-circus\build\run.js:121:9)
    at _runTestsForDescribeBlock (C:\Users\eposh\OneDrive\Desktop\Dikshant\jenkins\github-review-plugin\node_modules\jest-circus\build\run.js:121:9)
    at run (C:\Users\eposh\OneDrive\Desktop\Dikshant\jenkins\github-review-plugin\node_modules\jest-circus\build\run.js:71:3)
    at runAndTransformResultsToJestFormat (C:\Users\eposh\OneDrive\Desktop\Dikshant\jenkins\github-review-plugin\node_modules\jest-circus\build\legacy-code-todo-rewrite\jestAdapterInit.js:122:21)
    at jestAdapter (C:\Users\eposh\OneDrive\Desktop\Dikshant\jenkins\github-review-plugin\node_modules\jest-circus\build\legacy-code-todo-rewrite\jestAdapter.js:79:19)
    at runTestInternal (C:\Users\eposh\OneDrive\Desktop\Dikshant\jenkins\github-review-plugin\node_modules\jest-runner\build\runTest.js:367:16)
    at runTest (C:\Users\eposh\OneDrive\Desktop\Dikshant\jenkins\github-review-plugin\node_modules\jest-runner\build\runTest.js:444:34)
    at Object.worker (C:\Users\eposh\OneDrive\Desktop\Dikshant\jenkins\github-review-plugin\node_modules\jest-runner\build\testWorker.js:106:12)</failure>
    </testcase>
    <testcase classname="AI Review System End-to-End Tests ‚Ä∫ Data Consistency and Validation" name="should maintain data consistency throughout the workflow" time="0.014">
      <failure>Error: context.repo requires a GITHUB_REPOSITORY environment variable like &apos;owner/repo&apos;
    at Context.get repo [as repo] (C:\Users\eposh\OneDrive\Desktop\Dikshant\jenkins\github-review-plugin\node_modules\@actions\github\src\context.ts:79:11)
    at new repo (C:\Users\eposh\OneDrive\Desktop\Dikshant\jenkins\github-review-plugin\src\actions\ai-review-action.js:61:25)
    at Object.&lt;anonymous&gt; (C:\Users\eposh\OneDrive\Desktop\Dikshant\jenkins\github-review-plugin\tests\integration\end-to-end.test.js:160:22)
    at Promise.then.completed (C:\Users\eposh\OneDrive\Desktop\Dikshant\jenkins\github-review-plugin\node_modules\jest-circus\build\utils.js:298:28)
    at new Promise (&lt;anonymous&gt;)
    at callAsyncCircusFn (C:\Users\eposh\OneDrive\Desktop\Dikshant\jenkins\github-review-plugin\node_modules\jest-circus\build\utils.js:231:10)
    at _callCircusHook (C:\Users\eposh\OneDrive\Desktop\Dikshant\jenkins\github-review-plugin\node_modules\jest-circus\build\run.js:281:40)
    at processTicksAndRejections (node:internal/process/task_queues:105:5)
    at _runTest (C:\Users\eposh\OneDrive\Desktop\Dikshant\jenkins\github-review-plugin\node_modules\jest-circus\build\run.js:246:5)
    at _runTestsForDescribeBlock (C:\Users\eposh\OneDrive\Desktop\Dikshant\jenkins\github-review-plugin\node_modules\jest-circus\build\run.js:126:9)
    at _runTestsForDescribeBlock (C:\Users\eposh\OneDrive\Desktop\Dikshant\jenkins\github-review-plugin\node_modules\jest-circus\build\run.js:121:9)
    at _runTestsForDescribeBlock (C:\Users\eposh\OneDrive\Desktop\Dikshant\jenkins\github-review-plugin\node_modules\jest-circus\build\run.js:121:9)
    at run (C:\Users\eposh\OneDrive\Desktop\Dikshant\jenkins\github-review-plugin\node_modules\jest-circus\build\run.js:71:3)
    at runAndTransformResultsToJestFormat (C:\Users\eposh\OneDrive\Desktop\Dikshant\jenkins\github-review-plugin\node_modules\jest-circus\build\legacy-code-todo-rewrite\jestAdapterInit.js:122:21)
    at jestAdapter (C:\Users\eposh\OneDrive\Desktop\Dikshant\jenkins\github-review-plugin\node_modules\jest-circus\build\legacy-code-todo-rewrite\jestAdapter.js:79:19)
    at runTestInternal (C:\Users\eposh\OneDrive\Desktop\Dikshant\jenkins\github-review-plugin\node_modules\jest-runner\build\runTest.js:367:16)
    at runTest (C:\Users\eposh\OneDrive\Desktop\Dikshant\jenkins\github-review-plugin\node_modules\jest-runner\build\runTest.js:444:34)
    at Object.worker (C:\Users\eposh\OneDrive\Desktop\Dikshant\jenkins\github-review-plugin\node_modules\jest-runner\build\testWorker.js:106:12)</failure>
    </testcase>
    <testcase classname="AI Review System End-to-End Tests ‚Ä∫ Data Consistency and Validation" name="should validate all data structures throughout the workflow" time="0.02">
      <failure>Error: context.repo requires a GITHUB_REPOSITORY environment variable like &apos;owner/repo&apos;
    at Context.get repo [as repo] (C:\Users\eposh\OneDrive\Desktop\Dikshant\jenkins\github-review-plugin\node_modules\@actions\github\src\context.ts:79:11)
    at new repo (C:\Users\eposh\OneDrive\Desktop\Dikshant\jenkins\github-review-plugin\src\actions\ai-review-action.js:61:25)
    at Object.&lt;anonymous&gt; (C:\Users\eposh\OneDrive\Desktop\Dikshant\jenkins\github-review-plugin\tests\integration\end-to-end.test.js:160:22)
    at Promise.then.completed (C:\Users\eposh\OneDrive\Desktop\Dikshant\jenkins\github-review-plugin\node_modules\jest-circus\build\utils.js:298:28)
    at new Promise (&lt;anonymous&gt;)
    at callAsyncCircusFn (C:\Users\eposh\OneDrive\Desktop\Dikshant\jenkins\github-review-plugin\node_modules\jest-circus\build\utils.js:231:10)
    at _callCircusHook (C:\Users\eposh\OneDrive\Desktop\Dikshant\jenkins\github-review-plugin\node_modules\jest-circus\build\run.js:281:40)
    at processTicksAndRejections (node:internal/process/task_queues:105:5)
    at _runTest (C:\Users\eposh\OneDrive\Desktop\Dikshant\jenkins\github-review-plugin\node_modules\jest-circus\build\run.js:246:5)
    at _runTestsForDescribeBlock (C:\Users\eposh\OneDrive\Desktop\Dikshant\jenkins\github-review-plugin\node_modules\jest-circus\build\run.js:126:9)
    at _runTestsForDescribeBlock (C:\Users\eposh\OneDrive\Desktop\Dikshant\jenkins\github-review-plugin\node_modules\jest-circus\build\run.js:121:9)
    at _runTestsForDescribeBlock (C:\Users\eposh\OneDrive\Desktop\Dikshant\jenkins\github-review-plugin\node_modules\jest-circus\build\run.js:121:9)
    at run (C:\Users\eposh\OneDrive\Desktop\Dikshant\jenkins\github-review-plugin\node_modules\jest-circus\build\run.js:71:3)
    at runAndTransformResultsToJestFormat (C:\Users\eposh\OneDrive\Desktop\Dikshant\jenkins\github-review-plugin\node_modules\jest-circus\build\legacy-code-todo-rewrite\jestAdapterInit.js:122:21)
    at jestAdapter (C:\Users\eposh\OneDrive\Desktop\Dikshant\jenkins\github-review-plugin\node_modules\jest-circus\build\legacy-code-todo-rewrite\jestAdapter.js:79:19)
    at runTestInternal (C:\Users\eposh\OneDrive\Desktop\Dikshant\jenkins\github-review-plugin\node_modules\jest-runner\build\runTest.js:367:16)
    at runTest (C:\Users\eposh\OneDrive\Desktop\Dikshant\jenkins\github-review-plugin\node_modules\jest-runner\build\runTest.js:444:34)
    at Object.worker (C:\Users\eposh\OneDrive\Desktop\Dikshant\jenkins\github-review-plugin\node_modules\jest-runner\build\testWorker.js:106:12)</failure>
    </testcase>
  </testsuite>
  <testsuite name="AI Review System Performance Tests" errors="0" failures="10" skipped="0" timestamp="2025-09-04T10:16:42" time="6.968" tests="10">
    <testcase classname="AI Review System Performance Tests ‚Ä∫ Single Review Performance" name="should complete Small review (5 files, 2K tokens) within expected time" time="0.204">
      <failure>Error: context.repo requires a GITHUB_REPOSITORY environment variable like &apos;owner/repo&apos;
    at Context.get repo [as repo] (C:\Users\eposh\OneDrive\Desktop\Dikshant\jenkins\github-review-plugin\node_modules\@actions\github\src\context.ts:79:11)
    at new repo (C:\Users\eposh\OneDrive\Desktop\Dikshant\jenkins\github-review-plugin\src\actions\ai-review-action.js:61:25)
    at Object.&lt;anonymous&gt; (C:\Users\eposh\OneDrive\Desktop\Dikshant\jenkins\github-review-plugin\tests\integration\performance\performance-integration.test.js:102:22)
    at Promise.then.completed (C:\Users\eposh\OneDrive\Desktop\Dikshant\jenkins\github-review-plugin\node_modules\jest-circus\build\utils.js:298:28)
    at new Promise (&lt;anonymous&gt;)
    at callAsyncCircusFn (C:\Users\eposh\OneDrive\Desktop\Dikshant\jenkins\github-review-plugin\node_modules\jest-circus\build\utils.js:231:10)
    at _callCircusHook (C:\Users\eposh\OneDrive\Desktop\Dikshant\jenkins\github-review-plugin\node_modules\jest-circus\build\run.js:281:40)
    at processTicksAndRejections (node:internal/process/task_queues:105:5)
    at _runTest (C:\Users\eposh\OneDrive\Desktop\Dikshant\jenkins\github-review-plugin\node_modules\jest-circus\build\run.js:246:5)
    at _runTestsForDescribeBlock (C:\Users\eposh\OneDrive\Desktop\Dikshant\jenkins\github-review-plugin\node_modules\jest-circus\build\run.js:126:9)
    at _runTestsForDescribeBlock (C:\Users\eposh\OneDrive\Desktop\Dikshant\jenkins\github-review-plugin\node_modules\jest-circus\build\run.js:121:9)
    at _runTestsForDescribeBlock (C:\Users\eposh\OneDrive\Desktop\Dikshant\jenkins\github-review-plugin\node_modules\jest-circus\build\run.js:121:9)
    at run (C:\Users\eposh\OneDrive\Desktop\Dikshant\jenkins\github-review-plugin\node_modules\jest-circus\build\run.js:71:3)
    at runAndTransformResultsToJestFormat (C:\Users\eposh\OneDrive\Desktop\Dikshant\jenkins\github-review-plugin\node_modules\jest-circus\build\legacy-code-todo-rewrite\jestAdapterInit.js:122:21)
    at jestAdapter (C:\Users\eposh\OneDrive\Desktop\Dikshant\jenkins\github-review-plugin\node_modules\jest-circus\build\legacy-code-todo-rewrite\jestAdapter.js:79:19)
    at runTestInternal (C:\Users\eposh\OneDrive\Desktop\Dikshant\jenkins\github-review-plugin\node_modules\jest-runner\build\runTest.js:367:16)
    at runTest (C:\Users\eposh\OneDrive\Desktop\Dikshant\jenkins\github-review-plugin\node_modules\jest-runner\build\runTest.js:444:34)
    at Object.worker (C:\Users\eposh\OneDrive\Desktop\Dikshant\jenkins\github-review-plugin\node_modules\jest-runner\build\testWorker.js:106:12)</failure>
    </testcase>
    <testcase classname="AI Review System Performance Tests ‚Ä∫ Single Review Performance" name="should complete Medium review (20 files, 5K tokens) within expected time" time="0.018">
      <failure>Error: context.repo requires a GITHUB_REPOSITORY environment variable like &apos;owner/repo&apos;
    at Context.get repo [as repo] (C:\Users\eposh\OneDrive\Desktop\Dikshant\jenkins\github-review-plugin\node_modules\@actions\github\src\context.ts:79:11)
    at new repo (C:\Users\eposh\OneDrive\Desktop\Dikshant\jenkins\github-review-plugin\src\actions\ai-review-action.js:61:25)
    at Object.&lt;anonymous&gt; (C:\Users\eposh\OneDrive\Desktop\Dikshant\jenkins\github-review-plugin\tests\integration\performance\performance-integration.test.js:102:22)
    at Promise.then.completed (C:\Users\eposh\OneDrive\Desktop\Dikshant\jenkins\github-review-plugin\node_modules\jest-circus\build\utils.js:298:28)
    at new Promise (&lt;anonymous&gt;)
    at callAsyncCircusFn (C:\Users\eposh\OneDrive\Desktop\Dikshant\jenkins\github-review-plugin\node_modules\jest-circus\build\utils.js:231:10)
    at _callCircusHook (C:\Users\eposh\OneDrive\Desktop\Dikshant\jenkins\github-review-plugin\node_modules\jest-circus\build\run.js:281:40)
    at processTicksAndRejections (node:internal/process/task_queues:105:5)
    at _runTest (C:\Users\eposh\OneDrive\Desktop\Dikshant\jenkins\github-review-plugin\node_modules\jest-circus\build\run.js:246:5)
    at _runTestsForDescribeBlock (C:\Users\eposh\OneDrive\Desktop\Dikshant\jenkins\github-review-plugin\node_modules\jest-circus\build\run.js:126:9)
    at _runTestsForDescribeBlock (C:\Users\eposh\OneDrive\Desktop\Dikshant\jenkins\github-review-plugin\node_modules\jest-circus\build\run.js:121:9)
    at _runTestsForDescribeBlock (C:\Users\eposh\OneDrive\Desktop\Dikshant\jenkins\github-review-plugin\node_modules\jest-circus\build\run.js:121:9)
    at run (C:\Users\eposh\OneDrive\Desktop\Dikshant\jenkins\github-review-plugin\node_modules\jest-circus\build\run.js:71:3)
    at runAndTransformResultsToJestFormat (C:\Users\eposh\OneDrive\Desktop\Dikshant\jenkins\github-review-plugin\node_modules\jest-circus\build\legacy-code-todo-rewrite\jestAdapterInit.js:122:21)
    at jestAdapter (C:\Users\eposh\OneDrive\Desktop\Dikshant\jenkins\github-review-plugin\node_modules\jest-circus\build\legacy-code-todo-rewrite\jestAdapter.js:79:19)
    at runTestInternal (C:\Users\eposh\OneDrive\Desktop\Dikshant\jenkins\github-review-plugin\node_modules\jest-runner\build\runTest.js:367:16)
    at runTest (C:\Users\eposh\OneDrive\Desktop\Dikshant\jenkins\github-review-plugin\node_modules\jest-runner\build\runTest.js:444:34)
    at Object.worker (C:\Users\eposh\OneDrive\Desktop\Dikshant\jenkins\github-review-plugin\node_modules\jest-runner\build\testWorker.js:106:12)</failure>
    </testcase>
    <testcase classname="AI Review System Performance Tests ‚Ä∫ Single Review Performance" name="should complete Large review (50 files, 10K tokens) within expected time" time="0.015">
      <failure>Error: context.repo requires a GITHUB_REPOSITORY environment variable like &apos;owner/repo&apos;
    at Context.get repo [as repo] (C:\Users\eposh\OneDrive\Desktop\Dikshant\jenkins\github-review-plugin\node_modules\@actions\github\src\context.ts:79:11)
    at new repo (C:\Users\eposh\OneDrive\Desktop\Dikshant\jenkins\github-review-plugin\src\actions\ai-review-action.js:61:25)
    at Object.&lt;anonymous&gt; (C:\Users\eposh\OneDrive\Desktop\Dikshant\jenkins\github-review-plugin\tests\integration\performance\performance-integration.test.js:102:22)
    at Promise.then.completed (C:\Users\eposh\OneDrive\Desktop\Dikshant\jenkins\github-review-plugin\node_modules\jest-circus\build\utils.js:298:28)
    at new Promise (&lt;anonymous&gt;)
    at callAsyncCircusFn (C:\Users\eposh\OneDrive\Desktop\Dikshant\jenkins\github-review-plugin\node_modules\jest-circus\build\utils.js:231:10)
    at _callCircusHook (C:\Users\eposh\OneDrive\Desktop\Dikshant\jenkins\github-review-plugin\node_modules\jest-circus\build\run.js:281:40)
    at processTicksAndRejections (node:internal/process/task_queues:105:5)
    at _runTest (C:\Users\eposh\OneDrive\Desktop\Dikshant\jenkins\github-review-plugin\node_modules\jest-circus\build\run.js:246:5)
    at _runTestsForDescribeBlock (C:\Users\eposh\OneDrive\Desktop\Dikshant\jenkins\github-review-plugin\node_modules\jest-circus\build\run.js:126:9)
    at _runTestsForDescribeBlock (C:\Users\eposh\OneDrive\Desktop\Dikshant\jenkins\github-review-plugin\node_modules\jest-circus\build\run.js:121:9)
    at _runTestsForDescribeBlock (C:\Users\eposh\OneDrive\Desktop\Dikshant\jenkins\github-review-plugin\node_modules\jest-circus\build\run.js:121:9)
    at run (C:\Users\eposh\OneDrive\Desktop\Dikshant\jenkins\github-review-plugin\node_modules\jest-circus\build\run.js:71:3)
    at runAndTransformResultsToJestFormat (C:\Users\eposh\OneDrive\Desktop\Dikshant\jenkins\github-review-plugin\node_modules\jest-circus\build\legacy-code-todo-rewrite\jestAdapterInit.js:122:21)
    at jestAdapter (C:\Users\eposh\OneDrive\Desktop\Dikshant\jenkins\github-review-plugin\node_modules\jest-circus\build\legacy-code-todo-rewrite\jestAdapter.js:79:19)
    at runTestInternal (C:\Users\eposh\OneDrive\Desktop\Dikshant\jenkins\github-review-plugin\node_modules\jest-runner\build\runTest.js:367:16)
    at runTest (C:\Users\eposh\OneDrive\Desktop\Dikshant\jenkins\github-review-plugin\node_modules\jest-runner\build\runTest.js:444:34)
    at Object.worker (C:\Users\eposh\OneDrive\Desktop\Dikshant\jenkins\github-review-plugin\node_modules\jest-runner\build\testWorker.js:106:12)</failure>
    </testcase>
    <testcase classname="AI Review System Performance Tests ‚Ä∫ Single Review Performance" name="should complete Extra large review (100 files, 15K tokens) within expected time" time="0.016">
      <failure>Error: context.repo requires a GITHUB_REPOSITORY environment variable like &apos;owner/repo&apos;
    at Context.get repo [as repo] (C:\Users\eposh\OneDrive\Desktop\Dikshant\jenkins\github-review-plugin\node_modules\@actions\github\src\context.ts:79:11)
    at new repo (C:\Users\eposh\OneDrive\Desktop\Dikshant\jenkins\github-review-plugin\src\actions\ai-review-action.js:61:25)
    at Object.&lt;anonymous&gt; (C:\Users\eposh\OneDrive\Desktop\Dikshant\jenkins\github-review-plugin\tests\integration\performance\performance-integration.test.js:102:22)
    at Promise.then.completed (C:\Users\eposh\OneDrive\Desktop\Dikshant\jenkins\github-review-plugin\node_modules\jest-circus\build\utils.js:298:28)
    at new Promise (&lt;anonymous&gt;)
    at callAsyncCircusFn (C:\Users\eposh\OneDrive\Desktop\Dikshant\jenkins\github-review-plugin\node_modules\jest-circus\build\utils.js:231:10)
    at _callCircusHook (C:\Users\eposh\OneDrive\Desktop\Dikshant\jenkins\github-review-plugin\node_modules\jest-circus\build\run.js:281:40)
    at processTicksAndRejections (node:internal/process/task_queues:105:5)
    at _runTest (C:\Users\eposh\OneDrive\Desktop\Dikshant\jenkins\github-review-plugin\node_modules\jest-circus\build\run.js:246:5)
    at _runTestsForDescribeBlock (C:\Users\eposh\OneDrive\Desktop\Dikshant\jenkins\github-review-plugin\node_modules\jest-circus\build\run.js:126:9)
    at _runTestsForDescribeBlock (C:\Users\eposh\OneDrive\Desktop\Dikshant\jenkins\github-review-plugin\node_modules\jest-circus\build\run.js:121:9)
    at _runTestsForDescribeBlock (C:\Users\eposh\OneDrive\Desktop\Dikshant\jenkins\github-review-plugin\node_modules\jest-circus\build\run.js:121:9)
    at run (C:\Users\eposh\OneDrive\Desktop\Dikshant\jenkins\github-review-plugin\node_modules\jest-circus\build\run.js:71:3)
    at runAndTransformResultsToJestFormat (C:\Users\eposh\OneDrive\Desktop\Dikshant\jenkins\github-review-plugin\node_modules\jest-circus\build\legacy-code-todo-rewrite\jestAdapterInit.js:122:21)
    at jestAdapter (C:\Users\eposh\OneDrive\Desktop\Dikshant\jenkins\github-review-plugin\node_modules\jest-circus\build\legacy-code-todo-rewrite\jestAdapter.js:79:19)
    at runTestInternal (C:\Users\eposh\OneDrive\Desktop\Dikshant\jenkins\github-review-plugin\node_modules\jest-runner\build\runTest.js:367:16)
    at runTest (C:\Users\eposh\OneDrive\Desktop\Dikshant\jenkins\github-review-plugin\node_modules\jest-runner\build\runTest.js:444:34)
    at Object.worker (C:\Users\eposh\OneDrive\Desktop\Dikshant\jenkins\github-review-plugin\node_modules\jest-runner\build\testWorker.js:106:12)</failure>
    </testcase>
    <testcase classname="AI Review System Performance Tests ‚Ä∫ Concurrent Review Performance" name="should handle 3 concurrent reviews efficiently" time="0.057">
      <failure>Error: context.repo requires a GITHUB_REPOSITORY environment variable like &apos;owner/repo&apos;
    at Context.get repo [as repo] (C:\Users\eposh\OneDrive\Desktop\Dikshant\jenkins\github-review-plugin\node_modules\@actions\github\src\context.ts:79:11)
    at new repo (C:\Users\eposh\OneDrive\Desktop\Dikshant\jenkins\github-review-plugin\src\actions\ai-review-action.js:61:25)
    at Object.&lt;anonymous&gt; (C:\Users\eposh\OneDrive\Desktop\Dikshant\jenkins\github-review-plugin\tests\integration\performance\performance-integration.test.js:102:22)
    at Promise.then.completed (C:\Users\eposh\OneDrive\Desktop\Dikshant\jenkins\github-review-plugin\node_modules\jest-circus\build\utils.js:298:28)
    at new Promise (&lt;anonymous&gt;)
    at callAsyncCircusFn (C:\Users\eposh\OneDrive\Desktop\Dikshant\jenkins\github-review-plugin\node_modules\jest-circus\build\utils.js:231:10)
    at _callCircusHook (C:\Users\eposh\OneDrive\Desktop\Dikshant\jenkins\github-review-plugin\node_modules\jest-circus\build\run.js:281:40)
    at processTicksAndRejections (node:internal/process/task_queues:105:5)
    at _runTest (C:\Users\eposh\OneDrive\Desktop\Dikshant\jenkins\github-review-plugin\node_modules\jest-circus\build\run.js:246:5)
    at _runTestsForDescribeBlock (C:\Users\eposh\OneDrive\Desktop\Dikshant\jenkins\github-review-plugin\node_modules\jest-circus\build\run.js:126:9)
    at _runTestsForDescribeBlock (C:\Users\eposh\OneDrive\Desktop\Dikshant\jenkins\github-review-plugin\node_modules\jest-circus\build\run.js:121:9)
    at _runTestsForDescribeBlock (C:\Users\eposh\OneDrive\Desktop\Dikshant\jenkins\github-review-plugin\node_modules\jest-circus\build\run.js:121:9)
    at run (C:\Users\eposh\OneDrive\Desktop\Dikshant\jenkins\github-review-plugin\node_modules\jest-circus\build\run.js:71:3)
    at runAndTransformResultsToJestFormat (C:\Users\eposh\OneDrive\Desktop\Dikshant\jenkins\github-review-plugin\node_modules\jest-circus\build\legacy-code-todo-rewrite\jestAdapterInit.js:122:21)
    at jestAdapter (C:\Users\eposh\OneDrive\Desktop\Dikshant\jenkins\github-review-plugin\node_modules\jest-circus\build\legacy-code-todo-rewrite\jestAdapter.js:79:19)
    at runTestInternal (C:\Users\eposh\OneDrive\Desktop\Dikshant\jenkins\github-review-plugin\node_modules\jest-runner\build\runTest.js:367:16)
    at runTest (C:\Users\eposh\OneDrive\Desktop\Dikshant\jenkins\github-review-plugin\node_modules\jest-runner\build\runTest.js:444:34)
    at Object.worker (C:\Users\eposh\OneDrive\Desktop\Dikshant\jenkins\github-review-plugin\node_modules\jest-runner\build\testWorker.js:106:12)</failure>
    </testcase>
    <testcase classname="AI Review System Performance Tests ‚Ä∫ Memory Usage Performance" name="should maintain stable memory usage during large reviews" time="0.014">
      <failure>Error: context.repo requires a GITHUB_REPOSITORY environment variable like &apos;owner/repo&apos;
    at Context.get repo [as repo] (C:\Users\eposh\OneDrive\Desktop\Dikshant\jenkins\github-review-plugin\node_modules\@actions\github\src\context.ts:79:11)
    at new repo (C:\Users\eposh\OneDrive\Desktop\Dikshant\jenkins\github-review-plugin\src\actions\ai-review-action.js:61:25)
    at Object.&lt;anonymous&gt; (C:\Users\eposh\OneDrive\Desktop\Dikshant\jenkins\github-review-plugin\tests\integration\performance\performance-integration.test.js:102:22)
    at Promise.then.completed (C:\Users\eposh\OneDrive\Desktop\Dikshant\jenkins\github-review-plugin\node_modules\jest-circus\build\utils.js:298:28)
    at new Promise (&lt;anonymous&gt;)
    at callAsyncCircusFn (C:\Users\eposh\OneDrive\Desktop\Dikshant\jenkins\github-review-plugin\node_modules\jest-circus\build\utils.js:231:10)
    at _callCircusHook (C:\Users\eposh\OneDrive\Desktop\Dikshant\jenkins\github-review-plugin\node_modules\jest-circus\build\run.js:281:40)
    at processTicksAndRejections (node:internal/process/task_queues:105:5)
    at _runTest (C:\Users\eposh\OneDrive\Desktop\Dikshant\jenkins\github-review-plugin\node_modules\jest-circus\build\run.js:246:5)
    at _runTestsForDescribeBlock (C:\Users\eposh\OneDrive\Desktop\Dikshant\jenkins\github-review-plugin\node_modules\jest-circus\build\run.js:126:9)
    at _runTestsForDescribeBlock (C:\Users\eposh\OneDrive\Desktop\Dikshant\jenkins\github-review-plugin\node_modules\jest-circus\build\run.js:121:9)
    at _runTestsForDescribeBlock (C:\Users\eposh\OneDrive\Desktop\Dikshant\jenkins\github-review-plugin\node_modules\jest-circus\build\run.js:121:9)
    at run (C:\Users\eposh\OneDrive\Desktop\Dikshant\jenkins\github-review-plugin\node_modules\jest-circus\build\run.js:71:3)
    at runAndTransformResultsToJestFormat (C:\Users\eposh\OneDrive\Desktop\Dikshant\jenkins\github-review-plugin\node_modules\jest-circus\build\legacy-code-todo-rewrite\jestAdapterInit.js:122:21)
    at jestAdapter (C:\Users\eposh\OneDrive\Desktop\Dikshant\jenkins\github-review-plugin\node_modules\jest-circus\build\legacy-code-todo-rewrite\jestAdapter.js:79:19)
    at runTestInternal (C:\Users\eposh\OneDrive\Desktop\Dikshant\jenkins\github-review-plugin\node_modules\jest-runner\build\runTest.js:367:16)
    at runTest (C:\Users\eposh\OneDrive\Desktop\Dikshant\jenkins\github-review-plugin\node_modules\jest-runner\build\runTest.js:444:34)
    at Object.worker (C:\Users\eposh\OneDrive\Desktop\Dikshant\jenkins\github-review-plugin\node_modules\jest-runner\build\testWorker.js:106:12)</failure>
    </testcase>
    <testcase classname="AI Review System Performance Tests ‚Ä∫ API Rate Limiting Performance" name="should handle GitHub API rate limiting gracefully" time="0.008">
      <failure>Error: context.repo requires a GITHUB_REPOSITORY environment variable like &apos;owner/repo&apos;
    at Context.get repo [as repo] (C:\Users\eposh\OneDrive\Desktop\Dikshant\jenkins\github-review-plugin\node_modules\@actions\github\src\context.ts:79:11)
    at new repo (C:\Users\eposh\OneDrive\Desktop\Dikshant\jenkins\github-review-plugin\src\actions\ai-review-action.js:61:25)
    at Object.&lt;anonymous&gt; (C:\Users\eposh\OneDrive\Desktop\Dikshant\jenkins\github-review-plugin\tests\integration\performance\performance-integration.test.js:102:22)
    at Promise.then.completed (C:\Users\eposh\OneDrive\Desktop\Dikshant\jenkins\github-review-plugin\node_modules\jest-circus\build\utils.js:298:28)
    at new Promise (&lt;anonymous&gt;)
    at callAsyncCircusFn (C:\Users\eposh\OneDrive\Desktop\Dikshant\jenkins\github-review-plugin\node_modules\jest-circus\build\utils.js:231:10)
    at _callCircusHook (C:\Users\eposh\OneDrive\Desktop\Dikshant\jenkins\github-review-plugin\node_modules\jest-circus\build\run.js:281:40)
    at processTicksAndRejections (node:internal/process/task_queues:105:5)
    at _runTest (C:\Users\eposh\OneDrive\Desktop\Dikshant\jenkins\github-review-plugin\node_modules\jest-circus\build\run.js:246:5)
    at _runTestsForDescribeBlock (C:\Users\eposh\OneDrive\Desktop\Dikshant\jenkins\github-review-plugin\node_modules\jest-circus\build\run.js:126:9)
    at _runTestsForDescribeBlock (C:\Users\eposh\OneDrive\Desktop\Dikshant\jenkins\github-review-plugin\node_modules\jest-circus\build\run.js:121:9)
    at _runTestsForDescribeBlock (C:\Users\eposh\OneDrive\Desktop\Dikshant\jenkins\github-review-plugin\node_modules\jest-circus\build\run.js:121:9)
    at run (C:\Users\eposh\OneDrive\Desktop\Dikshant\jenkins\github-review-plugin\node_modules\jest-circus\build\run.js:71:3)
    at runAndTransformResultsToJestFormat (C:\Users\eposh\OneDrive\Desktop\Dikshant\jenkins\github-review-plugin\node_modules\jest-circus\build\legacy-code-todo-rewrite\jestAdapterInit.js:122:21)
    at jestAdapter (C:\Users\eposh\OneDrive\Desktop\Dikshant\jenkins\github-review-plugin\node_modules\jest-circus\build\legacy-code-todo-rewrite\jestAdapter.js:79:19)
    at runTestInternal (C:\Users\eposh\OneDrive\Desktop\Dikshant\jenkins\github-review-plugin\node_modules\jest-runner\build\runTest.js:367:16)
    at runTest (C:\Users\eposh\OneDrive\Desktop\Dikshant\jenkins\github-review-plugin\node_modules\jest-runner\build\runTest.js:444:34)
    at Object.worker (C:\Users\eposh\OneDrive\Desktop\Dikshant\jenkins\github-review-plugin\node_modules\jest-runner\build\testWorker.js:106:12)</failure>
    </testcase>
    <testcase classname="AI Review System Performance Tests ‚Ä∫ Error Recovery Performance" name="should recover from AI API failures within reasonable time" time="0.006">
      <failure>Error: context.repo requires a GITHUB_REPOSITORY environment variable like &apos;owner/repo&apos;
    at Context.get repo [as repo] (C:\Users\eposh\OneDrive\Desktop\Dikshant\jenkins\github-review-plugin\node_modules\@actions\github\src\context.ts:79:11)
    at new repo (C:\Users\eposh\OneDrive\Desktop\Dikshant\jenkins\github-review-plugin\src\actions\ai-review-action.js:61:25)
    at Object.&lt;anonymous&gt; (C:\Users\eposh\OneDrive\Desktop\Dikshant\jenkins\github-review-plugin\tests\integration\performance\performance-integration.test.js:102:22)
    at Promise.then.completed (C:\Users\eposh\OneDrive\Desktop\Dikshant\jenkins\github-review-plugin\node_modules\jest-circus\build\utils.js:298:28)
    at new Promise (&lt;anonymous&gt;)
    at callAsyncCircusFn (C:\Users\eposh\OneDrive\Desktop\Dikshant\jenkins\github-review-plugin\node_modules\jest-circus\build\utils.js:231:10)
    at _callCircusHook (C:\Users\eposh\OneDrive\Desktop\Dikshant\jenkins\github-review-plugin\node_modules\jest-circus\build\run.js:281:40)
    at processTicksAndRejections (node:internal/process/task_queues:105:5)
    at _runTest (C:\Users\eposh\OneDrive\Desktop\Dikshant\jenkins\github-review-plugin\node_modules\jest-circus\build\run.js:246:5)
    at _runTestsForDescribeBlock (C:\Users\eposh\OneDrive\Desktop\Dikshant\jenkins\github-review-plugin\node_modules\jest-circus\build\run.js:126:9)
    at _runTestsForDescribeBlock (C:\Users\eposh\OneDrive\Desktop\Dikshant\jenkins\github-review-plugin\node_modules\jest-circus\build\run.js:121:9)
    at _runTestsForDescribeBlock (C:\Users\eposh\OneDrive\Desktop\Dikshant\jenkins\github-review-plugin\node_modules\jest-circus\build\run.js:121:9)
    at run (C:\Users\eposh\OneDrive\Desktop\Dikshant\jenkins\github-review-plugin\node_modules\jest-circus\build\run.js:71:3)
    at runAndTransformResultsToJestFormat (C:\Users\eposh\OneDrive\Desktop\Dikshant\jenkins\github-review-plugin\node_modules\jest-circus\build\legacy-code-todo-rewrite\jestAdapterInit.js:122:21)
    at jestAdapter (C:\Users\eposh\OneDrive\Desktop\Dikshant\jenkins\github-review-plugin\node_modules\jest-circus\build\legacy-code-todo-rewrite\jestAdapter.js:79:19)
    at runTestInternal (C:\Users\eposh\OneDrive\Desktop\Dikshant\jenkins\github-review-plugin\node_modules\jest-runner\build\runTest.js:367:16)
    at runTest (C:\Users\eposh\OneDrive\Desktop\Dikshant\jenkins\github-review-plugin\node_modules\jest-runner\build\runTest.js:444:34)
    at Object.worker (C:\Users\eposh\OneDrive\Desktop\Dikshant\jenkins\github-review-plugin\node_modules\jest-runner\build\testWorker.js:106:12)</failure>
    </testcase>
    <testcase classname="AI Review System Performance Tests ‚Ä∫ Scalability Performance" name="should scale linearly with file count" time="0.009">
      <failure>Error: context.repo requires a GITHUB_REPOSITORY environment variable like &apos;owner/repo&apos;
    at Context.get repo [as repo] (C:\Users\eposh\OneDrive\Desktop\Dikshant\jenkins\github-review-plugin\node_modules\@actions\github\src\context.ts:79:11)
    at new repo (C:\Users\eposh\OneDrive\Desktop\Dikshant\jenkins\github-review-plugin\src\actions\ai-review-action.js:61:25)
    at Object.&lt;anonymous&gt; (C:\Users\eposh\OneDrive\Desktop\Dikshant\jenkins\github-review-plugin\tests\integration\performance\performance-integration.test.js:102:22)
    at Promise.then.completed (C:\Users\eposh\OneDrive\Desktop\Dikshant\jenkins\github-review-plugin\node_modules\jest-circus\build\utils.js:298:28)
    at new Promise (&lt;anonymous&gt;)
    at callAsyncCircusFn (C:\Users\eposh\OneDrive\Desktop\Dikshant\jenkins\github-review-plugin\node_modules\jest-circus\build\utils.js:231:10)
    at _callCircusHook (C:\Users\eposh\OneDrive\Desktop\Dikshant\jenkins\github-review-plugin\node_modules\jest-circus\build\run.js:281:40)
    at processTicksAndRejections (node:internal/process/task_queues:105:5)
    at _runTest (C:\Users\eposh\OneDrive\Desktop\Dikshant\jenkins\github-review-plugin\node_modules\jest-circus\build\run.js:246:5)
    at _runTestsForDescribeBlock (C:\Users\eposh\OneDrive\Desktop\Dikshant\jenkins\github-review-plugin\node_modules\jest-circus\build\run.js:126:9)
    at _runTestsForDescribeBlock (C:\Users\eposh\OneDrive\Desktop\Dikshant\jenkins\github-review-plugin\node_modules\jest-circus\build\run.js:121:9)
    at _runTestsForDescribeBlock (C:\Users\eposh\OneDrive\Desktop\Dikshant\jenkins\github-review-plugin\node_modules\jest-circus\build\run.js:121:9)
    at run (C:\Users\eposh\OneDrive\Desktop\Dikshant\jenkins\github-review-plugin\node_modules\jest-circus\build\run.js:71:3)
    at runAndTransformResultsToJestFormat (C:\Users\eposh\OneDrive\Desktop\Dikshant\jenkins\github-review-plugin\node_modules\jest-circus\build\legacy-code-todo-rewrite\jestAdapterInit.js:122:21)
    at jestAdapter (C:\Users\eposh\OneDrive\Desktop\Dikshant\jenkins\github-review-plugin\node_modules\jest-circus\build\legacy-code-todo-rewrite\jestAdapter.js:79:19)
    at runTestInternal (C:\Users\eposh\OneDrive\Desktop\Dikshant\jenkins\github-review-plugin\node_modules\jest-runner\build\runTest.js:367:16)
    at runTest (C:\Users\eposh\OneDrive\Desktop\Dikshant\jenkins\github-review-plugin\node_modules\jest-runner\build\runTest.js:444:34)
    at Object.worker (C:\Users\eposh\OneDrive\Desktop\Dikshant\jenkins\github-review-plugin\node_modules\jest-runner\build\testWorker.js:106:12)</failure>
    </testcase>
    <testcase classname="AI Review System Performance Tests ‚Ä∫ Resource Cleanup Performance" name="should clean up resources efficiently after large operations" time="0.008">
      <failure>Error: context.repo requires a GITHUB_REPOSITORY environment variable like &apos;owner/repo&apos;
    at Context.get repo [as repo] (C:\Users\eposh\OneDrive\Desktop\Dikshant\jenkins\github-review-plugin\node_modules\@actions\github\src\context.ts:79:11)
    at new repo (C:\Users\eposh\OneDrive\Desktop\Dikshant\jenkins\github-review-plugin\src\actions\ai-review-action.js:61:25)
    at Object.&lt;anonymous&gt; (C:\Users\eposh\OneDrive\Desktop\Dikshant\jenkins\github-review-plugin\tests\integration\performance\performance-integration.test.js:102:22)
    at Promise.then.completed (C:\Users\eposh\OneDrive\Desktop\Dikshant\jenkins\github-review-plugin\node_modules\jest-circus\build\utils.js:298:28)
    at new Promise (&lt;anonymous&gt;)
    at callAsyncCircusFn (C:\Users\eposh\OneDrive\Desktop\Dikshant\jenkins\github-review-plugin\node_modules\jest-circus\build\utils.js:231:10)
    at _callCircusHook (C:\Users\eposh\OneDrive\Desktop\Dikshant\jenkins\github-review-plugin\node_modules\jest-circus\build\run.js:281:40)
    at processTicksAndRejections (node:internal/process/task_queues:105:5)
    at _runTest (C:\Users\eposh\OneDrive\Desktop\Dikshant\jenkins\github-review-plugin\node_modules\jest-circus\build\run.js:246:5)
    at _runTestsForDescribeBlock (C:\Users\eposh\OneDrive\Desktop\Dikshant\jenkins\github-review-plugin\node_modules\jest-circus\build\run.js:126:9)
    at _runTestsForDescribeBlock (C:\Users\eposh\OneDrive\Desktop\Dikshant\jenkins\github-review-plugin\node_modules\jest-circus\build\run.js:121:9)
    at _runTestsForDescribeBlock (C:\Users\eposh\OneDrive\Desktop\Dikshant\jenkins\github-review-plugin\node_modules\jest-circus\build\run.js:121:9)
    at run (C:\Users\eposh\OneDrive\Desktop\Dikshant\jenkins\github-review-plugin\node_modules\jest-circus\build\run.js:71:3)
    at runAndTransformResultsToJestFormat (C:\Users\eposh\OneDrive\Desktop\Dikshant\jenkins\github-review-plugin\node_modules\jest-circus\build\legacy-code-todo-rewrite\jestAdapterInit.js:122:21)
    at jestAdapter (C:\Users\eposh\OneDrive\Desktop\Dikshant\jenkins\github-review-plugin\node_modules\jest-circus\build\legacy-code-todo-rewrite\jestAdapter.js:79:19)
    at runTestInternal (C:\Users\eposh\OneDrive\Desktop\Dikshant\jenkins\github-review-plugin\node_modules\jest-runner\build\runTest.js:367:16)
    at runTest (C:\Users\eposh\OneDrive\Desktop\Dikshant\jenkins\github-review-plugin\node_modules\jest-runner\build\runTest.js:444:34)
    at Object.worker (C:\Users\eposh\OneDrive\Desktop\Dikshant\jenkins\github-review-plugin\node_modules\jest-runner\build\testWorker.js:106:12)</failure>
    </testcase>
  </testsuite>
  <testsuite name="MonitoringDashboard" errors="0" failures="2" skipped="0" timestamp="2025-09-04T10:16:35" time="6.083" tests="39">
    <testcase classname="MonitoringDashboard ‚Ä∫ constructor" name="should initialize with default configuration" time="0.023">
    </testcase>
    <testcase classname="MonitoringDashboard ‚Ä∫ constructor" name="should initialize with custom configuration" time="0.005">
    </testcase>
    <testcase classname="MonitoringDashboard ‚Ä∫ constructor" name="should initialize dashboard data structure" time="0.005">
    </testcase>
    <testcase classname="MonitoringDashboard ‚Ä∫ constructor" name="should initialize alert history" time="0.002">
    </testcase>
    <testcase classname="MonitoringDashboard ‚Ä∫ initialize" name="should create dashboard directory and files" time="0.177">
    </testcase>
    <testcase classname="MonitoringDashboard ‚Ä∫ initialize" name="should handle initialization errors gracefully" time="0.002">
    </testcase>
    <testcase classname="MonitoringDashboard ‚Ä∫ generateDashboardHTML" name="should generate valid HTML with dashboard structure" time="0.002">
    </testcase>
    <testcase classname="MonitoringDashboard ‚Ä∫ generateDashboardHTML" name="should include all required CSS classes" time="0.02">
    </testcase>
    <testcase classname="MonitoringDashboard ‚Ä∫ generateDashboardHTML" name="should include JavaScript for real-time updates" time="0.009">
    </testcase>
    <testcase classname="MonitoringDashboard ‚Ä∫ updateDashboard" name="should update dashboard with latest metrics" time="1.352">
    </testcase>
    <testcase classname="MonitoringDashboard ‚Ä∫ updateDashboard" name="should calculate trends and check alerts" time="1.908">
    </testcase>
    <testcase classname="MonitoringDashboard ‚Ä∫ updateDashboard" name="should handle update errors gracefully" time="0.496">
    </testcase>
    <testcase classname="MonitoringDashboard ‚Ä∫ calculateTrends" name="should calculate performance trends from audit logs" time="0.002">
    </testcase>
    <testcase classname="MonitoringDashboard ‚Ä∫ calculateTrends" name="should handle missing audit files gracefully" time="0.001">
    </testcase>
    <testcase classname="MonitoringDashboard ‚Ä∫ calculateTrends" name="should handle malformed log entries gracefully" time="0.001">
    </testcase>
    <testcase classname="MonitoringDashboard ‚Ä∫ calculateTrends" name="should limit performance data to last 50 points" time="0.001">
    </testcase>
    <testcase classname="MonitoringDashboard ‚Ä∫ checkAlerts" name="should generate response time alert when threshold exceeded" time="0.001">
    </testcase>
    <testcase classname="MonitoringDashboard ‚Ä∫ checkAlerts" name="should generate error rate alert when threshold exceeded" time="0.001">
    </testcase>
    <testcase classname="MonitoringDashboard ‚Ä∫ checkAlerts" name="should generate quality score alert when below threshold" time="0">
    </testcase>
    <testcase classname="MonitoringDashboard ‚Ä∫ checkAlerts" name="should generate cost alert when cost per review exceeds threshold" time="0.001">
    </testcase>
    <testcase classname="MonitoringDashboard ‚Ä∫ checkAlerts" name="should not generate alerts when metrics are within thresholds" time="0.001">
    </testcase>
    <testcase classname="MonitoringDashboard ‚Ä∫ checkAlerts" name="should maintain alert history with size limit" time="0.002">
    </testcase>
    <testcase classname="MonitoringDashboard ‚Ä∫ getHealthStatus" name="should return health status from health checker" time="0.001">
    </testcase>
    <testcase classname="MonitoringDashboard ‚Ä∫ getHealthStatus" name="should return fallback status when health checker fails" time="0.01">
      <failure>Error: expect(received).toMatchObject(expected)

- Expected  - 3
+ Received  + 3

  Object {
    &quot;services&quot;: Object {},
-   &quot;status&quot;: &quot;unknown&quot;,
+   &quot;status&quot;: &quot;healthy&quot;,
    &quot;summary&quot;: Object {
      &quot;critical&quot;: 0,
-     &quot;healthy&quot;: 0,
+     &quot;healthy&quot;: 2,
      &quot;healthyCritical&quot;: 0,
-     &quot;total&quot;: 0,
+     &quot;total&quot;: 2,
      &quot;unhealthy&quot;: 0,
    },
  }
    at Object.toMatchObject (C:\Users\eposh\OneDrive\Desktop\Dikshant\jenkins\github-review-plugin\src\utils\monitoring-dashboard.test.js:418:28)
    at processTicksAndRejections (node:internal/process/task_queues:105:5)</failure>
    </testcase>
    <testcase classname="MonitoringDashboard ‚Ä∫ sendAlerts" name="should send alerts through configured channels" time="0.001">
    </testcase>
    <testcase classname="MonitoringDashboard ‚Ä∫ sendAlerts" name="should not send duplicate alerts" time="0.001">
    </testcase>
    <testcase classname="MonitoringDashboard ‚Ä∫ sendAlert" name="should send email alert when enabled" time="0.029">
    </testcase>
    <testcase classname="MonitoringDashboard ‚Ä∫ sendAlert" name="should send Slack alert when enabled" time="0.002">
    </testcase>
    <testcase classname="MonitoringDashboard ‚Ä∫ sendAlert" name="should send GitHub alert when enabled" time="0.002">
    </testcase>
    <testcase classname="MonitoringDashboard ‚Ä∫ sendAlert" name="should handle alert sending errors gracefully" time="0.001">
    </testcase>
    <testcase classname="MonitoringDashboard ‚Ä∫ formatAlertMessage" name="should format alert message correctly" time="0.003">
    </testcase>
    <testcase classname="MonitoringDashboard ‚Ä∫ generateReport" name="should generate comprehensive monitoring report" time="0.004">
    </testcase>
    <testcase classname="MonitoringDashboard ‚Ä∫ generateReport" name="should filter alerts by date range" time="0.001">
    </testcase>
    <testcase classname="MonitoringDashboard ‚Ä∫ generateReport" name="should handle report generation errors gracefully" time="0.002">
      <failure>Error: expect(received).toHaveProperty(path)

Expected path: &quot;error&quot;
Received path: []

Received value: {&quot;alerts&quot;: [], &quot;generated_at&quot;: &quot;2025-09-04T10:16:41.871Z&quot;, &quot;period&quot;: {&quot;end&quot;: &quot;2025-09-04T10:16:41.871Z&quot;, &quot;start&quot;: &quot;2025-08-28T10:16:41.871Z&quot;}, &quot;recommendations&quot;: [&quot;Consider optimizing review content&quot;, &quot;Monitor cost trends&quot;], &quot;summary&quot;: {&quot;summary&quot;: {&quot;avgResponseTime&quot;: 25000, &quot;successRate&quot;: 95.5, &quot;totalReviews&quot;: 100}}}
    at Object.toHaveProperty (C:\Users\eposh\OneDrive\Desktop\Dikshant\jenkins\github-review-plugin\src\utils\monitoring-dashboard.test.js:674:22)
    at processTicksAndRejections (node:internal/process/task_queues:105:5)</failure>
    </testcase>
    <testcase classname="MonitoringDashboard ‚Ä∫ utility methods" name="should get dashboard URL" time="0.001">
    </testcase>
    <testcase classname="MonitoringDashboard ‚Ä∫ utility methods" name="should get alert history with limit" time="0">
    </testcase>
    <testcase classname="MonitoringDashboard ‚Ä∫ utility methods" name="should clear alert history" time="0.001">
    </testcase>
    <testcase classname="MonitoringDashboard ‚Ä∫ utility methods" name="should update alert thresholds" time="0.001">
    </testcase>
    <testcase classname="MonitoringDashboard ‚Ä∫ utility methods" name="should update alert channels" time="0">
    </testcase>
  </testsuite>
  <testsuite name="AuditLogger" errors="0" failures="1" skipped="0" timestamp="2025-09-04T10:16:35" time="8.652" tests="29">
    <testcase classname="AuditLogger ‚Ä∫ constructor" name="should initialize with default configuration" time="0.295">
    </testcase>
    <testcase classname="AuditLogger ‚Ä∫ constructor" name="should initialize with custom configuration" time="0.009">
    </testcase>
    <testcase classname="AuditLogger ‚Ä∫ constructor" name="should initialize audit chain" time="0.013">
    </testcase>
    <testcase classname="AuditLogger ‚Ä∫ logEvent" name="should log event with audit chain entry" time="0.016">
    </testcase>
    <testcase classname="AuditLogger ‚Ä∫ logEvent" name="should generate audit chain entry" time="0.008">
    </testcase>
    <testcase classname="AuditLogger ‚Ä∫ logEvent" name="should maintain audit chain integrity" time="0.03">
    </testcase>
    <testcase classname="AuditLogger ‚Ä∫ logEvent" name="should include regulatory compliance when enabled" time="0.016">
    </testcase>
    <testcase classname="AuditLogger ‚Ä∫ audit chain integrity" name="should calculate correct chain hash" time="0.013">
    </testcase>
    <testcase classname="AuditLogger ‚Ä∫ audit chain integrity" name="should maintain chain size limit" time="1.88">
    </testcase>
    <testcase classname="AuditLogger ‚Ä∫ regulatory compliance" name="should check SOX compliance when enabled" time="0.029">
    </testcase>
    <testcase classname="AuditLogger ‚Ä∫ regulatory compliance" name="should check GDPR compliance when enabled" time="0.004">
    </testcase>
    <testcase classname="AuditLogger ‚Ä∫ regulatory compliance" name="should check HIPAA compliance when enabled" time="0.005">
    </testcase>
    <testcase classname="AuditLogger ‚Ä∫ regulatory compliance" name="should check PCI DSS compliance when enabled" time="0.005">
    </testcase>
    <testcase classname="AuditLogger ‚Ä∫ data retention" name="should perform data retention cleanup" time="0.004">
    </testcase>
    <testcase classname="AuditLogger ‚Ä∫ data retention" name="should handle cleanup errors gracefully" time="0.007">
      <failure>Error: expect(received).toBeGreaterThan(expected)

Expected: &gt; 0
Received:   0
    at Object.toBeGreaterThan (C:\Users\eposh\OneDrive\Desktop\Dikshant\jenkins\github-review-plugin\src\utils\logger.test.js:252:37)
    at processTicksAndRejections (node:internal/process/task_queues:105:5)</failure>
    </testcase>
    <testcase classname="AuditLogger ‚Ä∫ integrity verification" name="should verify audit trail integrity" time="0.01">
    </testcase>
    <testcase classname="AuditLogger ‚Ä∫ integrity verification" name="should detect hash mismatches" time="0.007">
    </testcase>
    <testcase classname="AuditLogger ‚Ä∫ integrity verification" name="should detect data integrity mismatches" time="0.017">
    </testcase>
    <testcase classname="AuditLogger ‚Ä∫ compliance reporting" name="should generate compliance report" time="0.024">
    </testcase>
    <testcase classname="AuditLogger ‚Ä∫ compliance reporting" name="should calculate compliance rate correctly" time="0.004">
    </testcase>
    <testcase classname="AuditLogger ‚Ä∫ compliance reporting" name="should generate framework-specific reports" time="0.002">
    </testcase>
    <testcase classname="AuditLogger ‚Ä∫ configuration methods" name="should set data retention policy" time="0.033">
    </testcase>
    <testcase classname="AuditLogger ‚Ä∫ configuration methods" name="should set regulatory compliance frameworks" time="0.001">
    </testcase>
    <testcase classname="AuditLogger ‚Ä∫ audit chain methods" name="should get audit chain" time="0.002">
    </testcase>
    <testcase classname="AuditLogger ‚Ä∫ audit chain methods" name="should limit audit chain size" time="0.003">
    </testcase>
    <testcase classname="AuditLogger ‚Ä∫ file rotation" name="should rotate log file when size limit is reached" time="0.004">
    </testcase>
    <testcase classname="AuditLogger ‚Ä∫ file rotation" name="should handle rotation errors gracefully" time="0.159">
    </testcase>
    <testcase classname="AuditLogger ‚Ä∫ compliance mode" name="should validate required fields in compliance mode" time="0.003">
    </testcase>
    <testcase classname="AuditLogger ‚Ä∫ compliance mode" name="should detect missing required fields" time="0.003">
    </testcase>
  </testsuite>
  <testsuite name="Debug Logging Configuration" errors="0" failures="5" skipped="0" timestamp="2025-09-04T10:16:40" time="12.435" tests="23">
    <testcase classname="Debug Logging Configuration ‚Ä∫ Constructor and Default Values" name="should initialize with default debug configuration" time="7.773">
    </testcase>
    <testcase classname="Debug Logging Configuration ‚Ä∫ Constructor and Default Values" name="should initialize with custom debug configuration" time="0.002">
    </testcase>
    <testcase classname="Debug Logging Configuration ‚Ä∫ shouldLog Method" name="should respect log level hierarchy" time="0.001">
    </testcase>
    <testcase classname="Debug Logging Configuration ‚Ä∫ shouldLog Method" name="should debug the shouldLog method" time="0.02">
      <failure>Error: expect(received).toBe(expected) // Object.is equality

Expected: true
Received: false
    at Object.toBe (C:\Users\eposh\OneDrive\Desktop\Dikshant\jenkins\github-review-plugin\tests\unit\debug-logging.test.js:87:41)
    at Promise.then.completed (C:\Users\eposh\OneDrive\Desktop\Dikshant\jenkins\github-review-plugin\node_modules\jest-circus\build\utils.js:298:28)
    at new Promise (&lt;anonymous&gt;)
    at callAsyncCircusFn (C:\Users\eposh\OneDrive\Desktop\Dikshant\jenkins\github-review-plugin\node_modules\jest-circus\build\utils.js:231:10)
    at _callCircusTest (C:\Users\eposh\OneDrive\Desktop\Dikshant\jenkins\github-review-plugin\node_modules\jest-circus\build\run.js:316:40)
    at processTicksAndRejections (node:internal/process/task_queues:105:5)
    at _runTest (C:\Users\eposh\OneDrive\Desktop\Dikshant\jenkins\github-review-plugin\node_modules\jest-circus\build\run.js:252:3)
    at _runTestsForDescribeBlock (C:\Users\eposh\OneDrive\Desktop\Dikshant\jenkins\github-review-plugin\node_modules\jest-circus\build\run.js:126:9)
    at _runTestsForDescribeBlock (C:\Users\eposh\OneDrive\Desktop\Dikshant\jenkins\github-review-plugin\node_modules\jest-circus\build\run.js:121:9)
    at _runTestsForDescribeBlock (C:\Users\eposh\OneDrive\Desktop\Dikshant\jenkins\github-review-plugin\node_modules\jest-circus\build\run.js:121:9)
    at run (C:\Users\eposh\OneDrive\Desktop\Dikshant\jenkins\github-review-plugin\node_modules\jest-circus\build\run.js:71:3)
    at runAndTransformResultsToJestFormat (C:\Users\eposh\OneDrive\Desktop\Dikshant\jenkins\github-review-plugin\node_modules\jest-circus\build\legacy-code-todo-rewrite\jestAdapterInit.js:122:21)
    at jestAdapter (C:\Users\eposh\OneDrive\Desktop\Dikshant\jenkins\github-review-plugin\node_modules\jest-circus\build\legacy-code-todo-rewrite\jestAdapter.js:79:19)
    at runTestInternal (C:\Users\eposh\OneDrive\Desktop\Dikshant\jenkins\github-review-plugin\node_modules\jest-runner\build\runTest.js:367:16)
    at runTest (C:\Users\eposh\OneDrive\Desktop\Dikshant\jenkins\github-review-plugin\node_modules\jest-runner\build\runTest.js:444:34)
    at Object.worker (C:\Users\eposh\OneDrive\Desktop\Dikshant\jenkins\github-review-plugin\node_modules\jest-runner\build\testWorker.js:106:12)</failure>
    </testcase>
    <testcase classname="Debug Logging Configuration ‚Ä∫ shouldLog Method" name="should allow debug logging when debug mode is enabled" time="0.008">
      <failure>Error: expect(received).toBe(expected) // Object.is equality

Expected: true
Received: false
    at Object.toBe (C:\Users\eposh\OneDrive\Desktop\Dikshant\jenkins\github-review-plugin\tests\unit\debug-logging.test.js:100:41)
    at Promise.then.completed (C:\Users\eposh\OneDrive\Desktop\Dikshant\jenkins\github-review-plugin\node_modules\jest-circus\build\utils.js:298:28)
    at new Promise (&lt;anonymous&gt;)
    at callAsyncCircusFn (C:\Users\eposh\OneDrive\Desktop\Dikshant\jenkins\github-review-plugin\node_modules\jest-circus\build\utils.js:231:10)
    at _callCircusTest (C:\Users\eposh\OneDrive\Desktop\Dikshant\jenkins\github-review-plugin\node_modules\jest-circus\build\run.js:316:40)
    at processTicksAndRejections (node:internal/process/task_queues:105:5)
    at _runTest (C:\Users\eposh\OneDrive\Desktop\Dikshant\jenkins\github-review-plugin\node_modules\jest-circus\build\run.js:252:3)
    at _runTestsForDescribeBlock (C:\Users\eposh\OneDrive\Desktop\Dikshant\jenkins\github-review-plugin\node_modules\jest-circus\build\run.js:126:9)
    at _runTestsForDescribeBlock (C:\Users\eposh\OneDrive\Desktop\Dikshant\jenkins\github-review-plugin\node_modules\jest-circus\build\run.js:121:9)
    at _runTestsForDescribeBlock (C:\Users\eposh\OneDrive\Desktop\Dikshant\jenkins\github-review-plugin\node_modules\jest-circus\build\run.js:121:9)
    at run (C:\Users\eposh\OneDrive\Desktop\Dikshant\jenkins\github-review-plugin\node_modules\jest-circus\build\run.js:71:3)
    at runAndTransformResultsToJestFormat (C:\Users\eposh\OneDrive\Desktop\Dikshant\jenkins\github-review-plugin\node_modules\jest-circus\build\legacy-code-todo-rewrite\jestAdapterInit.js:122:21)
    at jestAdapter (C:\Users\eposh\OneDrive\Desktop\Dikshant\jenkins\github-review-plugin\node_modules\jest-circus\build\legacy-code-todo-rewrite\jestAdapter.js:79:19)
    at runTestInternal (C:\Users\eposh\OneDrive\Desktop\Dikshant\jenkins\github-review-plugin\node_modules\jest-runner\build\runTest.js:367:16)
    at runTest (C:\Users\eposh\OneDrive\Desktop\Dikshant\jenkins\github-review-plugin\node_modules\jest-runner\build\runTest.js:444:34)
    at Object.worker (C:\Users\eposh\OneDrive\Desktop\Dikshant\jenkins\github-review-plugin\node_modules\jest-runner\build\testWorker.js:106:12)</failure>
    </testcase>
    <testcase classname="Debug Logging Configuration ‚Ä∫ shouldLog Method" name="should block debug logging when debug mode is disabled" time="0.002">
    </testcase>
    <testcase classname="Debug Logging Configuration ‚Ä∫ shouldLog Method" name="should respect debug categories" time="0.001">
      <failure>Error: expect(received).toBe(expected) // Object.is equality

Expected: true
Received: false
    at Object.toBe (C:\Users\eposh\OneDrive\Desktop\Dikshant\jenkins\github-review-plugin\tests\unit\debug-logging.test.js:115:54)
    at Promise.then.completed (C:\Users\eposh\OneDrive\Desktop\Dikshant\jenkins\github-review-plugin\node_modules\jest-circus\build\utils.js:298:28)
    at new Promise (&lt;anonymous&gt;)
    at callAsyncCircusFn (C:\Users\eposh\OneDrive\Desktop\Dikshant\jenkins\github-review-plugin\node_modules\jest-circus\build\utils.js:231:10)
    at _callCircusTest (C:\Users\eposh\OneDrive\Desktop\Dikshant\jenkins\github-review-plugin\node_modules\jest-circus\build\run.js:316:40)
    at processTicksAndRejections (node:internal/process/task_queues:105:5)
    at _runTest (C:\Users\eposh\OneDrive\Desktop\Dikshant\jenkins\github-review-plugin\node_modules\jest-circus\build\run.js:252:3)
    at _runTestsForDescribeBlock (C:\Users\eposh\OneDrive\Desktop\Dikshant\jenkins\github-review-plugin\node_modules\jest-circus\build\run.js:126:9)
    at _runTestsForDescribeBlock (C:\Users\eposh\OneDrive\Desktop\Dikshant\jenkins\github-review-plugin\node_modules\jest-circus\build\run.js:121:9)
    at _runTestsForDescribeBlock (C:\Users\eposh\OneDrive\Desktop\Dikshant\jenkins\github-review-plugin\node_modules\jest-circus\build\run.js:121:9)
    at run (C:\Users\eposh\OneDrive\Desktop\Dikshant\jenkins\github-review-plugin\node_modules\jest-circus\build\run.js:71:3)
    at runAndTransformResultsToJestFormat (C:\Users\eposh\OneDrive\Desktop\Dikshant\jenkins\github-review-plugin\node_modules\jest-circus\build\legacy-code-todo-rewrite\jestAdapterInit.js:122:21)
    at jestAdapter (C:\Users\eposh\OneDrive\Desktop\Dikshant\jenkins\github-review-plugin\node_modules\jest-circus\build\legacy-code-todo-rewrite\jestAdapter.js:79:19)
    at runTestInternal (C:\Users\eposh\OneDrive\Desktop\Dikshant\jenkins\github-review-plugin\node_modules\jest-runner\build\runTest.js:367:16)
    at runTest (C:\Users\eposh\OneDrive\Desktop\Dikshant\jenkins\github-review-plugin\node_modules\jest-runner\build\runTest.js:444:34)
    at Object.worker (C:\Users\eposh\OneDrive\Desktop\Dikshant\jenkins\github-review-plugin\node_modules\jest-runner\build\testWorker.js:106:12)</failure>
    </testcase>
    <testcase classname="Debug Logging Configuration ‚Ä∫ shouldLog Method" name="should allow all categories when debug_categories is [&quot;all&quot;]" time="0.001">
      <failure>Error: expect(received).toBe(expected) // Object.is equality

Expected: true
Received: false
    at Object.toBe (C:\Users\eposh\OneDrive\Desktop\Dikshant\jenkins\github-review-plugin\tests\unit\debug-logging.test.js:124:54)
    at Promise.then.completed (C:\Users\eposh\OneDrive\Desktop\Dikshant\jenkins\github-review-plugin\node_modules\jest-circus\build\utils.js:298:28)
    at new Promise (&lt;anonymous&gt;)
    at callAsyncCircusFn (C:\Users\eposh\OneDrive\Desktop\Dikshant\jenkins\github-review-plugin\node_modules\jest-circus\build\utils.js:231:10)
    at _callCircusTest (C:\Users\eposh\OneDrive\Desktop\Dikshant\jenkins\github-review-plugin\node_modules\jest-circus\build\run.js:316:40)
    at processTicksAndRejections (node:internal/process/task_queues:105:5)
    at _runTest (C:\Users\eposh\OneDrive\Desktop\Dikshant\jenkins\github-review-plugin\node_modules\jest-circus\build\run.js:252:3)
    at _runTestsForDescribeBlock (C:\Users\eposh\OneDrive\Desktop\Dikshant\jenkins\github-review-plugin\node_modules\jest-circus\build\run.js:126:9)
    at _runTestsForDescribeBlock (C:\Users\eposh\OneDrive\Desktop\Dikshant\jenkins\github-review-plugin\node_modules\jest-circus\build\run.js:121:9)
    at _runTestsForDescribeBlock (C:\Users\eposh\OneDrive\Desktop\Dikshant\jenkins\github-review-plugin\node_modules\jest-circus\build\run.js:121:9)
    at run (C:\Users\eposh\OneDrive\Desktop\Dikshant\jenkins\github-review-plugin\node_modules\jest-circus\build\run.js:71:3)
    at runAndTransformResultsToJestFormat (C:\Users\eposh\OneDrive\Desktop\Dikshant\jenkins\github-review-plugin\node_modules\jest-circus\build\legacy-code-todo-rewrite\jestAdapterInit.js:122:21)
    at jestAdapter (C:\Users\eposh\OneDrive\Desktop\Dikshant\jenkins\github-review-plugin\node_modules\jest-circus\build\legacy-code-todo-rewrite\jestAdapter.js:79:19)
    at runTestInternal (C:\Users\eposh\OneDrive\Desktop\Dikshant\jenkins\github-review-plugin\node_modules\jest-runner\build\runTest.js:367:16)
    at runTest (C:\Users\eposh\OneDrive\Desktop\Dikshant\jenkins\github-review-plugin\node_modules\jest-runner\build\runTest.js:444:34)
    at Object.worker (C:\Users\eposh\OneDrive\Desktop\Dikshant\jenkins\github-review-plugin\node_modules\jest-runner\build\testWorker.js:106:12)</failure>
    </testcase>
    <testcase classname="Debug Logging Configuration ‚Ä∫ shouldLog Method" name="should respect debug filters" time="0.002">
      <failure>Error: expect(received).toBe(expected) // Object.is equality

Expected: true
Received: false
    at Object.toBe (C:\Users\eposh\OneDrive\Desktop\Dikshant\jenkins\github-review-plugin\tests\unit\debug-logging.test.js:137:54)
    at Promise.then.completed (C:\Users\eposh\OneDrive\Desktop\Dikshant\jenkins\github-review-plugin\node_modules\jest-circus\build\utils.js:298:28)
    at new Promise (&lt;anonymous&gt;)
    at callAsyncCircusFn (C:\Users\eposh\OneDrive\Desktop\Dikshant\jenkins\github-review-plugin\node_modules\jest-circus\build\utils.js:231:10)
    at _callCircusTest (C:\Users\eposh\OneDrive\Desktop\Dikshant\jenkins\github-review-plugin\node_modules\jest-circus\build\run.js:316:40)
    at processTicksAndRejections (node:internal/process/task_queues:105:5)
    at _runTest (C:\Users\eposh\OneDrive\Desktop\Dikshant\jenkins\github-review-plugin\node_modules\jest-circus\build\run.js:252:3)
    at _runTestsForDescribeBlock (C:\Users\eposh\OneDrive\Desktop\Dikshant\jenkins\github-review-plugin\node_modules\jest-circus\build\run.js:126:9)
    at _runTestsForDescribeBlock (C:\Users\eposh\OneDrive\Desktop\Dikshant\jenkins\github-review-plugin\node_modules\jest-circus\build\run.js:121:9)
    at _runTestsForDescribeBlock (C:\Users\eposh\OneDrive\Desktop\Dikshant\jenkins\github-review-plugin\node_modules\jest-circus\build\run.js:121:9)
    at run (C:\Users\eposh\OneDrive\Desktop\Dikshant\jenkins\github-review-plugin\node_modules\jest-circus\build\run.js:71:3)
    at runAndTransformResultsToJestFormat (C:\Users\eposh\OneDrive\Desktop\Dikshant\jenkins\github-review-plugin\node_modules\jest-circus\build\legacy-code-todo-rewrite\jestAdapterInit.js:122:21)
    at jestAdapter (C:\Users\eposh\OneDrive\Desktop\Dikshant\jenkins\github-review-plugin\node_modules\jest-circus\build\legacy-code-todo-rewrite\jestAdapter.js:79:19)
    at runTestInternal (C:\Users\eposh\OneDrive\Desktop\Dikshant\jenkins\github-review-plugin\node_modules\jest-runner\build\runTest.js:367:16)
    at runTest (C:\Users\eposh\OneDrive\Desktop\Dikshant\jenkins\github-review-plugin\node_modules\jest-runner\build\runTest.js:444:34)
    at Object.worker (C:\Users\eposh\OneDrive\Desktop\Dikshant\jenkins\github-review-plugin\node_modules\jest-runner\build\testWorker.js:106:12)</failure>
    </testcase>
    <testcase classname="Debug Logging Configuration ‚Ä∫ Debug Configuration Methods" name="should configure debug logging" time="0.164">
    </testcase>
    <testcase classname="Debug Logging Configuration ‚Ä∫ Debug Configuration Methods" name="should enable debug mode" time="0.002">
    </testcase>
    <testcase classname="Debug Logging Configuration ‚Ä∫ Debug Configuration Methods" name="should disable debug mode" time="0.002">
    </testcase>
    <testcase classname="Debug Logging Configuration ‚Ä∫ Debug Configuration Methods" name="should add debug category" time="0.001">
    </testcase>
    <testcase classname="Debug Logging Configuration ‚Ä∫ Debug Configuration Methods" name="should remove debug category" time="0.002">
    </testcase>
    <testcase classname="Debug Logging Configuration ‚Ä∫ Debug Configuration Methods" name="should add debug filter" time="0.002">
    </testcase>
    <testcase classname="Debug Logging Configuration ‚Ä∫ Debug Configuration Methods" name="should remove debug filter" time="0.002">
    </testcase>
    <testcase classname="Debug Logging Configuration ‚Ä∫ Debug Logging Methods" name="should provide debug convenience method" time="0.003">
    </testcase>
    <testcase classname="Debug Logging Configuration ‚Ä∫ Debug Logging Methods" name="should provide trace convenience method" time="0.003">
    </testcase>
    <testcase classname="Debug Logging Configuration ‚Ä∫ Debug Logging Methods" name="should filter debug logs based on configuration" time="0.002">
    </testcase>
    <testcase classname="Debug Logging Configuration ‚Ä∫ Debug Configuration Status" name="should get debug configuration" time="0.004">
    </testcase>
    <testcase classname="Debug Logging Configuration ‚Ä∫ Debug Configuration Status" name="should test debug configuration" time="0.003">
    </testcase>
    <testcase classname="Debug Logging Configuration ‚Ä∫ Integration with logEvent" name="should filter logs based on shouldLog result" time="0">
    </testcase>
    <testcase classname="Debug Logging Configuration ‚Ä∫ Integration with logEvent" name="should log when shouldLog returns true" time="0.004">
    </testcase>
  </testsuite>
  <testsuite name="AIReviewAction" errors="0" failures="28" skipped="0" timestamp="2025-09-04T10:16:35" time="10.362" tests="40">
    <testcase classname="AIReviewAction ‚Ä∫ constructor" name="should initialize with all required components" time="0.194">
    </testcase>
    <testcase classname="AIReviewAction ‚Ä∫ initialize" name="should initialize successfully with configuration and logging" time="0.073">
      <failure>Error: Failed to initialize audit log directories
    at AIReviewAction.initializeLogging (C:\Users\eposh\OneDrive\Desktop\Dikshant\jenkins\github-review-plugin\src\actions\ai-review-action.js:283:15)
    at processTicksAndRejections (node:internal/process/task_queues:105:5)
    at AIReviewAction.initialize (C:\Users\eposh\OneDrive\Desktop\Dikshant\jenkins\github-review-plugin\src\actions\ai-review-action.js:173:7)
    at Object.&lt;anonymous&gt; (C:\Users\eposh\OneDrive\Desktop\Dikshant\jenkins\github-review-plugin\src\actions\ai-review-action.test.js:167:7)</failure>
    </testcase>
    <testcase classname="AIReviewAction ‚Ä∫ initialize" name="should handle configuration loading failure gracefully" time="0.017">
      <failure>Error: Failed to initialize audit log directories
    at AIReviewAction.initializeLogging (C:\Users\eposh\OneDrive\Desktop\Dikshant\jenkins\github-review-plugin\src\actions\ai-review-action.js:283:15)
    at processTicksAndRejections (node:internal/process/task_queues:105:5)
    at AIReviewAction.initialize (C:\Users\eposh\OneDrive\Desktop\Dikshant\jenkins\github-review-plugin\src\actions\ai-review-action.js:173:7)
    at Object.&lt;anonymous&gt; (C:\Users\eposh\OneDrive\Desktop\Dikshant\jenkins\github-review-plugin\src\actions\ai-review-action.test.js:177:7)</failure>
    </testcase>
    <testcase classname="AIReviewAction ‚Ä∫ initialize" name="should handle logging initialization failure gracefully" time="0.055">
      <failure>Error: Logger error
    at AuditLogger.&lt;anonymous&gt; (C:\Users\eposh\OneDrive\Desktop\Dikshant\jenkins\github-review-plugin\src\actions\ai-review-action.test.js:185:15)
    at C:\Users\eposh\OneDrive\Desktop\Dikshant\jenkins\github-review-plugin\node_modules\jest-mock\build\index.js:387:43
    at AuditLogger.&lt;anonymous&gt; (C:\Users\eposh\OneDrive\Desktop\Dikshant\jenkins\github-review-plugin\node_modules\jest-mock\build\index.js:404:13)
    at AuditLogger.mockConstructor (C:\Users\eposh\OneDrive\Desktop\Dikshant\jenkins\github-review-plugin\node_modules\jest-mock\build\index.js:148:19)
    at new AuditLogger (eval at _createMockFunction (C:\Users\eposh\OneDrive\Desktop\Dikshant\jenkins\github-review-plugin\node_modules\jest-mock\build\index.js:566:31), &lt;anonymous&gt;:3:57)
    at AIReviewAction.initializeLogging (C:\Users\eposh\OneDrive\Desktop\Dikshant\jenkins\github-review-plugin\src\actions\ai-review-action.js:278:26)
    at AIReviewAction.initializeLogging [as initialize] (C:\Users\eposh\OneDrive\Desktop\Dikshant\jenkins\github-review-plugin\src\actions\ai-review-action.js:173:18)
    at processTicksAndRejections (node:internal/process/task_queues:105:5)
    at Object.&lt;anonymous&gt; (C:\Users\eposh\OneDrive\Desktop\Dikshant\jenkins\github-review-plugin\src\actions\ai-review-action.test.js:188:7)</failure>
    </testcase>
    <testcase classname="AIReviewAction ‚Ä∫ logReviewAttemptStart" name="should log review attempt start with comprehensive context" time="0.012">
      <failure>Error: Failed to initialize audit log directories
    at AIReviewAction.initializeLogging (C:\Users\eposh\OneDrive\Desktop\Dikshant\jenkins\github-review-plugin\src\actions\ai-review-action.js:283:15)
    at processTicksAndRejections (node:internal/process/task_queues:105:5)
    at AIReviewAction.initialize (C:\Users\eposh\OneDrive\Desktop\Dikshant\jenkins\github-review-plugin\src\actions\ai-review-action.js:173:7)
    at Object.&lt;anonymous&gt; (C:\Users\eposh\OneDrive\Desktop\Dikshant\jenkins\github-review-plugin\src\actions\ai-review-action.test.js:197:7)</failure>
    </testcase>
    <testcase classname="AIReviewAction ‚Ä∫ logReviewAttemptStart" name="should handle audit logger failure gracefully" time="0.045">
      <failure>Error: Failed to initialize audit log directories
    at AIReviewAction.initializeLogging (C:\Users\eposh\OneDrive\Desktop\Dikshant\jenkins\github-review-plugin\src\actions\ai-review-action.js:283:15)
    at processTicksAndRejections (node:internal/process/task_queues:105:5)
    at AIReviewAction.initialize (C:\Users\eposh\OneDrive\Desktop\Dikshant\jenkins\github-review-plugin\src\actions\ai-review-action.js:173:7)
    at Object.&lt;anonymous&gt; (C:\Users\eposh\OneDrive\Desktop\Dikshant\jenkins\github-review-plugin\src\actions\ai-review-action.test.js:197:7)</failure>
    </testcase>
    <testcase classname="AIReviewAction ‚Ä∫ logReviewAttemptStart" name="should not log when audit logger is not available" time="0.018">
      <failure>Error: Failed to initialize audit log directories
    at AIReviewAction.initializeLogging (C:\Users\eposh\OneDrive\Desktop\Dikshant\jenkins\github-review-plugin\src\actions\ai-review-action.js:283:15)
    at processTicksAndRejections (node:internal/process/task_queues:105:5)
    at AIReviewAction.initialize (C:\Users\eposh\OneDrive\Desktop\Dikshant\jenkins\github-review-plugin\src\actions\ai-review-action.js:173:7)
    at Object.&lt;anonymous&gt; (C:\Users\eposh\OneDrive\Desktop\Dikshant\jenkins\github-review-plugin\src\actions\ai-review-action.test.js:197:7)</failure>
    </testcase>
    <testcase classname="AIReviewAction ‚Ä∫ logReviewSkipped" name="should log review skipped with reason and branch info" time="0.062">
      <failure>Error: Failed to initialize audit log directories
    at AIReviewAction.initializeLogging (C:\Users\eposh\OneDrive\Desktop\Dikshant\jenkins\github-review-plugin\src\actions\ai-review-action.js:283:15)
    at processTicksAndRejections (node:internal/process/task_queues:105:5)
    at AIReviewAction.initialize (C:\Users\eposh\OneDrive\Desktop\Dikshant\jenkins\github-review-plugin\src\actions\ai-review-action.js:173:7)
    at Object.&lt;anonymous&gt; (C:\Users\eposh\OneDrive\Desktop\Dikshant\jenkins\github-review-plugin\src\actions\ai-review-action.test.js:252:7)</failure>
    </testcase>
    <testcase classname="AIReviewAction ‚Ä∫ logReviewCompletion" name="should log review completion with detailed pass/fail analysis" time="0.018">
      <failure>Error: Failed to initialize audit log directories
    at AIReviewAction.initializeLogging (C:\Users\eposh\OneDrive\Desktop\Dikshant\jenkins\github-review-plugin\src\actions\ai-review-action.js:283:15)
    at processTicksAndRejections (node:internal/process/task_queues:105:5)
    at AIReviewAction.initialize (C:\Users\eposh\OneDrive\Desktop\Dikshant\jenkins\github-review-plugin\src\actions\ai-review-action.js:173:7)
    at Object.&lt;anonymous&gt; (C:\Users\eposh\OneDrive\Desktop\Dikshant\jenkins\github-review-plugin\src\actions\ai-review-action.test.js:286:7)</failure>
    </testcase>
    <testcase classname="AIReviewAction ‚Ä∫ logReviewCompletion" name="should handle missing review result properties gracefully" time="0.077">
      <failure>Error: Failed to initialize audit log directories
    at AIReviewAction.initializeLogging (C:\Users\eposh\OneDrive\Desktop\Dikshant\jenkins\github-review-plugin\src\actions\ai-review-action.js:283:15)
    at processTicksAndRejections (node:internal/process/task_queues:105:5)
    at AIReviewAction.initialize (C:\Users\eposh\OneDrive\Desktop\Dikshant\jenkins\github-review-plugin\src\actions\ai-review-action.js:173:7)
    at Object.&lt;anonymous&gt; (C:\Users\eposh\OneDrive\Desktop\Dikshant\jenkins\github-review-plugin\src\actions\ai-review-action.test.js:286:7)</failure>
    </testcase>
    <testcase classname="AIReviewAction ‚Ä∫ analyzePassFailCriteria" name="should pass review with no issues" time="0.009">
      <failure>Error: Failed to initialize audit log directories
    at AIReviewAction.initializeLogging (C:\Users\eposh\OneDrive\Desktop\Dikshant\jenkins\github-review-plugin\src\actions\ai-review-action.js:283:15)
    at processTicksAndRejections (node:internal/process/task_queues:105:5)
    at AIReviewAction.initialize (C:\Users\eposh\OneDrive\Desktop\Dikshant\jenkins\github-review-plugin\src\actions\ai-review-action.js:173:7)
    at Object.&lt;anonymous&gt; (C:\Users\eposh\OneDrive\Desktop\Dikshant\jenkins\github-review-plugin\src\actions\ai-review-action.test.js:401:7)</failure>
    </testcase>
    <testcase classname="AIReviewAction ‚Ä∫ analyzePassFailCriteria" name="should fail review with critical issues" time="0.007">
      <failure>Error: Failed to initialize audit log directories
    at AIReviewAction.initializeLogging (C:\Users\eposh\OneDrive\Desktop\Dikshant\jenkins\github-review-plugin\src\actions\ai-review-action.js:283:15)
    at processTicksAndRejections (node:internal/process/task_queues:105:5)
    at AIReviewAction.initialize (C:\Users\eposh\OneDrive\Desktop\Dikshant\jenkins\github-review-plugin\src\actions\ai-review-action.js:173:7)
    at Object.&lt;anonymous&gt; (C:\Users\eposh\OneDrive\Desktop\Dikshant\jenkins\github-review-plugin\src\actions\ai-review-action.test.js:401:7)</failure>
    </testcase>
    <testcase classname="AIReviewAction ‚Ä∫ analyzePassFailCriteria" name="should fail review with high issues" time="0.005">
      <failure>Error: Failed to initialize audit log directories
    at AIReviewAction.initializeLogging (C:\Users\eposh\OneDrive\Desktop\Dikshant\jenkins\github-review-plugin\src\actions\ai-review-action.js:283:15)
    at processTicksAndRejections (node:internal/process/task_queues:105:5)
    at AIReviewAction.initialize (C:\Users\eposh\OneDrive\Desktop\Dikshant\jenkins\github-review-plugin\src\actions\ai-review-action.js:173:7)
    at Object.&lt;anonymous&gt; (C:\Users\eposh\OneDrive\Desktop\Dikshant\jenkins\github-review-plugin\src\actions\ai-review-action.test.js:401:7)</failure>
    </testcase>
    <testcase classname="AIReviewAction ‚Ä∫ analyzePassFailCriteria" name="should fail production review with medium issues" time="0.009">
      <failure>Error: Failed to initialize audit log directories
    at AIReviewAction.initializeLogging (C:\Users\eposh\OneDrive\Desktop\Dikshant\jenkins\github-review-plugin\src\actions\ai-review-action.js:283:15)
    at processTicksAndRejections (node:internal/process/task_queues:105:5)
    at AIReviewAction.initialize (C:\Users\eposh\OneDrive\Desktop\Dikshant\jenkins\github-review-plugin\src\actions\ai-review-action.js:173:7)
    at Object.&lt;anonymous&gt; (C:\Users\eposh\OneDrive\Desktop\Dikshant\jenkins\github-review-plugin\src\actions\ai-review-action.test.js:401:7)</failure>
    </testcase>
    <testcase classname="AIReviewAction ‚Ä∫ analyzePassFailCriteria" name="should allow medium issues in dev environment" time="0.018">
      <failure>Error: Failed to initialize audit log directories
    at AIReviewAction.initializeLogging (C:\Users\eposh\OneDrive\Desktop\Dikshant\jenkins\github-review-plugin\src\actions\ai-review-action.js:283:15)
    at processTicksAndRejections (node:internal/process/task_queues:105:5)
    at AIReviewAction.initialize (C:\Users\eposh\OneDrive\Desktop\Dikshant\jenkins\github-review-plugin\src\actions\ai-review-action.js:173:7)
    at Object.&lt;anonymous&gt; (C:\Users\eposh\OneDrive\Desktop\Dikshant\jenkins\github-review-plugin\src\actions\ai-review-action.test.js:401:7)</failure>
    </testcase>
    <testcase classname="AIReviewAction ‚Ä∫ analyzePassFailCriteria" name="should fail review with low quality score" time="0.008">
      <failure>Error: Failed to initialize audit log directories
    at AIReviewAction.initializeLogging (C:\Users\eposh\OneDrive\Desktop\Dikshant\jenkins\github-review-plugin\src\actions\ai-review-action.js:283:15)
    at processTicksAndRejections (node:internal/process/task_queues:105:5)
    at AIReviewAction.initialize (C:\Users\eposh\OneDrive\Desktop\Dikshant\jenkins\github-review-plugin\src\actions\ai-review-action.js:173:7)
    at Object.&lt;anonymous&gt; (C:\Users\eposh\OneDrive\Desktop\Dikshant\jenkins\github-review-plugin\src\actions\ai-review-action.test.js:401:7)</failure>
    </testcase>
    <testcase classname="AIReviewAction ‚Ä∫ analyzePassFailCriteria" name="should include environment thresholds in analysis" time="0.012">
      <failure>Error: Failed to initialize audit log directories
    at AIReviewAction.initializeLogging (C:\Users\eposh\OneDrive\Desktop\Dikshant\jenkins\github-review-plugin\src\actions\ai-review-action.js:283:15)
    at processTicksAndRejections (node:internal/process/task_queues:105:5)
    at AIReviewAction.initialize (C:\Users\eposh\OneDrive\Desktop\Dikshant\jenkins\github-review-plugin\src\actions\ai-review-action.js:173:7)
    at Object.&lt;anonymous&gt; (C:\Users\eposh\OneDrive\Desktop\Dikshant\jenkins\github-review-plugin\src\actions\ai-review-action.test.js:401:7)</failure>
    </testcase>
    <testcase classname="AIReviewAction ‚Ä∫ calculateReviewMetrics" name="should calculate metrics for code files" time="0.018">
    </testcase>
    <testcase classname="AIReviewAction ‚Ä∫ calculateReviewMetrics" name="should handle empty file list" time="0.021">
    </testcase>
    <testcase classname="AIReviewAction ‚Ä∫ calculateReviewMetrics" name="should handle files without line/size information" time="0.016">
    </testcase>
    <testcase classname="AIReviewAction ‚Ä∫ calculateQualityScore" name="should calculate perfect score for clean code" time="0.047">
    </testcase>
    <testcase classname="AIReviewAction ‚Ä∫ calculateQualityScore" name="should deduct points for issues" time="0.068">
    </testcase>
    <testcase classname="AIReviewAction ‚Ä∫ calculateQualityScore" name="should penalize very large files" time="0.007">
    </testcase>
    <testcase classname="AIReviewAction ‚Ä∫ calculateQualityScore" name="should ensure score is between 0 and 1" time="0.011">
    </testcase>
    <testcase classname="AIReviewAction ‚Ä∫ handleError" name="should log error to both error logger and audit logger" time="0.019">
      <failure>Error: Failed to initialize audit log directories
    at AIReviewAction.initializeLogging (C:\Users\eposh\OneDrive\Desktop\Dikshant\jenkins\github-review-plugin\src\actions\ai-review-action.js:283:15)
    at processTicksAndRejections (node:internal/process/task_queues:105:5)
    at AIReviewAction.initialize (C:\Users\eposh\OneDrive\Desktop\Dikshant\jenkins\github-review-plugin\src\actions\ai-review-action.js:173:7)
    at Object.&lt;anonymous&gt; (C:\Users\eposh\OneDrive\Desktop\Dikshant\jenkins\github-review-plugin\src\actions\ai-review-action.test.js:628:7)</failure>
    </testcase>
    <testcase classname="AIReviewAction ‚Ä∫ handleError" name="should handle logging failures gracefully" time="0.006">
      <failure>Error: Failed to initialize audit log directories
    at AIReviewAction.initializeLogging (C:\Users\eposh\OneDrive\Desktop\Dikshant\jenkins\github-review-plugin\src\actions\ai-review-action.js:283:15)
    at processTicksAndRejections (node:internal/process/task_queues:105:5)
    at AIReviewAction.initialize (C:\Users\eposh\OneDrive\Desktop\Dikshant\jenkins\github-review-plugin\src\actions\ai-review-action.js:173:7)
    at Object.&lt;anonymous&gt; (C:\Users\eposh\OneDrive\Desktop\Dikshant\jenkins\github-review-plugin\src\actions\ai-review-action.test.js:628:7)</failure>
    </testcase>
    <testcase classname="AIReviewAction ‚Ä∫ generateSessionId" name="should generate unique session IDs" time="0.007">
    </testcase>
    <testcase classname="AIReviewAction ‚Ä∫ shouldReviewBranch" name="should return true for configured branches" time="0.04">
    </testcase>
    <testcase classname="AIReviewAction ‚Ä∫ shouldReviewBranch" name="should return false for non-configured branches" time="0.006">
    </testcase>
    <testcase classname="AIReviewAction ‚Ä∫ shouldReviewBranch" name="should be case insensitive" time="0.006">
    </testcase>
    <testcase classname="AIReviewAction ‚Ä∫ getChangedFiles" name="should get pull request files for pull_request event" time="0.031">
      <failure>Error: Failed to initialize audit log directories
    at AIReviewAction.initializeLogging (C:\Users\eposh\OneDrive\Desktop\Dikshant\jenkins\github-review-plugin\src\actions\ai-review-action.js:283:15)
    at processTicksAndRejections (node:internal/process/task_queues:105:5)
    at AIReviewAction.initialize (C:\Users\eposh\OneDrive\Desktop\Dikshant\jenkins\github-review-plugin\src\actions\ai-review-action.js:173:7)
    at Object.&lt;anonymous&gt; (C:\Users\eposh\OneDrive\Desktop\Dikshant\jenkins\github-review-plugin\src\actions\ai-review-action.test.js:736:7)</failure>
    </testcase>
    <testcase classname="AIReviewAction ‚Ä∫ getChangedFiles" name="should get commit files for push event" time="0.005">
      <failure>Error: Failed to initialize audit log directories
    at AIReviewAction.initializeLogging (C:\Users\eposh\OneDrive\Desktop\Dikshant\jenkins\github-review-plugin\src\actions\ai-review-action.js:283:15)
    at processTicksAndRejections (node:internal/process/task_queues:105:5)
    at AIReviewAction.initialize (C:\Users\eposh\OneDrive\Desktop\Dikshant\jenkins\github-review-plugin\src\actions\ai-review-action.js:173:7)
    at Object.&lt;anonymous&gt; (C:\Users\eposh\OneDrive\Desktop\Dikshant\jenkins\github-review-plugin\src\actions\ai-review-action.test.js:736:7)</failure>
    </testcase>
    <testcase classname="AIReviewAction ‚Ä∫ getChangedFiles" name="should return empty array for unsupported events" time="0.014">
      <failure>Error: Failed to initialize audit log directories
    at AIReviewAction.initializeLogging (C:\Users\eposh\OneDrive\Desktop\Dikshant\jenkins\github-review-plugin\src\actions\ai-review-action.js:283:15)
    at processTicksAndRejections (node:internal/process/task_queues:105:5)
    at AIReviewAction.initialize (C:\Users\eposh\OneDrive\Desktop\Dikshant\jenkins\github-review-plugin\src\actions\ai-review-action.js:173:7)
    at Object.&lt;anonymous&gt; (C:\Users\eposh\OneDrive\Desktop\Dikshant\jenkins\github-review-plugin\src\actions\ai-review-action.test.js:736:7)</failure>
    </testcase>
    <testcase classname="AIReviewAction ‚Ä∫ filterFilesForReview" name="should filter files using file filter" time="0.009">
      <failure>Error: Failed to initialize audit log directories
    at AIReviewAction.initializeLogging (C:\Users\eposh\OneDrive\Desktop\Dikshant\jenkins\github-review-plugin\src\actions\ai-review-action.js:283:15)
    at processTicksAndRejections (node:internal/process/task_queues:105:5)
    at AIReviewAction.initialize (C:\Users\eposh\OneDrive\Desktop\Dikshant\jenkins\github-review-plugin\src\actions\ai-review-action.js:173:7)
    at Object.&lt;anonymous&gt; (C:\Users\eposh\OneDrive\Desktop\Dikshant\jenkins\github-review-plugin\src\actions\ai-review-action.test.js:774:7)</failure>
    </testcase>
    <testcase classname="AIReviewAction ‚Ä∫ handleLargeCommit" name="should log large commit detection" time="0.005">
      <failure>Error: Failed to initialize audit log directories
    at AIReviewAction.initializeLogging (C:\Users\eposh\OneDrive\Desktop\Dikshant\jenkins\github-review-plugin\src\actions\ai-review-action.js:283:15)
    at processTicksAndRejections (node:internal/process/task_queues:105:5)
    at AIReviewAction.initialize (C:\Users\eposh\OneDrive\Desktop\Dikshant\jenkins\github-review-plugin\src\actions\ai-review-action.js:173:7)
    at Object.&lt;anonymous&gt; (C:\Users\eposh\OneDrive\Desktop\Dikshant\jenkins\github-review-plugin\src\actions\ai-review-action.test.js:798:7)</failure>
    </testcase>
    <testcase classname="AIReviewAction ‚Ä∫ handleLargeCommit" name="should skip review if configured to skip large commits" time="0.003">
      <failure>Error: Failed to initialize audit log directories
    at AIReviewAction.initializeLogging (C:\Users\eposh\OneDrive\Desktop\Dikshant\jenkins\github-review-plugin\src\actions\ai-review-action.js:283:15)
    at processTicksAndRejections (node:internal/process/task_queues:105:5)
    at AIReviewAction.initialize (C:\Users\eposh\OneDrive\Desktop\Dikshant\jenkins\github-review-plugin\src\actions\ai-review-action.js:173:7)
    at Object.&lt;anonymous&gt; (C:\Users\eposh\OneDrive\Desktop\Dikshant\jenkins\github-review-plugin\src\actions\ai-review-action.test.js:798:7)</failure>
    </testcase>
    <testcase classname="AIReviewAction ‚Ä∫ formatIssueBody" name="should format issue body with review results" time="0.007">
      <failure>Error: expect(received).toContain(expected) // indexOf

Expected substring: &quot;#### HIGH: Security vulnerability&quot;
Received string:    &quot;## AI Code Review Results¬∑
**Environment:** production
**Source Branch:** feature-branch
**Target Branch:** main
**Commit:** abc123def456¬∑
### Issues Found (2)¬∑¬∑
#### ‚ö™ **HIGH** - Security vulnerability
- **File:** `src/auth.js`
- **Line:** 45
- **Category:** General
- **Description:** SQL injection possible
- **Recommendation:** Use parameterized queries¬∑
---¬∑¬∑
#### ‚ö™ **MEDIUM** - Code style issue
- **File:** `src/utils.js`
- **Line:** 12
- **Category:** General
- **Description:** Function too long
- **Recommendation:** Break into smaller functions¬∑
---¬∑¬∑
### Severity Breakdown
- üî¥ **High:** 1
- üü° **Medium:** 1¬∑
### Review Metrics
- **Quality Score:** 0.8/100
- **AI Response Time:** 1500ms
- **Tokens Used:** 1000
- **Model:** gpt-4¬∑
### Next Steps
1. Review the issues above based on severity priority
2. Address **CRITICAL** and **HIGH** severity issues first
3. Consider **MEDIUM** and **LOW** severity issues for code quality improvements
4. Update this issue when fixes are implemented¬∑
---
*This issue was automatically generated by the AI Code Review System*&quot;
    at Object.toContain (C:\Users\eposh\OneDrive\Desktop\Dikshant\jenkins\github-review-plugin\src\actions\ai-review-action.test.js:907:25)
    at Promise.then.completed (C:\Users\eposh\OneDrive\Desktop\Dikshant\jenkins\github-review-plugin\node_modules\jest-circus\build\utils.js:298:28)
    at new Promise (&lt;anonymous&gt;)
    at callAsyncCircusFn (C:\Users\eposh\OneDrive\Desktop\Dikshant\jenkins\github-review-plugin\node_modules\jest-circus\build\utils.js:231:10)
    at _callCircusTest (C:\Users\eposh\OneDrive\Desktop\Dikshant\jenkins\github-review-plugin\node_modules\jest-circus\build\run.js:316:40)
    at processTicksAndRejections (node:internal/process/task_queues:105:5)
    at _runTest (C:\Users\eposh\OneDrive\Desktop\Dikshant\jenkins\github-review-plugin\node_modules\jest-circus\build\run.js:252:3)
    at _runTestsForDescribeBlock (C:\Users\eposh\OneDrive\Desktop\Dikshant\jenkins\github-review-plugin\node_modules\jest-circus\build\run.js:126:9)
    at _runTestsForDescribeBlock (C:\Users\eposh\OneDrive\Desktop\Dikshant\jenkins\github-review-plugin\node_modules\jest-circus\build\run.js:121:9)
    at _runTestsForDescribeBlock (C:\Users\eposh\OneDrive\Desktop\Dikshant\jenkins\github-review-plugin\node_modules\jest-circus\build\run.js:121:9)
    at run (C:\Users\eposh\OneDrive\Desktop\Dikshant\jenkins\github-review-plugin\node_modules\jest-circus\build\run.js:71:3)
    at runAndTransformResultsToJestFormat (C:\Users\eposh\OneDrive\Desktop\Dikshant\jenkins\github-review-plugin\node_modules\jest-circus\build\legacy-code-todo-rewrite\jestAdapterInit.js:122:21)
    at jestAdapter (C:\Users\eposh\OneDrive\Desktop\Dikshant\jenkins\github-review-plugin\node_modules\jest-circus\build\legacy-code-todo-rewrite\jestAdapter.js:79:19)
    at runTestInternal (C:\Users\eposh\OneDrive\Desktop\Dikshant\jenkins\github-review-plugin\node_modules\jest-runner\build\runTest.js:367:16)
    at runTest (C:\Users\eposh\OneDrive\Desktop\Dikshant\jenkins\github-review-plugin\node_modules\jest-runner\build\runTest.js:444:34)
    at Object.worker (C:\Users\eposh\OneDrive\Desktop\Dikshant\jenkins\github-review-plugin\node_modules\jest-runner\build\testWorker.js:106:12)</failure>
    </testcase>
    <testcase classname="AIReviewAction ‚Ä∫ run" name="should execute complete review workflow successfully" time="0.01">
      <failure>Error: Failed to initialize audit log directories
    at AIReviewAction.initializeLogging (C:\Users\eposh\OneDrive\Desktop\Dikshant\jenkins\github-review-plugin\src\actions\ai-review-action.js:283:15)
    at processTicksAndRejections (node:internal/process/task_queues:105:5)
    at AIReviewAction.initialize (C:\Users\eposh\OneDrive\Desktop\Dikshant\jenkins\github-review-plugin\src\actions\ai-review-action.js:173:7)
    at Object.&lt;anonymous&gt; (C:\Users\eposh\OneDrive\Desktop\Dikshant\jenkins\github-review-plugin\src\actions\ai-review-action.test.js:922:7)</failure>
    </testcase>
    <testcase classname="AIReviewAction ‚Ä∫ run" name="should skip review for non-configured branches" time="0.031">
      <failure>Error: Failed to initialize audit log directories
    at AIReviewAction.initializeLogging (C:\Users\eposh\OneDrive\Desktop\Dikshant\jenkins\github-review-plugin\src\actions\ai-review-action.js:283:15)
    at processTicksAndRejections (node:internal/process/task_queues:105:5)
    at AIReviewAction.initialize (C:\Users\eposh\OneDrive\Desktop\Dikshant\jenkins\github-review-plugin\src\actions\ai-review-action.js:173:7)
    at Object.&lt;anonymous&gt; (C:\Users\eposh\OneDrive\Desktop\Dikshant\jenkins\github-review-plugin\src\actions\ai-review-action.test.js:922:7)</failure>
    </testcase>
    <testcase classname="AIReviewAction ‚Ä∫ run" name="should handle errors gracefully" time="0.006">
      <failure>Error: Failed to initialize audit log directories
    at AIReviewAction.initializeLogging (C:\Users\eposh\OneDrive\Desktop\Dikshant\jenkins\github-review-plugin\src\actions\ai-review-action.js:283:15)
    at processTicksAndRejections (node:internal/process/task_queues:105:5)
    at AIReviewAction.initialize (C:\Users\eposh\OneDrive\Desktop\Dikshant\jenkins\github-review-plugin\src\actions\ai-review-action.js:173:7)
    at Object.&lt;anonymous&gt; (C:\Users\eposh\OneDrive\Desktop\Dikshant\jenkins\github-review-plugin\src\actions\ai-review-action.test.js:922:7)</failure>
    </testcase>
  </testsuite>
  <testsuite name="ErrorLogger" errors="0" failures="0" skipped="0" timestamp="2025-09-04T10:16:53" time="0.628" tests="31">
    <testcase classname="ErrorLogger ‚Ä∫ constructor" name="should initialize with default config" time="0.008">
    </testcase>
    <testcase classname="ErrorLogger ‚Ä∫ constructor" name="should initialize with custom config" time="0.001">
    </testcase>
    <testcase classname="ErrorLogger ‚Ä∫ constructor" name="should initialize error counts and categories" time="0">
    </testcase>
    <testcase classname="ErrorLogger ‚Ä∫ constructor" name="should call initializeLogDirectory" time="0">
    </testcase>
    <testcase classname="ErrorLogger ‚Ä∫ logError" name="should log error with string message" time="0.005">
    </testcase>
    <testcase classname="ErrorLogger ‚Ä∫ logError" name="should log error with Error object" time="0.033">
    </testcase>
    <testcase classname="ErrorLogger ‚Ä∫ logError" name="should update error counts and categories" time="0.027">
    </testcase>
    <testcase classname="ErrorLogger ‚Ä∫ logError" name="should use default severity and category" time="0.012">
    </testcase>
    <testcase classname="ErrorLogger ‚Ä∫ logError" name="should include context in log entry" time="0.018">
    </testcase>
    <testcase classname="ErrorLogger ‚Ä∫ convenience methods" name="should log critical error" time="0.003">
    </testcase>
    <testcase classname="ErrorLogger ‚Ä∫ convenience methods" name="should log high error" time="0.006">
    </testcase>
    <testcase classname="ErrorLogger ‚Ä∫ convenience methods" name="should log medium error" time="0.005">
    </testcase>
    <testcase classname="ErrorLogger ‚Ä∫ convenience methods" name="should log low error" time="0.011">
    </testcase>
    <testcase classname="ErrorLogger ‚Ä∫ generateErrorReport" name="should generate error report" time="0.002">
    </testcase>
    <testcase classname="ErrorLogger ‚Ä∫ generateErrorReport" name="should filter by date range" time="0.001">
    </testcase>
    <testcase classname="ErrorLogger ‚Ä∫ generateErrorReport" name="should filter by severity" time="0.003">
    </testcase>
    <testcase classname="ErrorLogger ‚Ä∫ generateErrorReport" name="should filter by category" time="0">
    </testcase>
    <testcase classname="ErrorLogger ‚Ä∫ generateErrorReport" name="should handle empty log files" time="0">
    </testcase>
    <testcase classname="ErrorLogger ‚Ä∫ generateErrorReport" name="should handle malformed log entries" time="0.002">
    </testcase>
    <testcase classname="ErrorLogger ‚Ä∫ generateRecommendations" name="should generate recommendations for critical errors" time="0.003">
    </testcase>
    <testcase classname="ErrorLogger ‚Ä∫ generateRecommendations" name="should generate recommendations for AI service issues" time="0.002">
    </testcase>
    <testcase classname="ErrorLogger ‚Ä∫ generateRecommendations" name="should generate recommendations for GitHub API issues" time="0">
    </testcase>
    <testcase classname="ErrorLogger ‚Ä∫ generateRecommendations" name="should generate recommendations for high error volume" time="0">
    </testcase>
    <testcase classname="ErrorLogger ‚Ä∫ getErrorStats" name="should return current error statistics" time="0.013">
    </testcase>
    <testcase classname="ErrorLogger ‚Ä∫ clearStats" name="should clear error statistics" time="0.01">
    </testcase>
    <testcase classname="ErrorLogger ‚Ä∫ file rotation and cleanup" name="should rotate log file when size exceeds limit" time="0">
    </testcase>
    <testcase classname="ErrorLogger ‚Ä∫ file rotation and cleanup" name="should not rotate log file when size is within limit" time="0.001">
    </testcase>
    <testcase classname="ErrorLogger ‚Ä∫ file rotation and cleanup" name="should cleanup old log files" time="0">
    </testcase>
    <testcase classname="ErrorLogger ‚Ä∫ error handling" name="should handle fs.mkdir failure gracefully" time="0.005">
    </testcase>
    <testcase classname="ErrorLogger ‚Ä∫ error handling" name="should handle fs.appendFile failure gracefully" time="0.005">
    </testcase>
    <testcase classname="ErrorLogger ‚Ä∫ error handling" name="should handle fs.readdir failure in report generation" time="0.011">
    </testcase>
  </testsuite>
  <testsuite name="TokenManager" errors="0" failures="0" skipped="0" timestamp="2025-09-04T10:16:53" time="0.443" tests="40">
    <testcase classname="TokenManager ‚Ä∫ constructor" name="should initialize with provided config" time="0.002">
    </testcase>
    <testcase classname="TokenManager ‚Ä∫ constructor" name="should use default values when config is not provided" time="0.001">
    </testcase>
    <testcase classname="TokenManager ‚Ä∫ calculateTokens" name="should calculate tokens for content" time="0">
    </testcase>
    <testcase classname="TokenManager ‚Ä∫ calculateTokens" name="should handle empty content" time="0.001">
    </testcase>
    <testcase classname="TokenManager ‚Ä∫ calculateTokens" name="should handle non-string content" time="0">
    </testcase>
    <testcase classname="TokenManager ‚Ä∫ calculateTokensForFiles" name="should calculate tokens for multiple files" time="0.002">
    </testcase>
    <testcase classname="TokenManager ‚Ä∫ calculateTokensForFiles" name="should detect oversized files" time="0.001">
    </testcase>
    <testcase classname="TokenManager ‚Ä∫ calculateTokensForFiles" name="should handle files with missing properties" time="0">
    </testcase>
    <testcase classname="TokenManager ‚Ä∫ estimateCost" name="should estimate cost for tokens" time="0">
    </testcase>
    <testcase classname="TokenManager ‚Ä∫ estimateCost" name="should handle zero tokens" time="0">
    </testcase>
    <testcase classname="TokenManager ‚Ä∫ estimateCost" name="should handle large token counts" time="0.001">
    </testcase>
    <testcase classname="TokenManager ‚Ä∫ checkTokenLimits" name="should pass when within limits" time="0.001">
    </testcase>
    <testcase classname="TokenManager ‚Ä∫ checkTokenLimits" name="should fail when token limit exceeded" time="0.003">
    </testcase>
    <testcase classname="TokenManager ‚Ä∫ checkTokenLimits" name="should fail when size limit exceeded" time="0.014">
    </testcase>
    <testcase classname="TokenManager ‚Ä∫ checkTokenLimits" name="should fail when oversized files present" time="0.001">
    </testcase>
    <testcase classname="TokenManager ‚Ä∫ checkTokenLimits" name="should provide utilization information" time="0">
    </testcase>
    <testcase classname="TokenManager ‚Ä∫ optimizeForTokens" name="should optimize files within token limits" time="0.003">
    </testcase>
    <testcase classname="TokenManager ‚Ä∫ optimizeForTokens" name="should exclude files based on patterns" time="0.001">
    </testcase>
    <testcase classname="TokenManager ‚Ä∫ optimizeForTokens" name="should include only files matching patterns" time="0.001">
    </testcase>
    <testcase classname="TokenManager ‚Ä∫ optimizeForTokens" name="should truncate large files" time="0.001">
    </testcase>
    <testcase classname="TokenManager ‚Ä∫ sortFilesByImportance" name="should sort files by importance score" time="0.001">
    </testcase>
    <testcase classname="TokenManager ‚Ä∫ calculateFileImportance" name="should give higher score to source files" time="0.001">
    </testcase>
    <testcase classname="TokenManager ‚Ä∫ calculateFileImportance" name="should give lower score to generated files" time="0">
    </testcase>
    <testcase classname="TokenManager ‚Ä∫ calculateFileImportance" name="should give higher score to smaller files" time="0.001">
    </testcase>
    <testcase classname="TokenManager ‚Ä∫ shouldExcludeFile" name="should exclude files matching exclude patterns" time="0">
    </testcase>
    <testcase classname="TokenManager ‚Ä∫ shouldExcludeFile" name="should not exclude files not matching patterns" time="0">
    </testcase>
    <testcase classname="TokenManager ‚Ä∫ shouldExcludeFile" name="should only include files matching include patterns" time="0">
    </testcase>
    <testcase classname="TokenManager ‚Ä∫ shouldExcludeFile" name="should include files matching include patterns" time="0.001">
    </testcase>
    <testcase classname="TokenManager ‚Ä∫ truncateFile" name="should not truncate small files" time="0">
    </testcase>
    <testcase classname="TokenManager ‚Ä∫ truncateFile" name="should truncate large files" time="0.001">
    </testcase>
    <testcase classname="TokenManager ‚Ä∫ truncateFile" name="should return null for files that cannot be truncated" time="0.001">
    </testcase>
    <testcase classname="TokenManager ‚Ä∫ intelligentTruncate" name="should truncate at line boundaries" time="0.001">
    </testcase>
    <testcase classname="TokenManager ‚Ä∫ intelligentTruncate" name="should handle content shorter than limit" time="0.001">
    </testcase>
    <testcase classname="TokenManager ‚Ä∫ intelligentTruncate" name="should return null for very small limits" time="0">
    </testcase>
    <testcase classname="TokenManager ‚Ä∫ createTokenUsageReport" name="should create comprehensive usage report" time="0.001">
    </testcase>
    <testcase classname="TokenManager ‚Ä∫ generateTokenRecommendations" name="should recommend splitting for high usage" time="0">
    </testcase>
    <testcase classname="TokenManager ‚Ä∫ generateTokenRecommendations" name="should recommend excluding oversized files" time="0">
    </testcase>
    <testcase classname="TokenManager ‚Ä∫ generateTokenRecommendations" name="should recommend cost optimization for expensive reviews" time="0">
    </testcase>
    <testcase classname="TokenManager ‚Ä∫ formatBytes" name="should format bytes correctly" time="0.001">
    </testcase>
    <testcase classname="TokenManager ‚Ä∫ getConfiguration" name="should return configuration" time="0.001">
    </testcase>
  </testsuite>
  <testsuite name="ConfigParser" errors="0" failures="0" skipped="0" timestamp="2025-09-04T10:16:43" time="1.208" tests="52">
    <testcase classname="ConfigParser ‚Ä∫ Constructor" name="should initialize with default options" time="0.011">
    </testcase>
    <testcase classname="ConfigParser ‚Ä∫ Constructor" name="should initialize with custom options" time="0.002">
    </testcase>
    <testcase classname="ConfigParser ‚Ä∫ getDefaultConfiguration" name="should return complete default configuration" time="0.012">
    </testcase>
    <testcase classname="ConfigParser ‚Ä∫ getDefaultConfiguration" name="should include all environment configurations" time="0.004">
    </testcase>
    <testcase classname="ConfigParser ‚Ä∫ getDefaultConfiguration" name="should include all rule categories" time="0.022">
    </testcase>
    <testcase classname="ConfigParser ‚Ä∫ loadConfiguration" name="should return default configuration when no file found" time="0.122">
    </testcase>
    <testcase classname="ConfigParser ‚Ä∫ loadConfiguration" name="should load configuration from specified path" time="0.007">
    </testcase>
    <testcase classname="ConfigParser ‚Ä∫ loadConfiguration" name="should cache configuration results" time="0.001">
    </testcase>
    <testcase classname="ConfigParser ‚Ä∫ loadConfiguration" name="should handle configuration parsing errors gracefully" time="0.027">
    </testcase>
    <testcase classname="ConfigParser ‚Ä∫ findConfigurationFile" name="should find configuration file in order of preference" time="0.005">
    </testcase>
    <testcase classname="ConfigParser ‚Ä∫ findConfigurationFile" name="should return null when no configuration file found" time="0.007">
    </testcase>
    <testcase classname="ConfigParser ‚Ä∫ parseConfiguration" name="should parse valid YAML content" time="0.02">
    </testcase>
    <testcase classname="ConfigParser ‚Ä∫ parseConfiguration" name="should throw error for invalid YAML" time="0.169">
    </testcase>
    <testcase classname="ConfigParser ‚Ä∫ parseConfiguration" name="should throw error for non-object YAML" time="0.002">
    </testcase>
    <testcase classname="ConfigParser ‚Ä∫ validateConfiguration" name="should validate complete configuration successfully" time="0.019">
    </testcase>
    <testcase classname="ConfigParser ‚Ä∫ validateConfiguration" name="should detect missing required fields" time="0.003">
    </testcase>
    <testcase classname="ConfigParser ‚Ä∫ validateConfiguration" name="should validate global settings" time="0.001">
    </testcase>
    <testcase classname="ConfigParser ‚Ä∫ validateConfiguration" name="should validate environment configurations" time="0">
    </testcase>
    <testcase classname="ConfigParser ‚Ä∫ validateConfiguration" name="should validate rules configuration" time="0.001">
    </testcase>
    <testcase classname="ConfigParser ‚Ä∫ validateGlobalSettings" name="should validate valid global settings" time="0.002">
    </testcase>
    <testcase classname="ConfigParser ‚Ä∫ validateGlobalSettings" name="should detect invalid severity threshold" time="0.001">
    </testcase>
    <testcase classname="ConfigParser ‚Ä∫ validateGlobalSettings" name="should detect invalid numeric values" time="0.001">
    </testcase>
    <testcase classname="ConfigParser ‚Ä∫ validateEnvironments" name="should validate valid environment configurations" time="0.001">
    </testcase>
    <testcase classname="ConfigParser ‚Ä∫ validateEnvironments" name="should warn about unknown environments" time="0.001">
    </testcase>
    <testcase classname="ConfigParser ‚Ä∫ validateEnvironments" name="should detect invalid severity thresholds in environments" time="0.008">
    </testcase>
    <testcase classname="ConfigParser ‚Ä∫ validateRules" name="should validate valid rules configuration" time="0.007">
    </testcase>
    <testcase classname="ConfigParser ‚Ä∫ validateRules" name="should warn about unknown rule categories" time="0.002">
    </testcase>
    <testcase classname="ConfigParser ‚Ä∫ validateRules" name="should detect invalid rule configurations" time="0.004">
    </testcase>
    <testcase classname="ConfigParser ‚Ä∫ validateFileFiltering" name="should validate valid file filtering configuration" time="0.002">
    </testcase>
    <testcase classname="ConfigParser ‚Ä∫ validateFileFiltering" name="should detect invalid file filtering configuration" time="0.001">
    </testcase>
    <testcase classname="ConfigParser ‚Ä∫ validateNotifications" name="should validate valid notifications configuration" time="0.001">
    </testcase>
    <testcase classname="ConfigParser ‚Ä∫ validateNotifications" name="should validate required email fields when enabled" time="0.014">
    </testcase>
    <testcase classname="ConfigParser ‚Ä∫ validateNotifications" name="should validate required slack fields when enabled" time="0.003">
    </testcase>
    <testcase classname="ConfigParser ‚Ä∫ validateQualityGates" name="should validate valid quality gates configuration" time="0.001">
    </testcase>
    <testcase classname="ConfigParser ‚Ä∫ validateQualityGates" name="should detect invalid quality gates configuration" time="0.007">
    </testcase>
    <testcase classname="ConfigParser ‚Ä∫ mergeWithDefaults" name="should merge user configuration with defaults" time="0.001">
    </testcase>
    <testcase classname="ConfigParser ‚Ä∫ mergeWithDefaults" name="should deep merge nested objects" time="0.001">
    </testcase>
    <testcase classname="ConfigParser ‚Ä∫ getEnvironmentConfiguration" name="should return environment-specific configuration" time="0">
    </testcase>
    <testcase classname="ConfigParser ‚Ä∫ getEnvironmentConfiguration" name="should auto-detect environment when not specified" time="0.001">
    </testcase>
    <testcase classname="ConfigParser ‚Ä∫ getEnvironmentConfiguration" name="should default to development when no environment specified" time="0.001">
    </testcase>
    <testcase classname="ConfigParser ‚Ä∫ detectEnvironment" name="should detect production environment" time="0.001">
    </testcase>
    <testcase classname="ConfigParser ‚Ä∫ detectEnvironment" name="should detect staging environment" time="0.001">
    </testcase>
    <testcase classname="ConfigParser ‚Ä∫ detectEnvironment" name="should default to development" time="0.002">
    </testcase>
    <testcase classname="ConfigParser ‚Ä∫ getRuleConfiguration" name="should return merged rule configuration" time="0">
    </testcase>
    <testcase classname="ConfigParser ‚Ä∫ fileExists" name="should return true for existing file" time="0.001">
    </testcase>
    <testcase classname="ConfigParser ‚Ä∫ fileExists" name="should return false for non-existing file" time="0.001">
    </testcase>
    <testcase classname="ConfigParser ‚Ä∫ Cache management" name="should clear cache" time="0.001">
    </testcase>
    <testcase classname="ConfigParser ‚Ä∫ Cache management" name="should return cache statistics" time="0.001">
    </testcase>
    <testcase classname="ConfigParser ‚Ä∫ Logging" name="should log info messages when enabled" time="0">
    </testcase>
    <testcase classname="ConfigParser ‚Ä∫ Logging" name="should not log info messages when disabled" time="0">
    </testcase>
    <testcase classname="ConfigParser ‚Ä∫ Logging" name="should log warning messages" time="0.002">
    </testcase>
    <testcase classname="ConfigParser ‚Ä∫ Logging" name="should log error messages" time="0.006">
    </testcase>
  </testsuite>
  <testsuite name="CommitParser" errors="0" failures="0" skipped="0" timestamp="2025-09-04T10:16:52" time="0.291" tests="58">
    <testcase classname="CommitParser ‚Ä∫ Constructor" name="should initialize with default options" time="0.008">
    </testcase>
    <testcase classname="CommitParser ‚Ä∫ Constructor" name="should initialize with custom options" time="0.002">
    </testcase>
    <testcase classname="CommitParser ‚Ä∫ parseCommit" name="should parse conventional commit message" time="0.005">
    </testcase>
    <testcase classname="CommitParser ‚Ä∫ parseCommit" name="should parse commit with urgency keyword" time="0.002">
    </testcase>
    <testcase classname="CommitParser ‚Ä∫ parseCommit" name="should parse commit with override keyword" time="0">
    </testcase>
    <testcase classname="CommitParser ‚Ä∫ parseCommit" name="should parse commit with ticket references" time="0.001">
    </testcase>
    <testcase classname="CommitParser ‚Ä∫ parseCommit" name="should handle empty commit message" time="0.001">
    </testcase>
    <testcase classname="CommitParser ‚Ä∫ parseCommit" name="should handle null commit message" time="0.001">
    </testcase>
    <testcase classname="CommitParser ‚Ä∫ cleanCommitMessage" name="should clean commit message" time="0">
    </testcase>
    <testcase classname="CommitParser ‚Ä∫ cleanCommitMessage" name="should handle empty message" time="0">
    </testcase>
    <testcase classname="CommitParser ‚Ä∫ extractCommitType" name="should extract conventional commit types" time="0.001">
    </testcase>
    <testcase classname="CommitParser ‚Ä∫ extractCommitType" name="should extract type with scope" time="0.001">
    </testcase>
    <testcase classname="CommitParser ‚Ä∫ extractCommitType" name="should return unknown for non-conventional commits" time="0.001">
    </testcase>
    <testcase classname="CommitParser ‚Ä∫ extractCommitType" name="should respect extractConventionalType setting" time="0">
    </testcase>
    <testcase classname="CommitParser ‚Ä∫ extractCommitScope" name="should extract scope from conventional commits" time="0.001">
    </testcase>
    <testcase classname="CommitParser ‚Ä∫ extractCommitScope" name="should return null for commits without scope" time="0.001">
    </testcase>
    <testcase classname="CommitParser ‚Ä∫ extractCommitScope" name="should respect extractConventionalType setting" time="0">
    </testcase>
    <testcase classname="CommitParser ‚Ä∫ extractCommitSubject" name="should extract first line as subject" time="0">
    </testcase>
    <testcase classname="CommitParser ‚Ä∫ extractCommitSubject" name="should handle empty message" time="0.001">
    </testcase>
    <testcase classname="CommitParser ‚Ä∫ extractCommitBody" name="should extract body from multi-line commit" time="0">
    </testcase>
    <testcase classname="CommitParser ‚Ä∫ extractCommitBody" name="should return empty string for single-line commit" time="0">
    </testcase>
    <testcase classname="CommitParser ‚Ä∫ extractCommitBody" name="should handle empty message" time="0.001">
    </testcase>
    <testcase classname="CommitParser ‚Ä∫ extractTickets" name="should extract ticket references" time="0.001">
    </testcase>
    <testcase classname="CommitParser ‚Ä∫ extractTickets" name="should handle different ticket formats" time="0.001">
    </testcase>
    <testcase classname="CommitParser ‚Ä∫ extractTickets" name="should not extract duplicate tickets" time="0.002">
    </testcase>
    <testcase classname="CommitParser ‚Ä∫ extractTickets" name="should respect extractTickets setting" time="0.001">
    </testcase>
    <testcase classname="CommitParser ‚Ä∫ detectOverrides" name="should detect override keywords" time="0.001">
    </testcase>
    <testcase classname="CommitParser ‚Ä∫ detectOverrides" name="should detect multiple overrides" time="0.001">
    </testcase>
    <testcase classname="CommitParser ‚Ä∫ detectOverrides" name="should be case insensitive" time="0">
    </testcase>
    <testcase classname="CommitParser ‚Ä∫ detectOverrides" name="should return empty array for no overrides" time="0.001">
    </testcase>
    <testcase classname="CommitParser ‚Ä∫ detectUrgency" name="should detect urgency keywords" time="0">
    </testcase>
    <testcase classname="CommitParser ‚Ä∫ detectUrgency" name="should detect multiple urgency keywords" time="0.001">
    </testcase>
    <testcase classname="CommitParser ‚Ä∫ detectUrgency" name="should assign correct urgency levels" time="0">
    </testcase>
    <testcase classname="CommitParser ‚Ä∫ detectUrgency" name="should be case insensitive" time="0.001">
    </testcase>
    <testcase classname="CommitParser ‚Ä∫ hasUrgentOverride" name="should return true for urgent commits" time="0">
    </testcase>
    <testcase classname="CommitParser ‚Ä∫ hasUrgentOverride" name="should return false for non-urgent commits" time="0.001">
    </testcase>
    <testcase classname="CommitParser ‚Ä∫ getUrgentOverride" name="should return highest priority urgency" time="0">
    </testcase>
    <testcase classname="CommitParser ‚Ä∫ getUrgentOverride" name="should return null for non-urgent commits" time="0">
    </testcase>
    <testcase classname="CommitParser ‚Ä∫ validateCommitMessage" name="should validate conventional commit" time="0.001">
    </testcase>
    <testcase classname="CommitParser ‚Ä∫ validateCommitMessage" name="should reject empty message" time="0">
    </testcase>
    <testcase classname="CommitParser ‚Ä∫ validateCommitMessage" name="should warn about short message" time="0">
    </testcase>
    <testcase classname="CommitParser ‚Ä∫ validateCommitMessage" name="should warn about long message" time="0">
    </testcase>
    <testcase classname="CommitParser ‚Ä∫ validateCommitMessage" name="should warn about non-conventional format" time="0.001">
    </testcase>
    <testcase classname="CommitParser ‚Ä∫ validateCommitMessage" name="should warn about WIP/TODO indicators" time="0">
    </testcase>
    <testcase classname="CommitParser ‚Ä∫ validateCommitMessage" name="should warn about URLs" time="0.001">
    </testcase>
    <testcase classname="CommitParser ‚Ä∫ metadata extraction" name="should detect breaking changes" time="0">
    </testcase>
    <testcase classname="CommitParser ‚Ä∫ metadata extraction" name="should detect revert commits" time="0">
    </testcase>
    <testcase classname="CommitParser ‚Ä∫ metadata extraction" name="should detect merge commits" time="0.001">
    </testcase>
    <testcase classname="CommitParser ‚Ä∫ metadata extraction" name="should detect squash commits" time="0">
    </testcase>
    <testcase classname="CommitParser ‚Ä∫ metadata extraction" name="should count words and lines" time="0.001">
    </testcase>
    <testcase classname="CommitParser ‚Ä∫ metadata extraction" name="should detect URLs and emails" time="0">
    </testcase>
    <testcase classname="CommitParser ‚Ä∫ createEmptyCommit" name="should create empty commit object" time="0.007">
    </testcase>
    <testcase classname="CommitParser ‚Ä∫ getCommitSummary" name="should create commit summary" time="0.001">
    </testcase>
    <testcase classname="CommitParser ‚Ä∫ getCommitSummary" name="should truncate long subjects" time="0">
    </testcase>
    <testcase classname="CommitParser ‚Ä∫ Logging" name="should log info messages when enabled" time="0.001">
    </testcase>
    <testcase classname="CommitParser ‚Ä∫ Logging" name="should not log info messages when disabled" time="0">
    </testcase>
    <testcase classname="CommitParser ‚Ä∫ Logging" name="should log warning messages" time="0.001">
    </testcase>
    <testcase classname="CommitParser ‚Ä∫ Logging" name="should log error messages" time="0">
    </testcase>
  </testsuite>
  <testsuite name="ServiceAvailabilityHandler" errors="0" failures="0" skipped="0" timestamp="2025-09-04T10:16:53" time="1.371" tests="40">
    <testcase classname="ServiceAvailabilityHandler ‚Ä∫ constructor" name="should initialize with provided config" time="0.004">
    </testcase>
    <testcase classname="ServiceAvailabilityHandler ‚Ä∫ constructor" name="should use default values when config is not provided" time="0.001">
    </testcase>
    <testcase classname="ServiceAvailabilityHandler ‚Ä∫ constructor" name="should initialize service status maps" time="0.001">
    </testcase>
    <testcase classname="ServiceAvailabilityHandler ‚Ä∫ checkServiceAvailability" name="should check service availability successfully" time="0.011">
    </testcase>
    <testcase classname="ServiceAvailabilityHandler ‚Ä∫ checkServiceAvailability" name="should handle service check failure" time="0.002">
    </testcase>
    <testcase classname="ServiceAvailabilityHandler ‚Ä∫ checkServiceAvailability" name="should record check timestamp" time="0.001">
    </testcase>
    <testcase classname="ServiceAvailabilityHandler ‚Ä∫ checkOpenAIAvailability" name="should return boolean result" time="0.103">
    </testcase>
    <testcase classname="ServiceAvailabilityHandler ‚Ä∫ checkOpenAIAvailability" name="should complete within reasonable time" time="0.109">
    </testcase>
    <testcase classname="ServiceAvailabilityHandler ‚Ä∫ checkGitHubAvailability" name="should return boolean result" time="0.062">
    </testcase>
    <testcase classname="ServiceAvailabilityHandler ‚Ä∫ checkGitHubAvailability" name="should complete within reasonable time" time="0.06">
    </testcase>
    <testcase classname="ServiceAvailabilityHandler ‚Ä∫ checkEmailAvailability" name="should return boolean result" time="0.203">
    </testcase>
    <testcase classname="ServiceAvailabilityHandler ‚Ä∫ checkEmailAvailability" name="should complete within reasonable time" time="0.202">
    </testcase>
    <testcase classname="ServiceAvailabilityHandler ‚Ä∫ determineDegradationMode" name="should return full mode when all critical services available" time="0.001">
    </testcase>
    <testcase classname="ServiceAvailabilityHandler ‚Ä∫ determineDegradationMode" name="should return partial mode when some critical services unavailable" time="0.001">
    </testcase>
    <testcase classname="ServiceAvailabilityHandler ‚Ä∫ determineDegradationMode" name="should return minimal mode when most critical services unavailable" time="0">
    </testcase>
    <testcase classname="ServiceAvailabilityHandler ‚Ä∫ determineDegradationMode" name="should return offline mode when no critical services available" time="0">
    </testcase>
    <testcase classname="ServiceAvailabilityHandler ‚Ä∫ getFallbackStrategy" name="should return fallback strategy for known service" time="0.001">
    </testcase>
    <testcase classname="ServiceAvailabilityHandler ‚Ä∫ getFallbackStrategy" name="should return manual fallback for unknown service" time="0">
    </testcase>
    <testcase classname="ServiceAvailabilityHandler ‚Ä∫ isServiceAvailable" name="should return true for available service" time="0">
    </testcase>
    <testcase classname="ServiceAvailabilityHandler ‚Ä∫ isServiceAvailable" name="should return false for unavailable service" time="0">
    </testcase>
    <testcase classname="ServiceAvailabilityHandler ‚Ä∫ isServiceAvailable" name="should return false for unknown service" time="0.001">
    </testcase>
    <testcase classname="ServiceAvailabilityHandler ‚Ä∫ getServiceStatus" name="should return service status" time="0">
    </testcase>
    <testcase classname="ServiceAvailabilityHandler ‚Ä∫ getServiceStatus" name="should return null for unknown service" time="0">
    </testcase>
    <testcase classname="ServiceAvailabilityHandler ‚Ä∫ getAllServiceStatuses" name="should return all service statuses" time="0.001">
    </testcase>
    <testcase classname="ServiceAvailabilityHandler ‚Ä∫ createDegradedReviewStrategy" name="should create strategy for full mode" time="0.001">
    </testcase>
    <testcase classname="ServiceAvailabilityHandler ‚Ä∫ createDegradedReviewStrategy" name="should create strategy for partial mode" time="0.001">
    </testcase>
    <testcase classname="ServiceAvailabilityHandler ‚Ä∫ createDegradedReviewStrategy" name="should create strategy for offline mode" time="0.001">
    </testcase>
    <testcase classname="ServiceAvailabilityHandler ‚Ä∫ createOfflineReviewResponse" name="should create offline review response" time="0.008">
    </testcase>
    <testcase classname="ServiceAvailabilityHandler ‚Ä∫ createPartialReviewResponse" name="should create partial review response with AI results" time="0.001">
    </testcase>
    <testcase classname="ServiceAvailabilityHandler ‚Ä∫ createPartialReviewResponse" name="should create partial review response without AI results" time="0.001">
    </testcase>
    <testcase classname="ServiceAvailabilityHandler ‚Ä∫ getModeConfiguration" name="should return full mode configuration" time="0.001">
    </testcase>
    <testcase classname="ServiceAvailabilityHandler ‚Ä∫ getModeConfiguration" name="should return partial mode configuration" time="0.002">
    </testcase>
    <testcase classname="ServiceAvailabilityHandler ‚Ä∫ getModeConfiguration" name="should return offline mode configuration" time="0">
    </testcase>
    <testcase classname="ServiceAvailabilityHandler ‚Ä∫ shouldProceed" name="should allow operations in full mode" time="0.001">
    </testcase>
    <testcase classname="ServiceAvailabilityHandler ‚Ä∫ shouldProceed" name="should block operations in offline mode" time="0">
    </testcase>
    <testcase classname="ServiceAvailabilityHandler ‚Ä∫ shouldProceed" name="should allow unknown operations" time="0">
    </testcase>
    <testcase classname="ServiceAvailabilityHandler ‚Ä∫ getHealthReport" name="should generate health report" time="0.001">
    </testcase>
    <testcase classname="ServiceAvailabilityHandler ‚Ä∫ getHealthReport" name="should include critical service recommendations" time="0">
    </testcase>
    <testcase classname="ServiceAvailabilityHandler ‚Ä∫ resetServiceStatus" name="should reset service status" time="0.001">
    </testcase>
    <testcase classname="ServiceAvailabilityHandler ‚Ä∫ getConfiguration" name="should return configuration" time="0.001">
    </testcase>
  </testsuite>
  <testsuite name="Verbose Logging for Development Environments" errors="0" failures="0" skipped="0" timestamp="2025-09-04T10:16:53" time="1.55" tests="30">
    <testcase classname="Verbose Logging for Development Environments ‚Ä∫ Verbose Logging Configuration" name="should initialize with verbose logging enabled" time="0.579">
    </testcase>
    <testcase classname="Verbose Logging for Development Environments ‚Ä∫ Verbose Logging Configuration" name="should enable verbose logging mode" time="0.147">
    </testcase>
    <testcase classname="Verbose Logging for Development Environments ‚Ä∫ Verbose Logging Configuration" name="should disable verbose logging mode" time="0.002">
    </testcase>
    <testcase classname="Verbose Logging for Development Environments ‚Ä∫ Verbose Logging Methods" name="should provide verbose debug logging" time="0.122">
    </testcase>
    <testcase classname="Verbose Logging for Development Environments ‚Ä∫ Verbose Logging Methods" name="should provide verbose trace logging" time="0.003">
    </testcase>
    <testcase classname="Verbose Logging for Development Environments ‚Ä∫ Verbose Logging Methods" name="should provide verbose info logging" time="0.007">
    </testcase>
    <testcase classname="Verbose Logging for Development Environments ‚Ä∫ Verbose Logging Methods" name="should provide verbose warn logging" time="0.004">
    </testcase>
    <testcase classname="Verbose Logging for Development Environments ‚Ä∫ Verbose Logging Methods" name="should provide verbose error logging" time="0.05">
    </testcase>
    <testcase classname="Verbose Logging for Development Environments ‚Ä∫ Verbose Logging Context Enhancement" name="should enhance context with verbose information" time="0.004">
    </testcase>
    <testcase classname="Verbose Logging for Development Environments ‚Ä∫ Verbose Logging Context Enhancement" name="should enhance data with verbose information" time="0.005">
    </testcase>
    <testcase classname="Verbose Logging for Development Environments ‚Ä∫ Utility Methods for Verbose Logging" name="should get call stack information" time="0.006">
    </testcase>
    <testcase classname="Verbose Logging for Development Environments ‚Ä∫ Utility Methods for Verbose Logging" name="should get caller function name" time="0.002">
    </testcase>
    <testcase classname="Verbose Logging for Development Environments ‚Ä∫ Utility Methods for Verbose Logging" name="should get caller line number" time="0.001">
    </testcase>
    <testcase classname="Verbose Logging for Development Environments ‚Ä∫ Utility Methods for Verbose Logging" name="should get caller file name" time="0.001">
    </testcase>
    <testcase classname="Verbose Logging for Development Environments ‚Ä∫ Utility Methods for Verbose Logging" name="should get memory snapshot" time="0.003">
    </testcase>
    <testcase classname="Verbose Logging for Development Environments ‚Ä∫ Utility Methods for Verbose Logging" name="should format bytes correctly" time="0">
    </testcase>
    <testcase classname="Verbose Logging for Development Environments ‚Ä∫ Verbose Logging Fallback" name="should fall back to regular logging when verbose is disabled" time="0.002">
    </testcase>
    <testcase classname="Verbose Logging for Development Environments ‚Ä∫ Verbose Logging Configuration" name="should get verbose logging configuration" time="0.001">
    </testcase>
    <testcase classname="Verbose Logging for Development Environments ‚Ä∫ Verbose Logging Configuration" name="should test verbose logging functionality" time="0.006">
    </testcase>
    <testcase classname="Verbose Logging for Development Environments ‚Ä∫ Verbose Logging with Options" name="should accept verbose options" time="0.004">
    </testcase>
    <testcase classname="Verbose Logging for Development Environments ‚Ä∫ Verbose Logging Performance" name="should handle verbose logging without performance impact" time="0.004">
    </testcase>
    <testcase classname="Verbose Logging for Development Environments ‚Ä∫ Verbose Logging Error Handling" name="should handle errors in utility methods gracefully" time="0.001">
    </testcase>
    <testcase classname="Verbose Logging for Development Environments ‚Ä∫ Verbose Logging Error Handling" name="should handle errors in call stack capture gracefully" time="0.001">
    </testcase>
    <testcase classname="Verbose Logging for Development Environments ‚Ä∫ Log Filtering and Search Capabilities" name="should search logs by various criteria" time="0.017">
    </testcase>
    <testcase classname="Verbose Logging for Development Environments ‚Ä∫ Log Filtering and Search Capabilities" name="should filter logs with include/exclude criteria" time="0.001">
    </testcase>
    <testcase classname="Verbose Logging for Development Environments ‚Ä∫ Log Filtering and Search Capabilities" name="should create search index for faster searching" time="0.017">
    </testcase>
    <testcase classname="Verbose Logging for Development Environments ‚Ä∫ Log Filtering and Search Capabilities" name="should search logs using index for better performance" time="0.002">
    </testcase>
    <testcase classname="Verbose Logging for Development Environments ‚Ä∫ Log Filtering and Search Capabilities" name="should generate log statistics and analytics" time="0.003">
    </testcase>
    <testcase classname="Verbose Logging for Development Environments ‚Ä∫ Log Filtering and Search Capabilities" name="should handle nested value extraction with dot notation" time="0.001">
    </testcase>
    <testcase classname="Verbose Logging for Development Environments ‚Ä∫ Log Filtering and Search Capabilities" name="should generate time group keys for different grouping strategies" time="0">
    </testcase>
  </testsuite>
  <testsuite name="LargeCommitHandler" errors="0" failures="0" skipped="0" timestamp="2025-09-04T10:16:55" time="0.736" tests="24">
    <testcase classname="LargeCommitHandler ‚Ä∫ constructor" name="should initialize with provided config" time="0.003">
    </testcase>
    <testcase classname="LargeCommitHandler ‚Ä∫ constructor" name="should use default values when config is not provided" time="0.001">
    </testcase>
    <testcase classname="LargeCommitHandler ‚Ä∫ constructor" name="should use custom values from config" time="0.001">
    </testcase>
    <testcase classname="LargeCommitHandler ‚Ä∫ analyzeCommitSize" name="should analyze small commit correctly" time="0.002">
    </testcase>
    <testcase classname="LargeCommitHandler ‚Ä∫ analyzeCommitSize" name="should detect total size exceeded" time="0.001">
    </testcase>
    <testcase classname="LargeCommitHandler ‚Ä∫ analyzeCommitSize" name="should detect file count exceeded" time="0.001">
    </testcase>
    <testcase classname="LargeCommitHandler ‚Ä∫ analyzeCommitSize" name="should detect token limit exceeded" time="0.001">
    </testcase>
    <testcase classname="LargeCommitHandler ‚Ä∫ analyzeCommitSize" name="should detect oversized files" time="0.002">
    </testcase>
    <testcase classname="LargeCommitHandler ‚Ä∫ analyzeCommitSize" name="should prioritize total size over other limits" time="0.001">
    </testcase>
    <testcase classname="LargeCommitHandler ‚Ä∫ splitFilesIntoChunks" name="should split files by file count limit" time="0.002">
    </testcase>
    <testcase classname="LargeCommitHandler ‚Ä∫ splitFilesIntoChunks" name="should split files by size limit" time="0.001">
    </testcase>
    <testcase classname="LargeCommitHandler ‚Ä∫ splitFilesIntoChunks" name="should optimize chunking by sorting files by size" time="0.001">
    </testcase>
    <testcase classname="LargeCommitHandler ‚Ä∫ splitFilesIntoChunks" name="should handle single file that exceeds limits" time="0">
    </testcase>
    <testcase classname="LargeCommitHandler ‚Ä∫ generateSkipNotification" name="should generate skip notification for total size exceeded" time="0.002">
    </testcase>
    <testcase classname="LargeCommitHandler ‚Ä∫ generateSkipNotification" name="should generate skip notification for oversized files" time="0.001">
    </testcase>
    <testcase classname="LargeCommitHandler ‚Ä∫ generateSplitNotification" name="should generate split notification" time="0.003">
    </testcase>
    <testcase classname="LargeCommitHandler ‚Ä∫ filterOversizedFiles" name="should filter out oversized files" time="0.002">
    </testcase>
    <testcase classname="LargeCommitHandler ‚Ä∫ filterOversizedFiles" name="should handle all files within size limit" time="0">
    </testcase>
    <testcase classname="LargeCommitHandler ‚Ä∫ filterOversizedFiles" name="should handle all files exceeding size limit" time="0.001">
    </testcase>
    <testcase classname="LargeCommitHandler ‚Ä∫ getRecommendations" name="should provide recommendations for total size exceeded" time="0">
    </testcase>
    <testcase classname="LargeCommitHandler ‚Ä∫ getRecommendations" name="should provide recommendations for file count exceeded" time="0.001">
    </testcase>
    <testcase classname="LargeCommitHandler ‚Ä∫ getRecommendations" name="should provide recommendations for oversized files" time="0.001">
    </testcase>
    <testcase classname="LargeCommitHandler ‚Ä∫ formatBytes" name="should format bytes correctly" time="0.001">
    </testcase>
    <testcase classname="LargeCommitHandler ‚Ä∫ getConfiguration" name="should return configuration summary" time="0">
    </testcase>
  </testsuite>
  <testsuite name="ResponseHandler" errors="0" failures="0" skipped="0" timestamp="2025-09-04T10:16:54" time="0.708" tests="43">
    <testcase classname="ResponseHandler ‚Ä∫ constructor" name="should initialize with provided config" time="0.004">
    </testcase>
    <testcase classname="ResponseHandler ‚Ä∫ constructor" name="should use default values when config is not provided" time="0.001">
    </testcase>
    <testcase classname="ResponseHandler ‚Ä∫ validateResponse" name="should validate correct response" time="0.003">
    </testcase>
    <testcase classname="ResponseHandler ‚Ä∫ validateResponse" name="should detect null response" time="0.001">
    </testcase>
    <testcase classname="ResponseHandler ‚Ä∫ validateResponse" name="should detect non-object response" time="0.001">
    </testcase>
    <testcase classname="ResponseHandler ‚Ä∫ validateResponse" name="should detect missing required fields" time="0">
    </testcase>
    <testcase classname="ResponseHandler ‚Ä∫ validateResponse" name="should detect invalid issues field" time="0.001">
    </testcase>
    <testcase classname="ResponseHandler ‚Ä∫ validateResponse" name="should detect invalid summary field" time="0.001">
    </testcase>
    <testcase classname="ResponseHandler ‚Ä∫ validateResponse" name="should validate with custom required fields" time="0">
    </testcase>
    <testcase classname="ResponseHandler ‚Ä∫ validateIssue" name="should validate correct issue" time="0.001">
    </testcase>
    <testcase classname="ResponseHandler ‚Ä∫ validateIssue" name="should detect non-object issue" time="0">
    </testcase>
    <testcase classname="ResponseHandler ‚Ä∫ validateIssue" name="should detect missing required fields" time="0">
    </testcase>
    <testcase classname="ResponseHandler ‚Ä∫ validateIssue" name="should detect invalid severity" time="0.001">
    </testcase>
    <testcase classname="ResponseHandler ‚Ä∫ validateIssue" name="should warn about unknown category" time="0">
    </testcase>
    <testcase classname="ResponseHandler ‚Ä∫ validateIssue" name="should detect invalid description type" time="0">
    </testcase>
    <testcase classname="ResponseHandler ‚Ä∫ validateIssue" name="should warn about invalid file path" time="0">
    </testcase>
    <testcase classname="ResponseHandler ‚Ä∫ validateIssue" name="should warn about invalid line number" time="0.001">
    </testcase>
    <testcase classname="ResponseHandler ‚Ä∫ fixResponse" name="should fix missing required fields" time="0.001">
    </testcase>
    <testcase classname="ResponseHandler ‚Ä∫ fixResponse" name="should fix invalid issues array" time="0">
    </testcase>
    <testcase classname="ResponseHandler ‚Ä∫ fixResponse" name="should fix individual issues" time="0.001">
    </testcase>
    <testcase classname="ResponseHandler ‚Ä∫ fixResponse" name="should remove null issues" time="0.001">
    </testcase>
    <testcase classname="ResponseHandler ‚Ä∫ fixResponse" name="should update summary counts" time="0.002">
    </testcase>
    <testcase classname="ResponseHandler ‚Ä∫ fixResponse" name="should return null for unfixable response" time="0">
    </testcase>
    <testcase classname="ResponseHandler ‚Ä∫ createFallbackResponse" name="should create fallback response for general error" time="0.001">
    </testcase>
    <testcase classname="ResponseHandler ‚Ä∫ createFallbackResponse" name="should create fallback response for parse error" time="0.001">
    </testcase>
    <testcase classname="ResponseHandler ‚Ä∫ createFallbackResponse" name="should create fallback response for timeout error" time="0.001">
    </testcase>
    <testcase classname="ResponseHandler ‚Ä∫ getFallbackReason" name="should identify timeout errors" time="0">
    </testcase>
    <testcase classname="ResponseHandler ‚Ä∫ getFallbackReason" name="should identify parse errors" time="0.001">
    </testcase>
    <testcase classname="ResponseHandler ‚Ä∫ getFallbackReason" name="should identify rate limit errors" time="0">
    </testcase>
    <testcase classname="ResponseHandler ‚Ä∫ getFallbackReason" name="should identify authentication errors" time="0">
    </testcase>
    <testcase classname="ResponseHandler ‚Ä∫ getFallbackReason" name="should identify network errors" time="0.001">
    </testcase>
    <testcase classname="ResponseHandler ‚Ä∫ getFallbackReason" name="should return unknown for unrecognized errors" time="0.001">
    </testcase>
    <testcase classname="ResponseHandler ‚Ä∫ isRetryableError" name="should identify retryable error names" time="0.001">
    </testcase>
    <testcase classname="ResponseHandler ‚Ä∫ isRetryableError" name="should identify retryable error messages" time="0.001">
    </testcase>
    <testcase classname="ResponseHandler ‚Ä∫ isRetryableError" name="should identify non-retryable errors" time="0.001">
    </testcase>
    <testcase classname="ResponseHandler ‚Ä∫ calculateRetryDelay" name="should calculate exponential backoff" time="0.001">
    </testcase>
    <testcase classname="ResponseHandler ‚Ä∫ calculateRetryDelay" name="should respect maximum delay" time="0.001">
    </testcase>
    <testcase classname="ResponseHandler ‚Ä∫ processResponse" name="should process valid response successfully" time="0.002">
    </testcase>
    <testcase classname="ResponseHandler ‚Ä∫ processResponse" name="should handle retryable errors" time="0.001">
    </testcase>
    <testcase classname="ResponseHandler ‚Ä∫ processResponse" name="should create fallback for non-retryable errors" time="0.001">
    </testcase>
    <testcase classname="ResponseHandler ‚Ä∫ processResponse" name="should fix malformed but usable response" time="0.002">
    </testcase>
    <testcase classname="ResponseHandler ‚Ä∫ processResponse" name="should handle validation errors" time="0">
    </testcase>
    <testcase classname="ResponseHandler ‚Ä∫ getStatistics" name="should return configuration statistics" time="0.001">
    </testcase>
  </testsuite>
  <testsuite name="FallbackHandler" errors="0" failures="0" skipped="0" timestamp="2025-09-04T10:16:54" time="0.77" tests="47">
    <testcase classname="FallbackHandler ‚Ä∫ constructor" name="should initialize with provided config" time="0.003">
    </testcase>
    <testcase classname="FallbackHandler ‚Ä∫ constructor" name="should use default values when config is not provided" time="0.001">
    </testcase>
    <testcase classname="FallbackHandler ‚Ä∫ constructor" name="should disable fallbacks when explicitly set to false" time="0">
    </testcase>
    <testcase classname="FallbackHandler ‚Ä∫ classifyError" name="should classify timeout errors" time="0.001">
    </testcase>
    <testcase classname="FallbackHandler ‚Ä∫ classifyError" name="should classify rate limit errors" time="0">
    </testcase>
    <testcase classname="FallbackHandler ‚Ä∫ classifyError" name="should classify authentication errors" time="0">
    </testcase>
    <testcase classname="FallbackHandler ‚Ä∫ classifyError" name="should classify malformed response errors" time="0">
    </testcase>
    <testcase classname="FallbackHandler ‚Ä∫ classifyError" name="should classify network errors" time="0.001">
    </testcase>
    <testcase classname="FallbackHandler ‚Ä∫ classifyError" name="should classify token limit errors" time="0">
    </testcase>
    <testcase classname="FallbackHandler ‚Ä∫ classifyError" name="should classify unknown errors" time="0.001">
    </testcase>
    <testcase classname="FallbackHandler ‚Ä∫ determineFallbackStrategy" name="should return none when fallbacks are disabled" time="0.001">
    </testcase>
    <testcase classname="FallbackHandler ‚Ä∫ determineFallbackStrategy" name="should return manual when max attempts exceeded" time="0.001">
    </testcase>
    <testcase classname="FallbackHandler ‚Ä∫ determineFallbackStrategy" name="should return retry for timeout on first attempt" time="0">
    </testcase>
    <testcase classname="FallbackHandler ‚Ä∫ determineFallbackStrategy" name="should return simplified for timeout on second attempt" time="0">
    </testcase>
    <testcase classname="FallbackHandler ‚Ä∫ determineFallbackStrategy" name="should return retry for rate limit errors" time="0.001">
    </testcase>
    <testcase classname="FallbackHandler ‚Ä∫ determineFallbackStrategy" name="should return manual for authentication errors" time="0">
    </testcase>
    <testcase classname="FallbackHandler ‚Ä∫ determineFallbackStrategy" name="should return simplified for malformed response errors" time="0">
    </testcase>
    <testcase classname="FallbackHandler ‚Ä∫ determineFallbackStrategy" name="should return retry for network errors on first attempt" time="0.001">
    </testcase>
    <testcase classname="FallbackHandler ‚Ä∫ determineFallbackStrategy" name="should return manual for network errors on second attempt" time="0">
    </testcase>
    <testcase classname="FallbackHandler ‚Ä∫ determineFallbackStrategy" name="should return simplified for token limit errors" time="0.001">
    </testcase>
    <testcase classname="FallbackHandler ‚Ä∫ createSimplifiedPrompt" name="should create simplified prompt" time="0">
    </testcase>
    <testcase classname="FallbackHandler ‚Ä∫ createSimplifiedPrompt" name="should handle missing original prompt" time="0.001">
    </testcase>
    <testcase classname="FallbackHandler ‚Ä∫ createManualReviewFallback" name="should create manual review fallback" time="0.003">
    </testcase>
    <testcase classname="FallbackHandler ‚Ä∫ getManualReviewInstructions" name="should return basic instructions" time="0.001">
    </testcase>
    <testcase classname="FallbackHandler ‚Ä∫ getManualReviewInstructions" name="should add production-specific instructions for main branch" time="0">
    </testcase>
    <testcase classname="FallbackHandler ‚Ä∫ getManualReviewInstructions" name="should add development-specific instructions for dev branch" time="0.001">
    </testcase>
    <testcase classname="FallbackHandler ‚Ä∫ createDegradedReviewFallback" name="should create degraded review fallback" time="0.002">
    </testcase>
    <testcase classname="FallbackHandler ‚Ä∫ createDegradedReviewFallback" name="should handle empty files array" time="0.003">
    </testcase>
    <testcase classname="FallbackHandler ‚Ä∫ performBasicAnalysis" name="should detect security vulnerabilities" time="0.001">
    </testcase>
    <testcase classname="FallbackHandler ‚Ä∫ performBasicAnalysis" name="should detect hardcoded credentials" time="0.001">
    </testcase>
    <testcase classname="FallbackHandler ‚Ä∫ performBasicAnalysis" name="should detect console.log in production code" time="0">
    </testcase>
    <testcase classname="FallbackHandler ‚Ä∫ performBasicAnalysis" name="should not flag console.log in test files" time="0">
    </testcase>
    <testcase classname="FallbackHandler ‚Ä∫ performBasicAnalysis" name="should detect large files" time="0">
    </testcase>
    <testcase classname="FallbackHandler ‚Ä∫ performBasicAnalysis" name="should handle missing file properties" time="0.001">
    </testcase>
    <testcase classname="FallbackHandler ‚Ä∫ createEmergencyBypassFallback" name="should create emergency bypass fallback" time="0.003">
    </testcase>
    <testcase classname="FallbackHandler ‚Ä∫ createEmergencyBypassFallback" name="should use default reason when not provided" time="0.001">
    </testcase>
    <testcase classname="FallbackHandler ‚Ä∫ executeFallbackStrategy" name="should execute retry strategy" time="0.006">
    </testcase>
    <testcase classname="FallbackHandler ‚Ä∫ executeFallbackStrategy" name="should execute simplified strategy" time="0.02">
    </testcase>
    <testcase classname="FallbackHandler ‚Ä∫ executeFallbackStrategy" name="should execute degraded strategy" time="0.016">
    </testcase>
    <testcase classname="FallbackHandler ‚Ä∫ executeFallbackStrategy" name="should execute manual strategy" time="0.011">
    </testcase>
    <testcase classname="FallbackHandler ‚Ä∫ executeFallbackStrategy" name="should execute emergency strategy" time="0.003">
    </testcase>
    <testcase classname="FallbackHandler ‚Ä∫ executeFallbackStrategy" name="should handle unknown strategy" time="0">
    </testcase>
    <testcase classname="FallbackHandler ‚Ä∫ calculateRetryDelay" name="should calculate exponential backoff" time="0">
    </testcase>
    <testcase classname="FallbackHandler ‚Ä∫ calculateRetryDelay" name="should respect maximum delay" time="0">
    </testcase>
    <testcase classname="FallbackHandler ‚Ä∫ getConfiguration" name="should return configuration" time="0.001">
    </testcase>
    <testcase classname="FallbackHandler ‚Ä∫ isEnabled" name="should return true when fallbacks are enabled" time="0">
    </testcase>
    <testcase classname="FallbackHandler ‚Ä∫ isEnabled" name="should return false when fallbacks are disabled" time="0">
    </testcase>
  </testsuite>
  <testsuite name="HealthChecker" errors="0" failures="0" skipped="0" timestamp="2025-09-04T10:16:55" time="0.759" tests="28">
    <testcase classname="HealthChecker ‚Ä∫ constructor" name="should initialize with default config" time="0.018">
    </testcase>
    <testcase classname="HealthChecker ‚Ä∫ constructor" name="should initialize with custom config" time="0">
    </testcase>
    <testcase classname="HealthChecker ‚Ä∫ constructor" name="should set critical services correctly" time="0.001">
    </testcase>
    <testcase classname="HealthChecker ‚Ä∫ checkHttpService" name="should return healthy status for successful response" time="0.011">
    </testcase>
    <testcase classname="HealthChecker ‚Ä∫ checkHttpService" name="should return auth_error for 401 status" time="0.001">
    </testcase>
    <testcase classname="HealthChecker ‚Ä∫ checkHttpService" name="should return rate_limited for 429 status" time="0.001">
    </testcase>
    <testcase classname="HealthChecker ‚Ä∫ checkHttpService" name="should return unhealthy for other error status codes" time="0">
    </testcase>
    <testcase classname="HealthChecker ‚Ä∫ checkHttpService" name="should handle request errors" time="0.046">
    </testcase>
    <testcase classname="HealthChecker ‚Ä∫ checkHttpService" name="should handle request timeout" time="0.002">
    </testcase>
    <testcase classname="HealthChecker ‚Ä∫ checkEmailService" name="should return healthy status for successful connection" time="0.002">
    </testcase>
    <testcase classname="HealthChecker ‚Ä∫ checkEmailService" name="should handle connection errors" time="0.004">
    </testcase>
    <testcase classname="HealthChecker ‚Ä∫ checkEmailService" name="should handle connection timeout" time="0.017">
    </testcase>
    <testcase classname="HealthChecker ‚Ä∫ caching" name="should cache health results" time="0.016">
    </testcase>
    <testcase classname="HealthChecker ‚Ä∫ caching" name="should clear cache when timeout expires" time="0.002">
    </testcase>
    <testcase classname="HealthChecker ‚Ä∫ caching" name="should clear specific service cache" time="0.001">
    </testcase>
    <testcase classname="HealthChecker ‚Ä∫ caching" name="should clear all cache" time="0.001">
    </testcase>
    <testcase classname="HealthChecker ‚Ä∫ getSystemHealth" name="should return healthy status when all critical services are healthy" time="0.003">
    </testcase>
    <testcase classname="HealthChecker ‚Ä∫ getSystemHealth" name="should return degraded status when some critical services are unhealthy" time="0.004">
    </testcase>
    <testcase classname="HealthChecker ‚Ä∫ getSystemHealth" name="should return critical status when all critical services are unhealthy" time="0.006">
    </testcase>
    <testcase classname="HealthChecker ‚Ä∫ getHealthRecommendations" name="should return critical recommendation when system is critical" time="0.001">
    </testcase>
    <testcase classname="HealthChecker ‚Ä∫ getHealthRecommendations" name="should return high priority recommendation when system is degraded" time="0">
    </testcase>
    <testcase classname="HealthChecker ‚Ä∫ getHealthRecommendations" name="should return auth error recommendation" time="0">
    </testcase>
    <testcase classname="HealthChecker ‚Ä∫ getHealthRecommendations" name="should return rate limit recommendation" time="0.001">
    </testcase>
    <testcase classname="HealthChecker ‚Ä∫ getHealthRecommendations" name="should return slow response recommendation" time="0">
    </testcase>
    <testcase classname="HealthChecker ‚Ä∫ service management" name="should add custom service" time="0">
    </testcase>
    <testcase classname="HealthChecker ‚Ä∫ service management" name="should remove service" time="0">
    </testcase>
    <testcase classname="HealthChecker ‚Ä∫ service management" name="should throw error for unknown service" time="0.002">
    </testcase>
    <testcase classname="HealthChecker ‚Ä∫ generateHealthReport" name="should generate comprehensive health report" time="0.001">
    </testcase>
  </testsuite>
  <testsuite name="OpenAIClient" errors="0" failures="2" skipped="0" timestamp="2025-09-04T10:16:35" time="26.815" tests="36">
    <testcase classname="OpenAIClient ‚Ä∫ constructor" name="should create instance with default configuration" time="0.026">
    </testcase>
    <testcase classname="OpenAIClient ‚Ä∫ constructor" name="should accept custom configuration" time="0.001">
    </testcase>
    <testcase classname="OpenAIClient ‚Ä∫ constructor" name="should validate API key format" time="0.084">
    </testcase>
    <testcase classname="OpenAIClient ‚Ä∫ constructor" name="should validate timeout" time="0.003">
    </testcase>
    <testcase classname="OpenAIClient ‚Ä∫ constructor" name="should validate max retries" time="0.003">
    </testcase>
    <testcase classname="OpenAIClient ‚Ä∫ constructor" name="should validate temperature" time="0.003">
    </testcase>
    <testcase classname="OpenAIClient ‚Ä∫ makeRequest" name="should make successful API request" time="0.005">
    </testcase>
    <testcase classname="OpenAIClient ‚Ä∫ makeRequest" name="should handle API errors" time="0.006">
    </testcase>
    <testcase classname="OpenAIClient ‚Ä∫ makeRequest" name="should handle network errors" time="7.093">
    </testcase>
    <testcase classname="OpenAIClient ‚Ä∫ makeRequest" name="should handle timeouts" time="7.093">
    </testcase>
    <testcase classname="OpenAIClient ‚Ä∫ retry logic" name="should retry on transient errors" time="3.04">
    </testcase>
    <testcase classname="OpenAIClient ‚Ä∫ retry logic" name="should not retry on authentication errors" time="0.15">
    </testcase>
    <testcase classname="OpenAIClient ‚Ä∫ rate limiting" name="should track request count" time="0.006">
    </testcase>
    <testcase classname="OpenAIClient ‚Ä∫ rate limiting" name="should track token count" time="0">
    </testcase>
    <testcase classname="OpenAIClient ‚Ä∫ rate limiting" name="should reset counters after time window" time="0.003">
    </testcase>
    <testcase classname="OpenAIClient ‚Ä∫ rate limiting" name="should throw error when rate limit exceeded" time="0.047">
    </testcase>
    <testcase classname="OpenAIClient ‚Ä∫ performCodeReview" name="should perform code review successfully" time="0.157">
    </testcase>
    <testcase classname="OpenAIClient ‚Ä∫ performCodeReview" name="should handle review failure" time="7.039">
      <failure>Error: expect(received).toBe(expected) // Object.is equality

Expected: &quot;API unavailable&quot;
Received: &quot;Request failed after 4 attempts: Request failed: API unavailable&quot;
    at Object.toBe (C:\Users\eposh\OneDrive\Desktop\Dikshant\jenkins\github-review-plugin\src\utils\openai-client.test.js:444:28)</failure>
    </testcase>
    <testcase classname="OpenAIClient ‚Ä∫ response parsing" name="should parse valid JSON response" time="0.003">
    </testcase>
    <testcase classname="OpenAIClient ‚Ä∫ response parsing" name="should handle malformed JSON response" time="0.003">
    </testcase>
    <testcase classname="OpenAIClient ‚Ä∫ response parsing" name="should validate response structure" time="0.003">
    </testcase>
    <testcase classname="OpenAIClient ‚Ä∫ response parsing" name="should validate issue structure" time="0.002">
    </testcase>
    <testcase classname="OpenAIClient ‚Ä∫ token calculation" name="should calculate max tokens based on file content" time="0.003">
    </testcase>
    <testcase classname="OpenAIClient ‚Ä∫ token calculation" name="should handle empty files" time="0">
    </testcase>
    <testcase classname="OpenAIClient ‚Ä∫ token calculation" name="should respect max token limit" time="0.001">
    </testcase>
    <testcase classname="OpenAIClient ‚Ä∫ utility methods" name="should format file size correctly" time="0">
      <failure>TypeError: client.formatFileSize is not a function
    at Object.formatFileSize (C:\Users\eposh\OneDrive\Desktop\Dikshant\jenkins\github-review-plugin\src\utils\openai-client.test.js:562:21)
    at Promise.then.completed (C:\Users\eposh\OneDrive\Desktop\Dikshant\jenkins\github-review-plugin\node_modules\jest-circus\build\utils.js:298:28)
    at new Promise (&lt;anonymous&gt;)
    at callAsyncCircusFn (C:\Users\eposh\OneDrive\Desktop\Dikshant\jenkins\github-review-plugin\node_modules\jest-circus\build\utils.js:231:10)
    at _callCircusTest (C:\Users\eposh\OneDrive\Desktop\Dikshant\jenkins\github-review-plugin\node_modules\jest-circus\build\run.js:316:40)
    at _runTest (C:\Users\eposh\OneDrive\Desktop\Dikshant\jenkins\github-review-plugin\node_modules\jest-circus\build\run.js:252:3)
    at _runTestsForDescribeBlock (C:\Users\eposh\OneDrive\Desktop\Dikshant\jenkins\github-review-plugin\node_modules\jest-circus\build\run.js:126:9)
    at _runTestsForDescribeBlock (C:\Users\eposh\OneDrive\Desktop\Dikshant\jenkins\github-review-plugin\node_modules\jest-circus\build\run.js:121:9)
    at _runTestsForDescribeBlock (C:\Users\eposh\OneDrive\Desktop\Dikshant\jenkins\github-review-plugin\node_modules\jest-circus\build\run.js:121:9)
    at run (C:\Users\eposh\OneDrive\Desktop\Dikshant\jenkins\github-review-plugin\node_modules\jest-circus\build\run.js:71:3)
    at runAndTransformResultsToJestFormat (C:\Users\eposh\OneDrive\Desktop\Dikshant\jenkins\github-review-plugin\node_modules\jest-circus\build\legacy-code-todo-rewrite\jestAdapterInit.js:122:21)
    at jestAdapter (C:\Users\eposh\OneDrive\Desktop\Dikshant\jenkins\github-review-plugin\node_modules\jest-circus\build\legacy-code-todo-rewrite\jestAdapter.js:79:19)
    at runTestInternal (C:\Users\eposh\OneDrive\Desktop\Dikshant\jenkins\github-review-plugin\node_modules\jest-runner\build\runTest.js:367:16)
    at runTest (C:\Users\eposh\OneDrive\Desktop\Dikshant\jenkins\github-review-plugin\node_modules\jest-runner\build\runTest.js:444:34)
    at Object.worker (C:\Users\eposh\OneDrive\Desktop\Dikshant\jenkins\github-review-plugin\node_modules\jest-runner\build\testWorker.js:106:12)</failure>
    </testcase>
    <testcase classname="OpenAIClient ‚Ä∫ utility methods" name="should sleep for specified time" time="0.113">
    </testcase>
    <testcase classname="OpenAIClient ‚Ä∫ utility methods" name="should get configuration summary" time="0.001">
    </testcase>
    <testcase classname="OpenAIClient ‚Ä∫ utility methods" name="should get rate limit state" time="0.001">
    </testcase>
    <testcase classname="OpenAIClient ‚Ä∫ logging" name="should log info messages when enabled" time="0.001">
    </testcase>
    <testcase classname="OpenAIClient ‚Ä∫ logging" name="should log warning messages" time="0">
    </testcase>
    <testcase classname="OpenAIClient ‚Ä∫ logging" name="should log error messages" time="0.001">
    </testcase>
    <testcase classname="OpenAIClient ‚Ä∫ logging" name="should not log info when disabled" time="0">
    </testcase>
    <testcase classname="OpenAIClient ‚Ä∫ error handling" name="should handle missing API key" time="0.001">
    </testcase>
    <testcase classname="OpenAIClient ‚Ä∫ error handling" name="should handle invalid API key format" time="0.001">
    </testcase>
    <testcase classname="OpenAIClient ‚Ä∫ error handling" name="should handle response parsing errors" time="0">
    </testcase>
  </testsuite>
</testsuites>